ajax;20060323 00:10:01;/accounts/ajax/validate.php;validate:nospaces:mwfarris
ajax;20060323 00:10:01;/accounts/ajax/validate.php;validate:uniquesql:mwfarris
ajax;20060323 00:10:01;/accounts/ajax/validate.php;return=ok|username|
ajax;20060323 00:10:04;/accounts/ajax/validate.php;validate:password:hypercard
ajax;20060323 00:10:04;/accounts/ajax/validate.php;return=ok|password1|
ajax;20060323 00:10:06;/accounts/ajax/validate.php;validate:password:hypercard
ajax;20060323 00:10:06;/accounts/ajax/validate.php;return=ok|password2|
ajax;20060323 00:10:16;/accounts/ajax/validate.php;validate:email:mwfarris@txstate.edu
ajax;20060323 00:10:16;/accounts/ajax/validate.php;validate:uniquesql:mwfarris@txstate.edu
ajax;20060323 00:10:16;/accounts/ajax/validate.php;return=ok|email|
ajax;20060323 00:11:43;/accounts/ajax/validate.php;validate:namespaces:San Marcos
ajax;20060323 00:11:43;/accounts/ajax/validate.php;return=ok|city|
ajax;20060323 00:11:48;/accounts/ajax/validate.php;validate:namespaces:TX
ajax;20060323 00:11:48;/accounts/ajax/validate.php;return=ok|state|
ajax;20060323 00:11:53;/accounts/ajax/validate.php;validate:zipcode:78666
ajax;20060323 00:11:53;/accounts/ajax/validate.php;return=ok|zipcode|
ajax;20060323 00:11:55;/accounts/ajax/validate.php;validate:namespaces:US
ajax;20060323 00:11:55;/accounts/ajax/validate.php;return=ok|country|
ajax;20060323 00:12:06;/accounts/ajax/validate.php;validate:phone:512-245-2319
ajax;20060323 00:12:06;/accounts/ajax/validate.php;return=ok|phone|
ajax;20060323 00:12:18;/accounts/ajax/validate.php;validate:phone:512-245-3168
ajax;20060323 00:12:18;/accounts/ajax/validate.php;return=ok|fax|
ajax;20060323 00:12:18;/accounts/createaccount.php;validate:required:mwfarris
ajax;20060323 00:12:18;/accounts/createaccount.php;validate:nospaces:mwfarris
ajax;20060323 00:12:18;/accounts/createaccount.php;validate:uniquesql:mwfarris
ajax;20060323 00:12:18;/accounts/createaccount.php;validate:required:hypercard
ajax;20060323 00:12:18;/accounts/createaccount.php;validate:password:hypercard
ajax;20060323 00:12:19;/accounts/createaccount.php;validate:required:hypercard
ajax;20060323 00:12:19;/accounts/createaccount.php;validate:password:hypercard
ajax;20060323 00:12:19;/accounts/createaccount.php;validate:required:Michael
ajax;20060323 00:12:19;/accounts/createaccount.php;validate:required:Farris
ajax;20060323 00:12:19;/accounts/createaccount.php;validate:required:mwfarris@txstate.edu
ajax;20060323 00:12:19;/accounts/createaccount.php;validate:email:mwfarris@txstate.edu
ajax;20060323 00:12:19;/accounts/createaccount.php;validate:uniquesql:mwfarris@txstate.edu
ajax;20060323 00:12:19;/accounts/createaccount.php;validate:required:University Administration
ajax;20060323 00:12:19;/accounts/createaccount.php;validate::Implementor
ajax;20060323 00:12:19;/accounts/createaccount.php;validate:required:51
ajax;20060323 00:12:19;/accounts/createaccount.php;validate::Alkek 109
Educational Technology Center
ajax;20060323 00:12:19;/accounts/createaccount.php;validate:namespaces:San Marcos
ajax;20060323 00:12:19;/accounts/createaccount.php;validate:namespaces:TX
ajax;20060323 00:12:19;/accounts/createaccount.php;validate:zipcode:78666
ajax;20060323 00:12:19;/accounts/createaccount.php;validate:namespaces:US
ajax;20060323 00:12:19;/accounts/createaccount.php;validate:phone:512-245-2319
ajax;20060323 00:12:19;/accounts/createaccount.php;validate:phone:512-245-3168
70.249.33.197;20060323 00:12:19;/accounts/createaccount.php;created account: mwfarris (mwfarris@txstate.edu) Farris,Michael inst=51
mwfarris;20060323 00:13:21;/accounts/login.php;user logged in (internal):70.249.33.197:https://sakaiproject.org/accounts/login.php
ajax;20060323 00:41:18;/accounts/ajax/validate.php;validate:email:mwfarris@txstate.edu
ajax;20060323 00:41:18;/accounts/ajax/validate.php;validate:uniquesql:mwfarris@txstate.edu
ajax;20060323 00:41:18;/accounts/ajax/validate.php;return=ok|email|
ajax;20060323 00:41:18;/accounts/ajax/validate.php;validate:namespaces:TX
ajax;20060323 00:41:18;/accounts/ajax/validate.php;return=ok|state|
ajax;20060323 00:41:18;/accounts/ajax/validate.php;validate:namespaces:San Marcos
ajax;20060323 00:41:18;/accounts/ajax/validate.php;return=ok|city|
ajax;20060323 00:41:18;/accounts/ajax/validate.php;validate:zipcode:78666
ajax;20060323 00:41:18;/accounts/ajax/validate.php;return=ok|zipcode|
ajax;20060323 00:41:18;/accounts/ajax/validate.php;validate:namespaces:US
ajax;20060323 00:41:18;/accounts/ajax/validate.php;return=ok|country|
ajax;20060323 00:41:18;/accounts/ajax/validate.php;validate:phone:512-245-2319
ajax;20060323 00:41:18;/accounts/ajax/validate.php;return=ok|phone|
ajax;20060323 00:41:18;/accounts/ajax/validate.php;validate:phone:512-245-3168
ajax;20060323 00:41:18;/accounts/ajax/validate.php;return=ok|fax|
ajax;20060323 00:41:26;/accounts/myaccount.php;validate:required:Michael
ajax;20060323 00:41:26;/accounts/myaccount.php;validate:required:Farris
ajax;20060323 00:41:26;/accounts/myaccount.php;validate:required:mwfarris@txstate.edu
ajax;20060323 00:41:26;/accounts/myaccount.php;validate:email:mwfarris@txstate.edu
ajax;20060323 00:41:26;/accounts/myaccount.php;validate:uniquesql:mwfarris@txstate.edu
ajax;20060323 00:41:26;/accounts/myaccount.php;validate:required:University Administration
ajax;20060323 00:41:26;/accounts/myaccount.php;validate::Implementor
ajax;20060323 00:41:26;/accounts/myaccount.php;validate:required:51
ajax;20060323 00:41:26;/accounts/myaccount.php;validate::Alkek 109
Educational Technology Center
ajax;20060323 00:41:26;/accounts/myaccount.php;validate:namespaces:San Marcos
ajax;20060323 00:41:26;/accounts/myaccount.php;validate:namespaces:TX
ajax;20060323 00:41:26;/accounts/myaccount.php;validate:zipcode:78666
ajax;20060323 00:41:26;/accounts/myaccount.php;validate:namespaces:US
ajax;20060323 00:41:26;/accounts/myaccount.php;validate:phone:512-245-2319
ajax;20060323 00:41:26;/accounts/myaccount.php;validate:phone:512-245-3168
ajax;20060323 00:41:27;/accounts/ajax/validate.php;validate:email:mwfarris@txstate.edu
ajax;20060323 00:41:27;/accounts/ajax/validate.php;validate:uniquesql:mwfarris@txstate.edu
ajax;20060323 00:41:27;/accounts/ajax/validate.php;return=ok|email|
ajax;20060323 00:41:27;/accounts/ajax/validate.php;validate:namespaces:TX
ajax;20060323 00:41:27;/accounts/ajax/validate.php;return=ok|state|
ajax;20060323 00:41:27;/accounts/ajax/validate.php;validate:namespaces:San Marcos
ajax;20060323 00:41:27;/accounts/ajax/validate.php;return=ok|city|
ajax;20060323 00:41:27;/accounts/ajax/validate.php;validate:zipcode:78666
ajax;20060323 00:41:27;/accounts/ajax/validate.php;return=ok|zipcode|
ajax;20060323 00:41:27;/accounts/ajax/validate.php;validate:namespaces:US
ajax;20060323 00:41:27;/accounts/ajax/validate.php;return=ok|country|
ajax;20060323 00:41:27;/accounts/ajax/validate.php;validate:phone:512-245-2319
ajax;20060323 00:41:27;/accounts/ajax/validate.php;return=ok|phone|
ajax;20060323 00:41:27;/accounts/ajax/validate.php;validate:phone:512-245-3168
ajax;20060323 00:41:27;/accounts/ajax/validate.php;return=ok|fax|
ajax;20060323 02:58:02;/accounts/ajax/validate.php;validate:nospaces:nate
ajax;20060323 02:58:02;/accounts/ajax/validate.php;validate:uniquesql:nate
ajax;20060323 02:58:02;/accounts/ajax/validate.php;return=error|username|username already used
ajax;20060323 02:58:08;/accounts/ajax/validate.php;validate:namespaces:OH
ajax;20060323 02:58:08;/accounts/ajax/validate.php;validate:nospaces:nateO
ajax;20060323 02:58:08;/accounts/ajax/validate.php;return=ok|state|
ajax;20060323 02:58:08;/accounts/ajax/validate.php;validate:uniquesql:nateO
ajax;20060323 02:58:08;/accounts/ajax/validate.php;return=ok|username|
ajax;20060323 02:58:22;/accounts/ajax/validate.php;validate:namespaces:OR
ajax;20060323 02:58:22;/accounts/ajax/validate.php;return=ok|state|
ajax;20060323 06:29:25;/accounts/ajax/validate.php;validate:nospaces:bob.strunz@ul.ie
ajax;20060323 06:29:25;/accounts/ajax/validate.php;validate:uniquesql:bob.strunz@ul.ie
ajax;20060323 06:29:25;/accounts/ajax/validate.php;return=ok|username|
ajax;20060323 06:29:28;/accounts/ajax/validate.php;validate:password:robeson
ajax;20060323 06:29:28;/accounts/ajax/validate.php;return=ok|password1|
ajax;20060323 06:29:31;/accounts/ajax/validate.php;validate:password:robeson
ajax;20060323 06:29:31;/accounts/ajax/validate.php;return=ok|password2|
ajax;20060323 06:29:42;/accounts/ajax/validate.php;validate:email:bob.strunz@ul.ie
ajax;20060323 06:29:42;/accounts/ajax/validate.php;validate:uniquesql:bob.strunz@ul.ie
ajax;20060323 06:29:42;/accounts/ajax/validate.php;return=ok|email|
ajax;20060323 06:30:17;/accounts/ajax/validate.php;validate:namespaces:Limerick
ajax;20060323 06:30:17;/accounts/ajax/validate.php;return=ok|city|
ajax;20060323 06:30:28;/accounts/ajax/validate.php;validate:namespaces:Munster
ajax;20060323 06:30:28;/accounts/ajax/validate.php;return=ok|stateOther|
ajax;20060323 06:30:31;/accounts/ajax/validate.php;validate:zipcode:N
ajax;20060323 06:30:31;/accounts/ajax/validate.php;return=error|zipcode|Invalid Canadian zip (e.g. A1B 2C3)
ajax;20060323 06:30:41;/accounts/ajax/validate.php;validate:namespaces:IE
ajax;20060323 06:30:41;/accounts/ajax/validate.php;return=ok|country|
ajax;20060323 06:30:48;/accounts/ajax/validate.php;validate:phone: 353-61-202399
ajax;20060323 06:30:48;/accounts/ajax/validate.php;return=ok|phone|
ajax;20060323 06:30:57;/accounts/ajax/validate.php;validate:phone: 353-61-330316
ajax;20060323 06:30:57;/accounts/ajax/validate.php;return=ok|fax|
ajax;20060323 06:30:57;/accounts/createaccount.php;validate:required:bob.strunz@ul.ie
ajax;20060323 06:30:57;/accounts/createaccount.php;validate:nospaces:bob.strunz@ul.ie
ajax;20060323 06:30:57;/accounts/createaccount.php;validate:uniquesql:bob.strunz@ul.ie
ajax;20060323 06:30:57;/accounts/createaccount.php;validate:required:robeson
ajax;20060323 06:30:57;/accounts/createaccount.php;validate:password:robeson
ajax;20060323 06:30:57;/accounts/createaccount.php;validate:required:robeson
ajax;20060323 06:30:57;/accounts/createaccount.php;validate:password:robeson
ajax;20060323 06:30:57;/accounts/createaccount.php;validate:required:Bob
ajax;20060323 06:30:57;/accounts/createaccount.php;validate:required:Strunz
ajax;20060323 06:30:57;/accounts/createaccount.php;validate:required:bob.strunz@ul.ie
ajax;20060323 06:30:57;/accounts/createaccount.php;validate:email:bob.strunz@ul.ie
ajax;20060323 06:30:57;/accounts/createaccount.php;validate:uniquesql:bob.strunz@ul.ie
ajax;20060323 06:30:57;/accounts/createaccount.php;validate:required:University Administration
ajax;20060323 06:30:57;/accounts/createaccount.php;validate::Developer/Programmer
ajax;20060323 06:30:57;/accounts/createaccount.php;validate:required:74
ajax;20060323 06:30:57;/accounts/createaccount.php;validate::Plassey Park
ajax;20060323 06:30:57;/accounts/createaccount.php;validate:namespaces:Limerick
ajax;20060323 06:30:57;/accounts/createaccount.php;validate:namespaces:Munster
ajax;20060323 06:30:57;/accounts/createaccount.php;validate:namespaces:IE
ajax;20060323 06:30:57;/accounts/createaccount.php;validate:phone:+353-61-202399
ajax;20060323 06:30:57;/accounts/createaccount.php;validate:phone:+353-61-330316
193.1.100.106;20060323 06:30:57;/accounts/createaccount.php;created account: bob.strunz@ul.ie (bob.strunz@ul.ie) Strunz,Bob inst=74
bob.strunz@ul.ie;20060323 06:31:29;/accounts/login.php;user logged in (internal):193.1.100.106:https://sakaiproject.org/accounts/login.php
ajax;20060323 06:31:34;/accounts/ajax/validate.php;validate:namespaces:Munster
ajax;20060323 06:31:34;/accounts/ajax/validate.php;return=ok|state|
ajax;20060323 06:31:35;/accounts/ajax/validate.php;validate:namespaces:IE
ajax;20060323 06:31:35;/accounts/ajax/validate.php;return=ok|country|
ajax;20060323 06:31:35;/accounts/ajax/validate.php;validate:phone: 353-61-202399
ajax;20060323 06:31:35;/accounts/ajax/validate.php;return=ok|phone|
ajax;20060323 06:31:35;/accounts/ajax/validate.php;validate:phone: 353-61-330316
ajax;20060323 06:31:35;/accounts/ajax/validate.php;return=ok|fax|
ajax;20060323 06:33:51;/accounts/ajax/validate.php;validate:nospaces:marilyn o sullivan
ajax;20060323 06:33:51;/accounts/ajax/validate.php;return=error|username|Cannot contain spaces
ajax;20060323 06:34:09;/accounts/ajax/validate.php;validate:nospaces:marilynosullivan
ajax;20060323 06:34:09;/accounts/ajax/validate.php;validate:uniquesql:marilynosullivan
ajax;20060323 06:34:09;/accounts/ajax/validate.php;return=ok|username|
ajax;20060323 06:34:15;/accounts/ajax/validate.php;validate:password:0250031
ajax;20060323 06:34:15;/accounts/ajax/validate.php;return=ok|password1|
ajax;20060323 06:34:20;/accounts/ajax/validate.php;validate:password:0250031
ajax;20060323 06:34:21;/accounts/ajax/validate.php;return=ok|password2|
ajax;20060323 06:34:41;/accounts/ajax/validate.php;validate:email:curlymars@hotmail.com
ajax;20060323 06:34:41;/accounts/ajax/validate.php;validate:uniquesql:curlymars@hotmail.com
ajax;20060323 06:34:41;/accounts/ajax/validate.php;return=ok|email|
ajax;20060323 06:35:32;/accounts/ajax/validate.php;validate:namespaces:limerick
ajax;20060323 06:35:32;/accounts/ajax/validate.php;return=ok|city|
ajax;20060323 06:35:53;/accounts/ajax/validate.php;validate:namespaces:Rep of ireland
ajax;20060323 06:35:53;/accounts/ajax/validate.php;return=ok|stateOther|
ajax;20060323 06:36:08;/accounts/ajax/validate.php;validate:namespaces:IE
ajax;20060323 06:36:08;/accounts/ajax/validate.php;return=ok|country|
ajax;20060323 06:36:23;/accounts/ajax/validate.php;validate:zipcode:7130126
ajax;20060323 06:36:23;/accounts/ajax/validate.php;return=error|zipcode|Invalid US zip, must be 5 or 9 digits
ajax;20060323 06:36:44;/accounts/ajax/validate.php;validate:zipcode:713012
ajax;20060323 06:36:44;/accounts/ajax/validate.php;return=error|zipcode|Invalid US zip, must be 5 or 9 digits
ajax;20060323 06:36:50;/accounts/ajax/validate.php;validate:namespaces:Rep of ireland
ajax;20060323 06:36:50;/accounts/ajax/validate.php;return=ok|state|
ajax;20060323 06:37:14;/accounts/ajax/validate.php;validate:phone:0667130126
ajax;20060323 06:37:14;/accounts/ajax/validate.php;return=ok|phone|
ajax;20060323 06:37:50;/accounts/ajax/validate.php;validate:nospaces:0250031
ajax;20060323 06:37:50;/accounts/ajax/validate.php;validate:uniquesql:0250031
ajax;20060323 06:37:50;/accounts/ajax/validate.php;return=ok|username|
ajax;20060323 06:38:16;/accounts/createaccount.php;validate:required:0250031
ajax;20060323 06:38:16;/accounts/createaccount.php;validate:nospaces:0250031
ajax;20060323 06:38:16;/accounts/createaccount.php;validate:uniquesql:0250031
ajax;20060323 06:38:16;/accounts/createaccount.php;validate:required:0250031
ajax;20060323 06:38:16;/accounts/createaccount.php;validate:password:0250031
ajax;20060323 06:38:16;/accounts/createaccount.php;validate:required:0250031
ajax;20060323 06:38:16;/accounts/createaccount.php;validate:password:0250031
ajax;20060323 06:38:16;/accounts/createaccount.php;validate:required:marilyn
ajax;20060323 06:38:16;/accounts/createaccount.php;validate:required:osullivan
ajax;20060323 06:38:16;/accounts/createaccount.php;validate:required:curlymars@hotmail.com
ajax;20060323 06:38:16;/accounts/createaccount.php;validate:email:curlymars@hotmail.com
ajax;20060323 06:38:16;/accounts/createaccount.php;validate:uniquesql:curlymars@hotmail.com
ajax;20060323 06:38:16;/accounts/createaccount.php;validate:required:Librarian
ajax;20060323 06:38:16;/accounts/createaccount.php;validate:required:74
ajax;20060323 06:38:16;/accounts/createaccount.php;validate::21thecedarsbriarfield limerick ireland
ajax;20060323 06:38:16;/accounts/createaccount.php;validate:namespaces:limerick
ajax;20060323 06:38:16;/accounts/createaccount.php;validate:namespaces:Rep of ireland
ajax;20060323 06:38:16;/accounts/createaccount.php;validate:namespaces:IE
ajax;20060323 06:38:16;/accounts/createaccount.php;validate:phone:0667130126
193.1.100.105;20060323 06:38:16;/accounts/createaccount.php;created account: 0250031 (curlymars@hotmail.com) osullivan,marilyn inst=74
0250031;20060323 06:39:58;/accounts/login.php;user logged in (internal):193.1.100.105:https://sakaiproject.org/accounts/login.php
ajax;20060323 06:40:20;/accounts/ajax/validate.php;validate:namespaces:Rep of ireland
ajax;20060323 06:40:20;/accounts/ajax/validate.php;return=ok|state|
ajax;20060323 06:40:20;/accounts/ajax/validate.php;validate:phone:0667130126
ajax;20060323 06:40:20;/accounts/ajax/validate.php;validate:namespaces:IE
ajax;20060323 06:40:20;/accounts/ajax/validate.php;return=ok|phone|
ajax;20060323 06:40:20;/accounts/ajax/validate.php;return=ok|country|
shardin;20060323 07:37:45;/accounts/login.php;user logged in (internal):198.111.226.68:https://sakaiproject.org/accounts/login.php?ref=/accounts/index.php
kimm;20060323 08:40:11;/accounts/login.php;user logged in (internal):130.226.196.82:https://sakaiproject.org/accounts/login.php?ref=/requirements/results.php
harth;20060323 10:45:03;/accounts/login.php;user logged in (internal):204.52.215.4:https://sakaiproject.org/accounts/login.php
harth;20060323 10:45:58;/accounts/login.php;user logged in (internal):204.52.215.4:https://sakaiproject.org/accounts/login.php
ajax;20060323 10:46:05;/accounts/ajax/validate.php;validate:email:harth@rutgers.edu
ajax;20060323 10:46:05;/accounts/ajax/validate.php;validate:namespaces:Piscataway
ajax;20060323 10:46:05;/accounts/ajax/validate.php;validate:uniquesql:harth@rutgers.edu
ajax;20060323 10:46:05;/accounts/ajax/validate.php;return=ok|city|
ajax;20060323 10:46:05;/accounts/ajax/validate.php;return=ok|email|
ajax;20060323 10:46:05;/accounts/ajax/validate.php;validate:namespaces:NJ
ajax;20060323 10:46:05;/accounts/ajax/validate.php;return=ok|state|
ajax;20060323 10:46:05;/accounts/ajax/validate.php;validate:zipcode:08854
ajax;20060323 10:46:05;/accounts/ajax/validate.php;return=ok|zipcode|
ajax;20060323 10:46:05;/accounts/ajax/validate.php;validate:namespaces:US
ajax;20060323 10:46:05;/accounts/ajax/validate.php;return=ok|country|
ajax;20060323 10:46:05;/accounts/ajax/validate.php;validate:phone:732-445-2741
ajax;20060323 10:46:05;/accounts/ajax/validate.php;return=ok|phone|
ajax;20060323 10:46:05;/accounts/ajax/validate.php;validate:phone:732-445-5539
ajax;20060323 10:46:05;/accounts/ajax/validate.php;return=ok|fax|
ajax;20060323 10:59:01;/accounts/ajax/validate.php;validate:nospaces:Scott
ajax;20060323 10:59:03;/accounts/ajax/validate.php;validate:uniquesql:Scott
ajax;20060323 10:59:03;/accounts/ajax/validate.php;return=ok|username|
ajax;20060323 10:59:14;/accounts/ajax/validate.php;validate:password:nyoung
ajax;20060323 10:59:14;/accounts/ajax/validate.php;return=ok|password1|
ajax;20060323 10:59:17;/accounts/ajax/validate.php;validate:password:nyoung
ajax;20060323 10:59:17;/accounts/ajax/validate.php;return=ok|password2|
ajax;20060323 10:59:31;/accounts/ajax/validate.php;validate:email:scott@umn.edu
ajax;20060323 10:59:31;/accounts/ajax/validate.php;validate:uniquesql:scott@umn.edu
ajax;20060323 10:59:31;/accounts/ajax/validate.php;return=ok|email|
ajax;20060323 11:00:22;/accounts/ajax/validate.php;validate:namespaces:Minneapolis
ajax;20060323 11:00:22;/accounts/ajax/validate.php;return=ok|city|
ajax;20060323 11:00:25;/accounts/ajax/validate.php;validate:namespaces:MN
ajax;20060323 11:00:25;/accounts/ajax/validate.php;return=ok|state|
ajax;20060323 11:00:33;/accounts/ajax/validate.php;validate:zipcode:55455
ajax;20060323 11:00:33;/accounts/ajax/validate.php;return=ok|zipcode|
ajax;20060323 11:00:45;/accounts/ajax/validate.php;validate:phone:612-624-5074
ajax;20060323 11:00:45;/accounts/ajax/validate.php;return=ok|phone|
ajax;20060323 11:00:54;/accounts/ajax/validate.php;validate:phone:612-6265-
ajax;20060323 11:00:54;/accounts/ajax/validate.php;return=ok|fax|
ajax;20060323 11:01:05;/accounts/ajax/validate.php;validate:phone:612-625-9302
ajax;20060323 11:01:05;/accounts/ajax/validate.php;return=ok|fax|
ajax;20060323 11:01:05;/accounts/createaccount.php;validate:required:Scott
ajax;20060323 11:01:05;/accounts/createaccount.php;validate:nospaces:Scott
ajax;20060323 11:01:05;/accounts/createaccount.php;validate:uniquesql:Scott
ajax;20060323 11:01:05;/accounts/createaccount.php;validate:required:nyoung
ajax;20060323 11:01:05;/accounts/createaccount.php;validate:password:nyoung
ajax;20060323 11:01:05;/accounts/createaccount.php;validate:required:nyoung
ajax;20060323 11:01:05;/accounts/createaccount.php;validate:password:nyoung
ajax;20060323 11:01:05;/accounts/createaccount.php;validate:required:Scott
ajax;20060323 11:01:05;/accounts/createaccount.php;validate:required:Barnard
ajax;20060323 11:01:05;/accounts/createaccount.php;validate:required:scott@umn.edu
ajax;20060323 11:01:05;/accounts/createaccount.php;validate:email:scott@umn.edu
ajax;20060323 11:01:05;/accounts/createaccount.php;validate:uniquesql:scott@umn.edu
ajax;20060323 11:01:05;/accounts/createaccount.php;validate:required:Faculty Development
ajax;20060323 11:01:05;/accounts/createaccount.php;validate::Instructional Technologist
ajax;20060323 11:01:05;/accounts/createaccount.php;validate:required:77
ajax;20060323 11:01:05;/accounts/createaccount.php;validate::117 Pleasant Street SE
212 Walter Library
ajax;20060323 11:01:05;/accounts/createaccount.php;validate:namespaces:Minneapolis
ajax;20060323 11:01:05;/accounts/createaccount.php;validate:namespaces:MN
ajax;20060323 11:01:05;/accounts/createaccount.php;validate:zipcode:55455
ajax;20060323 11:01:05;/accounts/createaccount.php;validate:namespaces:US
ajax;20060323 11:01:05;/accounts/createaccount.php;validate:phone:612-624-5074
ajax;20060323 11:01:05;/accounts/createaccount.php;validate:phone:612-625-9302
128.101.134.110;20060323 11:01:05;/accounts/createaccount.php;created account: scott (scott@umn.edu) Barnard,Scott inst=77
kmclennan;20060323 11:13:03;/accounts/login.php;user logged in (internal):68.222.28.190:https://sakaiproject.org/accounts/login.php?ref=/conference/registration/index.php&msg=You+must+login+to+register+or+submit+a+proposal+for+the+Sakai+Vancouver+conference.+If+you+do+not+have+an+account%2C+please+create+one.
ajax;20060323 11:13:05;/accounts/ajax/validate.php;validate:namespaces:LA
ajax;20060323 11:13:05;/accounts/ajax/validate.php;return=ok|state|
ajax;20060323 11:13:05;/accounts/ajax/validate.php;validate:zipcode:70123-3400
ajax;20060323 11:13:05;/accounts/ajax/validate.php;return=ok|zip|
ajax;20060323 11:13:05;/accounts/ajax/validate.php;validate:namespaces:US
ajax;20060323 11:13:05;/accounts/ajax/validate.php;return=ok|country|
ajax;20060323 11:13:05;/accounts/ajax/validate.php;validate:phone:(985)845-0663
ajax;20060323 11:13:05;/accounts/ajax/validate.php;return=ok|phone|
ajax;20060323 11:13:27;/accounts/ajax/validate.php;validate:email:kmclenna@tulane.edu
ajax;20060323 11:13:27;/accounts/ajax/validate.php;validate:uniquesql:kmclenna@tulane.edu
ajax;20060323 11:13:27;/accounts/ajax/validate.php;return=ok|email|
ajax;20060323 11:13:27;/accounts/ajax/validate.php;validate:namespaces:Harahan
ajax;20060323 11:13:27;/accounts/ajax/validate.php;return=ok|city|
ajax;20060323 11:13:28;/accounts/ajax/validate.php;validate:zipcode:70123-3400
ajax;20060323 11:13:28;/accounts/ajax/validate.php;return=ok|zipcode|
ajax;20060323 11:13:44;/accounts/myaccount.php;validate:required:Kay
ajax;20060323 11:13:44;/accounts/myaccount.php;validate:required:McLennan
ajax;20060323 11:13:44;/accounts/myaccount.php;validate:required:kmclenna@tulane.edu
ajax;20060323 11:13:44;/accounts/myaccount.php;validate:email:kmclenna@tulane.edu
ajax;20060323 11:13:44;/accounts/myaccount.php;validate:uniquesql:kmclenna@tulane.edu
ajax;20060323 11:13:44;/accounts/myaccount.php;validate:required:Faculty
ajax;20060323 11:13:44;/accounts/myaccount.php;validate:required:94
ajax;20060323 11:13:44;/accounts/myaccount.php;validate::Elmwood Campus
800 E. Commerce Road, Suite 100
ajax;20060323 11:13:44;/accounts/myaccount.php;validate:namespaces:Harahan
ajax;20060323 11:13:44;/accounts/myaccount.php;validate:namespaces:LA
ajax;20060323 11:13:44;/accounts/myaccount.php;validate:zipcode:70123-3400
ajax;20060323 11:13:44;/accounts/myaccount.php;validate:namespaces:US
ajax;20060323 11:13:44;/accounts/myaccount.php;validate:phone:(985)845-0663
gbhatnag;20060323 12:07:43;/accounts/login.php;user logged in (internal):141.211.43.176:https://sakaiproject.org/accounts/login.php
ajax;20060323 12:07:43;/accounts/ajax/validate.php;validate:namespaces:MI
ajax;20060323 12:07:43;/accounts/ajax/validate.php;return=ok|state|
ajax;20060323 12:07:43;/accounts/ajax/validate.php;validate:zipcode:48109
ajax;20060323 12:07:43;/accounts/ajax/validate.php;validate:namespaces:US
ajax;20060323 12:07:43;/accounts/ajax/validate.php;return=ok|zip|
ajax;20060323 12:07:43;/accounts/ajax/validate.php;return=ok|country|
ajax;20060323 12:09:55;/accounts/ajax/validate.php;validate:email:gbhatnag@umich.edu
ajax;20060323 12:09:55;/accounts/ajax/validate.php;validate:namespaces:Ann Arbor
ajax;20060323 12:09:55;/accounts/ajax/validate.php;validate:uniquesql:gbhatnag@umich.edu
ajax;20060323 12:09:55;/accounts/ajax/validate.php;return=ok|city|
ajax;20060323 12:09:55;/accounts/ajax/validate.php;return=ok|email|
ajax;20060323 12:09:55;/accounts/ajax/validate.php;validate:namespaces:MI
ajax;20060323 12:09:55;/accounts/ajax/validate.php;validate:zipcode:48109
ajax;20060323 12:09:55;/accounts/ajax/validate.php;return=ok|state|
ajax;20060323 12:09:55;/accounts/ajax/validate.php;return=ok|zipcode|
ajax;20060323 12:09:55;/accounts/ajax/validate.php;validate:namespaces:US
ajax;20060323 12:09:55;/accounts/ajax/validate.php;return=ok|country|
gbhatnag;20060323 12:14:55;/accounts/login.php;user logged in (internal):141.211.43.176:https://sakaiproject.org/accounts/login.php?ref=/conference/registration/index.php&msg=You+must+login+to+register+or+submit+a+proposal+for+the+Sakai+Vancouver+conference.+If+you+do+not+have+an+account%2C+please+create+one.
ajax;20060323 12:14:56;/accounts/ajax/validate.php;validate:namespaces:MI
ajax;20060323 12:14:56;/accounts/ajax/validate.php;return=ok|state|
ajax;20060323 12:14:56;/accounts/ajax/validate.php;validate:zipcode:48109
ajax;20060323 12:14:56;/accounts/ajax/validate.php;return=ok|zip|
ajax;20060323 12:14:56;/accounts/ajax/validate.php;validate:namespaces:US
ajax;20060323 12:14:56;/accounts/ajax/validate.php;return=ok|country|
ajax;20060323 12:15:16;/accounts/ajax/validate.php;validate:phone:(734) 709-9788
ajax;20060323 12:15:16;/accounts/ajax/validate.php;return=ok|phone|
mmmay;20060323 14:04:32;/accounts/login.php;user logged in (internal):149.166.143.187:https://sakaiproject.org/accounts/login.php?ref=/conference/proposals/index.php&msg=You+must+login+to+register+or+submit+a+proposal+for+the+Sakai+Vancouver+conference.+If+you+do+not+have+an+account%2C+please+create+one.
ajax;20060323 14:11:20;/accounts/ajax/validate.php;validate:nospaces:ervija
ajax;20060323 14:11:20;/accounts/ajax/validate.php;validate:uniquesql:ervija
ajax;20060323 14:11:20;/accounts/ajax/validate.php;return=ok|username|
ajax;20060323 14:11:24;/accounts/ajax/validate.php;validate:password:Edwin99
ajax;20060323 14:11:24;/accounts/ajax/validate.php;return=ok|password1|
ajax;20060323 14:11:26;/accounts/ajax/validate.php;validate:password:Edwin99
ajax;20060323 14:11:26;/accounts/ajax/validate.php;return=ok|password2|
ajax;20060323 14:11:44;/accounts/ajax/validate.php;validate:email:javier.bernal@ubc.ca
ajax;20060323 14:11:44;/accounts/ajax/validate.php;validate:uniquesql:javier.bernal@ubc.ca
ajax;20060323 14:11:44;/accounts/ajax/validate.php;return=ok|email|
ajax;20060323 14:11:47;/accounts/ajax/validate.php;validate:password:Edwin999
ajax;20060323 14:11:47;/accounts/ajax/validate.php;return=ok|password1|
ajax;20060323 14:11:49;/accounts/ajax/validate.php;validate:password:Edwin999
ajax;20060323 14:11:49;/accounts/ajax/validate.php;return=ok|password2|
ajax;20060323 14:12:29;/accounts/ajax/validate.php;validate:namespaces:Vancouver
ajax;20060323 14:12:29;/accounts/ajax/validate.php;return=ok|city|
ajax;20060323 14:12:30;/accounts/ajax/validate.php;validate:namespaces:BC
ajax;20060323 14:12:30;/accounts/ajax/validate.php;return=ok|state|
ajax;20060323 14:12:35;/accounts/ajax/validate.php;validate:zipcode:V6H 2S4
ajax;20060323 14:12:35;/accounts/ajax/validate.php;return=ok|zipcode|
ajax;20060323 14:12:36;/accounts/ajax/validate.php;validate:namespaces:CA
ajax;20060323 14:12:36;/accounts/ajax/validate.php;return=ok|country|
ajax;20060323 14:12:46;/accounts/ajax/validate.php;validate:phone:604 822 6877
ajax;20060323 14:12:46;/accounts/ajax/validate.php;return=ok|phone|
ajax;20060323 14:12:48;/accounts/createaccount.php;validate:required:ervija
ajax;20060323 14:12:48;/accounts/createaccount.php;validate:nospaces:ervija
ajax;20060323 14:12:48;/accounts/createaccount.php;validate:uniquesql:ervija
ajax;20060323 14:12:48;/accounts/createaccount.php;validate:required:Edwin999
ajax;20060323 14:12:48;/accounts/createaccount.php;validate:password:Edwin999
ajax;20060323 14:12:48;/accounts/createaccount.php;validate:required:Edwin999
ajax;20060323 14:12:48;/accounts/createaccount.php;validate:password:Edwin999
ajax;20060323 14:12:48;/accounts/createaccount.php;validate:required:Javier
ajax;20060323 14:12:48;/accounts/createaccount.php;validate:required:Bernal
ajax;20060323 14:12:48;/accounts/createaccount.php;validate:required:javier.bernal@ubc.ca
ajax;20060323 14:12:48;/accounts/createaccount.php;validate:email:javier.bernal@ubc.ca
ajax;20060323 14:12:48;/accounts/createaccount.php;validate:uniquesql:javier.bernal@ubc.ca
ajax;20060323 14:12:48;/accounts/createaccount.php;validate:required:Developer/Programmer
ajax;20060323 14:12:48;/accounts/createaccount.php;validate:required:58
ajax;20060323 14:12:48;/accounts/createaccount.php;validate::suite 207
2726 Alder Street
ajax;20060323 14:12:48;/accounts/createaccount.php;validate:namespaces:Vancouver
ajax;20060323 14:12:48;/accounts/createaccount.php;validate:namespaces:BC
ajax;20060323 14:12:48;/accounts/createaccount.php;validate:zipcode:V6H 2S4
ajax;20060323 14:12:48;/accounts/createaccount.php;validate:namespaces:CA
ajax;20060323 14:12:48;/accounts/createaccount.php;validate:phone:604 822 6877
137.82.28.100;20060323 14:12:48;/accounts/createaccount.php;created account: ervija (javier.bernal@ubc.ca) Bernal,Javier inst=58
dgunn@cerritos.edu;20060323 14:24:42;/accounts/login.php;user logged in (internal):198.188.96.2:https://sakaiproject.org/accounts/login.php?ref=/conference/registration/index.php&msg=You+must+login+to+register+or+submit+a+proposal+for+the+Sakai+Vancouver+conference.+If+you+do+not+have+an+account%2C+please+create+one.
ajax;20060323 14:30:27;/accounts/ajax/validate.php;validate:namespaces:CA
ajax;20060323 14:30:27;/accounts/ajax/validate.php;return=ok|state|
ajax;20060323 14:30:30;/accounts/ajax/validate.php;validate:zipcode:90650
ajax;20060323 14:30:30;/accounts/ajax/validate.php;return=ok|zip|
ajax;20060323 14:30:31;/accounts/ajax/validate.php;validate:namespaces:US
ajax;20060323 14:30:31;/accounts/ajax/validate.php;return=ok|country|
ajax;20060323 14:31:01;/accounts/ajax/validate.php;validate:phone:5628602451
ajax;20060323 14:31:01;/accounts/ajax/validate.php;return=ok|phone|
mickwisniewski;20060323 14:39:07;/accounts/login.php;user logged in (internal):198.188.96.2:https://sakaiproject.org/accounts/login.php
ajax;20060323 14:39:13;/accounts/ajax/validate.php;validate:namespaces:CA
ajax;20060323 14:39:13;/accounts/ajax/validate.php;return=ok|state|
ajax;20060323 14:39:13;/accounts/ajax/validate.php;validate:zipcode:90650
ajax;20060323 14:39:13;/accounts/ajax/validate.php;return=ok|zip|
ajax;20060323 14:39:13;/accounts/ajax/validate.php;validate:namespaces:US
ajax;20060323 14:39:13;/accounts/ajax/validate.php;return=ok|country|
ajax;20060323 14:39:13;/accounts/ajax/validate.php;validate:phone:5628602451
ajax;20060323 14:39:13;/accounts/ajax/validate.php;return=ok|phone|
ajax;20060323 14:39:13;/accounts/ajax/validate.php;validate:phone:5624675091
ajax;20060323 14:39:13;/accounts/ajax/validate.php;return=ok|fax|
mmiles@umich.edu;20060323 15:03:23;/accounts/login.php;user logged in (internal):141.213.113.201:https://sakaiproject.org/accounts/login.php?ref=/conference/registration/index.php&msg=You+must+login+to+register+or+submit+a+proposal+for+the+Sakai+Vancouver+conference.+If+you+do+not+have+an+account%2C+please+create+one.
ajax;20060323 15:03:34;/accounts/ajax/validate.php;validate:email:mmiles@umich.edu
ajax;20060323 15:03:34;/accounts/ajax/validate.php;validate:uniquesql:mmiles@umich.edu
ajax;20060323 15:03:34;/accounts/ajax/validate.php;return=ok|email|
ajax;20060323 15:05:06;/accounts/ajax/validate.php;validate:nospaces:memorr02
ajax;20060323 15:05:06;/accounts/ajax/validate.php;validate:uniquesql:memorr02
ajax;20060323 15:05:06;/accounts/ajax/validate.php;return=ok|username|
ajax;20060323 15:05:10;/accounts/ajax/validate.php;validate:password:bufobufo
ajax;20060323 15:05:10;/accounts/ajax/validate.php;return=ok|password1|
ervija;20060323 15:13:30;/accounts/login.php;user logged in (internal):137.82.28.100:https://sakaiproject.org/accounts/login.php
ajax;20060323 15:13:38;/accounts/ajax/validate.php;validate:namespaces:BC
ajax;20060323 15:13:38;/accounts/ajax/validate.php;validate:zipcode:V6H 2S4
ajax;20060323 15:13:38;/accounts/ajax/validate.php;return=ok|state|
ajax;20060323 15:13:38;/accounts/ajax/validate.php;return=ok|zip|
ajax;20060323 15:13:38;/accounts/ajax/validate.php;validate:namespaces:CA
ajax;20060323 15:13:38;/accounts/ajax/validate.php;return=ok|country|
ajax;20060323 15:13:38;/accounts/ajax/validate.php;validate:phone:604 822 6877
ajax;20060323 15:13:38;/accounts/ajax/validate.php;return=ok|phone|
rdahl;20060323 15:20:58;/accounts/login.php;user logged in (internal):142.132.11.58:https://sakaiproject.org/accounts/login.php?ref=/conference/registration/index.php&msg=You+must+login+to+register+or+submit+a+proposal+for+the+Sakai+Vancouver+conference.+If+you+do+not+have+an+account%2C+please+create+one.
ajax;20060323 15:23:49;/accounts/ajax/validate.php;validate:nospaces:ruthdahl
ajax;20060323 15:23:49;/accounts/ajax/validate.php;validate:uniquesql:ruthdahl
ajax;20060323 15:23:49;/accounts/ajax/validate.php;return=ok|username|
ajax;20060323 15:23:52;/accounts/ajax/validate.php;validate:password:ruth
ajax;20060323 15:23:52;/accounts/ajax/validate.php;return=ok|password1|
ajax;20060323 15:23:54;/accounts/ajax/validate.php;validate:password:ruth
ajax;20060323 15:23:54;/accounts/ajax/validate.php;return=ok|password2|
ajax;20060323 15:24:09;/accounts/ajax/validate.php;validate:email:r.dahl@uwinnipeg.ca
ajax;20060323 15:24:09;/accounts/ajax/validate.php;validate:uniquesql:r.dahl@uwinnipeg.ca
ajax;20060323 15:24:09;/accounts/ajax/validate.php;return=error|email|email already used
ajax;20060323 15:24:25;/accounts/ajax/validate.php;validate:email:ruth.dahl@uwinnipeg.ca
ajax;20060323 15:24:25;/accounts/ajax/validate.php;validate:uniquesql:ruth.dahl@uwinnipeg.ca
ajax;20060323 15:24:26;/accounts/ajax/validate.php;return=ok|email|
ajax;20060323 15:25:04;/accounts/ajax/validate.php;validate:namespaces:Winnipeg
ajax;20060323 15:25:04;/accounts/ajax/validate.php;return=ok|city|
ajax;20060323 15:25:04;/accounts/ajax/validate.php;validate:namespaces:ME
ajax;20060323 15:25:04;/accounts/ajax/validate.php;return=ok|state|
ajax;20060323 15:25:09;/accounts/ajax/validate.php;validate:namespaces:CA
ajax;20060323 15:25:09;/accounts/ajax/validate.php;return=ok|country|
ajax;20060323 15:25:15;/accounts/ajax/validate.php;validate:namespaces:MB
ajax;20060323 15:25:15;/accounts/ajax/validate.php;return=ok|state|
ajax;20060323 15:25:23;/accounts/ajax/validate.php;validate:zipcode:R3B 2E9
ajax;20060323 15:25:23;/accounts/ajax/validate.php;return=ok|zipcode|
ajax;20060323 15:25:28;/accounts/ajax/validate.php;validate:phone:204-786-9050
ajax;20060323 15:25:28;/accounts/ajax/validate.php;return=ok|phone|
ajax;20060323 15:26:16;/accounts/ajax/validate.php;validate:phone:204-783-8910
ajax;20060323 15:26:16;/accounts/ajax/validate.php;return=ok|fax|
ajax;20060323 15:26:17;/accounts/createaccount.php;validate:required:ruthdahl
ajax;20060323 15:26:17;/accounts/createaccount.php;validate:nospaces:ruthdahl
ajax;20060323 15:26:17;/accounts/createaccount.php;validate:uniquesql:ruthdahl
ajax;20060323 15:26:17;/accounts/createaccount.php;validate:required:ruth
ajax;20060323 15:26:17;/accounts/createaccount.php;validate:password:ruth
ajax;20060323 15:26:17;/accounts/createaccount.php;validate:required:ruth
ajax;20060323 15:26:17;/accounts/createaccount.php;validate:password:ruth
ajax;20060323 15:26:17;/accounts/createaccount.php;validate:required:Ruth
ajax;20060323 15:26:17;/accounts/createaccount.php;validate:required:Dahl
ajax;20060323 15:26:17;/accounts/createaccount.php;validate:required:ruth.dahl@uwinnipeg.ca
ajax;20060323 15:26:17;/accounts/createaccount.php;validate:email:ruth.dahl@uwinnipeg.ca
ajax;20060323 15:26:17;/accounts/createaccount.php;validate:uniquesql:ruth.dahl@uwinnipeg.ca
ajax;20060323 15:26:17;/accounts/createaccount.php;validate:required:Implementor
ajax;20060323 15:26:17;/accounts/createaccount.php;validate::Implementor
ajax;20060323 15:26:17;/accounts/createaccount.php;validate:required:University of Winnipeg
ajax;20060323 15:26:17;/accounts/createaccount.php;validate::515 Portage Avenue
ajax;20060323 15:26:17;/accounts/createaccount.php;validate:namespaces:Winnipeg
ajax;20060323 15:26:17;/accounts/createaccount.php;validate:namespaces:MB
ajax;20060323 15:26:17;/accounts/createaccount.php;validate:zipcode:R3B 2E9
ajax;20060323 15:26:17;/accounts/createaccount.php;validate:namespaces:CA
ajax;20060323 15:26:17;/accounts/createaccount.php;validate:phone:204-786-9050
ajax;20060323 15:26:17;/accounts/createaccount.php;validate:phone:204-783-8910
142.132.11.58;20060323 15:26:17;/accounts/createaccount.php;created account: ruthdahl (ruth.dahl@uwinnipeg.ca) Dahl,Ruth inst=1
ruthdahl;20060323 15:28:17;/accounts/login.php;user logged in (internal):142.132.11.58:https://sakaiproject.org/accounts/login.php
ajax;20060323 15:28:26;/accounts/ajax/validate.php;validate:namespaces:MB
ajax;20060323 15:28:26;/accounts/ajax/validate.php;return=ok|state|
ajax;20060323 15:28:26;/accounts/ajax/validate.php;validate:phone:204-786-9050
ajax;20060323 15:28:26;/accounts/ajax/validate.php;validate:namespaces:CA
ajax;20060323 15:28:26;/accounts/ajax/validate.php;validate:zipcode:R3B 2E9
ajax;20060323 15:28:26;/accounts/ajax/validate.php;return=ok|phone|
ajax;20060323 15:28:26;/accounts/ajax/validate.php;return=ok|country|
ajax;20060323 15:28:26;/accounts/ajax/validate.php;return=ok|zip|
ajax;20060323 15:28:26;/accounts/ajax/validate.php;validate:phone:204-783-8910
ajax;20060323 15:28:26;/accounts/ajax/validate.php;return=ok|fax|
ajax;20060323 15:28:55;/accounts/ajax/validate.php;validate:email:p.duguay@uwinnipeg.ca
ajax;20060323 15:28:55;/accounts/ajax/validate.php;return=ok|delegate|
mazucena;20060323 15:50:07;/accounts/login.php;user logged in (internal):198.188.96.2:https://sakaiproject.org/accounts/login.php?ref=/conference/registration/index.php&msg=You+must+login+to+register+or+submit+a+proposal+for+the+Sakai+Vancouver+conference.+If+you+do+not+have+an+account%2C+please+create+one.
ajax;20060323 15:51:21;/accounts/ajax/validate.php;validate:namespaces:CA
ajax;20060323 15:51:21;/accounts/ajax/validate.php;return=ok|state|
ajax;20060323 15:51:24;/accounts/ajax/validate.php;validate:namespaces:US
ajax;20060323 15:51:24;/accounts/ajax/validate.php;return=ok|country|
ajax;20060323 15:54:00;/accounts/ajax/validate.php;validate:phone:562-860-2451
ajax;20060323 15:54:00;/accounts/ajax/validate.php;return=ok|phone|
ajax;20060323 15:56:23;/accounts/ajax/validate.php;validate:email:dkhong@sims.berkeley.edu
ajax;20060323 15:56:23;/accounts/ajax/validate.php;validate:uniquesql:dkhong@sims.berkeley.edu
ajax;20060323 15:56:23;/accounts/ajax/validate.php;return=ok|email|
ajax;20060323 15:56:44;/accounts/ajax/validate.php;validate:password:kd4lg679
ajax;20060323 15:56:44;/accounts/ajax/validate.php;return=ok|password1|
ajax;20060323 15:56:46;/accounts/ajax/validate.php;validate:password:kd4lg679
ajax;20060323 15:56:46;/accounts/ajax/validate.php;return=ok|password2|
ajax;20060323 15:56:50;/accounts/ajax/validate.php;validate:nospaces:seungpyo
ajax;20060323 15:56:50;/accounts/ajax/validate.php;validate:uniquesql:seungpyo
ajax;20060323 15:56:50;/accounts/ajax/validate.php;return=ok|username|
ajax;20060323 15:57:08;/accounts/ajax/validate.php;validate:namespaces:Berkeley
ajax;20060323 15:57:08;/accounts/ajax/validate.php;return=ok|city|
ajax;20060323 15:57:08;/accounts/ajax/validate.php;validate:namespaces:CA
ajax;20060323 15:57:08;/accounts/ajax/validate.php;return=ok|state|
ajax;20060323 15:57:33;/accounts/ajax/validate.php;validate:namespaces:US
ajax;20060323 15:57:33;/accounts/ajax/validate.php;return=ok|country|
ajax;20060323 15:57:41;/accounts/createaccount.php;validate:required:seungpyo
ajax;20060323 15:57:41;/accounts/createaccount.php;validate:nospaces:seungpyo
ajax;20060323 15:57:41;/accounts/createaccount.php;validate:uniquesql:seungpyo
ajax;20060323 15:57:41;/accounts/createaccount.php;validate:required:kd4lg679
ajax;20060323 15:57:41;/accounts/createaccount.php;validate:password:kd4lg679
ajax;20060323 15:57:41;/accounts/createaccount.php;validate:required:kd4lg679
ajax;20060323 15:57:41;/accounts/createaccount.php;validate:password:kd4lg679
ajax;20060323 15:57:41;/accounts/createaccount.php;validate:required:David
ajax;20060323 15:57:41;/accounts/createaccount.php;validate:required:Hong
ajax;20060323 15:57:41;/accounts/createaccount.php;validate:required:dkhong@sims.berkeley.edu
ajax;20060323 15:57:41;/accounts/createaccount.php;validate:email:dkhong@sims.berkeley.edu
ajax;20060323 15:57:41;/accounts/createaccount.php;validate:uniquesql:dkhong@sims.berkeley.edu
ajax;20060323 15:57:41;/accounts/createaccount.php;validate:required:UI Developer
ajax;20060323 15:57:41;/accounts/createaccount.php;validate:required:60
ajax;20060323 15:57:41;/accounts/createaccount.php;validate::110 South Hall
ajax;20060323 15:57:41;/accounts/createaccount.php;validate:namespaces:Berkeley
ajax;20060323 15:57:41;/accounts/createaccount.php;validate:namespaces:CA
ajax;20060323 15:57:41;/accounts/createaccount.php;validate:namespaces:US
128.32.226.198;20060323 15:57:41;/accounts/createaccount.php;created account: seungpyo (dkhong@sims.berkeley.edu) Hong,David inst=60
ajax;20060323 15:57:43;/accounts/ajax/validate.php;validate:password:bufobufo
ajax;20060323 15:57:43;/accounts/ajax/validate.php;return=ok|password2|
ajax;20060323 15:57:59;/accounts/ajax/validate.php;validate:email:memorr02@syr.edu
ajax;20060323 15:57:59;/accounts/ajax/validate.php;validate:uniquesql:memorr02@syr.edu
ajax;20060323 15:57:59;/accounts/ajax/validate.php;return=ok|email|
seungpyo;20060323 15:59:20;/accounts/login.php;user logged in (internal):128.32.226.198:https://sakaiproject.org/accounts/login.php
ajax;20060323 15:59:34;/accounts/ajax/validate.php;validate:namespaces:Syracuse
ajax;20060323 15:59:34;/accounts/ajax/validate.php;return=ok|city|
ajax;20060323 15:59:38;/accounts/ajax/validate.php;validate:namespaces:NY
ajax;20060323 15:59:38;/accounts/ajax/validate.php;return=ok|state|
ajax;20060323 15:59:43;/accounts/ajax/validate.php;validate:zipcode:13244
ajax;20060323 15:59:43;/accounts/ajax/validate.php;return=ok|zipcode|
ajax;20060323 15:59:47;/accounts/ajax/validate.php;validate:namespaces:US
ajax;20060323 15:59:47;/accounts/ajax/validate.php;validate:zipcode:90650
ajax;20060323 15:59:47;/accounts/ajax/validate.php;return=ok|country|
ajax;20060323 15:59:47;/accounts/ajax/validate.php;return=ok|zip|
ajax;20060323 15:59:58;/accounts/ajax/validate.php;validate:phone:3154431806
ajax;20060323 15:59:58;/accounts/ajax/validate.php;return=ok|phone|
ajax;20060323 16:00:08;/accounts/ajax/validate.php;validate:phone:3154425658
ajax;20060323 16:00:08;/accounts/ajax/validate.php;return=ok|fax|
ajax;20060323 16:00:12;/accounts/createaccount.php;validate:required:memorr02
ajax;20060323 16:00:12;/accounts/createaccount.php;validate:nospaces:memorr02
ajax;20060323 16:00:12;/accounts/createaccount.php;validate:uniquesql:memorr02
ajax;20060323 16:00:12;/accounts/createaccount.php;validate:required:bufobufo
ajax;20060323 16:00:12;/accounts/createaccount.php;validate:password:bufobufo
ajax;20060323 16:00:12;/accounts/createaccount.php;validate:required:bufobufo
ajax;20060323 16:00:12;/accounts/createaccount.php;validate:password:bufobufo
ajax;20060323 16:00:12;/accounts/createaccount.php;validate:required:Michael
ajax;20060323 16:00:12;/accounts/createaccount.php;validate:required:Morrison
ajax;20060323 16:00:12;/accounts/createaccount.php;validate:required:memorr02@syr.edu
ajax;20060323 16:00:12;/accounts/createaccount.php;validate:email:memorr02@syr.edu
ajax;20060323 16:00:12;/accounts/createaccount.php;validate:uniquesql:memorr02@syr.edu
ajax;20060323 16:00:12;/accounts/createaccount.php;validate:required:Manager
ajax;20060323 16:00:12;/accounts/createaccount.php;validate::User Support
ajax;20060323 16:00:12;/accounts/createaccount.php;validate:required:50
ajax;20060323 16:00:12;/accounts/createaccount.php;validate::272 Newhouse II
ajax;20060323 16:00:12;/accounts/createaccount.php;validate:namespaces:Syracuse
ajax;20060323 16:00:12;/accounts/createaccount.php;validate:namespaces:NY
ajax;20060323 16:00:12;/accounts/createaccount.php;validate:zipcode:13244
ajax;20060323 16:00:12;/accounts/createaccount.php;validate:namespaces:US
ajax;20060323 16:00:12;/accounts/createaccount.php;validate:phone:3154431806
ajax;20060323 16:00:12;/accounts/createaccount.php;validate:phone:3154425658
128.230.47.128;20060323 16:00:12;/accounts/createaccount.php;created account: memorr02 (memorr02@syr.edu) Morrison,Michael inst=50
memorr02;20060323 16:02:51;/accounts/login.php;user logged in (internal):128.230.47.128:https://sakaiproject.org/accounts/login.php
ajax;20060323 16:03:43;/accounts/ajax/validate.php;validate:email:mazucena@cerritos.edu
ajax;20060323 16:03:43;/accounts/ajax/validate.php;validate:namespaces:Norwalk, california
ajax;20060323 16:03:43;/accounts/ajax/validate.php;validate:uniquesql:mazucena@cerritos.edu
ajax;20060323 16:03:43;/accounts/ajax/validate.php;return=error|city|Alphanumeric chars, spaces, and _.- only
ajax;20060323 16:03:43;/accounts/ajax/validate.php;validate:zipcode:90650
ajax;20060323 16:03:43;/accounts/ajax/validate.php;validate:namespaces:CA
ajax;20060323 16:03:43;/accounts/ajax/validate.php;return=ok|email|
ajax;20060323 16:03:43;/accounts/ajax/validate.php;return=ok|state|
ajax;20060323 16:03:43;/accounts/ajax/validate.php;return=ok|zipcode|
ajax;20060323 16:03:43;/accounts/ajax/validate.php;validate:namespaces:US
ajax;20060323 16:03:43;/accounts/ajax/validate.php;return=ok|country|
ajax;20060323 16:03:43;/accounts/ajax/validate.php;validate:phone:562-860-2451
ajax;20060323 16:03:43;/accounts/ajax/validate.php;return=ok|phone|
ajax;20060323 16:03:50;/accounts/ajax/validate.php;validate:namespaces:Norwalk
ajax;20060323 16:03:50;/accounts/ajax/validate.php;return=ok|city|
ajax;20060323 16:03:54;/accounts/myaccount.php;validate:required:Mario
ajax;20060323 16:03:54;/accounts/myaccount.php;validate:required:Azucena
ajax;20060323 16:03:54;/accounts/myaccount.php;validate:required:mazucena@cerritos.edu
ajax;20060323 16:03:54;/accounts/myaccount.php;validate:email:mazucena@cerritos.edu
ajax;20060323 16:03:54;/accounts/myaccount.php;validate:uniquesql:mazucena@cerritos.edu
ajax;20060323 16:03:54;/accounts/myaccount.php;validate:required:System Administrator
ajax;20060323 16:03:54;/accounts/myaccount.php;validate::User Support
ajax;20060323 16:03:54;/accounts/myaccount.php;validate:required:10
ajax;20060323 16:03:54;/accounts/myaccount.php;validate::11110 Alondra Blvd.

ajax;20060323 16:03:54;/accounts/myaccount.php;validate:namespaces:Norwalk
ajax;20060323 16:03:54;/accounts/myaccount.php;validate:namespaces:CA
ajax;20060323 16:03:54;/accounts/myaccount.php;validate:zipcode:90650
ajax;20060323 16:03:54;/accounts/myaccount.php;validate:namespaces:US
ajax;20060323 16:03:54;/accounts/myaccount.php;validate:phone:562-860-2451
mazucena;20060323 16:05:01;/accounts/login.php;user logged in (internal):198.188.96.2:https://sakaiproject.org/accounts/login.php?ref=/conference/registration/index.php&msg=You+must+login+to+register+or+submit+a+proposal+for+the+Sakai+Vancouver+conference.+If+you+do+not+have+an+account%2C+please+create+one.
ajax;20060323 16:06:09;/accounts/ajax/validate.php;validate:namespaces:NY
ajax;20060323 16:06:09;/accounts/ajax/validate.php;validate:zipcode:13244
ajax;20060323 16:06:09;/accounts/ajax/validate.php;return=ok|state|
ajax;20060323 16:06:09;/accounts/ajax/validate.php;return=ok|zip|
ajax;20060323 16:06:09;/accounts/ajax/validate.php;validate:namespaces:US
ajax;20060323 16:06:09;/accounts/ajax/validate.php;return=ok|country|
ajax;20060323 16:06:09;/accounts/ajax/validate.php;validate:phone:3154431806
ajax;20060323 16:06:09;/accounts/ajax/validate.php;return=ok|phone|
ajax;20060323 16:06:09;/accounts/ajax/validate.php;validate:phone:3154425658
ajax;20060323 16:06:09;/accounts/ajax/validate.php;return=ok|fax|
ajax;20060323 17:04:36;/accounts/ajax/validate.php;validate:nospaces:lmplace
ajax;20060323 17:04:36;/accounts/ajax/validate.php;validate:uniquesql:lmplace
ajax;20060323 17:04:36;/accounts/ajax/validate.php;return=ok|username|
ajax;20060323 17:04:44;/accounts/ajax/validate.php;validate:password:j@pw4L
ajax;20060323 17:04:44;/accounts/ajax/validate.php;return=ok|password1|
ajax;20060323 17:04:50;/accounts/ajax/validate.php;validate:password:j@pw4L
ajax;20060323 17:04:50;/accounts/ajax/validate.php;return=ok|password2|
ajax;20060323 17:04:59;/accounts/ajax/validate.php;validate:email:lmp@umich.edu
ajax;20060323 17:04:59;/accounts/ajax/validate.php;validate:uniquesql:lmp@umich.edu
ajax;20060323 17:04:59;/accounts/ajax/validate.php;return=ok|email|
ajax;20060323 17:06:06;/accounts/createaccount.php;validate:required:lmplace
ajax;20060323 17:06:06;/accounts/createaccount.php;validate:nospaces:lmplace
ajax;20060323 17:06:06;/accounts/createaccount.php;validate:uniquesql:lmplace
ajax;20060323 17:06:06;/accounts/createaccount.php;validate:required:j@pw4L
ajax;20060323 17:06:06;/accounts/createaccount.php;validate:password:j@pw4L
ajax;20060323 17:06:06;/accounts/createaccount.php;validate:required:j@pw4L
ajax;20060323 17:06:06;/accounts/createaccount.php;validate:password:j@pw4L
ajax;20060323 17:06:06;/accounts/createaccount.php;validate:required:Linda
ajax;20060323 17:06:06;/accounts/createaccount.php;validate:required:Place
ajax;20060323 17:06:06;/accounts/createaccount.php;validate:required:lmp@umich.edu
ajax;20060323 17:06:06;/accounts/createaccount.php;validate:email:lmp@umich.edu
ajax;20060323 17:06:06;/accounts/createaccount.php;validate:uniquesql:lmp@umich.edu
ajax;20060323 17:06:06;/accounts/createaccount.php;validate:required:Manager
ajax;20060323 17:06:06;/accounts/createaccount.php;validate::Implementor
ajax;20060323 17:06:06;/accounts/createaccount.php;validate:required:76
141.213.237.25;20060323 17:06:06;/accounts/createaccount.php;created account: lmplace (lmp@umich.edu) Place,Linda inst=76
ajax;20060323 17:11:41;/accounts/ajax/validate.php;validate:nospaces:tdodds
ajax;20060323 17:11:41;/accounts/ajax/validate.php;validate:uniquesql:tdodds
ajax;20060323 17:11:41;/accounts/ajax/validate.php;return=ok|username|
ajax;20060323 17:11:49;/accounts/ajax/validate.php;validate:password:4thright
ajax;20060323 17:11:49;/accounts/ajax/validate.php;return=ok|password1|
ajax;20060323 17:11:51;/accounts/ajax/validate.php;validate:password:4thright
ajax;20060323 17:11:51;/accounts/ajax/validate.php;return=ok|password2|
ajax;20060323 17:11:59;/accounts/ajax/validate.php;validate:email:ted.dodds@ubc.ca
ajax;20060323 17:11:59;/accounts/ajax/validate.php;validate:uniquesql:ted.dodds@ubc.ca
ajax;20060323 17:11:59;/accounts/ajax/validate.php;return=ok|email|
ajax;20060323 17:13:07;/accounts/ajax/validate.php;validate:namespaces:Vancouver
ajax;20060323 17:13:07;/accounts/ajax/validate.php;return=ok|city|
ajax;20060323 17:13:12;/accounts/ajax/validate.php;validate:namespaces:BC
ajax;20060323 17:13:12;/accounts/ajax/validate.php;return=ok|state|
ajax;20060323 17:13:18;/accounts/ajax/validate.php;validate:zipcode:V6T 1Z2
ajax;20060323 17:13:18;/accounts/ajax/validate.php;return=ok|zipcode|
ajax;20060323 17:13:21;/accounts/ajax/validate.php;validate:namespaces:CA
ajax;20060323 17:13:21;/accounts/ajax/validate.php;return=ok|country|
ajax;20060323 17:13:25;/accounts/ajax/validate.php;validate:phone:604-822-3013
ajax;20060323 17:13:25;/accounts/ajax/validate.php;return=ok|phone|
ajax;20060323 17:13:36;/accounts/ajax/validate.php;validate:phone:604-822-1396
ajax;20060323 17:13:36;/accounts/ajax/validate.php;return=ok|fax|
ajax;20060323 17:13:36;/accounts/createaccount.php;validate:required:tdodds
ajax;20060323 17:13:36;/accounts/createaccount.php;validate:nospaces:tdodds
ajax;20060323 17:13:36;/accounts/createaccount.php;validate:uniquesql:tdodds
ajax;20060323 17:13:36;/accounts/createaccount.php;validate:required:4thright
ajax;20060323 17:13:36;/accounts/createaccount.php;validate:password:4thright
ajax;20060323 17:13:36;/accounts/createaccount.php;validate:required:4thright
ajax;20060323 17:13:36;/accounts/createaccount.php;validate:password:4thright
ajax;20060323 17:13:36;/accounts/createaccount.php;validate:required:Ted
ajax;20060323 17:13:36;/accounts/createaccount.php;validate:required:Dodds
ajax;20060323 17:13:36;/accounts/createaccount.php;validate:required:ted.dodds@ubc.ca
ajax;20060323 17:13:36;/accounts/createaccount.php;validate:email:ted.dodds@ubc.ca
ajax;20060323 17:13:36;/accounts/createaccount.php;validate:uniquesql:ted.dodds@ubc.ca
ajax;20060323 17:13:36;/accounts/createaccount.php;validate:required:University Administration
ajax;20060323 17:13:36;/accounts/createaccount.php;validate:required:58
ajax;20060323 17:13:36;/accounts/createaccount.php;validate::Room 420 L.S. Klinck Building
6356 Agricultural Road
ajax;20060323 17:13:36;/accounts/createaccount.php;validate:namespaces:Vancouver
ajax;20060323 17:13:36;/accounts/createaccount.php;validate:namespaces:BC
ajax;20060323 17:13:36;/accounts/createaccount.php;validate:zipcode:V6T 1Z2
ajax;20060323 17:13:36;/accounts/createaccount.php;validate:namespaces:CA
ajax;20060323 17:13:36;/accounts/createaccount.php;validate:phone:604-822-3013
ajax;20060323 17:13:36;/accounts/createaccount.php;validate:phone:604-822-1396
137.82.28.49;20060323 17:13:36;/accounts/createaccount.php;created account: tdodds (ted.dodds@ubc.ca) Dodds,Ted inst=58
tdodds;20060323 17:14:05;/accounts/login.php;user logged in (internal):137.82.28.49:https://sakaiproject.org/accounts/login.php
ajax;20060323 17:14:15;/accounts/ajax/validate.php;validate:namespaces:BC
ajax;20060323 17:14:15;/accounts/ajax/validate.php;return=ok|state|
ajax;20060323 17:14:15;/accounts/ajax/validate.php;validate:zipcode:V6T 1Z2
ajax;20060323 17:14:15;/accounts/ajax/validate.php;return=ok|zip|
ajax;20060323 17:14:15;/accounts/ajax/validate.php;validate:namespaces:CA
ajax;20060323 17:14:15;/accounts/ajax/validate.php;return=ok|country|
ajax;20060323 17:14:15;/accounts/ajax/validate.php;validate:phone:604-822-3013
ajax;20060323 17:14:15;/accounts/ajax/validate.php;return=ok|phone|
ajax;20060323 17:14:16;/accounts/ajax/validate.php;validate:phone:604-822-1396
ajax;20060323 17:14:16;/accounts/ajax/validate.php;return=ok|fax|
lmplace;20060323 17:15:06;/accounts/login.php;user logged in (internal):141.213.237.25:https://sakaiproject.org/accounts/login.php
ajax;20060323 17:15:23;/accounts/ajax/validate.php;validate:email:mary.look@ubc.ca
ajax;20060323 17:15:23;/accounts/ajax/validate.php;return=ok|delegate|
lmplace;20060323 17:16:01;/accounts/login.php;user logged in (internal):141.213.237.25:https://sakaiproject.org/accounts/login.php?ref=/conference/proposals/index.php&msg=You+must+login+to+register+or+submit+a+proposal+for+the+Sakai+Vancouver+conference.+If+you+do+not+have+an+account%2C+please+create+one.
ajax;20060323 17:23:48;/accounts/ajax/validate.php;validate:nospaces:gee.lam
ajax;20060323 17:23:48;/accounts/ajax/validate.php;validate:uniquesql:gee.lam
ajax;20060323 17:23:48;/accounts/ajax/validate.php;return=ok|username|
ajax;20060323 17:23:54;/accounts/ajax/validate.php;validate:password:ix0ye@sakai
ajax;20060323 17:23:54;/accounts/ajax/validate.php;return=ok|password1|
ajax;20060323 17:24:00;/accounts/ajax/validate.php;validate:password:ix0ye@sakai
ajax;20060323 17:24:00;/accounts/ajax/validate.php;return=ok|password2|
ajax;20060323 17:24:28;/accounts/ajax/validate.php;validate:email:gee.lam@twu.ca
ajax;20060323 17:24:28;/accounts/ajax/validate.php;validate:uniquesql:gee.lam@twu.ca
ajax;20060323 17:24:28;/accounts/ajax/validate.php;return=ok|email|
ajax;20060323 17:25:57;/accounts/ajax/validate.php;validate:namespaces:Langley
ajax;20060323 17:25:57;/accounts/ajax/validate.php;return=ok|city|
ajax;20060323 17:26:01;/accounts/ajax/validate.php;validate:namespaces:BC
ajax;20060323 17:26:01;/accounts/ajax/validate.php;return=ok|state|
ajax;20060323 17:26:17;/accounts/ajax/validate.php;validate:zipcode:V2Y 1Y1
ajax;20060323 17:26:17;/accounts/ajax/validate.php;return=ok|zipcode|
ajax;20060323 17:26:18;/accounts/ajax/validate.php;validate:namespaces:CA
ajax;20060323 17:26:18;/accounts/ajax/validate.php;return=ok|country|
ajax;20060323 17:26:36;/accounts/ajax/validate.php;validate:phone:604-513-2067
ajax;20060323 17:26:36;/accounts/ajax/validate.php;return=ok|phone|
ajax;20060323 17:26:53;/accounts/ajax/validate.php;validate:phone:604-513-2060
ajax;20060323 17:26:53;/accounts/ajax/validate.php;return=ok|fax|
ajax;20060323 17:27:20;/accounts/createaccount.php;validate:required:gee.lam
ajax;20060323 17:27:21;/accounts/createaccount.php;validate:nospaces:gee.lam
ajax;20060323 17:27:21;/accounts/createaccount.php;validate:uniquesql:gee.lam
ajax;20060323 17:27:21;/accounts/createaccount.php;validate:required:ix0ye@sakai
ajax;20060323 17:27:21;/accounts/createaccount.php;validate:password:ix0ye@sakai
ajax;20060323 17:27:21;/accounts/createaccount.php;validate:required:ix0ye@sakai
ajax;20060323 17:27:21;/accounts/createaccount.php;validate:password:ix0ye@sakai
ajax;20060323 17:27:21;/accounts/createaccount.php;validate:required:Gee
ajax;20060323 17:27:21;/accounts/createaccount.php;validate:required:Lam
ajax;20060323 17:27:21;/accounts/createaccount.php;validate:required:gee.lam@twu.ca
ajax;20060323 17:27:21;/accounts/createaccount.php;validate:email:gee.lam@twu.ca
ajax;20060323 17:27:21;/accounts/createaccount.php;validate:uniquesql:gee.lam@twu.ca
ajax;20060323 17:27:21;/accounts/createaccount.php;validate:required:Instructional Technologist
ajax;20060323 17:27:21;/accounts/createaccount.php;validate::Faculty Development
ajax;20060323 17:27:21;/accounts/createaccount.php;validate:required:Trinity Western University
ajax;20060323 17:27:21;/accounts/createaccount.php;validate::7600 Glover Road
ajax;20060323 17:27:21;/accounts/createaccount.php;validate:namespaces:Langley
ajax;20060323 17:27:21;/accounts/createaccount.php;validate:namespaces:BC
ajax;20060323 17:27:21;/accounts/createaccount.php;validate:zipcode:V2Y 1Y1
ajax;20060323 17:27:21;/accounts/createaccount.php;validate:namespaces:CA
ajax;20060323 17:27:21;/accounts/createaccount.php;validate:phone:604-513-2067
ajax;20060323 17:27:21;/accounts/createaccount.php;validate:phone:604-513-2060
64.114.134.52;20060323 17:27:21;/accounts/createaccount.php;created account: gee.lam (gee.lam@twu.ca) Lam,Gee inst=1
ajax;20060323 17:27:42;/accounts/ajax/validate.php;validate:email:gee.lam@twu.ca
ajax;20060323 17:27:42;/accounts/ajax/validate.php;validate:nospaces:gee.lam
ajax;20060323 17:27:42;/accounts/ajax/validate.php;validate:uniquesql:gee.lam@twu.ca
ajax;20060323 17:27:42;/accounts/ajax/validate.php;validate:uniquesql:gee.lam
ajax;20060323 17:27:42;/accounts/ajax/validate.php;return=error|email|email already used
ajax;20060323 17:27:42;/accounts/ajax/validate.php;return=error|username|username already used
ajax;20060323 17:27:42;/accounts/ajax/validate.php;validate:namespaces:Langley
ajax;20060323 17:27:42;/accounts/ajax/validate.php;return=ok|city|
ajax;20060323 17:27:42;/accounts/ajax/validate.php;validate:namespaces:BC
ajax;20060323 17:27:42;/accounts/ajax/validate.php;return=ok|state|
ajax;20060323 17:27:42;/accounts/ajax/validate.php;validate:zipcode:V2Y 1Y1
ajax;20060323 17:27:42;/accounts/ajax/validate.php;return=ok|zipcode|
ajax;20060323 17:27:42;/accounts/ajax/validate.php;validate:namespaces:CA
ajax;20060323 17:27:42;/accounts/ajax/validate.php;return=ok|country|
ajax;20060323 17:27:42;/accounts/ajax/validate.php;validate:phone:604-513-2067
ajax;20060323 17:27:42;/accounts/ajax/validate.php;return=ok|phone|
ajax;20060323 17:27:42;/accounts/ajax/validate.php;validate:phone:604-513-2060
ajax;20060323 17:27:42;/accounts/ajax/validate.php;return=ok|fax|
gee.lam;20060323 17:28:39;/accounts/login.php;user logged in (internal):64.114.134.52:https://sakaiproject.org/accounts/login.php
ajax;20060323 17:28:48;/accounts/ajax/validate.php;validate:namespaces:BC
ajax;20060323 17:28:48;/accounts/ajax/validate.php;return=ok|state|
ajax;20060323 17:28:48;/accounts/ajax/validate.php;validate:zipcode:V2Y 1Y1
ajax;20060323 17:28:48;/accounts/ajax/validate.php;return=ok|zip|
ajax;20060323 17:28:48;/accounts/ajax/validate.php;validate:namespaces:CA
ajax;20060323 17:28:48;/accounts/ajax/validate.php;return=ok|country|
ajax;20060323 17:28:48;/accounts/ajax/validate.php;validate:phone:604-513-2067
ajax;20060323 17:28:48;/accounts/ajax/validate.php;return=ok|phone|
ajax;20060323 17:28:48;/accounts/ajax/validate.php;validate:phone:604-513-2060
ajax;20060323 17:28:48;/accounts/ajax/validate.php;return=ok|fax|
ajax;20060323 17:32:28;/accounts/ajax/validate.php;validate:namespaces:MI
ajax;20060323 17:32:28;/accounts/ajax/validate.php;return=ok|state|
ajax;20060323 17:32:43;/accounts/ajax/validate.php;validate:zipcode:48105-2785
ajax;20060323 17:32:43;/accounts/ajax/validate.php;return=ok|zip|
ajax;20060323 17:32:53;/accounts/ajax/validate.php;validate:namespaces:US
ajax;20060323 17:32:53;/accounts/ajax/validate.php;return=ok|country|
ajax;20060323 17:33:10;/accounts/ajax/validate.php;validate:phone:(734) 615-5820
ajax;20060323 17:33:10;/accounts/ajax/validate.php;return=ok|phone|
lmplace;20060323 17:34:44;/accounts/login.php;user logged in (internal):141.213.237.25:https://sakaiproject.org/accounts/login.php?ref=/conference/registration/index.php&msg=You+must+login+to+register+or+submit+a+proposal+for+the+Sakai+Vancouver+conference.+If+you+do+not+have+an+account%2C+please+create+one.
ajax;20060323 17:34:44;/accounts/ajax/validate.php;validate:namespaces:MI
ajax;20060323 17:34:44;/accounts/ajax/validate.php;return=ok|state|
ajax;20060323 17:34:44;/accounts/ajax/validate.php;validate:zipcode:48105-2785
ajax;20060323 17:34:44;/accounts/ajax/validate.php;return=ok|zip|
ajax;20060323 17:34:44;/accounts/ajax/validate.php;validate:namespaces:US
ajax;20060323 17:34:44;/accounts/ajax/validate.php;return=ok|country|
ajax;20060323 17:34:44;/accounts/ajax/validate.php;validate:phone:(734) 615-5820
ajax;20060323 17:34:44;/accounts/ajax/validate.php;return=ok|phone|
ajax;20060323 18:07:12;/accounts/ajax/validate.php;validate:namespaces:BC
ajax;20060323 18:07:12;/accounts/ajax/validate.php;return=ok|state|
ajax;20060323 18:07:12;/accounts/ajax/validate.php;validate:zipcode:V2Y 1Y1
ajax;20060323 18:07:12;/accounts/ajax/validate.php;return=ok|zip|
ajax;20060323 18:07:12;/accounts/ajax/validate.php;validate:namespaces:CA
ajax;20060323 18:07:12;/accounts/ajax/validate.php;return=ok|country|
ajax;20060323 18:07:12;/accounts/ajax/validate.php;validate:phone:604-513-2067
ajax;20060323 18:07:12;/accounts/ajax/validate.php;return=ok|phone|
ajax;20060323 18:07:12;/accounts/ajax/validate.php;validate:phone:604-513-2060
ajax;20060323 18:07:12;/accounts/ajax/validate.php;return=ok|fax|
ajax;20060323 20:34:01;/accounts/ajax/validate.php;validate:nospaces:rpaditya@umich.edu
ajax;20060323 20:34:01;/accounts/ajax/validate.php;validate:uniquesql:rpaditya@umich.edu
ajax;20060323 20:34:01;/accounts/ajax/validate.php;return=ok|username|
ajax;20060323 20:34:03;/accounts/ajax/validate.php;validate:password:cd@rom
ajax;20060323 20:34:03;/accounts/ajax/validate.php;return=ok|password1|
ajax;20060323 20:34:04;/accounts/ajax/validate.php;validate:password:cd@rom
ajax;20060323 20:34:04;/accounts/ajax/validate.php;return=ok|password2|
ajax;20060323 20:34:12;/accounts/ajax/validate.php;validate:email:rpaditya@umich.edu
ajax;20060323 20:34:12;/accounts/ajax/validate.php;validate:uniquesql:rpaditya@umich.edu
ajax;20060323 20:34:12;/accounts/ajax/validate.php;return=ok|email|
ajax;20060323 20:35:00;/accounts/ajax/validate.php;validate:namespaces:Ann Arbor
ajax;20060323 20:35:00;/accounts/ajax/validate.php;return=ok|city|
ajax;20060323 20:35:02;/accounts/ajax/validate.php;validate:namespaces:MI
ajax;20060323 20:35:02;/accounts/ajax/validate.php;return=ok|state|
ajax;20060323 20:35:09;/accounts/ajax/validate.php;validate:zipcode:48105
ajax;20060323 20:35:09;/accounts/ajax/validate.php;return=ok|zipcode|
ajax;20060323 20:35:11;/accounts/ajax/validate.php;validate:namespaces:US
ajax;20060323 20:35:11;/accounts/ajax/validate.php;return=ok|country|
ajax;20060323 20:35:18;/accounts/ajax/validate.php;validate:phone:734 615 7540
ajax;20060323 20:35:18;/accounts/ajax/validate.php;return=ok|phone|
ajax;20060323 20:35:21;/accounts/createaccount.php;validate:required:rpaditya@umich.edu
ajax;20060323 20:35:21;/accounts/createaccount.php;validate:nospaces:rpaditya@umich.edu
ajax;20060323 20:35:21;/accounts/createaccount.php;validate:uniquesql:rpaditya@umich.edu
ajax;20060323 20:35:21;/accounts/createaccount.php;validate:required:cd@rom
ajax;20060323 20:35:21;/accounts/createaccount.php;validate:password:cd@rom
ajax;20060323 20:35:21;/accounts/createaccount.php;validate:required:cd@rom
ajax;20060323 20:35:21;/accounts/createaccount.php;validate:password:cd@rom
ajax;20060323 20:35:21;/accounts/createaccount.php;validate:required:Ramaswamy
ajax;20060323 20:35:21;/accounts/createaccount.php;validate:required:Aditya
ajax;20060323 20:35:21;/accounts/createaccount.php;validate:required:rpaditya@umich.edu
ajax;20060323 20:35:21;/accounts/createaccount.php;validate:email:rpaditya@umich.edu
ajax;20060323 20:35:21;/accounts/createaccount.php;validate:uniquesql:rpaditya@umich.edu
ajax;20060323 20:35:21;/accounts/createaccount.php;validate:required:System Administrator
ajax;20060323 20:35:21;/accounts/createaccount.php;validate:required:76
ajax;20060323 20:35:21;/accounts/createaccount.php;validate::4251 Plymouth Rd, Ste. 1-2502
ajax;20060323 20:35:21;/accounts/createaccount.php;validate:namespaces:Ann Arbor
ajax;20060323 20:35:21;/accounts/createaccount.php;validate:namespaces:MI
ajax;20060323 20:35:21;/accounts/createaccount.php;validate:zipcode:48105
ajax;20060323 20:35:21;/accounts/createaccount.php;validate:namespaces:US
ajax;20060323 20:35:21;/accounts/createaccount.php;validate:phone:734 615 7540
68.40.188.5;20060323 20:35:21;/accounts/createaccount.php;created account: rpaditya@umich.edu (rpaditya@umich.edu) Aditya,Ramaswamy inst=76
rpaditya@umich.edu;20060323 20:35:53;/accounts/login.php;user logged in (internal):68.40.188.5:https://sakaiproject.org/accounts/login.php
ajax;20060323 20:35:57;/accounts/ajax/validate.php;validate:namespaces:MI
ajax;20060323 20:35:57;/accounts/ajax/validate.php;return=ok|state|
ajax;20060323 20:35:57;/accounts/ajax/validate.php;validate:zipcode:48105
ajax;20060323 20:35:57;/accounts/ajax/validate.php;return=ok|zip|
ajax;20060323 20:35:57;/accounts/ajax/validate.php;validate:namespaces:US
ajax;20060323 20:35:57;/accounts/ajax/validate.php;return=ok|country|
ajax;20060323 20:35:57;/accounts/ajax/validate.php;validate:phone:734 615 7540
ajax;20060323 20:35:57;/accounts/ajax/validate.php;return=ok|phone|
ajax;20060323 22:24:02;/accounts/ajax/validate.php;validate:nospaces:hyclak
ajax;20060323 22:24:02;/accounts/ajax/validate.php;validate:uniquesql:hyclak
ajax;20060323 22:24:02;/accounts/ajax/validate.php;return=ok|username|
ajax;20060323 22:24:04;/accounts/ajax/validate.php;validate:password:heh2000
ajax;20060323 22:24:04;/accounts/ajax/validate.php;return=ok|password1|
ajax;20060323 22:24:06;/accounts/ajax/validate.php;validate:password:heh2000
ajax;20060323 22:24:06;/accounts/ajax/validate.php;return=ok|password2|
ajax;20060323 22:24:16;/accounts/ajax/validate.php;validate:email:hyclak@math.ohiou.edu
ajax;20060323 22:24:16;/accounts/ajax/validate.php;validate:uniquesql:hyclak@math.ohiou.edu
ajax;20060323 22:24:16;/accounts/ajax/validate.php;return=ok|email|
ajax;20060323 22:24:58;/accounts/ajax/validate.php;validate:namespaces:Athens
ajax;20060323 22:24:58;/accounts/ajax/validate.php;return=ok|city|
ajax;20060323 22:24:59;/accounts/ajax/validate.php;validate:namespaces:OH
ajax;20060323 22:24:59;/accounts/ajax/validate.php;return=ok|state|
ajax;20060323 22:25:01;/accounts/ajax/validate.php;validate:zipcode:45701
ajax;20060323 22:25:01;/accounts/ajax/validate.php;return=ok|zipcode|
ajax;20060323 22:25:04;/accounts/ajax/validate.php;validate:namespaces:US
ajax;20060323 22:25:04;/accounts/ajax/validate.php;return=ok|country|
ajax;20060323 22:25:12;/accounts/ajax/validate.php;validate:phone:740-593-1263
ajax;20060323 22:25:12;/accounts/ajax/validate.php;return=ok|phone|
ajax;20060323 22:25:14;/accounts/createaccount.php;validate:required:hyclak
ajax;20060323 22:25:14;/accounts/createaccount.php;validate:nospaces:hyclak
ajax;20060323 22:25:14;/accounts/createaccount.php;validate:uniquesql:hyclak
ajax;20060323 22:25:14;/accounts/createaccount.php;validate:required:heh2000
ajax;20060323 22:25:14;/accounts/createaccount.php;validate:password:heh2000
ajax;20060323 22:25:14;/accounts/createaccount.php;validate:required:heh2000
ajax;20060323 22:25:14;/accounts/createaccount.php;validate:password:heh2000
ajax;20060323 22:25:14;/accounts/createaccount.php;validate:required:Matthew
ajax;20060323 22:25:14;/accounts/createaccount.php;validate:required:Hyclak
ajax;20060323 22:25:14;/accounts/createaccount.php;validate:required:hyclak@math.ohiou.edu
ajax;20060323 22:25:14;/accounts/createaccount.php;validate:email:hyclak@math.ohiou.edu
ajax;20060323 22:25:14;/accounts/createaccount.php;validate:uniquesql:hyclak@math.ohiou.edu
ajax;20060323 22:25:14;/accounts/createaccount.php;validate:required:System Administrator
ajax;20060323 22:25:14;/accounts/createaccount.php;validate::Instructional Designer
ajax;20060323 22:25:14;/accounts/createaccount.php;validate:required:Ohio University
ajax;20060323 22:25:14;/accounts/createaccount.php;validate::321 Morton Hall
ajax;20060323 22:25:14;/accounts/createaccount.php;validate:namespaces:Athens
ajax;20060323 22:25:14;/accounts/createaccount.php;validate:namespaces:OH
ajax;20060323 22:25:14;/accounts/createaccount.php;validate:zipcode:45701
ajax;20060323 22:25:14;/accounts/createaccount.php;validate:namespaces:US
ajax;20060323 22:25:14;/accounts/createaccount.php;validate:phone:740-593-1263
69.58.13.85;20060323 22:25:14;/accounts/createaccount.php;created account: hyclak (hyclak@math.ohiou.edu) Hyclak,Matthew inst=1
hyclak;20060323 22:25:52;/accounts/login.php;user logged in (internal):69.58.13.85:https://sakaiproject.org/accounts/login.php?ref=/accounts/createaccount.php
ajax;20060323 22:25:54;/accounts/ajax/validate.php;validate:email:hyclak@math.ohiou.edu
ajax;20060323 22:25:54;/accounts/ajax/validate.php;validate:uniquesql:hyclak@math.ohiou.edu
ajax;20060323 22:25:54;/accounts/ajax/validate.php;return=ok|email|
ajax;20060323 22:25:54;/accounts/ajax/validate.php;validate:namespaces:OH
ajax;20060323 22:25:54;/accounts/ajax/validate.php;return=ok|state|
ajax;20060323 22:25:54;/accounts/ajax/validate.php;validate:namespaces:Athens
ajax;20060323 22:25:54;/accounts/ajax/validate.php;return=ok|city|
ajax;20060323 22:25:55;/accounts/ajax/validate.php;validate:zipcode:45701
ajax;20060323 22:25:55;/accounts/ajax/validate.php;return=ok|zipcode|
ajax;20060323 22:25:55;/accounts/ajax/validate.php;validate:namespaces:US
ajax;20060323 22:25:55;/accounts/ajax/validate.php;return=ok|country|
ajax;20060323 22:25:55;/accounts/ajax/validate.php;validate:phone:740-593-1263
ajax;20060323 22:25:55;/accounts/ajax/validate.php;return=ok|phone|
ajax;20060323 22:26:02;/accounts/myaccount.php;validate:required:Matthew
ajax;20060323 22:26:02;/accounts/myaccount.php;validate:required:Hyclak
ajax;20060323 22:26:02;/accounts/myaccount.php;validate:required:hyclak@math.ohiou.edu
ajax;20060323 22:26:02;/accounts/myaccount.php;validate:email:hyclak@math.ohiou.edu
ajax;20060323 22:26:02;/accounts/myaccount.php;validate:uniquesql:hyclak@math.ohiou.edu
ajax;20060323 22:26:02;/accounts/myaccount.php;validate:required:System Administrator
ajax;20060323 22:26:02;/accounts/myaccount.php;validate::Instructional Designer
ajax;20060323 22:26:02;/accounts/myaccount.php;validate:required:Ohio University
ajax;20060323 22:26:02;/accounts/myaccount.php;validate::321 Morton Hall
ajax;20060323 22:26:02;/accounts/myaccount.php;validate:namespaces:Athens
ajax;20060323 22:26:02;/accounts/myaccount.php;validate:namespaces:OH
ajax;20060323 22:26:02;/accounts/myaccount.php;validate:zipcode:45701
ajax;20060323 22:26:02;/accounts/myaccount.php;validate:namespaces:US
ajax;20060323 22:26:02;/accounts/myaccount.php;validate:phone:740-593-1263
ajax;20060323 22:26:04;/accounts/ajax/validate.php;validate:email:hyclak@math.ohiou.edu
ajax;20060323 22:26:04;/accounts/ajax/validate.php;validate:uniquesql:hyclak@math.ohiou.edu
ajax;20060323 22:26:04;/accounts/ajax/validate.php;return=ok|email|
ajax;20060323 22:26:04;/accounts/ajax/validate.php;validate:namespaces:OH
ajax;20060323 22:26:04;/accounts/ajax/validate.php;return=ok|state|
ajax;20060323 22:26:04;/accounts/ajax/validate.php;validate:namespaces:Athens
ajax;20060323 22:26:04;/accounts/ajax/validate.php;return=ok|city|
ajax;20060323 22:26:04;/accounts/ajax/validate.php;validate:zipcode:45701
ajax;20060323 22:26:04;/accounts/ajax/validate.php;return=ok|zipcode|
ajax;20060323 22:26:04;/accounts/ajax/validate.php;validate:namespaces:US
ajax;20060323 22:26:04;/accounts/ajax/validate.php;return=ok|country|
ajax;20060323 22:26:04;/accounts/ajax/validate.php;validate:phone:740-593-1263
ajax;20060323 22:26:04;/accounts/ajax/validate.php;return=ok|phone|
ajax;20060323 22:26:21;/accounts/ajax/validate.php;validate:namespaces:OH
ajax;20060323 22:26:21;/accounts/ajax/validate.php;return=ok|state|
ajax;20060323 22:26:21;/accounts/ajax/validate.php;validate:zipcode:45701
ajax;20060323 22:26:21;/accounts/ajax/validate.php;return=ok|zip|
ajax;20060323 22:26:22;/accounts/ajax/validate.php;validate:namespaces:US
ajax;20060323 22:26:22;/accounts/ajax/validate.php;return=ok|country|
ajax;20060323 22:26:22;/accounts/ajax/validate.php;validate:phone:740-593-1263
ajax;20060323 22:26:22;/accounts/ajax/validate.php;return=ok|phone|
ajax;20060323 22:26:34;/accounts/ajax/validate.php;validate:email:hyclak@math.ohiou.edu
ajax;20060323 22:26:34;/accounts/ajax/validate.php;validate:uniquesql:hyclak@math.ohiou.edu
ajax;20060323 22:26:34;/accounts/ajax/validate.php;return=ok|email|
ajax;20060323 22:26:35;/accounts/ajax/validate.php;validate:namespaces:OH
ajax;20060323 22:26:35;/accounts/ajax/validate.php;return=ok|state|
ajax;20060323 22:26:35;/accounts/ajax/validate.php;validate:namespaces:Athens
ajax;20060323 22:26:35;/accounts/ajax/validate.php;return=ok|city|
ajax;20060323 22:26:35;/accounts/ajax/validate.php;validate:zipcode:45701
ajax;20060323 22:26:35;/accounts/ajax/validate.php;return=ok|zipcode|
ajax;20060323 22:26:35;/accounts/ajax/validate.php;validate:namespaces:US
ajax;20060323 22:26:35;/accounts/ajax/validate.php;return=ok|country|
ajax;20060323 22:26:35;/accounts/ajax/validate.php;validate:phone:740-593-1263
ajax;20060323 22:26:35;/accounts/ajax/validate.php;return=ok|phone|
dcottee;20060323 23:07:42;/accounts/login.php;user logged in (internal):137.166.4.130:https://sakaiproject.org/accounts/login.php?ref=/conference/registration/index.php&msg=You+must+login+to+register+or+submit+a+proposal+for+the+Sakai+Vancouver+conference.+If+you+do+not+have+an+account%2C+please+create+one.
ajax;20060323 23:07:57;/accounts/ajax/validate.php;validate:namespaces:New South Wales
ajax;20060323 23:07:57;/accounts/ajax/validate.php;return=ok|state|
ajax;20060323 23:07:58;/accounts/ajax/validate.php;validate:namespaces:AU
ajax;20060323 23:07:58;/accounts/ajax/validate.php;return=ok|country|
ajax;20060323 23:09:16;/accounts/ajax/validate.php;validate:namespaces:New South Wales
ajax;20060323 23:09:16;/accounts/ajax/validate.php;return=ok|state|
ajax;20060323 23:09:17;/accounts/ajax/validate.php;validate:namespaces:AU
ajax;20060323 23:09:17;/accounts/ajax/validate.php;return=ok|country|
aaronz;20060323 23:31:43;/accounts/login.php;user logged in (internal):151.199.91.191:https://sakaiproject.org/accounts/login.php?ref=/conference/registration/index.php&msg=You+must+login+to+register+or+submit+a+proposal+for+the+Sakai+Vancouver+conference.+If+you+do+not+have+an+account%2C+please+create+one.
ajax;20060323 23:31:47;/accounts/ajax/validate.php;validate:namespaces:VA
ajax;20060323 23:31:47;/accounts/ajax/validate.php;return=ok|state|
ajax;20060323 23:31:47;/accounts/ajax/validate.php;validate:zipcode:24061
ajax;20060323 23:31:47;/accounts/ajax/validate.php;return=ok|zip|
ajax;20060323 23:31:47;/accounts/ajax/validate.php;validate:namespaces:US
ajax;20060323 23:31:47;/accounts/ajax/validate.php;return=ok|country|
ajax;20060323 23:31:47;/accounts/ajax/validate.php;validate:phone:540-231-8053
ajax;20060323 23:31:47;/accounts/ajax/validate.php;return=ok|phone|
ajax;20060323 23:32:37;/accounts/ajax/validate.php;validate:namespaces:VA
ajax;20060323 23:32:37;/accounts/ajax/validate.php;return=ok|state|
ajax;20060323 23:32:38;/accounts/ajax/validate.php;validate:namespaces:US
ajax;20060323 23:32:38;/accounts/ajax/validate.php;return=ok|country|
ajax;20060323 23:32:38;/accounts/ajax/validate.php;validate:zipcode:24061
ajax;20060323 23:32:38;/accounts/ajax/validate.php;return=ok|zip|
ajax;20060323 23:32:38;/accounts/ajax/validate.php;validate:phone:540-231-8053
ajax;20060323 23:32:38;/accounts/ajax/validate.php;return=ok|phone|
