ajax;20060324 01:35:23;/accounts/ajax/validate.php;validate:nospaces:kayokayo
ajax;20060324 01:35:23;/accounts/ajax/validate.php;validate:uniquesql:kayokayo
ajax;20060324 01:35:23;/accounts/ajax/validate.php;return=ok|username|
ajax;20060324 01:35:31;/accounts/ajax/validate.php;validate:password:ggbCTkA9
ajax;20060324 01:35:31;/accounts/ajax/validate.php;return=ok|password1|
ajax;20060324 01:35:37;/accounts/ajax/validate.php;validate:password:ggbCTkA9
ajax;20060324 01:35:37;/accounts/ajax/validate.php;return=ok|password2|
ajax;20060324 01:35:59;/accounts/ajax/validate.php;validate:email:kshimizu@fc.jwu.ac.jp
ajax;20060324 01:35:59;/accounts/ajax/validate.php;validate:uniquesql:kshimizu@fc.jwu.ac.jp
ajax;20060324 01:35:59;/accounts/ajax/validate.php;return=ok|email|
ajax;20060324 01:38:33;/accounts/createaccount.php;validate:required:kayokayo
ajax;20060324 01:38:33;/accounts/createaccount.php;validate:nospaces:kayokayo
ajax;20060324 01:38:33;/accounts/createaccount.php;validate:uniquesql:kayokayo
ajax;20060324 01:38:33;/accounts/createaccount.php;validate:required:ggbCTkA9
ajax;20060324 01:38:33;/accounts/createaccount.php;validate:password:ggbCTkA9
ajax;20060324 01:38:33;/accounts/createaccount.php;validate:required:ggbCTkA9
ajax;20060324 01:38:33;/accounts/createaccount.php;validate:password:ggbCTkA9
ajax;20060324 01:38:33;/accounts/createaccount.php;validate:required:Kayo
ajax;20060324 01:38:33;/accounts/createaccount.php;validate:required:Shimizu
ajax;20060324 01:38:33;/accounts/createaccount.php;validate:required:kshimizu@fc.jwu.ac.jp
ajax;20060324 01:38:33;/accounts/createaccount.php;validate:email:kshimizu@fc.jwu.ac.jp
ajax;20060324 01:38:33;/accounts/createaccount.php;validate:uniquesql:kshimizu@fc.jwu.ac.jp
ajax;20060324 01:38:33;/accounts/createaccount.php;validate:required:Faculty
ajax;20060324 01:38:33;/accounts/createaccount.php;validate:required:Japan Women's University
220.159.3.160;20060324 01:38:33;/accounts/createaccount.php;created account: kayokayo (kshimizu@fc.jwu.ac.jp) Shimizu,Kayo inst=1
kayokayo;20060324 01:41:05;/accounts/login.php;user logged in (internal):220.159.3.160:https://sakaiproject.org/accounts/login.php
ajax;20060324 03:48:08;/accounts/ajax/validate.php;validate:nospaces:Raijmann
ajax;20060324 03:48:08;/accounts/ajax/validate.php;validate:uniquesql:Raijmann
ajax;20060324 03:48:08;/accounts/ajax/validate.php;return=ok|username|
ajax;20060324 03:48:22;/accounts/ajax/validate.php;validate:password:EntreeSakai
ajax;20060324 03:48:22;/accounts/ajax/validate.php;return=ok|password1|
ajax;20060324 03:48:26;/accounts/ajax/validate.php;validate:password:EntreeSakai
ajax;20060324 03:48:26;/accounts/ajax/validate.php;return=ok|password2|
ajax;20060324 03:49:07;/accounts/ajax/validate.php;validate:email:l.e.l.raijmann@uva.nl
ajax;20060324 03:49:07;/accounts/ajax/validate.php;validate:uniquesql:l.e.l.raijmann@uva.nl
ajax;20060324 03:49:07;/accounts/ajax/validate.php;return=ok|email|
ajax;20060324 03:51:41;/accounts/ajax/validate.php;validate:namespaces:Amsterdam
ajax;20060324 03:51:41;/accounts/ajax/validate.php;return=ok|city|
ajax;20060324 03:51:58;/accounts/ajax/validate.php;validate:zipcode:1016 BR
ajax;20060324 03:51:58;/accounts/ajax/validate.php;return=error|zipcode|Invalid Canadian zip (e.g. A1B 2C3)
ajax;20060324 03:52:15;/accounts/ajax/validate.php;validate:namespaces:NL
ajax;20060324 03:52:15;/accounts/ajax/validate.php;return=ok|country|
ajax;20060324 03:52:24;/accounts/ajax/validate.php;validate:namespaces:1016 BR Amsterdam
ajax;20060324 03:52:24;/accounts/ajax/validate.php;return=ok|city|
ajax;20060324 03:53:13;/accounts/ajax/validate.php;validate:phone: 31205252428
ajax;20060324 03:53:13;/accounts/ajax/validate.php;return=ok|phone|
ajax;20060324 03:53:29;/accounts/ajax/validate.php;validate:phone: 31205252084
ajax;20060324 03:53:29;/accounts/ajax/validate.php;return=ok|fax|
ajax;20060324 03:54:00;/accounts/createaccount.php;validate:required:Raijmann
ajax;20060324 03:54:00;/accounts/createaccount.php;validate:nospaces:Raijmann
ajax;20060324 03:54:00;/accounts/createaccount.php;validate:uniquesql:Raijmann
ajax;20060324 03:54:00;/accounts/createaccount.php;validate:required:EntreeSakai
ajax;20060324 03:54:00;/accounts/createaccount.php;validate:password:EntreeSakai
ajax;20060324 03:54:00;/accounts/createaccount.php;validate:required:EntreeSakai
ajax;20060324 03:54:00;/accounts/createaccount.php;validate:password:EntreeSakai
ajax;20060324 03:54:00;/accounts/createaccount.php;validate:required:Léon
ajax;20060324 03:54:00;/accounts/createaccount.php;validate:required:Raijmann
ajax;20060324 03:54:00;/accounts/createaccount.php;validate:required:l.e.l.raijmann@uva.nl
ajax;20060324 03:54:00;/accounts/createaccount.php;validate:email:l.e.l.raijmann@uva.nl
ajax;20060324 03:54:00;/accounts/createaccount.php;validate:uniquesql:l.e.l.raijmann@uva.nl
ajax;20060324 03:54:00;/accounts/createaccount.php;validate:required:Manager
ajax;20060324 03:54:00;/accounts/createaccount.php;validate:required:49
ajax;20060324 03:54:00;/accounts/createaccount.php;validate::Universiteit van Amsterdam
Central Computer Services
Herengracht 182
ajax;20060324 03:54:00;/accounts/createaccount.php;validate:namespaces:1016 BR Amsterdam
ajax;20060324 03:54:00;/accounts/createaccount.php;validate:namespaces:NL
ajax;20060324 03:54:00;/accounts/createaccount.php;validate:phone:+31205252428
ajax;20060324 03:54:00;/accounts/createaccount.php;validate:phone:+31205252084
145.18.144.38;20060324 03:54:00;/accounts/createaccount.php;created account: raijmann (l.e.l.raijmann@uva.nl) Raijmann,Léon inst=49
raijmann;20060324 03:55:38;/accounts/login.php;user logged in (internal):145.18.144.38:https://sakaiproject.org/accounts/login.php
ajax;20060324 03:55:50;/accounts/ajax/validate.php;validate:email:l.e.l.raijmann@uva.nl
ajax;20060324 03:55:50;/accounts/ajax/validate.php;validate:uniquesql:l.e.l.raijmann@uva.nl
ajax;20060324 03:55:50;/accounts/ajax/validate.php;return=ok|email|
ajax;20060324 03:55:50;/accounts/ajax/validate.php;validate:namespaces:NL
ajax;20060324 03:55:50;/accounts/ajax/validate.php;return=ok|country|
ajax;20060324 03:55:50;/accounts/ajax/validate.php;validate:phone: 31205252428
ajax;20060324 03:55:50;/accounts/ajax/validate.php;return=ok|phone|
ajax;20060324 03:55:50;/accounts/ajax/validate.php;validate:namespaces:1016 BR Amsterdam
ajax;20060324 03:55:50;/accounts/ajax/validate.php;return=ok|city|
ajax;20060324 03:55:50;/accounts/ajax/validate.php;validate:phone: 31205252084
ajax;20060324 03:55:50;/accounts/ajax/validate.php;return=ok|fax|
ajax;20060324 03:56:02;/accounts/myaccount.php;validate:required:Leon
ajax;20060324 03:56:02;/accounts/myaccount.php;validate:required:Raijmann
ajax;20060324 03:56:02;/accounts/myaccount.php;validate:required:l.e.l.raijmann@uva.nl
ajax;20060324 03:56:02;/accounts/myaccount.php;validate:email:l.e.l.raijmann@uva.nl
ajax;20060324 03:56:02;/accounts/myaccount.php;validate:uniquesql:l.e.l.raijmann@uva.nl
ajax;20060324 03:56:02;/accounts/myaccount.php;validate:required:Manager
ajax;20060324 03:56:02;/accounts/myaccount.php;validate:required:49
ajax;20060324 03:56:02;/accounts/myaccount.php;validate::Universiteit van Amsterdam
Central Computer Services
Herengracht 182
ajax;20060324 03:56:02;/accounts/myaccount.php;validate:namespaces:1016 BR Amsterdam
ajax;20060324 03:56:02;/accounts/myaccount.php;validate:namespaces:NL
ajax;20060324 03:56:02;/accounts/myaccount.php;validate:phone:+31205252428
ajax;20060324 03:56:02;/accounts/myaccount.php;validate:phone:+31205252084
ajax;20060324 03:56:03;/accounts/ajax/validate.php;validate:email:l.e.l.raijmann@uva.nl
ajax;20060324 03:56:03;/accounts/ajax/validate.php;validate:uniquesql:l.e.l.raijmann@uva.nl
ajax;20060324 03:56:03;/accounts/ajax/validate.php;return=ok|email|
ajax;20060324 03:56:03;/accounts/ajax/validate.php;validate:namespaces:NL
ajax;20060324 03:56:03;/accounts/ajax/validate.php;return=ok|country|
ajax;20060324 03:56:03;/accounts/ajax/validate.php;validate:phone: 31205252428
ajax;20060324 03:56:03;/accounts/ajax/validate.php;return=ok|phone|
ajax;20060324 03:56:03;/accounts/ajax/validate.php;validate:namespaces:1016 BR Amsterdam
ajax;20060324 03:56:03;/accounts/ajax/validate.php;return=ok|city|
ajax;20060324 03:56:03;/accounts/ajax/validate.php;validate:phone: 31205252084
ajax;20060324 03:56:03;/accounts/ajax/validate.php;return=ok|fax|
ajax;20060324 03:56:09;/accounts/myaccount.php;validate:required:Leon
ajax;20060324 03:56:09;/accounts/myaccount.php;validate:required:Raijmann
ajax;20060324 03:56:09;/accounts/myaccount.php;validate:required:l.e.l.raijmann@uva.nl
ajax;20060324 03:56:09;/accounts/myaccount.php;validate:email:l.e.l.raijmann@uva.nl
ajax;20060324 03:56:09;/accounts/myaccount.php;validate:uniquesql:l.e.l.raijmann@uva.nl
ajax;20060324 03:56:09;/accounts/myaccount.php;validate:required:Manager
ajax;20060324 03:56:09;/accounts/myaccount.php;validate:required:49
ajax;20060324 03:56:09;/accounts/myaccount.php;validate::Universiteit van Amsterdam
Central Computer Services
Herengracht 182
ajax;20060324 03:56:09;/accounts/myaccount.php;validate:namespaces:1016 BR Amsterdam
ajax;20060324 03:56:09;/accounts/myaccount.php;validate:namespaces:NL
ajax;20060324 03:56:09;/accounts/myaccount.php;validate:phone:+31205252428
ajax;20060324 03:56:09;/accounts/myaccount.php;validate:phone:+31205252084
ajax;20060324 03:56:10;/accounts/ajax/validate.php;validate:email:l.e.l.raijmann@uva.nl
ajax;20060324 03:56:10;/accounts/ajax/validate.php;validate:uniquesql:l.e.l.raijmann@uva.nl
ajax;20060324 03:56:10;/accounts/ajax/validate.php;return=ok|email|
ajax;20060324 03:56:10;/accounts/ajax/validate.php;validate:namespaces:NL
ajax;20060324 03:56:10;/accounts/ajax/validate.php;return=ok|country|
ajax;20060324 03:56:10;/accounts/ajax/validate.php;validate:phone: 31205252428
ajax;20060324 03:56:10;/accounts/ajax/validate.php;return=ok|phone|
ajax;20060324 03:56:10;/accounts/ajax/validate.php;validate:namespaces:1016 BR Amsterdam
ajax;20060324 03:56:10;/accounts/ajax/validate.php;return=ok|city|
ajax;20060324 03:56:10;/accounts/ajax/validate.php;validate:phone: 31205252084
ajax;20060324 03:56:10;/accounts/ajax/validate.php;return=ok|fax|
ajax;20060324 03:56:17;/accounts/ajax/validate.php;validate:namespaces:NL
ajax;20060324 03:56:17;/accounts/ajax/validate.php;return=ok|country|
ajax;20060324 03:56:17;/accounts/ajax/validate.php;validate:phone: 31205252428
ajax;20060324 03:56:17;/accounts/ajax/validate.php;return=ok|phone|
ajax;20060324 03:56:17;/accounts/ajax/validate.php;validate:phone: 31205252084
ajax;20060324 03:56:17;/accounts/ajax/validate.php;return=ok|fax|
ajax;20060324 03:56:29;/accounts/ajax/validate.php;validate:email:l.e.l.raijmann@uva.nl
ajax;20060324 03:56:29;/accounts/ajax/validate.php;validate:uniquesql:l.e.l.raijmann@uva.nl
ajax;20060324 03:56:29;/accounts/ajax/validate.php;return=ok|email|
ajax;20060324 03:56:29;/accounts/ajax/validate.php;validate:namespaces:NL
ajax;20060324 03:56:29;/accounts/ajax/validate.php;return=ok|country|
ajax;20060324 03:56:30;/accounts/ajax/validate.php;validate:namespaces:1016 BR Amsterdam
ajax;20060324 03:56:30;/accounts/ajax/validate.php;return=ok|city|
ajax;20060324 03:56:30;/accounts/ajax/validate.php;validate:phone: 31205252428
ajax;20060324 03:56:30;/accounts/ajax/validate.php;return=ok|phone|
ajax;20060324 03:56:30;/accounts/ajax/validate.php;validate:phone: 31205252084
ajax;20060324 03:56:30;/accounts/ajax/validate.php;return=ok|fax|
ajax;20060324 03:56:40;/accounts/myaccount.php;validate:required:Léon
ajax;20060324 03:56:40;/accounts/myaccount.php;validate:required:Raijmann
ajax;20060324 03:56:40;/accounts/myaccount.php;validate:required:l.e.l.raijmann@uva.nl
ajax;20060324 03:56:40;/accounts/myaccount.php;validate:email:l.e.l.raijmann@uva.nl
ajax;20060324 03:56:40;/accounts/myaccount.php;validate:uniquesql:l.e.l.raijmann@uva.nl
ajax;20060324 03:56:40;/accounts/myaccount.php;validate:required:Manager
ajax;20060324 03:56:40;/accounts/myaccount.php;validate:required:49
ajax;20060324 03:56:40;/accounts/myaccount.php;validate::Universiteit van Amsterdam
Central Computer Services
Herengracht 182
ajax;20060324 03:56:40;/accounts/myaccount.php;validate:namespaces:1016 BR Amsterdam
ajax;20060324 03:56:40;/accounts/myaccount.php;validate:namespaces:NL
ajax;20060324 03:56:40;/accounts/myaccount.php;validate:phone:+31205252428
ajax;20060324 03:56:40;/accounts/myaccount.php;validate:phone:+31205252084
ajax;20060324 03:56:40;/accounts/ajax/validate.php;validate:email:l.e.l.raijmann@uva.nl
ajax;20060324 03:56:40;/accounts/ajax/validate.php;validate:uniquesql:l.e.l.raijmann@uva.nl
ajax;20060324 03:56:40;/accounts/ajax/validate.php;return=ok|email|
ajax;20060324 03:56:41;/accounts/ajax/validate.php;validate:namespaces:NL
ajax;20060324 03:56:41;/accounts/ajax/validate.php;return=ok|country|
ajax;20060324 03:56:41;/accounts/ajax/validate.php;validate:phone: 31205252428
ajax;20060324 03:56:41;/accounts/ajax/validate.php;return=ok|phone|
ajax;20060324 03:56:41;/accounts/ajax/validate.php;validate:namespaces:1016 BR Amsterdam
ajax;20060324 03:56:41;/accounts/ajax/validate.php;return=ok|city|
ajax;20060324 03:56:41;/accounts/ajax/validate.php;validate:phone: 31205252084
ajax;20060324 03:56:41;/accounts/ajax/validate.php;return=ok|fax|
ajax;20060324 03:56:45;/accounts/ajax/validate.php;validate:namespaces:NL
ajax;20060324 03:56:45;/accounts/ajax/validate.php;return=ok|country|
ajax;20060324 03:56:45;/accounts/ajax/validate.php;validate:phone: 31205252428
ajax;20060324 03:56:45;/accounts/ajax/validate.php;return=ok|phone|
ajax;20060324 03:56:46;/accounts/ajax/validate.php;validate:phone: 31205252084
ajax;20060324 03:56:46;/accounts/ajax/validate.php;return=ok|fax|
ajax;20060324 04:01:12;/accounts/ajax/validate.php;validate:namespaces:NL
ajax;20060324 04:01:12;/accounts/ajax/validate.php;return=ok|country|
ajax;20060324 04:01:13;/accounts/ajax/validate.php;validate:phone: 31205252084
ajax;20060324 04:01:13;/accounts/ajax/validate.php;return=ok|fax|
ajax;20060324 04:01:13;/accounts/ajax/validate.php;validate:phone: 31205252428
ajax;20060324 04:01:13;/accounts/ajax/validate.php;return=ok|phone|
ajax;20060324 07:04:59;/accounts/ajax/validate.php;validate:nospaces:fecarrod
ajax;20060324 07:04:59;/accounts/ajax/validate.php;validate:uniquesql:fecarrod
ajax;20060324 07:04:59;/accounts/ajax/validate.php;return=ok|username|
ajax;20060324 07:05:03;/accounts/ajax/validate.php;validate:password:aries7
ajax;20060324 07:05:03;/accounts/ajax/validate.php;return=ok|password1|
ajax;20060324 07:05:08;/accounts/ajax/validate.php;validate:password:aries7
ajax;20060324 07:05:08;/accounts/ajax/validate.php;return=ok|password2|
ajax;20060324 07:06:03;/accounts/ajax/validate.php;validate:email:fcarvajal@abierta.upv.es
ajax;20060324 07:06:03;/accounts/ajax/validate.php;validate:uniquesql:fcarvajal@abierta.upv.es
ajax;20060324 07:06:03;/accounts/ajax/validate.php;return=ok|email|
ajax;20060324 07:07:25;/accounts/ajax/validate.php;validate:namespaces:Valencia
ajax;20060324 07:07:25;/accounts/ajax/validate.php;return=ok|city|
ajax;20060324 07:07:28;/accounts/ajax/validate.php;validate:namespaces:ES
ajax;20060324 07:07:28;/accounts/ajax/validate.php;return=ok|country|
ajax;20060324 07:08:10;/accounts/ajax/validate.php;validate:phone: 34 963879884
ajax;20060324 07:08:10;/accounts/ajax/validate.php;return=ok|fax|
ajax;20060324 07:08:30;/accounts/ajax/validate.php;validate:phone: 34 626091919
ajax;20060324 07:08:30;/accounts/ajax/validate.php;return=ok|phone|
ajax;20060324 07:08:30;/accounts/createaccount.php;validate:required:fecarrod
ajax;20060324 07:08:30;/accounts/createaccount.php;validate:nospaces:fecarrod
ajax;20060324 07:08:30;/accounts/createaccount.php;validate:uniquesql:fecarrod
ajax;20060324 07:08:30;/accounts/createaccount.php;validate:required:aries7
ajax;20060324 07:08:30;/accounts/createaccount.php;validate:password:aries7
ajax;20060324 07:08:30;/accounts/createaccount.php;validate:required:aries7
ajax;20060324 07:08:30;/accounts/createaccount.php;validate:password:aries7
ajax;20060324 07:08:30;/accounts/createaccount.php;validate:required:Federico
ajax;20060324 07:08:30;/accounts/createaccount.php;validate:required:Carvajal
ajax;20060324 07:08:30;/accounts/createaccount.php;validate:required:fcarvajal@abierta.upv.es
ajax;20060324 07:08:30;/accounts/createaccount.php;validate:email:fcarvajal@abierta.upv.es
ajax;20060324 07:08:30;/accounts/createaccount.php;validate:uniquesql:fcarvajal@abierta.upv.es
ajax;20060324 07:08:30;/accounts/createaccount.php;validate:required:Manager
ajax;20060324 07:08:30;/accounts/createaccount.php;validate:required:54
ajax;20060324 07:08:30;/accounts/createaccount.php;validate::Camino de Vera S/N
ajax;20060324 07:08:30;/accounts/createaccount.php;validate:namespaces:Valencia
ajax;20060324 07:08:30;/accounts/createaccount.php;validate:namespaces:ES
ajax;20060324 07:08:30;/accounts/createaccount.php;validate:phone:+34 626091919
ajax;20060324 07:08:30;/accounts/createaccount.php;validate:phone:+34 963879884
158.42.100.30;20060324 07:08:30;/accounts/createaccount.php;created account: fecarrod (fcarvajal@abierta.upv.es) Carvajal,Federico inst=54
ajax;20060324 07:45:30;/accounts/ajax/validate.php;validate:nospaces:cousinea
ajax;20060324 07:45:30;/accounts/ajax/validate.php;validate:uniquesql:cousinea
ajax;20060324 07:45:30;/accounts/ajax/validate.php;return=ok|username|
ajax;20060324 07:45:46;/accounts/ajax/validate.php;validate:password:s4k41pr0j3ct
ajax;20060324 07:45:46;/accounts/ajax/validate.php;return=ok|password1|
ajax;20060324 07:45:52;/accounts/ajax/validate.php;validate:password:s4k41pr0j3ct
ajax;20060324 07:45:52;/accounts/ajax/validate.php;return=ok|password2|
ajax;20060324 07:46:01;/accounts/ajax/validate.php;validate:email:cousinea@umich.edu
ajax;20060324 07:46:01;/accounts/ajax/validate.php;validate:uniquesql:cousinea@umich.edu
ajax;20060324 07:46:01;/accounts/ajax/validate.php;return=ok|email|
ajax;20060324 07:46:54;/accounts/ajax/validate.php;validate:namespaces:Ann Arbor
ajax;20060324 07:46:54;/accounts/ajax/validate.php;return=ok|city|
ajax;20060324 07:46:55;/accounts/ajax/validate.php;validate:namespaces:MI
ajax;20060324 07:46:55;/accounts/ajax/validate.php;return=ok|state|
ajax;20060324 07:46:58;/accounts/ajax/validate.php;validate:zipcode:48105
ajax;20060324 07:46:58;/accounts/ajax/validate.php;return=ok|zipcode|
ajax;20060324 07:47:00;/accounts/ajax/validate.php;validate:namespaces:US
ajax;20060324 07:47:00;/accounts/ajax/validate.php;return=ok|country|
ajax;20060324 07:47:09;/accounts/ajax/validate.php;validate:phone:734.615.8730
ajax;20060324 07:47:09;/accounts/ajax/validate.php;return=ok|phone|
ajax;20060324 07:47:42;/accounts/ajax/validate.php;validate:phone:734.936.1123
ajax;20060324 07:47:42;/accounts/ajax/validate.php;return=ok|fax|
ajax;20060324 07:47:56;/accounts/createaccount.php;validate:required:cousinea
ajax;20060324 07:47:56;/accounts/createaccount.php;validate:nospaces:cousinea
ajax;20060324 07:47:56;/accounts/createaccount.php;validate:uniquesql:cousinea
ajax;20060324 07:47:56;/accounts/createaccount.php;validate:required:s4k41pr0j3ct
ajax;20060324 07:47:56;/accounts/createaccount.php;validate:password:s4k41pr0j3ct
ajax;20060324 07:47:56;/accounts/createaccount.php;validate:required:s4k41pr0j3ct
ajax;20060324 07:47:56;/accounts/createaccount.php;validate:password:s4k41pr0j3ct
ajax;20060324 07:47:56;/accounts/createaccount.php;validate:required:Jeff
ajax;20060324 07:47:56;/accounts/createaccount.php;validate:required:Cousineau
ajax;20060324 07:47:56;/accounts/createaccount.php;validate:required:cousinea@umich.edu
ajax;20060324 07:47:56;/accounts/createaccount.php;validate:email:cousinea@umich.edu
ajax;20060324 07:47:56;/accounts/createaccount.php;validate:uniquesql:cousinea@umich.edu
ajax;20060324 07:47:56;/accounts/createaccount.php;validate:required:Manager
ajax;20060324 07:47:56;/accounts/createaccount.php;validate::System Administrator
ajax;20060324 07:47:56;/accounts/createaccount.php;validate:required:76
ajax;20060324 07:47:56;/accounts/createaccount.php;validate::4251 Plymouth Road #1-2500
ajax;20060324 07:47:56;/accounts/createaccount.php;validate:namespaces:Ann Arbor
ajax;20060324 07:47:56;/accounts/createaccount.php;validate:namespaces:MI
ajax;20060324 07:47:56;/accounts/createaccount.php;validate:zipcode:48105
ajax;20060324 07:47:56;/accounts/createaccount.php;validate:namespaces:US
ajax;20060324 07:47:56;/accounts/createaccount.php;validate:phone:734.615.8730
ajax;20060324 07:47:56;/accounts/createaccount.php;validate:phone:734.936.1123
141.213.237.105;20060324 07:47:56;/accounts/createaccount.php;created account: cousinea (cousinea@umich.edu) Cousineau,Jeff inst=76
cousinea;20060324 07:48:36;/accounts/login.php;user logged in (internal):141.213.237.105:https://sakaiproject.org/accounts/login.php
ajax;20060324 07:48:44;/accounts/ajax/validate.php;validate:namespaces:MI
ajax;20060324 07:48:44;/accounts/ajax/validate.php;return=ok|state|
ajax;20060324 07:48:44;/accounts/ajax/validate.php;validate:zipcode:48105
ajax;20060324 07:48:44;/accounts/ajax/validate.php;return=ok|zip|
ajax;20060324 07:48:44;/accounts/ajax/validate.php;validate:namespaces:US
ajax;20060324 07:48:44;/accounts/ajax/validate.php;return=ok|country|
ajax;20060324 07:48:44;/accounts/ajax/validate.php;validate:phone:734.615.8730
ajax;20060324 07:48:44;/accounts/ajax/validate.php;return=ok|phone|
ajax;20060324 07:48:44;/accounts/ajax/validate.php;validate:phone:734.936.1123
ajax;20060324 07:48:44;/accounts/ajax/validate.php;return=ok|fax|
ajax;20060324 08:27:26;/accounts/ajax/validate.php;validate:nospaces:ybf2u
ajax;20060324 08:27:26;/accounts/ajax/validate.php;validate:uniquesql:ybf2u
ajax;20060324 08:27:26;/accounts/ajax/validate.php;return=ok|username|
ajax;20060324 08:27:31;/accounts/ajax/validate.php;validate:password:yitna2002
ajax;20060324 08:27:31;/accounts/ajax/validate.php;return=ok|password1|
ajax;20060324 08:27:34;/accounts/ajax/validate.php;validate:password:yitna2002
ajax;20060324 08:27:34;/accounts/ajax/validate.php;return=ok|password2|
ajax;20060324 08:29:37;/accounts/ajax/validate.php;validate:namespaces:Charlottesville
ajax;20060324 08:29:37;/accounts/ajax/validate.php;return=ok|city|
ajax;20060324 08:29:39;/accounts/ajax/validate.php;validate:namespaces:VA
ajax;20060324 08:29:39;/accounts/ajax/validate.php;return=ok|state|
ajax;20060324 08:29:53;/accounts/ajax/validate.php;validate:zipcode:22904-4710
ajax;20060324 08:29:53;/accounts/ajax/validate.php;return=ok|zipcode|
ajax;20060324 08:29:55;/accounts/ajax/validate.php;validate:namespaces:US
ajax;20060324 08:29:55;/accounts/ajax/validate.php;return=ok|country|
ajax;20060324 08:30:04;/accounts/ajax/validate.php;validate:phone:434 924-4055
ajax;20060324 08:30:04;/accounts/ajax/validate.php;return=ok|phone|
ajax;20060324 08:31:14;/accounts/ajax/validate.php;validate:email:ybf2u@virginia.edu
ajax;20060324 08:31:14;/accounts/ajax/validate.php;validate:uniquesql:ybf2u@virginia.edu
ajax;20060324 08:31:14;/accounts/ajax/validate.php;return=ok|email|
ajax;20060324 08:31:33;/accounts/createaccount.php;validate:required:ybf2u
ajax;20060324 08:31:33;/accounts/createaccount.php;validate:nospaces:ybf2u
ajax;20060324 08:31:33;/accounts/createaccount.php;validate:uniquesql:ybf2u
ajax;20060324 08:31:33;/accounts/createaccount.php;validate:required:yitna2002
ajax;20060324 08:31:33;/accounts/createaccount.php;validate:password:yitna2002
ajax;20060324 08:31:33;/accounts/createaccount.php;validate:required:yitna2002
ajax;20060324 08:31:33;/accounts/createaccount.php;validate:password:yitna2002
ajax;20060324 08:31:33;/accounts/createaccount.php;validate:required:Yitna
ajax;20060324 08:31:33;/accounts/createaccount.php;validate:required:Firdyiwek
ajax;20060324 08:31:33;/accounts/createaccount.php;validate:required:ybf2u@virginia.edu
ajax;20060324 08:31:33;/accounts/createaccount.php;validate:email:ybf2u@virginia.edu
ajax;20060324 08:31:33;/accounts/createaccount.php;validate:uniquesql:ybf2u@virginia.edu
ajax;20060324 08:31:33;/accounts/createaccount.php;validate:required:Faculty Development
ajax;20060324 08:31:33;/accounts/createaccount.php;validate::Instructional Technologist
ajax;20060324 08:31:33;/accounts/createaccount.php;validate:required:85
ajax;20060324 08:31:33;/accounts/createaccount.php;validate::Instructional Technology Group
POBox 400710

ajax;20060324 08:31:33;/accounts/createaccount.php;validate:namespaces:Charlottesville
ajax;20060324 08:31:33;/accounts/createaccount.php;validate:namespaces:VA
ajax;20060324 08:31:33;/accounts/createaccount.php;validate:zipcode:22904-4710
ajax;20060324 08:31:33;/accounts/createaccount.php;validate:namespaces:US
ajax;20060324 08:31:33;/accounts/createaccount.php;validate:phone:434 924-4055
128.143.78.119;20060324 08:31:33;/accounts/createaccount.php;created account: ybf2u (ybf2u@virginia.edu) Firdyiwek,Yitna inst=85
gissurj@ruc.dk;20060324 08:35:45;/accounts/login.php;user logged in (internal):130.226.196.82:https://sakaiproject.org/accounts/login.php?ref=/conference/registration/index.php&msg=You+must+login+to+register+or+submit+a+proposal+for+the+Sakai+Vancouver+conference.+If+you+do+not+have+an+account%2C+please+create+one.
ajax;20060324 08:36:56;/accounts/ajax/validate.php;validate:namespaces:DK
ajax;20060324 08:36:56;/accounts/ajax/validate.php;return=ok|country|
ajax;20060324 08:37:22;/accounts/ajax/validate.php;validate:namespaces:n/a
ajax;20060324 08:37:22;/accounts/ajax/validate.php;return=error|stateOther|Alphanumeric chars, spaces, and _.- only
ajax;20060324 08:37:35;/accounts/ajax/validate.php;validate:namespaces:not applicable
ajax;20060324 08:37:35;/accounts/ajax/validate.php;return=ok|stateOther|
ajax;20060324 08:37:48;/accounts/ajax/validate.php;validate:phone:0045 46743850
ajax;20060324 08:37:48;/accounts/ajax/validate.php;return=ok|phone|
ajax;20060324 08:37:56;/accounts/ajax/validate.php;validate:phone:0045 4674 3834
ajax;20060324 08:37:56;/accounts/ajax/validate.php;return=ok|fax|
ajax;20060324 08:47:30;/accounts/ajax/validate.php;validate:namespaces:DK
ajax;20060324 08:47:30;/accounts/ajax/validate.php;return=ok|country|
ajax;20060324 08:47:34;/accounts/ajax/validate.php;validate:zipcode:04000
ajax;20060324 08:47:34;/accounts/ajax/validate.php;return=ok|zip|
ajax;20060324 08:49:15;/accounts/ajax/validate.php;validate:namespaces:not applicable
ajax;20060324 08:49:15;/accounts/ajax/validate.php;return=ok|stateOther|
ajax;20060324 08:49:26;/accounts/ajax/validate.php;validate:phone:004546743850
ajax;20060324 08:49:26;/accounts/ajax/validate.php;return=ok|phone|
ajax;20060324 08:50:35;/accounts/ajax/validate.php;validate:nospaces:freek@ruc.dk
ajax;20060324 08:50:35;/accounts/ajax/validate.php;validate:uniquesql:freek@ruc.dk
ajax;20060324 08:50:35;/accounts/ajax/validate.php;return=ok|username|
ajax;20060324 08:50:39;/accounts/ajax/validate.php;validate:password:keerf
ajax;20060324 08:50:39;/accounts/ajax/validate.php;return=ok|password1|
ajax;20060324 08:50:41;/accounts/ajax/validate.php;validate:password:keerf
ajax;20060324 08:50:41;/accounts/ajax/validate.php;return=ok|password2|
ajax;20060324 08:50:51;/accounts/ajax/validate.php;validate:email:freek@ruc.dk
ajax;20060324 08:50:51;/accounts/ajax/validate.php;validate:uniquesql:freek@ruc.dk
ajax;20060324 08:50:51;/accounts/ajax/validate.php;return=ok|email|
ajax;20060324 08:51:31;/accounts/ajax/validate.php;validate:namespaces:Roskilde
ajax;20060324 08:51:31;/accounts/ajax/validate.php;return=ok|city|
ajax;20060324 08:51:41;/accounts/ajax/validate.php;validate:namespaces:not applicable
ajax;20060324 08:51:41;/accounts/ajax/validate.php;return=ok|stateOther|
ajax;20060324 08:51:49;/accounts/ajax/validate.php;validate:zipcode:04000
ajax;20060324 08:51:49;/accounts/ajax/validate.php;return=ok|zipcode|
ajax;20060324 08:51:56;/accounts/ajax/validate.php;validate:namespaces:DK
ajax;20060324 08:51:56;/accounts/ajax/validate.php;return=ok|country|
ajax;20060324 08:52:11;/accounts/ajax/validate.php;validate:phone:004546743850
ajax;20060324 08:52:11;/accounts/ajax/validate.php;return=ok|phone|
ajax;20060324 08:52:13;/accounts/ajax/validate.php;validate:phone:00454674 3834
ajax;20060324 08:52:13;/accounts/ajax/validate.php;return=ok|fax|
ajax;20060324 08:52:15;/accounts/ajax/validate.php;validate:phone:004546743882
ajax;20060324 08:52:15;/accounts/ajax/validate.php;return=ok|phone|
ajax;20060324 08:52:30;/accounts/createaccount.php;validate:required:freek@ruc.dk
ajax;20060324 08:52:30;/accounts/createaccount.php;validate:nospaces:freek@ruc.dk
ajax;20060324 08:52:30;/accounts/createaccount.php;validate:uniquesql:freek@ruc.dk
ajax;20060324 08:52:30;/accounts/createaccount.php;validate:required:keerf
ajax;20060324 08:52:30;/accounts/createaccount.php;validate:password:keerf
ajax;20060324 08:52:30;/accounts/createaccount.php;validate:required:keerf
ajax;20060324 08:52:30;/accounts/createaccount.php;validate:password:keerf
ajax;20060324 08:52:30;/accounts/createaccount.php;validate:required:Mads
ajax;20060324 08:52:30;/accounts/createaccount.php;validate:required:Freek Petersen
ajax;20060324 08:52:30;/accounts/createaccount.php;validate:required:freek@ruc.dk
ajax;20060324 08:52:30;/accounts/createaccount.php;validate:email:freek@ruc.dk
ajax;20060324 08:52:30;/accounts/createaccount.php;validate:uniquesql:freek@ruc.dk
ajax;20060324 08:52:30;/accounts/createaccount.php;validate:required:Developer/Programmer
ajax;20060324 08:52:30;/accounts/createaccount.php;validate::Manager
ajax;20060324 08:52:30;/accounts/createaccount.php;validate:required:43
ajax;20060324 08:52:30;/accounts/createaccount.php;validate::Campus IT, Roskilde University
Building 42.1
Universitetsvej 1
ajax;20060324 08:52:30;/accounts/createaccount.php;validate:namespaces:Roskilde
ajax;20060324 08:52:30;/accounts/createaccount.php;validate:namespaces:not applicable
ajax;20060324 08:52:30;/accounts/createaccount.php;validate:zipcode:04000
ajax;20060324 08:52:30;/accounts/createaccount.php;validate:namespaces:DK
ajax;20060324 08:52:30;/accounts/createaccount.php;validate:phone:004546743882
130.226.196.82;20060324 08:52:30;/accounts/createaccount.php;created account: freek@ruc.dk (freek@ruc.dk) Freek Petersen,Mads inst=43
freek@ruc.dk;20060324 09:02:13;/accounts/login.php;user logged in (internal):130.226.196.82:https://sakaiproject.org/accounts/login.php
ajax;20060324 09:02:18;/accounts/ajax/validate.php;validate:namespaces:not applicable
ajax;20060324 09:02:18;/accounts/ajax/validate.php;return=ok|state|
ajax;20060324 09:02:19;/accounts/ajax/validate.php;validate:phone:004546743882
ajax;20060324 09:02:19;/accounts/ajax/validate.php;return=ok|phone|
ajax;20060324 09:02:19;/accounts/ajax/validate.php;validate:zipcode:04000
ajax;20060324 09:02:19;/accounts/ajax/validate.php;return=ok|zip|
ajax;20060324 09:02:19;/accounts/ajax/validate.php;validate:namespaces:DK
ajax;20060324 09:02:19;/accounts/ajax/validate.php;return=ok|country|
ajax;20060324 09:04:26;/accounts/ajax/validate.php;validate:nospaces:gjohnson
ajax;20060324 09:04:26;/accounts/ajax/validate.php;validate:uniquesql:gjohnson
ajax;20060324 09:04:26;/accounts/ajax/validate.php;return=ok|username|
ajax;20060324 09:04:31;/accounts/ajax/validate.php;validate:password:jackie78
ajax;20060324 09:04:31;/accounts/ajax/validate.php;return=ok|password1|
ajax;20060324 09:04:35;/accounts/ajax/validate.php;validate:password:jackie78
ajax;20060324 09:04:35;/accounts/ajax/validate.php;return=ok|password2|
ajax;20060324 09:04:49;/accounts/ajax/validate.php;validate:email:gjohnson@devry.com
ajax;20060324 09:04:49;/accounts/ajax/validate.php;validate:uniquesql:gjohnson@devry.com
ajax;20060324 09:04:49;/accounts/ajax/validate.php;return=ok|email|
ajax;20060324 09:06:06;/accounts/ajax/validate.php;validate:namespaces:Naperville
ajax;20060324 09:06:06;/accounts/ajax/validate.php;return=ok|city|
ajax;20060324 09:06:09;/accounts/ajax/validate.php;validate:namespaces:IL
ajax;20060324 09:06:09;/accounts/ajax/validate.php;return=ok|state|
ajax;20060324 09:06:17;/accounts/ajax/validate.php;validate:zipcode:60563
ajax;20060324 09:06:17;/accounts/ajax/validate.php;return=ok|zipcode|
ajax;20060324 09:06:18;/accounts/ajax/validate.php;validate:namespaces:US
ajax;20060324 09:06:18;/accounts/ajax/validate.php;return=ok|country|
ajax;20060324 09:06:27;/accounts/ajax/validate.php;validate:phone:630-645-1070
ajax;20060324 09:06:27;/accounts/ajax/validate.php;return=ok|phone|
ajax;20060324 09:06:38;/accounts/ajax/validate.php;validate:phone:630-955-1294
ajax;20060324 09:06:38;/accounts/ajax/validate.php;return=ok|fax|
ajax;20060324 09:06:38;/accounts/createaccount.php;validate:required:gjohnson
ajax;20060324 09:06:38;/accounts/createaccount.php;validate:nospaces:gjohnson
ajax;20060324 09:06:38;/accounts/createaccount.php;validate:uniquesql:gjohnson
ajax;20060324 09:06:38;/accounts/createaccount.php;validate:required:jackie78
ajax;20060324 09:06:38;/accounts/createaccount.php;validate:password:jackie78
ajax;20060324 09:06:38;/accounts/createaccount.php;validate:required:jackie78
ajax;20060324 09:06:38;/accounts/createaccount.php;validate:password:jackie78
ajax;20060324 09:06:38;/accounts/createaccount.php;validate:required:Gary
ajax;20060324 09:06:38;/accounts/createaccount.php;validate:required:Johnson
ajax;20060324 09:06:38;/accounts/createaccount.php;validate:required:gjohnson@devry.com
ajax;20060324 09:06:38;/accounts/createaccount.php;validate:email:gjohnson@devry.com
ajax;20060324 09:06:38;/accounts/createaccount.php;validate:uniquesql:gjohnson@devry.com
ajax;20060324 09:06:38;/accounts/createaccount.php;validate:required:University Administration
ajax;20060324 09:06:38;/accounts/createaccount.php;validate:required:DeVry Online
ajax;20060324 09:06:38;/accounts/createaccount.php;validate::1200 E. Diehl Rd

ajax;20060324 09:06:38;/accounts/createaccount.php;validate:namespaces:Naperville
ajax;20060324 09:06:38;/accounts/createaccount.php;validate:namespaces:IL
ajax;20060324 09:06:38;/accounts/createaccount.php;validate:zipcode:60563
ajax;20060324 09:06:38;/accounts/createaccount.php;validate:namespaces:US
ajax;20060324 09:06:38;/accounts/createaccount.php;validate:phone:630-645-1070
ajax;20060324 09:06:38;/accounts/createaccount.php;validate:phone:630-955-1294
205.240.70.10;20060324 09:06:38;/accounts/createaccount.php;created account: gjohnson (gjohnson@devry.com) Johnson,Gary inst=1
gjohnson;20060324 09:07:53;/accounts/login.php;user logged in (internal):205.240.70.10:https://sakaiproject.org/accounts/login.php
ybf2u;20060324 09:07:53;/accounts/login.php;user logged in (internal):128.143.78.119:https://sakaiproject.org/accounts/login.php
ajax;20060324 09:07:58;/accounts/ajax/validate.php;validate:zipcode:22904-4710
ajax;20060324 09:07:58;/accounts/ajax/validate.php;return=ok|zip|
ajax;20060324 09:07:58;/accounts/ajax/validate.php;validate:namespaces:VA
ajax;20060324 09:07:58;/accounts/ajax/validate.php;return=ok|state|
ajax;20060324 09:07:58;/accounts/ajax/validate.php;validate:namespaces:US
ajax;20060324 09:07:58;/accounts/ajax/validate.php;return=ok|country|
ajax;20060324 09:07:58;/accounts/ajax/validate.php;validate:phone:434 924-4055
ajax;20060324 09:07:58;/accounts/ajax/validate.php;return=ok|phone|
ajax;20060324 09:08:45;/accounts/ajax/validate.php;validate:namespaces:IL
ajax;20060324 09:08:45;/accounts/ajax/validate.php;return=ok|state|
ajax;20060324 09:08:45;/accounts/ajax/validate.php;validate:zipcode:60563
ajax;20060324 09:08:45;/accounts/ajax/validate.php;validate:phone:630-645-1070
ajax;20060324 09:08:45;/accounts/ajax/validate.php;return=ok|zip|
ajax;20060324 09:08:45;/accounts/ajax/validate.php;validate:namespaces:US
ajax;20060324 09:08:45;/accounts/ajax/validate.php;return=ok|phone|
ajax;20060324 09:08:45;/accounts/ajax/validate.php;return=ok|country|
ajax;20060324 09:08:45;/accounts/ajax/validate.php;validate:phone:630-955-1294
ajax;20060324 09:08:45;/accounts/ajax/validate.php;return=ok|fax|
ajax;20060324 09:09:29;/accounts/ajax/validate.php;validate:nospaces:dcambrid
ajax;20060324 09:09:29;/accounts/ajax/validate.php;validate:uniquesql:dcambrid
ajax;20060324 09:09:29;/accounts/ajax/validate.php;return=ok|username|
ajax;20060324 09:09:32;/accounts/ajax/validate.php;validate:password:biglenny
ajax;20060324 09:09:32;/accounts/ajax/validate.php;return=ok|password1|
ajax;20060324 09:09:34;/accounts/ajax/validate.php;validate:password:biglenny
ajax;20060324 09:09:34;/accounts/ajax/validate.php;return=ok|password2|
ajax;20060324 09:09:47;/accounts/ajax/validate.php;validate:email:dcambrid@gmu.edu
ajax;20060324 09:09:47;/accounts/ajax/validate.php;validate:uniquesql:dcambrid@gmu.edu
ajax;20060324 09:09:47;/accounts/ajax/validate.php;return=ok|email|
ajax;20060324 09:11:01;/accounts/ajax/validate.php;validate:namespaces:Washington
ajax;20060324 09:11:01;/accounts/ajax/validate.php;return=ok|city|
ajax;20060324 09:11:03;/accounts/ajax/validate.php;validate:namespaces:DC
ajax;20060324 09:11:03;/accounts/ajax/validate.php;return=ok|state|
ajax;20060324 09:11:06;/accounts/ajax/validate.php;validate:zipcode:20009
ajax;20060324 09:11:06;/accounts/ajax/validate.php;return=ok|zipcode|
ajax;20060324 09:11:17;/accounts/ajax/validate.php;validate:phone:(202) 270-5224
ajax;20060324 09:11:17;/accounts/ajax/validate.php;return=ok|phone|
ajax;20060324 09:11:18;/accounts/ajax/validate.php;validate:namespaces:US
ajax;20060324 09:11:18;/accounts/ajax/validate.php;return=ok|country|
ajax;20060324 09:11:35;/accounts/createaccount.php;validate:required:dcambrid
ajax;20060324 09:11:35;/accounts/createaccount.php;validate:nospaces:dcambrid
ajax;20060324 09:11:35;/accounts/createaccount.php;validate:uniquesql:dcambrid
ajax;20060324 09:11:35;/accounts/createaccount.php;validate:required:biglenny
ajax;20060324 09:11:35;/accounts/createaccount.php;validate:password:biglenny
ajax;20060324 09:11:35;/accounts/createaccount.php;validate:required:biglenny
ajax;20060324 09:11:35;/accounts/createaccount.php;validate:password:biglenny
ajax;20060324 09:11:35;/accounts/createaccount.php;validate:required:Darren
ajax;20060324 09:11:35;/accounts/createaccount.php;validate:required:Cambridge
ajax;20060324 09:11:35;/accounts/createaccount.php;validate:required:dcambrid@gmu.edu
ajax;20060324 09:11:35;/accounts/createaccount.php;validate:email:dcambrid@gmu.edu
ajax;20060324 09:11:35;/accounts/createaccount.php;validate:uniquesql:dcambrid@gmu.edu
ajax;20060324 09:11:35;/accounts/createaccount.php;validate:required:Faculty
ajax;20060324 09:11:35;/accounts/createaccount.php;validate::Instructional Technologist
ajax;20060324 09:11:35;/accounts/createaccount.php;validate:required:George Mason University / OSPI 
ajax;20060324 09:11:35;/accounts/createaccount.php;validate::2901 16th St. NW #204
ajax;20060324 09:11:35;/accounts/createaccount.php;validate:namespaces:Washington
ajax;20060324 09:11:35;/accounts/createaccount.php;validate:namespaces:DC
ajax;20060324 09:11:35;/accounts/createaccount.php;validate:zipcode:20009
ajax;20060324 09:11:35;/accounts/createaccount.php;validate:namespaces:US
ajax;20060324 09:11:35;/accounts/createaccount.php;validate:phone:(202) 270-5224
138.88.48.198;20060324 09:11:35;/accounts/createaccount.php;created account: dcambrid (dcambrid@gmu.edu) Cambridge,Darren inst=1
dcambrid;20060324 09:12:13;/accounts/login.php;user logged in (internal):138.88.48.198:https://sakaiproject.org/accounts/login.php
ajax;20060324 09:12:19;/accounts/ajax/validate.php;validate:namespaces:DC
ajax;20060324 09:12:19;/accounts/ajax/validate.php;return=ok|state|
ajax;20060324 09:12:19;/accounts/ajax/validate.php;validate:zipcode:20009
ajax;20060324 09:12:19;/accounts/ajax/validate.php;return=ok|zip|
ajax;20060324 09:12:19;/accounts/ajax/validate.php;validate:namespaces:US
ajax;20060324 09:12:19;/accounts/ajax/validate.php;return=ok|country|
ajax;20060324 09:12:19;/accounts/ajax/validate.php;validate:phone:(202) 270-5224
ajax;20060324 09:12:19;/accounts/ajax/validate.php;return=ok|phone|
shardin;20060324 09:26:30;/accounts/login.php;user logged in (internal):198.111.226.93:https://sakaiproject.org/accounts/login.php
anthony.atkins@vt.edu;20060324 09:38:07;/accounts/login.php;user logged in (internal):128.173.53.41:https://sakaiproject.org/accounts/login.php?ref=/conference/registration/index.php&msg=You+must+login+to+register+or+submit+a+proposal+for+the+Sakai+Vancouver+conference.+If+you+do+not+have+an+account%2C+please+create+one.
anthony.atkins@vt.edu;20060324 09:38:27;/accounts/login.php;user logged in (internal):128.173.53.41:https://sakaiproject.org/accounts/login.php
aaronz;20060324 09:52:58;/accounts/login.php;user logged in (internal):128.173.55.214:https://sakaiproject.org/accounts/login.php?ref=/conference/registration/index.php&msg=You+must+login+to+register+or+submit+a+proposal+for+the+Sakai+Vancouver+conference.+If+you+do+not+have+an+account%2C+please+create+one.
ajax;20060324 09:53:15;/accounts/ajax/validate.php;validate:email:aaronz@vt.edu
ajax;20060324 09:53:15;/accounts/ajax/validate.php;validate:zipcode:24061
ajax;20060324 09:53:15;/accounts/ajax/validate.php;validate:namespaces:VA
ajax;20060324 09:53:15;/accounts/ajax/validate.php;validate:namespaces:Blacksburg
ajax;20060324 09:53:15;/accounts/ajax/validate.php;validate:uniquesql:aaronz@vt.edu
ajax;20060324 09:53:15;/accounts/ajax/validate.php;return=ok|zipcode|
ajax;20060324 09:53:15;/accounts/ajax/validate.php;return=ok|city|
ajax;20060324 09:53:15;/accounts/ajax/validate.php;return=ok|email|
ajax;20060324 09:53:15;/accounts/ajax/validate.php;return=ok|state|
ajax;20060324 09:53:15;/accounts/ajax/validate.php;validate:namespaces:US
ajax;20060324 09:53:15;/accounts/ajax/validate.php;return=ok|country|
ajax;20060324 09:53:15;/accounts/ajax/validate.php;validate:phone:540-231-8053
ajax;20060324 09:53:15;/accounts/ajax/validate.php;return=ok|phone|
ajax;20060324 09:53:20;/accounts/ajax/validate.php;validate:email:aaronz@vt.edu
ajax;20060324 09:53:20;/accounts/ajax/validate.php;validate:uniquesql:aaronz@vt.edu
ajax;20060324 09:53:20;/accounts/ajax/validate.php;validate:namespaces:Blacksburg
ajax;20060324 09:53:20;/accounts/ajax/validate.php;validate:namespaces:VA
ajax;20060324 09:53:20;/accounts/ajax/validate.php;return=ok|email|
ajax;20060324 09:53:20;/accounts/ajax/validate.php;return=ok|city|
ajax;20060324 09:53:20;/accounts/ajax/validate.php;validate:zipcode:24061
ajax;20060324 09:53:20;/accounts/ajax/validate.php;return=ok|state|
ajax;20060324 09:53:20;/accounts/ajax/validate.php;return=ok|zipcode|
ajax;20060324 09:53:20;/accounts/ajax/validate.php;validate:namespaces:US
ajax;20060324 09:53:20;/accounts/ajax/validate.php;return=ok|country|
ajax;20060324 09:53:20;/accounts/ajax/validate.php;validate:phone:540-231-8053
ajax;20060324 09:53:20;/accounts/ajax/validate.php;return=ok|phone|
malaakso;20060324 10:30:42;/accounts/login.php;user logged in (internal):128.214.205.6:https://sakaiproject.org/accounts/login.php
ajax;20060324 10:45:33;/accounts/ajax/validate.php;validate:email:mauri.j.laakso@helsinki.fi
ajax;20060324 10:45:34;/accounts/ajax/validate.php;validate:uniquesql:mauri.j.laakso@helsinki.fi
ajax;20060324 10:45:34;/accounts/ajax/validate.php;return=ok|email|
ajax;20060324 10:45:34;/accounts/ajax/validate.php;validate:namespaces:FI
ajax;20060324 10:45:34;/accounts/ajax/validate.php;return=ok|country|
ajax;20060324 10:45:53;/accounts/ajax/validate.php;validate:password:rie18ku
ajax;20060324 10:45:53;/accounts/ajax/validate.php;return=ok|password1|
ajax;20060324 10:46:08;/accounts/ajax/validate.php;validate:password:rie18ku
ajax;20060324 10:46:08;/accounts/ajax/validate.php;return=ok|password2|
ajax;20060324 10:46:08;/accounts/myaccount.php;validate:password:rie18ku
ajax;20060324 10:46:08;/accounts/myaccount.php;validate:password:rie18ku
ajax;20060324 10:46:08;/accounts/myaccount.php;validate:required:mauri
ajax;20060324 10:46:08;/accounts/myaccount.php;validate:required:laakso
ajax;20060324 10:46:08;/accounts/myaccount.php;validate:required:mauri.j.laakso@helsinki.fi
ajax;20060324 10:46:08;/accounts/myaccount.php;validate:email:mauri.j.laakso@helsinki.fi
ajax;20060324 10:46:08;/accounts/myaccount.php;validate:uniquesql:mauri.j.laakso@helsinki.fi
ajax;20060324 10:46:08;/accounts/myaccount.php;validate:required:Faculty
ajax;20060324 10:46:08;/accounts/myaccount.php;validate:required:University of Helsinki
ajax;20060324 10:46:08;/accounts/myaccount.php;validate:namespaces:FI
ajax;20060324 10:46:19;/accounts/myaccount.php;validate:required:mauri
ajax;20060324 10:46:19;/accounts/myaccount.php;validate:required:laakso
ajax;20060324 10:46:19;/accounts/myaccount.php;validate:required:mauri.j.laakso@helsinki.fi
ajax;20060324 10:46:19;/accounts/myaccount.php;validate:email:mauri.j.laakso@helsinki.fi
ajax;20060324 10:46:19;/accounts/myaccount.php;validate:uniquesql:mauri.j.laakso@helsinki.fi
ajax;20060324 10:46:19;/accounts/myaccount.php;validate:required:Faculty
ajax;20060324 10:46:19;/accounts/myaccount.php;validate:required:University of Helsinki
ajax;20060324 10:46:19;/accounts/myaccount.php;validate:namespaces:FI
malaakso;20060324 10:46:53;/accounts/login.php;user logged in (internal):128.214.205.6:https://sakaiproject.org/accounts/login.php
ajax;20060324 11:16:34;/accounts/ajax/validate.php;validate:nospaces:pwolfe
ajax;20060324 11:16:34;/accounts/ajax/validate.php;validate:uniquesql:pwolfe
ajax;20060324 11:16:34;/accounts/ajax/validate.php;return=ok|username|
ajax;20060324 11:16:36;/accounts/ajax/validate.php;validate:password:accord
ajax;20060324 11:16:36;/accounts/ajax/validate.php;return=ok|password1|
ajax;20060324 11:16:38;/accounts/ajax/validate.php;validate:password:accord
ajax;20060324 11:16:38;/accounts/ajax/validate.php;return=ok|password2|
ajax;20060324 11:16:46;/accounts/ajax/validate.php;validate:email:pwolfe@unicon.net
ajax;20060324 11:16:46;/accounts/ajax/validate.php;validate:uniquesql:pwolfe@unicon.net
ajax;20060324 11:16:46;/accounts/ajax/validate.php;return=ok|email|
ajax;20060324 11:17:59;/accounts/ajax/validate.php;validate:namespaces:Chandler
ajax;20060324 11:17:59;/accounts/ajax/validate.php;return=ok|city|
ajax;20060324 11:18:01;/accounts/ajax/validate.php;validate:namespaces:AZ
ajax;20060324 11:18:01;/accounts/ajax/validate.php;return=ok|state|
ajax;20060324 11:18:04;/accounts/ajax/validate.php;validate:zipcode:85248
ajax;20060324 11:18:04;/accounts/ajax/validate.php;return=ok|zipcode|
ajax;20060324 11:18:05;/accounts/ajax/validate.php;validate:namespaces:US
ajax;20060324 11:18:05;/accounts/ajax/validate.php;return=ok|country|
ajax;20060324 11:18:10;/accounts/ajax/validate.php;validate:phone:480-558-2420
ajax;20060324 11:18:10;/accounts/ajax/validate.php;return=ok|phone|
ajax;20060324 11:18:10;/accounts/createaccount.php;validate:required:pwolfe
ajax;20060324 11:18:10;/accounts/createaccount.php;validate:nospaces:pwolfe
ajax;20060324 11:18:10;/accounts/createaccount.php;validate:uniquesql:pwolfe
ajax;20060324 11:18:10;/accounts/createaccount.php;validate:required:accord
ajax;20060324 11:18:10;/accounts/createaccount.php;validate:password:accord
ajax;20060324 11:18:10;/accounts/createaccount.php;validate:required:accord
ajax;20060324 11:18:10;/accounts/createaccount.php;validate:password:accord
ajax;20060324 11:18:10;/accounts/createaccount.php;validate:required:Patty
ajax;20060324 11:18:10;/accounts/createaccount.php;validate:required:Wolfe
ajax;20060324 11:18:10;/accounts/createaccount.php;validate:required:pwolfe@unicon.net
ajax;20060324 11:18:10;/accounts/createaccount.php;validate:email:pwolfe@unicon.net
ajax;20060324 11:18:10;/accounts/createaccount.php;validate:uniquesql:pwolfe@unicon.net
ajax;20060324 11:18:10;/accounts/createaccount.php;validate:required:User Support
ajax;20060324 11:18:10;/accounts/createaccount.php;validate::Manager
ajax;20060324 11:18:11;/accounts/createaccount.php;validate:required:Unicon
ajax;20060324 11:18:11;/accounts/createaccount.php;validate::3140 North Arizona Avenue
Suite 113

ajax;20060324 11:18:11;/accounts/createaccount.php;validate:namespaces:Chandler
ajax;20060324 11:18:11;/accounts/createaccount.php;validate:namespaces:AZ
ajax;20060324 11:18:11;/accounts/createaccount.php;validate:zipcode:85248
ajax;20060324 11:18:11;/accounts/createaccount.php;validate:namespaces:US
ajax;20060324 11:18:11;/accounts/createaccount.php;validate:phone:480-558-2420
12.164.139.3;20060324 11:18:11;/accounts/createaccount.php;created account: pwolfe (pwolfe@unicon.net) Wolfe,Patty inst=1
pwolfe;20060324 11:23:09;/accounts/login.php;user logged in (internal):12.164.139.3:https://sakaiproject.org/accounts/login.php
ajax;20060324 11:23:16;/accounts/ajax/validate.php;validate:namespaces:AZ
ajax;20060324 11:23:16;/accounts/ajax/validate.php;return=ok|state|
ajax;20060324 11:23:16;/accounts/ajax/validate.php;validate:zipcode:85248
ajax;20060324 11:23:16;/accounts/ajax/validate.php;return=ok|zip|
ajax;20060324 11:23:16;/accounts/ajax/validate.php;validate:phone:480-558-2420
ajax;20060324 11:23:16;/accounts/ajax/validate.php;return=ok|phone|
ajax;20060324 11:23:17;/accounts/ajax/validate.php;validate:namespaces:US
ajax;20060324 11:23:17;/accounts/ajax/validate.php;return=ok|country|
tdodds;20060324 11:24:33;/accounts/login.php;user logged in (internal):142.103.1.190:https://sakaiproject.org/accounts/login.php
ajax;20060324 12:22:27;/accounts/ajax/validate.php;validate:password:sakai
ajax;20060324 12:22:27;/accounts/ajax/validate.php;return=ok|password1|
ajax;20060324 12:22:32;/accounts/ajax/validate.php;validate:password:sakai
ajax;20060324 12:22:32;/accounts/ajax/validate.php;return=ok|password2|
ajax;20060324 12:24:41;/accounts/ajax/validate.php;validate:namespaces:Ann Arbor
ajax;20060324 12:24:41;/accounts/ajax/validate.php;return=ok|city|
ajax;20060324 12:24:44;/accounts/ajax/validate.php;validate:namespaces:MI
ajax;20060324 12:24:44;/accounts/ajax/validate.php;return=ok|state|
ajax;20060324 12:25:00;/accounts/ajax/validate.php;validate:zipcode:48109-2094
ajax;20060324 12:25:00;/accounts/ajax/validate.php;return=ok|zipcode|
ajax;20060324 12:25:06;/accounts/ajax/validate.php;validate:namespaces:US
ajax;20060324 12:25:06;/accounts/ajax/validate.php;return=ok|country|
ajax;20060324 12:25:34;/accounts/ajax/validate.php;validate:phone:734-763-0606
ajax;20060324 12:25:34;/accounts/ajax/validate.php;return=ok|phone|
ajax;20060324 12:26:05;/accounts/ajax/validate.php;validate:phone:734-936-3107
ajax;20060324 12:26:05;/accounts/ajax/validate.php;return=ok|fax|
ajax;20060324 12:28:28;/accounts/ajax/validate.php;validate:nospaces:kreister
ajax;20060324 12:28:28;/accounts/ajax/validate.php;validate:uniquesql:kreister
ajax;20060324 12:28:28;/accounts/ajax/validate.php;return=ok|username|
ajax;20060324 12:28:28;/accounts/ajax/validate.php;validate:email:kreister@umich.edu
ajax;20060324 12:28:28;/accounts/ajax/validate.php;validate:uniquesql:kreister@umich.edu
ajax;20060324 12:28:28;/accounts/ajax/validate.php;return=ok|email|
ajax;20060324 12:29:03;/accounts/createaccount.php;validate:required:kreister
ajax;20060324 12:29:03;/accounts/createaccount.php;validate:nospaces:kreister
ajax;20060324 12:29:03;/accounts/createaccount.php;validate:uniquesql:kreister
ajax;20060324 12:29:03;/accounts/createaccount.php;validate:required:sakai
ajax;20060324 12:29:03;/accounts/createaccount.php;validate:password:sakai
ajax;20060324 12:29:03;/accounts/createaccount.php;validate:required:sakai
ajax;20060324 12:29:03;/accounts/createaccount.php;validate:password:sakai
ajax;20060324 12:29:03;/accounts/createaccount.php;validate:required:Kathi
ajax;20060324 12:29:03;/accounts/createaccount.php;validate:required:Reister
ajax;20060324 12:29:03;/accounts/createaccount.php;validate:required:kreister@umich.edu
ajax;20060324 12:29:03;/accounts/createaccount.php;validate:email:kreister@umich.edu
ajax;20060324 12:29:03;/accounts/createaccount.php;validate:uniquesql:kreister@umich.edu
ajax;20060324 12:29:03;/accounts/createaccount.php;validate:required:University Administration
ajax;20060324 12:29:03;/accounts/createaccount.php;validate:required:76
ajax;20060324 12:29:03;/accounts/createaccount.php;validate::2161 Duderstadt Center
2281 Bonisteel Blvd.
ajax;20060324 12:29:03;/accounts/createaccount.php;validate:namespaces:Ann Arbor
ajax;20060324 12:29:03;/accounts/createaccount.php;validate:namespaces:MI
ajax;20060324 12:29:03;/accounts/createaccount.php;validate:zipcode:48109-2094
ajax;20060324 12:29:03;/accounts/createaccount.php;validate:namespaces:US
ajax;20060324 12:29:03;/accounts/createaccount.php;validate:phone:734-763-0606
ajax;20060324 12:29:03;/accounts/createaccount.php;validate:phone:734-936-3107
141.213.32.93;20060324 12:29:03;/accounts/createaccount.php;created account: kreister (kreister@umich.edu) Reister,Kathi inst=76
shardin;20060324 12:30:40;/accounts/login.php;user logged in (internal):198.111.226.93:https://sakaiproject.org/accounts/login.php
ajax;20060324 12:31:54;/accounts/ajax/validate.php;validate:namespaces:Unicon
ajax;20060324 12:31:54;/accounts/ajax/validate.php;return=ok|name|
ajax;20060324 12:33:48;/accounts/ajax/validate.php;validate:namespaces:Chandler
ajax;20060324 12:33:48;/accounts/ajax/validate.php;return=ok|city|
ajax;20060324 12:33:56;/accounts/ajax/validate.php;validate:namespaces:US
ajax;20060324 12:33:57;/accounts/ajax/validate.php;return=ok|country|
ajax;20060324 12:34:00;/accounts/ajax/validate.php;validate:namespaces:AZ
ajax;20060324 12:34:00;/accounts/ajax/validate.php;return=ok|state|
ajax;20060324 12:34:04;/accounts/ajax/validate.php;validate:namespaces:Unicon
ajax;20060324 12:34:04;/accounts/ajax/validate.php;return=ok|name|
pwolfe;20060324 12:47:34;/accounts/login.php;user logged in (internal):12.164.139.3:https://sakaiproject.org/accounts/login.php
ajax;20060324 12:47:38;/accounts/ajax/validate.php;validate:email:pwolfe@unicon.net
ajax;20060324 12:47:38;/accounts/ajax/validate.php;validate:namespaces:Chandler
ajax;20060324 12:47:38;/accounts/ajax/validate.php;validate:uniquesql:pwolfe@unicon.net
ajax;20060324 12:47:38;/accounts/ajax/validate.php;return=ok|city|
ajax;20060324 12:47:38;/accounts/ajax/validate.php;return=ok|email|
ajax;20060324 12:47:38;/accounts/ajax/validate.php;validate:namespaces:AZ
ajax;20060324 12:47:38;/accounts/ajax/validate.php;return=ok|state|
ajax;20060324 12:47:38;/accounts/ajax/validate.php;validate:zipcode:85248
ajax;20060324 12:47:38;/accounts/ajax/validate.php;return=ok|zipcode|
ajax;20060324 12:47:38;/accounts/ajax/validate.php;validate:namespaces:US
ajax;20060324 12:47:38;/accounts/ajax/validate.php;return=ok|country|
ajax;20060324 12:47:38;/accounts/ajax/validate.php;validate:phone:480-558-2420
ajax;20060324 12:47:38;/accounts/ajax/validate.php;return=ok|phone|
ajax;20060324 12:47:43;/accounts/myaccount.php;validate:required:Patty
ajax;20060324 12:47:43;/accounts/myaccount.php;validate:required:Wolfe
ajax;20060324 12:47:43;/accounts/myaccount.php;validate:required:pwolfe@unicon.net
ajax;20060324 12:47:43;/accounts/myaccount.php;validate:email:pwolfe@unicon.net
ajax;20060324 12:47:43;/accounts/myaccount.php;validate:uniquesql:pwolfe@unicon.net
ajax;20060324 12:47:43;/accounts/myaccount.php;validate:required:User Support
ajax;20060324 12:47:43;/accounts/myaccount.php;validate::Manager
ajax;20060324 12:47:43;/accounts/myaccount.php;validate:required:Unicon
ajax;20060324 12:47:43;/accounts/myaccount.php;validate::3140 North Arizona Avenue
Suite 113

ajax;20060324 12:47:43;/accounts/myaccount.php;validate:namespaces:Chandler
ajax;20060324 12:47:43;/accounts/myaccount.php;validate:namespaces:AZ
ajax;20060324 12:47:43;/accounts/myaccount.php;validate:zipcode:85248
ajax;20060324 12:47:43;/accounts/myaccount.php;validate:namespaces:US
ajax;20060324 12:47:43;/accounts/myaccount.php;validate:phone:480-558-2420
kreister;20060324 13:09:03;/accounts/login.php;user logged in (internal):141.213.32.93:https://sakaiproject.org/accounts/login.php
ajax;20060324 13:09:27;/accounts/ajax/validate.php;validate:namespaces:MI
ajax;20060324 13:09:27;/accounts/ajax/validate.php;validate:zipcode:48109-2094
ajax;20060324 13:09:27;/accounts/ajax/validate.php;validate:namespaces:US
ajax;20060324 13:09:27;/accounts/ajax/validate.php;return=ok|state|
ajax;20060324 13:09:27;/accounts/ajax/validate.php;validate:phone:734-763-0606
ajax;20060324 13:09:27;/accounts/ajax/validate.php;return=ok|zip|
ajax;20060324 13:09:27;/accounts/ajax/validate.php;return=ok|phone|
ajax;20060324 13:09:27;/accounts/ajax/validate.php;return=ok|country|
ajax;20060324 13:09:27;/accounts/ajax/validate.php;validate:phone:734-936-3107
ajax;20060324 13:09:27;/accounts/ajax/validate.php;return=ok|fax|
ajax;20060324 13:18:17;/accounts/ajax/validate.php;validate:nospaces:Gissurj
ajax;20060324 13:18:17;/accounts/ajax/validate.php;validate:uniquesql:Gissurj
ajax;20060324 13:18:17;/accounts/ajax/validate.php;return=ok|username|
ajax;20060324 13:18:19;/accounts/ajax/validate.php;validate:nospaces:Gissur
ajax;20060324 13:18:19;/accounts/ajax/validate.php;validate:uniquesql:Gissur
ajax;20060324 13:18:19;/accounts/ajax/validate.php;return=ok|username|
ajax;20060324 13:18:22;/accounts/ajax/validate.php;validate:nospaces:gissurj
ajax;20060324 13:18:22;/accounts/ajax/validate.php;validate:uniquesql:gissurj
ajax;20060324 13:18:22;/accounts/ajax/validate.php;return=ok|username|
ajax;20060324 13:18:26;/accounts/ajax/validate.php;validate:password:public
ajax;20060324 13:18:26;/accounts/ajax/validate.php;return=ok|password1|
ajax;20060324 13:18:29;/accounts/ajax/validate.php;validate:password:public
ajax;20060324 13:18:29;/accounts/ajax/validate.php;return=ok|password2|
ajax;20060324 13:18:33;/accounts/ajax/validate.php;validate:namespaces:DK
ajax;20060324 13:18:33;/accounts/ajax/validate.php;return=ok|country|
ajax;20060324 13:18:42;/accounts/ajax/validate.php;validate:email:gissur@msn.com
ajax;20060324 13:18:42;/accounts/ajax/validate.php;validate:uniquesql:gissur@msn.com
ajax;20060324 13:18:42;/accounts/ajax/validate.php;return=ok|email|
ajax;20060324 13:39:12;/accounts/ajax/validate.php;validate:phone: 45 46743882
ajax;20060324 13:39:12;/accounts/ajax/validate.php;return=ok|phone|
ajax;20060324 13:39:27;/accounts/createaccount.php;validate:required:gissursalterego
ajax;20060324 13:39:27;/accounts/createaccount.php;validate:nospaces:gissursalterego
ajax;20060324 13:39:27;/accounts/createaccount.php;validate:uniquesql:gissursalterego
ajax;20060324 13:39:27;/accounts/createaccount.php;validate:required:public
ajax;20060324 13:39:27;/accounts/createaccount.php;validate:password:public
ajax;20060324 13:39:27;/accounts/createaccount.php;validate:required:public
ajax;20060324 13:39:27;/accounts/createaccount.php;validate:password:public
ajax;20060324 13:39:27;/accounts/createaccount.php;validate:required:Gissur
ajax;20060324 13:39:27;/accounts/createaccount.php;validate:required:Jonnsson
ajax;20060324 13:39:27;/accounts/createaccount.php;validate:required:gissur@msn.com
ajax;20060324 13:39:27;/accounts/createaccount.php;validate:email:gissur@msn.com
ajax;20060324 13:39:27;/accounts/createaccount.php;validate:uniquesql:gissur@msn.com
ajax;20060324 13:39:27;/accounts/createaccount.php;validate:required:User Support
ajax;20060324 13:39:27;/accounts/createaccount.php;validate:required:43
ajax;20060324 13:39:27;/accounts/createaccount.php;validate:namespaces:Roskilde
ajax;20060324 13:39:27;/accounts/createaccount.php;validate:zipcode:04000
ajax;20060324 13:39:27;/accounts/createaccount.php;validate:namespaces:DK
ajax;20060324 13:39:27;/accounts/createaccount.php;validate:phone:+45 46743882
82.143.241.199;20060324 13:39:27;/accounts/createaccount.php;created account: gissursalterego (gissur@msn.com) Jonnsson,Gissur inst=43
ajax;20060324 13:40:16;/accounts/ajax/validate.php;validate:nospaces:gissursthirdego
ajax;20060324 13:40:16;/accounts/ajax/validate.php;validate:uniquesql:gissursthirdego
ajax;20060324 13:40:16;/accounts/ajax/validate.php;return=ok|username|
ajax;20060324 13:40:20;/accounts/ajax/validate.php;validate:password:public
ajax;20060324 13:40:20;/accounts/ajax/validate.php;return=ok|password1|
ajax;20060324 13:40:22;/accounts/ajax/validate.php;validate:password:public
ajax;20060324 13:40:22;/accounts/ajax/validate.php;return=ok|password2|
ajax;20060324 13:40:33;/accounts/ajax/validate.php;validate:email:gissur@mac.com
ajax;20060324 13:40:33;/accounts/ajax/validate.php;validate:uniquesql:gissur@mac.com
ajax;20060324 13:40:33;/accounts/ajax/validate.php;return=ok|email|
ajax;20060324 13:40:50;/accounts/ajax/validate.php;validate:namespaces:DK
ajax;20060324 13:40:50;/accounts/ajax/validate.php;return=ok|country|
ajax;20060324 13:40:58;/accounts/ajax/validate.php;validate:namespaces:Copenhagen
ajax;20060324 13:40:58;/accounts/ajax/validate.php;return=ok|city|
ajax;20060324 13:41:26;/accounts/ajax/validate.php;validate:zipcode:04000
ajax;20060324 13:41:26;/accounts/ajax/validate.php;return=ok|zipcode|
ajax;20060324 13:41:38;/accounts/ajax/validate.php;validate:phone: 45 46742824
ajax;20060324 13:41:38;/accounts/ajax/validate.php;return=ok|phone|
ajax;20060324 13:41:49;/accounts/createaccount.php;validate:required:gissursthirdego
ajax;20060324 13:41:49;/accounts/createaccount.php;validate:nospaces:gissursthirdego
ajax;20060324 13:41:49;/accounts/createaccount.php;validate:uniquesql:gissursthirdego
ajax;20060324 13:41:49;/accounts/createaccount.php;validate:required:public
ajax;20060324 13:41:49;/accounts/createaccount.php;validate:password:public
ajax;20060324 13:41:49;/accounts/createaccount.php;validate:required:public
ajax;20060324 13:41:49;/accounts/createaccount.php;validate:password:public
ajax;20060324 13:41:49;/accounts/createaccount.php;validate:required:Gissur
ajax;20060324 13:41:49;/accounts/createaccount.php;validate:required:Jonsson
ajax;20060324 13:41:49;/accounts/createaccount.php;validate:required:gissur@mac.com
ajax;20060324 13:41:49;/accounts/createaccount.php;validate:email:gissur@mac.com
ajax;20060324 13:41:49;/accounts/createaccount.php;validate:uniquesql:gissur@mac.com
ajax;20060324 13:41:49;/accounts/createaccount.php;validate:required:UI Developer
ajax;20060324 13:41:49;/accounts/createaccount.php;validate:required:43
ajax;20060324 13:41:49;/accounts/createaccount.php;validate::Universitetsvej 1
Build. 42.1

ajax;20060324 13:41:49;/accounts/createaccount.php;validate:namespaces:Copenhagen
ajax;20060324 13:41:49;/accounts/createaccount.php;validate:zipcode:04000
ajax;20060324 13:41:49;/accounts/createaccount.php;validate:namespaces:DK
ajax;20060324 13:41:49;/accounts/createaccount.php;validate:phone:+45 46742824
82.143.241.199;20060324 13:41:49;/accounts/createaccount.php;created account: gissursthirdego (gissur@mac.com) Jonsson,Gissur inst=43
gissurj@ruc.dk;20060324 13:44:26;/accounts/login.php;user logged in (internal):82.143.241.199:https://sakaiproject.org/accounts/login.php?ref=/conference/registration/index.php&msg=You+must+login+to+register+or+submit+a+proposal+for+the+Sakai+Vancouver+conference.+If+you+do+not+have+an+account%2C+please+create+one.
kimm;20060324 13:45:00;/accounts/login.php;user logged in (internal):82.143.241.199:https://sakaiproject.org/accounts/login.php
ajax;20060324 13:45:45;/accounts/ajax/validate.php;validate:namespaces:DK
ajax;20060324 13:45:45;/accounts/ajax/validate.php;return=ok|country|
ajax;20060324 13:46:25;/accounts/ajax/validate.php;validate:namespaces:not applicable
ajax;20060324 13:46:25;/accounts/ajax/validate.php;return=ok|stateOther|
ajax;20060324 14:18:38;/accounts/ajax/validate.php;validate:nospaces:suiyy
ajax;20060324 14:18:38;/accounts/ajax/validate.php;validate:uniquesql:suiyy
ajax;20060324 14:18:38;/accounts/ajax/validate.php;return=ok|username|
ajax;20060324 14:19:00;/accounts/ajax/validate.php;validate:password:sakaijo
ajax;20060324 14:19:00;/accounts/ajax/validate.php;return=ok|password1|
ajax;20060324 14:19:03;/accounts/ajax/validate.php;validate:password:sakaijo
ajax;20060324 14:19:03;/accounts/ajax/validate.php;return=ok|password2|
ajax;20060324 14:19:12;/accounts/ajax/validate.php;validate:email:suiyy@umich.edu
ajax;20060324 14:19:12;/accounts/ajax/validate.php;validate:uniquesql:suiyy@umich.edu
ajax;20060324 14:19:12;/accounts/ajax/validate.php;return=ok|email|
ajax;20060324 14:19:55;/accounts/ajax/validate.php;validate:namespaces:Ann Arbor
ajax;20060324 14:19:55;/accounts/ajax/validate.php;return=ok|city|
ajax;20060324 14:19:59;/accounts/ajax/validate.php;validate:namespaces:MI
ajax;20060324 14:19:59;/accounts/ajax/validate.php;return=ok|state|
ajax;20060324 14:20:04;/accounts/ajax/validate.php;validate:zipcode:48103
ajax;20060324 14:20:04;/accounts/ajax/validate.php;return=ok|zipcode|
ajax;20060324 14:20:06;/accounts/ajax/validate.php;validate:namespaces:US
ajax;20060324 14:20:06;/accounts/ajax/validate.php;return=ok|country|
ajax;20060324 14:20:12;/accounts/ajax/validate.php;validate:phone:734-763-2411
ajax;20060324 14:20:12;/accounts/ajax/validate.php;return=ok|phone|
ajax;20060324 14:20:12;/accounts/createaccount.php;validate:required:suiyy
ajax;20060324 14:20:12;/accounts/createaccount.php;validate:nospaces:suiyy
ajax;20060324 14:20:12;/accounts/createaccount.php;validate:uniquesql:suiyy
ajax;20060324 14:20:12;/accounts/createaccount.php;validate:required:sakaijo
ajax;20060324 14:20:12;/accounts/createaccount.php;validate:password:sakaijo
ajax;20060324 14:20:12;/accounts/createaccount.php;validate:required:sakaijo
ajax;20060324 14:20:12;/accounts/createaccount.php;validate:password:sakaijo
ajax;20060324 14:20:12;/accounts/createaccount.php;validate:required:Yuanyuan (Joanne)
ajax;20060324 14:20:12;/accounts/createaccount.php;validate:required:Sui
ajax;20060324 14:20:12;/accounts/createaccount.php;validate:required:suiyy@umich.edu
ajax;20060324 14:20:12;/accounts/createaccount.php;validate:email:suiyy@umich.edu
ajax;20060324 14:20:12;/accounts/createaccount.php;validate:uniquesql:suiyy@umich.edu
ajax;20060324 14:20:12;/accounts/createaccount.php;validate:required:Developer/Programmer
ajax;20060324 14:20:12;/accounts/createaccount.php;validate:required:76
ajax;20060324 14:20:12;/accounts/createaccount.php;validate::3350 Duderstadt Center
2281 Bonisteel Blvd
ajax;20060324 14:20:12;/accounts/createaccount.php;validate:namespaces:Ann Arbor
ajax;20060324 14:20:12;/accounts/createaccount.php;validate:namespaces:MI
ajax;20060324 14:20:12;/accounts/createaccount.php;validate:zipcode:48103
ajax;20060324 14:20:12;/accounts/createaccount.php;validate:namespaces:US
ajax;20060324 14:20:12;/accounts/createaccount.php;validate:phone:734-763-2411
141.213.113.214;20060324 14:20:12;/accounts/createaccount.php;created account: suiyy (suiyy@umich.edu) Sui,Yuanyuan (Joanne) inst=76
suiyy;20060324 14:20:38;/accounts/login.php;user logged in (internal):141.213.113.214:https://sakaiproject.org/accounts/login.php
ajax;20060324 14:20:41;/accounts/ajax/validate.php;validate:namespaces:MI
ajax;20060324 14:20:41;/accounts/ajax/validate.php;validate:zipcode:48103
ajax;20060324 14:20:41;/accounts/ajax/validate.php;return=ok|state|
ajax;20060324 14:20:41;/accounts/ajax/validate.php;return=ok|zip|
ajax;20060324 14:20:42;/accounts/ajax/validate.php;validate:phone:734-763-2411
ajax;20060324 14:20:42;/accounts/ajax/validate.php;validate:namespaces:US
ajax;20060324 14:20:42;/accounts/ajax/validate.php;return=ok|phone|
ajax;20060324 14:20:42;/accounts/ajax/validate.php;return=ok|country|
suiyy;20060324 14:22:23;/accounts/login.php;user logged in (internal):141.213.113.214:https://www.sakaiproject.org/accounts/login.php?ref=/conference/registration/index.php&msg=You+must+login+to+register+or+submit+a+proposal+for+the+Sakai+Vancouver+conference.+If+you+do+not+have+an+account%2C+please+create+one.
ajax;20060324 15:06:04;/accounts/ajax/validate.php;validate:nospaces:bsandhorst
ajax;20060324 15:06:04;/accounts/ajax/validate.php;validate:uniquesql:bsandhorst
ajax;20060324 15:06:04;/accounts/ajax/validate.php;return=ok|username|
ajax;20060324 15:06:16;/accounts/ajax/validate.php;validate:password:itg4unme
ajax;20060324 15:06:16;/accounts/ajax/validate.php;return=ok|password1|
ajax;20060324 15:06:22;/accounts/ajax/validate.php;validate:password:itg4unme
ajax;20060324 15:06:22;/accounts/ajax/validate.php;return=ok|password2|
ajax;20060324 15:06:48;/accounts/ajax/validate.php;validate:email:bsandhorst@unl.edu
ajax;20060324 15:06:48;/accounts/ajax/validate.php;validate:uniquesql:bsandhorst@unl.edu
ajax;20060324 15:06:48;/accounts/ajax/validate.php;return=ok|email|
ajax;20060324 15:08:12;/accounts/ajax/validate.php;validate:namespaces:Lincoln
ajax;20060324 15:08:12;/accounts/ajax/validate.php;return=ok|city|
ajax;20060324 15:08:21;/accounts/ajax/validate.php;validate:namespaces:NE
ajax;20060324 15:08:21;/accounts/ajax/validate.php;return=ok|state|
ajax;20060324 15:08:28;/accounts/ajax/validate.php;validate:zipcode:68588
ajax;20060324 15:08:28;/accounts/ajax/validate.php;return=ok|zipcode|
ajax;20060324 15:08:33;/accounts/ajax/validate.php;validate:namespaces:US
ajax;20060324 15:08:33;/accounts/ajax/validate.php;return=ok|country|
ajax;20060324 15:08:58;/accounts/ajax/validate.php;validate:phone:402-472-4034
ajax;20060324 15:08:58;/accounts/ajax/validate.php;return=ok|phone|
ajax;20060324 15:09:13;/accounts/ajax/validate.php;validate:phone:402-472-8486
ajax;20060324 15:09:13;/accounts/ajax/validate.php;return=ok|fax|
ajax;20060324 15:09:13;/accounts/createaccount.php;validate:required:bsandhorst
ajax;20060324 15:09:13;/accounts/createaccount.php;validate:nospaces:bsandhorst
ajax;20060324 15:09:13;/accounts/createaccount.php;validate:uniquesql:bsandhorst
ajax;20060324 15:09:13;/accounts/createaccount.php;validate:required:itg4unme
ajax;20060324 15:09:13;/accounts/createaccount.php;validate:password:itg4unme
ajax;20060324 15:09:13;/accounts/createaccount.php;validate:required:itg4unme
ajax;20060324 15:09:13;/accounts/createaccount.php;validate:password:itg4unme
ajax;20060324 15:09:13;/accounts/createaccount.php;validate:required:Bruce
ajax;20060324 15:09:13;/accounts/createaccount.php;validate:required:Sandhorst
ajax;20060324 15:09:13;/accounts/createaccount.php;validate:required:bsandhorst@unl.edu
ajax;20060324 15:09:13;/accounts/createaccount.php;validate:email:bsandhorst@unl.edu
ajax;20060324 15:09:13;/accounts/createaccount.php;validate:uniquesql:bsandhorst@unl.edu
ajax;20060324 15:09:13;/accounts/createaccount.php;validate:required:Manager
ajax;20060324 15:09:13;/accounts/createaccount.php;validate::User Support
ajax;20060324 15:09:13;/accounts/createaccount.php;validate:required:79
ajax;20060324 15:09:13;/accounts/createaccount.php;validate::Rm. 118E
The 501
ajax;20060324 15:09:13;/accounts/createaccount.php;validate:namespaces:Lincoln
ajax;20060324 15:09:13;/accounts/createaccount.php;validate:namespaces:NE
ajax;20060324 15:09:13;/accounts/createaccount.php;validate:zipcode:68588
ajax;20060324 15:09:13;/accounts/createaccount.php;validate:namespaces:US
ajax;20060324 15:09:13;/accounts/createaccount.php;validate:phone:402-472-4034
ajax;20060324 15:09:13;/accounts/createaccount.php;validate:phone:402-472-8486
129.93.35.197;20060324 15:09:13;/accounts/createaccount.php;created account: bsandhorst (bsandhorst@unl.edu) Sandhorst,Bruce inst=79
bsandhorst;20060324 15:10:44;/accounts/login.php;user logged in (internal):129.93.35.197:https://sakaiproject.org/accounts/login.php
ajax;20060324 15:10:49;/accounts/ajax/validate.php;validate:namespaces:NE
ajax;20060324 15:10:49;/accounts/ajax/validate.php;return=ok|state|
ajax;20060324 15:10:49;/accounts/ajax/validate.php;validate:zipcode:68588
ajax;20060324 15:10:49;/accounts/ajax/validate.php;return=ok|zip|
ajax;20060324 15:10:49;/accounts/ajax/validate.php;validate:namespaces:US
ajax;20060324 15:10:49;/accounts/ajax/validate.php;return=ok|country|
ajax;20060324 15:10:49;/accounts/ajax/validate.php;validate:phone:402-472-4034
ajax;20060324 15:10:49;/accounts/ajax/validate.php;return=ok|phone|
ajax;20060324 15:10:49;/accounts/ajax/validate.php;validate:phone:402-472-8486
ajax;20060324 15:10:49;/accounts/ajax/validate.php;return=ok|fax|
ajax;20060324 15:17:11;/accounts/ajax/validate.php;validate:nospaces:bsandhorst
ajax;20060324 15:17:11;/accounts/ajax/validate.php;validate:uniquesql:bsandhorst
ajax;20060324 15:17:11;/accounts/ajax/validate.php;return=error|username|username already used
ajax;20060324 15:17:11;/accounts/ajax/validate.php;validate:email:bsandhorst@unl.edu
ajax;20060324 15:17:11;/accounts/ajax/validate.php;validate:uniquesql:bsandhorst@unl.edu
ajax;20060324 15:17:11;/accounts/ajax/validate.php;return=error|email|email already used
ajax;20060324 15:17:11;/accounts/ajax/validate.php;validate:namespaces:Lincoln
ajax;20060324 15:17:11;/accounts/ajax/validate.php;return=ok|city|
ajax;20060324 15:17:11;/accounts/ajax/validate.php;validate:namespaces:NE
ajax;20060324 15:17:11;/accounts/ajax/validate.php;return=ok|state|
ajax;20060324 15:17:11;/accounts/ajax/validate.php;validate:zipcode:68588
ajax;20060324 15:17:11;/accounts/ajax/validate.php;return=ok|zipcode|
ajax;20060324 15:17:11;/accounts/ajax/validate.php;validate:namespaces:US
ajax;20060324 15:17:11;/accounts/ajax/validate.php;return=ok|country|
ajax;20060324 15:17:11;/accounts/ajax/validate.php;validate:phone:402-472-4034
ajax;20060324 15:17:11;/accounts/ajax/validate.php;return=ok|phone|
ajax;20060324 15:17:12;/accounts/ajax/validate.php;validate:phone:402-472-8486
ajax;20060324 15:17:12;/accounts/ajax/validate.php;return=ok|fax|
scott;20060324 16:25:56;/accounts/login.php;user logged in (internal):128.101.134.100:https://sakaiproject.org/accounts/login.php
ajax;20060324 16:29:51;/accounts/ajax/validate.php;validate:email:scott@umn.edu
ajax;20060324 16:29:51;/accounts/ajax/validate.php;validate:uniquesql:scott@umn.edu
ajax;20060324 16:29:51;/accounts/ajax/validate.php;return=ok|email|
ajax;20060324 16:29:51;/accounts/ajax/validate.php;validate:namespaces:Minneapolis
ajax;20060324 16:29:51;/accounts/ajax/validate.php;return=ok|city|
ajax;20060324 16:29:51;/accounts/ajax/validate.php;validate:zipcode:55455
ajax;20060324 16:29:51;/accounts/ajax/validate.php;validate:namespaces:MN
ajax;20060324 16:29:51;/accounts/ajax/validate.php;return=ok|zipcode|
ajax;20060324 16:29:51;/accounts/ajax/validate.php;return=ok|state|
ajax;20060324 16:29:51;/accounts/ajax/validate.php;validate:namespaces:US
ajax;20060324 16:29:51;/accounts/ajax/validate.php;validate:phone:612-624-5074
ajax;20060324 16:29:51;/accounts/ajax/validate.php;return=ok|country|
ajax;20060324 16:29:51;/accounts/ajax/validate.php;return=ok|phone|
ajax;20060324 16:29:51;/accounts/ajax/validate.php;validate:phone:612-625-9302
ajax;20060324 16:29:51;/accounts/ajax/validate.php;return=ok|fax|
ajax;20060324 17:16:19;/accounts/ajax/validate.php;validate:zipcode:85248
ajax;20060324 17:16:19;/accounts/ajax/validate.php;return=ok|zip|
ajax;20060324 17:52:06;/accounts/ajax/validate.php;validate:nospaces:ltiu
ajax;20060324 17:52:06;/accounts/ajax/validate.php;validate:uniquesql:ltiu
ajax;20060324 17:52:06;/accounts/ajax/validate.php;return=ok|username|
ajax;20060324 17:52:13;/accounts/ajax/validate.php;validate:password:kde2kde2
ajax;20060324 17:52:13;/accounts/ajax/validate.php;return=ok|password1|
ajax;20060324 17:52:15;/accounts/ajax/validate.php;validate:password:kde2kde2
ajax;20060324 17:52:15;/accounts/ajax/validate.php;return=ok|password2|
ajax;20060324 17:52:22;/accounts/ajax/validate.php;validate:email:ltiu@unicon.net
ajax;20060324 17:52:22;/accounts/ajax/validate.php;validate:uniquesql:ltiu@unicon.net
ajax;20060324 17:52:22;/accounts/ajax/validate.php;return=ok|email|
ajax;20060324 17:53:43;/accounts/ajax/validate.php;validate:namespaces:Chandler
ajax;20060324 17:53:43;/accounts/ajax/validate.php;return=ok|city|
ajax;20060324 17:53:47;/accounts/ajax/validate.php;validate:namespaces:AZ
ajax;20060324 17:53:47;/accounts/ajax/validate.php;return=ok|state|
ajax;20060324 17:53:49;/accounts/ajax/validate.php;validate:zipcode:85225
ajax;20060324 17:53:49;/accounts/ajax/validate.php;return=ok|zipcode|
ajax;20060324 17:53:50;/accounts/ajax/validate.php;validate:namespaces:US
ajax;20060324 17:53:50;/accounts/ajax/validate.php;return=ok|country|
ajax;20060324 17:53:58;/accounts/ajax/validate.php;validate:phone:4809262368
ajax;20060324 17:53:58;/accounts/ajax/validate.php;return=ok|phone|
ajax;20060324 17:54:12;/accounts/ajax/validate.php;validate:phone:48055823230
ajax;20060324 17:54:12;/accounts/ajax/validate.php;return=ok|fax|
ajax;20060324 17:54:27;/accounts/createaccount.php;validate:required:ltiu
ajax;20060324 17:54:27;/accounts/createaccount.php;validate:nospaces:ltiu
ajax;20060324 17:54:27;/accounts/createaccount.php;validate:uniquesql:ltiu
ajax;20060324 17:54:27;/accounts/createaccount.php;validate:required:kde2kde2
ajax;20060324 17:54:27;/accounts/createaccount.php;validate:password:kde2kde2
ajax;20060324 17:54:27;/accounts/createaccount.php;validate:required:kde2kde2
ajax;20060324 17:54:27;/accounts/createaccount.php;validate:password:kde2kde2
ajax;20060324 17:54:27;/accounts/createaccount.php;validate:required:Lyndon
ajax;20060324 17:54:27;/accounts/createaccount.php;validate:required:Tiu
ajax;20060324 17:54:27;/accounts/createaccount.php;validate:required:ltiu@unicon.net
ajax;20060324 17:54:27;/accounts/createaccount.php;validate:email:ltiu@unicon.net
ajax;20060324 17:54:27;/accounts/createaccount.php;validate:uniquesql:ltiu@unicon.net
ajax;20060324 17:54:27;/accounts/createaccount.php;validate:required:System Administrator
ajax;20060324 17:54:28;/accounts/createaccount.php;validate:required:95
ajax;20060324 17:54:28;/accounts/createaccount.php;validate::3140 N. Arizona Ave., Suite 113
ajax;20060324 17:54:28;/accounts/createaccount.php;validate:namespaces:Chandler
ajax;20060324 17:54:28;/accounts/createaccount.php;validate:namespaces:AZ
ajax;20060324 17:54:28;/accounts/createaccount.php;validate:zipcode:85225
ajax;20060324 17:54:28;/accounts/createaccount.php;validate:namespaces:US
ajax;20060324 17:54:28;/accounts/createaccount.php;validate:phone:4809262368
ajax;20060324 17:54:28;/accounts/createaccount.php;validate:phone:48055823230
12.164.139.3;20060324 17:54:28;/accounts/createaccount.php;created account: ltiu (ltiu@unicon.net) Tiu,Lyndon inst=95
ltiu;20060324 17:55:26;/accounts/login.php;user logged in (internal):12.164.139.3:https://sakaiproject.org/accounts/login.php
ajax;20060324 17:55:31;/accounts/ajax/validate.php;validate:namespaces:AZ
ajax;20060324 17:55:31;/accounts/ajax/validate.php;return=ok|state|
ajax;20060324 17:55:31;/accounts/ajax/validate.php;validate:zipcode:85225
ajax;20060324 17:55:31;/accounts/ajax/validate.php;return=ok|zip|
ajax;20060324 17:55:31;/accounts/ajax/validate.php;validate:namespaces:US
ajax;20060324 17:55:31;/accounts/ajax/validate.php;return=ok|country|
ajax;20060324 17:55:31;/accounts/ajax/validate.php;validate:phone:4809262368
ajax;20060324 17:55:31;/accounts/ajax/validate.php;return=ok|phone|
ajax;20060324 17:55:31;/accounts/ajax/validate.php;validate:phone:48055823230
ajax;20060324 17:55:31;/accounts/ajax/validate.php;return=ok|fax|
ajax;20060324 18:02:52;/accounts/ajax/validate.php;validate:email:ltiu@unicon.net
ajax;20060324 18:02:52;/accounts/ajax/validate.php;validate:uniquesql:ltiu@unicon.net
ajax;20060324 18:02:52;/accounts/ajax/validate.php;return=ok|email|
ajax;20060324 18:02:52;/accounts/ajax/validate.php;validate:namespaces:AZ
ajax;20060324 18:02:52;/accounts/ajax/validate.php;return=ok|state|
ajax;20060324 18:02:52;/accounts/ajax/validate.php;validate:namespaces:Chandler
ajax;20060324 18:02:52;/accounts/ajax/validate.php;return=ok|city|
ajax;20060324 18:02:52;/accounts/ajax/validate.php;validate:zipcode:85225
ajax;20060324 18:02:52;/accounts/ajax/validate.php;return=ok|zipcode|
ajax;20060324 18:02:52;/accounts/ajax/validate.php;validate:namespaces:US
ajax;20060324 18:02:52;/accounts/ajax/validate.php;return=ok|country|
ajax;20060324 18:02:52;/accounts/ajax/validate.php;validate:phone:4809262368
ajax;20060324 18:02:52;/accounts/ajax/validate.php;return=ok|phone|
ajax;20060324 18:02:52;/accounts/ajax/validate.php;validate:phone:48055823230
ajax;20060324 18:02:52;/accounts/ajax/validate.php;return=ok|fax|
ajax;20060324 18:03:02;/accounts/myaccount.php;validate:required:Lyndon
ajax;20060324 18:03:02;/accounts/myaccount.php;validate:required:Tiu
ajax;20060324 18:03:02;/accounts/myaccount.php;validate:required:ltiu@unicon.net
ajax;20060324 18:03:02;/accounts/myaccount.php;validate:email:ltiu@unicon.net
ajax;20060324 18:03:02;/accounts/myaccount.php;validate:uniquesql:ltiu@unicon.net
ajax;20060324 18:03:02;/accounts/myaccount.php;validate:required:System Administrator
ajax;20060324 18:03:02;/accounts/myaccount.php;validate:required:95
ajax;20060324 18:03:02;/accounts/myaccount.php;validate::3140 N. Arizona Ave., Suite 113
ajax;20060324 18:03:02;/accounts/myaccount.php;validate:namespaces:Chandler
ajax;20060324 18:03:02;/accounts/myaccount.php;validate:namespaces:AZ
ajax;20060324 18:03:02;/accounts/myaccount.php;validate:zipcode:85225
ajax;20060324 18:03:02;/accounts/myaccount.php;validate:namespaces:US
ajax;20060324 18:03:02;/accounts/myaccount.php;validate:phone:4809262368
ajax;20060324 18:03:02;/accounts/myaccount.php;validate:phone:4805582320
ajax;20060324 18:03:02;/accounts/ajax/validate.php;validate:email:ltiu@unicon.net
ajax;20060324 18:03:02;/accounts/ajax/validate.php;validate:uniquesql:ltiu@unicon.net
ajax;20060324 18:03:02;/accounts/ajax/validate.php;return=ok|email|
ajax;20060324 18:03:02;/accounts/ajax/validate.php;validate:namespaces:AZ
ajax;20060324 18:03:02;/accounts/ajax/validate.php;return=ok|state|
ajax;20060324 18:03:02;/accounts/ajax/validate.php;validate:namespaces:Chandler
ajax;20060324 18:03:02;/accounts/ajax/validate.php;return=ok|city|
ajax;20060324 18:03:02;/accounts/ajax/validate.php;validate:zipcode:85225
ajax;20060324 18:03:02;/accounts/ajax/validate.php;return=ok|zipcode|
ajax;20060324 18:03:02;/accounts/ajax/validate.php;validate:namespaces:US
ajax;20060324 18:03:03;/accounts/ajax/validate.php;return=ok|country|
ajax;20060324 18:03:03;/accounts/ajax/validate.php;validate:phone:4809262368
ajax;20060324 18:03:03;/accounts/ajax/validate.php;return=ok|phone|
ajax;20060324 18:03:03;/accounts/ajax/validate.php;validate:phone:4805582320
ajax;20060324 18:03:03;/accounts/ajax/validate.php;return=ok|fax|
ltiu;20060324 18:03:13;/accounts/login.php;user logged in (internal):12.164.139.3:https://sakaiproject.org/accounts/login.php
ajax;20060324 18:03:17;/accounts/ajax/validate.php;validate:email:ltiu@unicon.net
ajax;20060324 18:03:17;/accounts/ajax/validate.php;validate:uniquesql:ltiu@unicon.net
ajax;20060324 18:03:17;/accounts/ajax/validate.php;return=ok|email|
ajax;20060324 18:03:17;/accounts/ajax/validate.php;validate:namespaces:AZ
ajax;20060324 18:03:17;/accounts/ajax/validate.php;return=ok|state|
ajax;20060324 18:03:17;/accounts/ajax/validate.php;validate:namespaces:Chandler
ajax;20060324 18:03:17;/accounts/ajax/validate.php;return=ok|city|
ajax;20060324 18:03:17;/accounts/ajax/validate.php;validate:zipcode:85225
ajax;20060324 18:03:17;/accounts/ajax/validate.php;return=ok|zipcode|
ajax;20060324 18:03:17;/accounts/ajax/validate.php;validate:namespaces:US
ajax;20060324 18:03:17;/accounts/ajax/validate.php;return=ok|country|
ajax;20060324 18:03:17;/accounts/ajax/validate.php;validate:phone:4809262368
ajax;20060324 18:03:17;/accounts/ajax/validate.php;return=ok|phone|
ajax;20060324 18:03:17;/accounts/ajax/validate.php;validate:phone:4805582320
ajax;20060324 18:03:17;/accounts/ajax/validate.php;return=ok|fax|
ajax;20060324 18:03:21;/accounts/myaccount.php;validate:required:Lyndon
ajax;20060324 18:03:21;/accounts/myaccount.php;validate:required:Tiu
ajax;20060324 18:03:21;/accounts/myaccount.php;validate:required:ltiu@unicon.net
ajax;20060324 18:03:21;/accounts/myaccount.php;validate:email:ltiu@unicon.net
ajax;20060324 18:03:21;/accounts/myaccount.php;validate:uniquesql:ltiu@unicon.net
ajax;20060324 18:03:21;/accounts/myaccount.php;validate:required:System Administrator
ajax;20060324 18:03:21;/accounts/myaccount.php;validate:required:95
ajax;20060324 18:03:21;/accounts/myaccount.php;validate::3140 N. Arizona Ave., Suite 113
ajax;20060324 18:03:21;/accounts/myaccount.php;validate:namespaces:Chandler
ajax;20060324 18:03:21;/accounts/myaccount.php;validate:namespaces:AZ
ajax;20060324 18:03:21;/accounts/myaccount.php;validate:zipcode:85225
ajax;20060324 18:03:21;/accounts/myaccount.php;validate:namespaces:US
ajax;20060324 18:03:21;/accounts/myaccount.php;validate:phone:4809262368
ajax;20060324 18:03:21;/accounts/myaccount.php;validate:phone:4805582320
ajax;20060324 18:03:22;/accounts/ajax/validate.php;validate:email:ltiu@unicon.net
ajax;20060324 18:03:22;/accounts/ajax/validate.php;validate:uniquesql:ltiu@unicon.net
ajax;20060324 18:03:22;/accounts/ajax/validate.php;return=ok|email|
ajax;20060324 18:03:22;/accounts/ajax/validate.php;validate:namespaces:AZ
ajax;20060324 18:03:22;/accounts/ajax/validate.php;return=ok|state|
ajax;20060324 18:03:22;/accounts/ajax/validate.php;validate:namespaces:Chandler
ajax;20060324 18:03:22;/accounts/ajax/validate.php;return=ok|city|
ajax;20060324 18:03:22;/accounts/ajax/validate.php;validate:zipcode:85225
ajax;20060324 18:03:22;/accounts/ajax/validate.php;return=ok|zipcode|
ajax;20060324 18:03:22;/accounts/ajax/validate.php;validate:namespaces:US
ajax;20060324 18:03:22;/accounts/ajax/validate.php;return=ok|country|
ajax;20060324 18:03:22;/accounts/ajax/validate.php;validate:phone:4809262368
ajax;20060324 18:03:22;/accounts/ajax/validate.php;return=ok|phone|
ajax;20060324 18:03:22;/accounts/ajax/validate.php;validate:phone:4805582320
ajax;20060324 18:03:22;/accounts/ajax/validate.php;return=ok|fax|
ajax;20060324 18:03:29;/accounts/ajax/validate.php;validate:email:ltiu@unicon.net
ajax;20060324 18:03:29;/accounts/ajax/validate.php;validate:uniquesql:ltiu@unicon.net
ajax;20060324 18:03:29;/accounts/ajax/validate.php;return=ok|email|
ajax;20060324 18:03:29;/accounts/ajax/validate.php;validate:namespaces:AZ
ajax;20060324 18:03:29;/accounts/ajax/validate.php;return=ok|state|
ajax;20060324 18:03:29;/accounts/ajax/validate.php;validate:namespaces:Chandler
ajax;20060324 18:03:29;/accounts/ajax/validate.php;return=ok|city|
ajax;20060324 18:03:29;/accounts/ajax/validate.php;validate:zipcode:85225
ajax;20060324 18:03:29;/accounts/ajax/validate.php;return=ok|zipcode|
ajax;20060324 18:03:30;/accounts/ajax/validate.php;validate:namespaces:US
ajax;20060324 18:03:30;/accounts/ajax/validate.php;return=ok|country|
ptchen;20060324 18:22:40;/accounts/login.php;user logged in (internal):171.64.138.150:https://sakaiproject.org/accounts/login.php?ref=/conference/proposals/index.php&msg=You+must+login+to+register+or+submit+a+proposal+for+the+Sakai+Vancouver+conference.+If+you+do+not+have+an+account%2C+please+create+one.
ajax;20060324 19:36:02;/accounts/ajax/validate.php;validate:nospaces:gilberl
ajax;20060324 19:36:02;/accounts/ajax/validate.php;validate:uniquesql:gilberl
ajax;20060324 19:36:02;/accounts/ajax/validate.php;return=ok|username|
ajax;20060324 19:36:07;/accounts/ajax/validate.php;validate:password:nobozos1
ajax;20060324 19:36:07;/accounts/ajax/validate.php;return=ok|password1|
ajax;20060324 19:36:13;/accounts/ajax/validate.php;validate:password:nobozos1
ajax;20060324 19:36:13;/accounts/ajax/validate.php;return=ok|password2|
ajax;20060324 19:37:09;/accounts/ajax/validate.php;validate:namespaces:Bellingham
ajax;20060324 19:37:09;/accounts/ajax/validate.php;return=ok|city|
ajax;20060324 19:37:13;/accounts/ajax/validate.php;validate:namespaces:WA
ajax;20060324 19:37:13;/accounts/ajax/validate.php;return=ok|state|
ajax;20060324 19:37:18;/accounts/ajax/validate.php;validate:zipcode:98225
ajax;20060324 19:37:18;/accounts/ajax/validate.php;return=ok|zipcode|
ajax;20060324 19:37:19;/accounts/ajax/validate.php;validate:namespaces:US
ajax;20060324 19:37:19;/accounts/ajax/validate.php;return=ok|country|
ajax;20060324 19:38:36;/accounts/ajax/validate.php;validate:phone:360-650-3361
ajax;20060324 19:38:36;/accounts/ajax/validate.php;return=ok|phone|
ajax;20060324 19:38:42;/accounts/ajax/validate.php;validate:phone:360-650-2816
ajax;20060324 19:38:42;/accounts/ajax/validate.php;return=ok|fax|
ajax;20060324 19:39:20;/accounts/ajax/validate.php;validate:email:larry.gilbert@wwu.edu
ajax;20060324 19:39:20;/accounts/ajax/validate.php;validate:uniquesql:larry.gilbert@wwu.edu
ajax;20060324 19:39:20;/accounts/ajax/validate.php;return=ok|email|
ajax;20060324 19:39:38;/accounts/createaccount.php;validate:required:gilberl
ajax;20060324 19:39:38;/accounts/createaccount.php;validate:nospaces:gilberl
ajax;20060324 19:39:38;/accounts/createaccount.php;validate:uniquesql:gilberl
ajax;20060324 19:39:38;/accounts/createaccount.php;validate:required:nobozos1
ajax;20060324 19:39:38;/accounts/createaccount.php;validate:password:nobozos1
ajax;20060324 19:39:38;/accounts/createaccount.php;validate:required:nobozos1
ajax;20060324 19:39:38;/accounts/createaccount.php;validate:password:nobozos1
ajax;20060324 19:39:38;/accounts/createaccount.php;validate:required:Larry
ajax;20060324 19:39:38;/accounts/createaccount.php;validate:required:Gilbert
ajax;20060324 19:39:38;/accounts/createaccount.php;validate:required:larry.gilbert@wwu.edu
ajax;20060324 19:39:38;/accounts/createaccount.php;validate:email:larry.gilbert@wwu.edu
ajax;20060324 19:39:38;/accounts/createaccount.php;validate:uniquesql:larry.gilbert@wwu.edu
ajax;20060324 19:39:38;/accounts/createaccount.php;validate:required:University Administration
ajax;20060324 19:39:38;/accounts/createaccount.php;validate:required:Western Washington University
140.160.201.145;20060324 19:39:38;/accounts/createaccount.php;created account: gilberl (larry.gilbert@wwu.edu) Gilbert,Larry inst=1
gilberl;20060324 19:40:25;/accounts/login.php;user logged in (internal):140.160.201.145:https://sakaiproject.org/accounts/login.php
