ajax;20060328 03:19:54;/accounts/ajax/validate.php;validate:nospaces:jmoller
ajax;20060328 03:19:54;/accounts/ajax/validate.php;validate:uniquesql:jmoller
ajax;20060328 03:19:54;/accounts/ajax/validate.php;return=ok|username|
ajax;20060328 03:20:02;/accounts/ajax/validate.php;validate:password:numbers
ajax;20060328 03:20:02;/accounts/ajax/validate.php;return=ok|password1|
ajax;20060328 03:20:06;/accounts/ajax/validate.php;validate:password:numbers
ajax;20060328 03:20:06;/accounts/ajax/validate.php;return=ok|password2|
ajax;20060328 03:20:21;/accounts/ajax/validate.php;validate:email:jmoller@unisa.ac.za
ajax;20060328 03:20:21;/accounts/ajax/validate.php;validate:uniquesql:jmoller@unisa.ac.za
ajax;20060328 03:20:21;/accounts/ajax/validate.php;return=ok|email|
ajax;20060328 03:21:12;/accounts/ajax/validate.php;validate:namespaces:Pretoria
ajax;20060328 03:21:12;/accounts/ajax/validate.php;return=ok|city|
ajax;20060328 03:21:37;/accounts/ajax/validate.php;validate:namespaces:South Africa
ajax;20060328 03:21:37;/accounts/ajax/validate.php;return=ok|stateOther|
ajax;20060328 03:21:46;/accounts/ajax/validate.php;validate:namespaces:Gauteng
ajax;20060328 03:21:46;/accounts/ajax/validate.php;return=ok|stateOther|
ajax;20060328 03:21:58;/accounts/ajax/validate.php;validate:zipcode:0003
ajax;20060328 03:21:58;/accounts/ajax/validate.php;return=error|zipcode|Invalid US zip, must be 5 or 9 digits
ajax;20060328 03:22:12;/accounts/ajax/validate.php;validate:namespaces:ZA
ajax;20060328 03:22:12;/accounts/ajax/validate.php;return=ok|country|
ajax;20060328 03:22:33;/accounts/ajax/validate.php;validate:phone: 27829029733
ajax;20060328 03:22:33;/accounts/ajax/validate.php;return=ok|phone|
ajax;20060328 03:22:33;/accounts/createaccount.php;validate:required:jmoller
ajax;20060328 03:22:33;/accounts/createaccount.php;validate:nospaces:jmoller
ajax;20060328 03:22:33;/accounts/createaccount.php;validate:uniquesql:jmoller
ajax;20060328 03:22:33;/accounts/createaccount.php;validate:required:numbers
ajax;20060328 03:22:33;/accounts/createaccount.php;validate:password:numbers
ajax;20060328 03:22:33;/accounts/createaccount.php;validate:required:numbers
ajax;20060328 03:22:33;/accounts/createaccount.php;validate:password:numbers
ajax;20060328 03:22:33;/accounts/createaccount.php;validate:required:Johann
ajax;20060328 03:22:33;/accounts/createaccount.php;validate:required:Moller
ajax;20060328 03:22:33;/accounts/createaccount.php;validate:required:jmoller@unisa.ac.za
ajax;20060328 03:22:33;/accounts/createaccount.php;validate:email:jmoller@unisa.ac.za
ajax;20060328 03:22:33;/accounts/createaccount.php;validate:uniquesql:jmoller@unisa.ac.za
ajax;20060328 03:22:33;/accounts/createaccount.php;validate:required:User Support
ajax;20060328 03:22:33;/accounts/createaccount.php;validate::Instructional Designer
ajax;20060328 03:22:33;/accounts/createaccount.php;validate:required:82
ajax;20060328 03:22:33;/accounts/createaccount.php;validate::Preller street 
Mucleneuk
ajax;20060328 03:22:33;/accounts/createaccount.php;validate:namespaces:Pretoria
ajax;20060328 03:22:33;/accounts/createaccount.php;validate:namespaces:Gauteng
ajax;20060328 03:22:33;/accounts/createaccount.php;validate:namespaces:ZA
ajax;20060328 03:22:33;/accounts/createaccount.php;validate:phone:+27829029733
163.200.81.4;20060328 03:22:33;/accounts/createaccount.php;created account: jmoller (jmoller@unisa.ac.za) Moller,Johann inst=82
jmoller;20060328 03:24:30;/accounts/login.php;user logged in (internal):163.200.81.4:https://sakaiproject.org/accounts/login.php?ref=/conference/proposals/index.php&msg=You+must+login+to+register+or+submit+a+proposal+for+the+Sakai+Vancouver+conference.+If+you+do+not+have+an+account%2C+please+create+one.
ajax;20060328 03:36:36;/accounts/ajax/validate.php;validate:namespaces:ZA
ajax;20060328 03:36:36;/accounts/ajax/validate.php;validate:namespaces:Gauteng
ajax;20060328 03:36:36;/accounts/ajax/validate.php;validate:phone: 27829029733
ajax;20060328 03:36:36;/accounts/ajax/validate.php;return=ok|country|
ajax;20060328 03:36:36;/accounts/ajax/validate.php;return=ok|state|
ajax;20060328 03:36:36;/accounts/ajax/validate.php;return=ok|phone|
ajax;20060328 06:31:14;/accounts/ajax/validate.php;validate:nospaces:mayumi
ajax;20060328 06:31:14;/accounts/ajax/validate.php;validate:uniquesql:mayumi
ajax;20060328 06:31:14;/accounts/ajax/validate.php;return=ok|username|
ajax;20060328 06:31:20;/accounts/ajax/validate.php;validate:password:28540e
ajax;20060328 06:31:20;/accounts/ajax/validate.php;return=ok|password1|
ajax;20060328 06:31:22;/accounts/ajax/validate.php;validate:password:28540e
ajax;20060328 06:31:22;/accounts/ajax/validate.php;return=ok|password2|
ajax;20060328 06:31:30;/accounts/ajax/validate.php;validate:email:ueda@itc.nagoya-u.ac.jp
ajax;20060328 06:31:30;/accounts/ajax/validate.php;validate:uniquesql:ueda@itc.nagoya-u.ac.jp
ajax;20060328 06:31:30;/accounts/ajax/validate.php;return=ok|email|
ajax;20060328 06:33:59;/accounts/ajax/validate.php;validate:phone: 81-52-789-5910
ajax;20060328 06:33:59;/accounts/ajax/validate.php;return=ok|phone|
ajax;20060328 06:34:12;/accounts/createaccount.php;validate:required:mayumi
ajax;20060328 06:34:12;/accounts/createaccount.php;validate:nospaces:mayumi
ajax;20060328 06:34:12;/accounts/createaccount.php;validate:uniquesql:mayumi
ajax;20060328 06:34:12;/accounts/createaccount.php;validate:required:28540e
ajax;20060328 06:34:12;/accounts/createaccount.php;validate:password:28540e
ajax;20060328 06:34:12;/accounts/createaccount.php;validate:required:28540e
ajax;20060328 06:34:12;/accounts/createaccount.php;validate:password:28540e
ajax;20060328 06:34:12;/accounts/createaccount.php;validate:required:Mayumi
ajax;20060328 06:34:12;/accounts/createaccount.php;validate:required:Ueda
ajax;20060328 06:34:12;/accounts/createaccount.php;validate:required:ueda@itc.nagoya-u.ac.jp
ajax;20060328 06:34:12;/accounts/createaccount.php;validate:email:ueda@itc.nagoya-u.ac.jp
ajax;20060328 06:34:12;/accounts/createaccount.php;validate:uniquesql:ueda@itc.nagoya-u.ac.jp
ajax;20060328 06:34:12;/accounts/createaccount.php;validate:required:Faculty
ajax;20060328 06:34:12;/accounts/createaccount.php;validate:required:32
ajax;20060328 06:34:12;/accounts/createaccount.php;validate:phone:+81-52-789-5910
ajax;20060328 06:34:12;/accounts/createaccount.php;validate:phone:+81-52-789-5910
133.6.202.121;20060328 06:34:12;/accounts/createaccount.php;created account: mayumi (ueda@itc.nagoya-u.ac.jp) Ueda,Mayumi inst=32
ajax;20060328 07:29:10;/accounts/ajax/validate.php;validate:namespaces:Lancashire
ajax;20060328 07:29:10;/accounts/ajax/validate.php;return=ok|state|
ajax;20060328 07:29:10;/accounts/ajax/validate.php;validate:namespaces:GB
ajax;20060328 07:29:10;/accounts/ajax/validate.php;return=ok|country|
ajax;20060328 07:29:10;/accounts/ajax/validate.php;validate:phone: 44 1524594047
ajax;20060328 07:29:10;/accounts/ajax/validate.php;return=ok|phone|
mayumi;20060328 07:29:21;/accounts/login.php;user logged in (internal):133.6.202.121:https://sakaiproject.org/accounts/login.php
ajax;20060328 07:30:00;/accounts/ajax/validate.php;validate:email:p.dolby@lancaster.ac.uk
ajax;20060328 07:30:00;/accounts/ajax/validate.php;return=ok|delegate|
ajax;20060328 09:35:15;/accounts/ajax/validate.php;validate:nospaces:petshark
ajax;20060328 09:35:15;/accounts/ajax/validate.php;validate:uniquesql:petshark
ajax;20060328 09:35:15;/accounts/ajax/validate.php;return=ok|username|
ajax;20060328 09:35:21;/accounts/ajax/validate.php;validate:password:beaker
ajax;20060328 09:35:21;/accounts/ajax/validate.php;return=ok|password1|
ajax;20060328 09:35:24;/accounts/ajax/validate.php;validate:password:beaker
ajax;20060328 09:35:25;/accounts/ajax/validate.php;return=ok|password2|
ajax;20060328 09:35:41;/accounts/ajax/validate.php;validate:email:andrew.zygmunt@yale.edu
ajax;20060328 09:35:41;/accounts/ajax/validate.php;validate:uniquesql:andrew.zygmunt@yale.edu
ajax;20060328 09:35:41;/accounts/ajax/validate.php;return=ok|email|
ajax;20060328 09:36:13;/accounts/createaccount.php;validate:required:petshark
ajax;20060328 09:36:13;/accounts/createaccount.php;validate:nospaces:petshark
ajax;20060328 09:36:13;/accounts/createaccount.php;validate:uniquesql:petshark
ajax;20060328 09:36:13;/accounts/createaccount.php;validate:required:beaker
ajax;20060328 09:36:13;/accounts/createaccount.php;validate:password:beaker
ajax;20060328 09:36:13;/accounts/createaccount.php;validate:required:beaker
ajax;20060328 09:36:13;/accounts/createaccount.php;validate:password:beaker
ajax;20060328 09:36:13;/accounts/createaccount.php;validate:required:Andrew
ajax;20060328 09:36:13;/accounts/createaccount.php;validate:required:Zygmunt
ajax;20060328 09:36:13;/accounts/createaccount.php;validate:required:andrew.zygmunt@yale.edu
ajax;20060328 09:36:13;/accounts/createaccount.php;validate:email:andrew.zygmunt@yale.edu
ajax;20060328 09:36:13;/accounts/createaccount.php;validate:uniquesql:andrew.zygmunt@yale.edu
ajax;20060328 09:36:13;/accounts/createaccount.php;validate:required:Developer/Programmer
ajax;20060328 09:36:13;/accounts/createaccount.php;validate:required:91
130.132.168.8;20060328 09:36:13;/accounts/createaccount.php;created account: petshark (andrew.zygmunt@yale.edu) Zygmunt,Andrew inst=91
petshark;20060328 09:36:51;/accounts/login.php;user logged in (internal):130.132.168.8:https://sakaiproject.org/accounts/login.php
ajax;20060328 09:37:25;/accounts/ajax/validate.php;validate:namespaces:CT
ajax;20060328 09:37:25;/accounts/ajax/validate.php;return=ok|state|
ajax;20060328 09:37:35;/accounts/ajax/validate.php;validate:zipcode:06520
ajax;20060328 09:37:35;/accounts/ajax/validate.php;return=ok|zip|
ajax;20060328 09:37:36;/accounts/ajax/validate.php;validate:namespaces:US
ajax;20060328 09:37:36;/accounts/ajax/validate.php;return=ok|country|
ajax;20060328 09:37:49;/accounts/ajax/validate.php;validate:phone:203-432-9745
ajax;20060328 09:37:49;/accounts/ajax/validate.php;return=ok|phone|
suiyy;20060328 09:50:38;/accounts/login.php;user logged in (internal):141.213.113.202:https://sakaiproject.org/accounts/login.php?ref=/conference/proposals/index.php&msg=You+must+login+to+register+or+submit+a+proposal+for+the+Sakai+Vancouver+conference.+If+you+do+not+have+an+account%2C+please+create+one.
141.211.184.50;20060328 09:54:26;/accounts/forgot_password.php;password reset: steasley@umich.edu
steasley;20060328 10:00:54;/accounts/login.php;user logged in (internal):141.211.184.50:https://sakaiproject.org/accounts/login.php?ref=/conference/registration/index.php&msg=You+must+login+to+register+or+submit+a+proposal+for+the+Sakai+Vancouver+conference.+If+you+do+not+have+an+account%2C+please+create+one.
ajax;20060328 10:00:54;/accounts/ajax/validate.php;validate:namespaces:MI
ajax;20060328 10:00:54;/accounts/ajax/validate.php;return=ok|state|
ajax;20060328 10:00:54;/accounts/ajax/validate.php;validate:zipcode:48109-2112
ajax;20060328 10:00:54;/accounts/ajax/validate.php;return=ok|zip|
ajax;20060328 10:00:54;/accounts/ajax/validate.php;validate:namespaces:US
ajax;20060328 10:00:54;/accounts/ajax/validate.php;return=ok|country|
ajax;20060328 10:00:54;/accounts/ajax/validate.php;validate:phone:734-763-8124
ajax;20060328 10:00:54;/accounts/ajax/validate.php;return=ok|phone|
ajax;20060328 10:00:54;/accounts/ajax/validate.php;validate:phone:734-647-8045
ajax;20060328 10:00:54;/accounts/ajax/validate.php;return=ok|fax|
ajax;20060328 10:01:00;/accounts/ajax/validate.php;validate:email:steasley@umich.edu
ajax;20060328 10:01:00;/accounts/ajax/validate.php;validate:uniquesql:steasley@umich.edu
ajax;20060328 10:01:00;/accounts/ajax/validate.php;return=ok|email|
ajax;20060328 10:01:00;/accounts/ajax/validate.php;validate:namespaces:Ann Arbor
ajax;20060328 10:01:00;/accounts/ajax/validate.php;return=ok|city|
ajax;20060328 10:01:00;/accounts/ajax/validate.php;validate:namespaces:MI
ajax;20060328 10:01:00;/accounts/ajax/validate.php;return=ok|state|
ajax;20060328 10:01:00;/accounts/ajax/validate.php;validate:zipcode:48109-2112
ajax;20060328 10:01:00;/accounts/ajax/validate.php;return=ok|zipcode|
ajax;20060328 10:01:00;/accounts/ajax/validate.php;validate:namespaces:US
ajax;20060328 10:01:00;/accounts/ajax/validate.php;return=ok|country|
ajax;20060328 10:01:00;/accounts/ajax/validate.php;validate:phone:734-763-8124
ajax;20060328 10:01:00;/accounts/ajax/validate.php;validate:phone:734-647-8045
ajax;20060328 10:01:00;/accounts/ajax/validate.php;return=ok|phone|
ajax;20060328 10:01:00;/accounts/ajax/validate.php;return=ok|fax|
ajax;20060328 10:01:18;/accounts/ajax/validate.php;validate:password:quilts
ajax;20060328 10:01:18;/accounts/ajax/validate.php;return=ok|password1|
ajax;20060328 10:01:22;/accounts/ajax/validate.php;validate:password:quilts
ajax;20060328 10:01:22;/accounts/ajax/validate.php;return=ok|password2|
ajax;20060328 10:01:22;/accounts/myaccount.php;validate:password:quilts
ajax;20060328 10:01:22;/accounts/myaccount.php;validate:password:quilts
ajax;20060328 10:01:22;/accounts/myaccount.php;validate:required:Stephanie
ajax;20060328 10:01:22;/accounts/myaccount.php;validate:required:Teasley
ajax;20060328 10:01:22;/accounts/myaccount.php;validate:required:steasley@umich.edu
ajax;20060328 10:01:22;/accounts/myaccount.php;validate:email:steasley@umich.edu
ajax;20060328 10:01:22;/accounts/myaccount.php;validate:uniquesql:steasley@umich.edu
ajax;20060328 10:01:22;/accounts/myaccount.php;validate:required:Faculty
ajax;20060328 10:01:22;/accounts/myaccount.php;validate::User Support
ajax;20060328 10:01:22;/accounts/myaccount.php;validate:required:76
ajax;20060328 10:01:22;/accounts/myaccount.php;validate::1075 Beal Ave.
ajax;20060328 10:01:22;/accounts/myaccount.php;validate:namespaces:Ann Arbor
ajax;20060328 10:01:22;/accounts/myaccount.php;validate:namespaces:MI
ajax;20060328 10:01:22;/accounts/myaccount.php;validate:zipcode:48109-2112
ajax;20060328 10:01:22;/accounts/myaccount.php;validate:namespaces:US
ajax;20060328 10:01:22;/accounts/myaccount.php;validate:phone:734-763-8124
ajax;20060328 10:01:22;/accounts/myaccount.php;validate:phone:734-647-8045
ajax;20060328 10:01:23;/accounts/ajax/validate.php;validate:email:steasley@umich.edu
ajax;20060328 10:01:23;/accounts/ajax/validate.php;validate:uniquesql:steasley@umich.edu
ajax;20060328 10:01:23;/accounts/ajax/validate.php;return=ok|email|
ajax;20060328 10:01:23;/accounts/ajax/validate.php;validate:namespaces:Ann Arbor
ajax;20060328 10:01:23;/accounts/ajax/validate.php;return=ok|city|
ajax;20060328 10:01:23;/accounts/ajax/validate.php;validate:namespaces:MI
ajax;20060328 10:01:23;/accounts/ajax/validate.php;return=ok|state|
ajax;20060328 10:01:23;/accounts/ajax/validate.php;validate:zipcode:48109-2112
ajax;20060328 10:01:23;/accounts/ajax/validate.php;return=ok|zipcode|
ajax;20060328 10:01:23;/accounts/ajax/validate.php;validate:namespaces:US
ajax;20060328 10:01:23;/accounts/ajax/validate.php;return=ok|country|
ajax;20060328 10:01:23;/accounts/ajax/validate.php;validate:phone:734-763-8124
ajax;20060328 10:01:23;/accounts/ajax/validate.php;return=ok|phone|
ajax;20060328 10:01:23;/accounts/ajax/validate.php;validate:phone:734-647-8045
ajax;20060328 10:01:23;/accounts/ajax/validate.php;return=ok|fax|
ajax;20060328 10:01:30;/accounts/ajax/validate.php;validate:email:steasley@umich.edu
ajax;20060328 10:01:30;/accounts/ajax/validate.php;validate:uniquesql:steasley@umich.edu
ajax;20060328 10:01:30;/accounts/ajax/validate.php;return=ok|email|
ajax;20060328 10:01:30;/accounts/ajax/validate.php;validate:namespaces:Ann Arbor
ajax;20060328 10:01:30;/accounts/ajax/validate.php;return=ok|city|
ajax;20060328 10:01:30;/accounts/ajax/validate.php;validate:namespaces:MI
ajax;20060328 10:01:30;/accounts/ajax/validate.php;return=ok|state|
ajax;20060328 10:01:30;/accounts/ajax/validate.php;validate:zipcode:48109-2112
ajax;20060328 10:01:30;/accounts/ajax/validate.php;return=ok|zipcode|
ajax;20060328 10:01:30;/accounts/ajax/validate.php;validate:namespaces:US
ajax;20060328 10:01:30;/accounts/ajax/validate.php;return=ok|country|
ajax;20060328 10:01:30;/accounts/ajax/validate.php;validate:phone:734-763-8124
ajax;20060328 10:01:30;/accounts/ajax/validate.php;return=ok|phone|
ajax;20060328 10:01:30;/accounts/ajax/validate.php;validate:phone:734-647-8045
ajax;20060328 10:01:30;/accounts/ajax/validate.php;return=ok|fax|
ajax;20060328 10:01:30;/accounts/ajax/validate.php;validate:namespaces:MI
ajax;20060328 10:01:30;/accounts/ajax/validate.php;validate:zipcode:48109-2112
ajax;20060328 10:01:30;/accounts/ajax/validate.php;return=ok|state|
ajax;20060328 10:01:30;/accounts/ajax/validate.php;return=ok|zip|
ajax;20060328 10:01:30;/accounts/ajax/validate.php;validate:namespaces:US
ajax;20060328 10:01:30;/accounts/ajax/validate.php;return=ok|country|
ajax;20060328 10:01:30;/accounts/ajax/validate.php;validate:phone:734-763-8124
ajax;20060328 10:01:30;/accounts/ajax/validate.php;return=ok|phone|
ajax;20060328 10:01:30;/accounts/ajax/validate.php;validate:phone:734-647-8045
ajax;20060328 10:01:31;/accounts/ajax/validate.php;return=ok|fax|
ajax;20060328 10:03:50;/accounts/ajax/validate.php;validate:nospaces:dlhaines
ajax;20060328 10:03:50;/accounts/ajax/validate.php;validate:uniquesql:dlhaines
ajax;20060328 10:03:50;/accounts/ajax/validate.php;return=ok|username|
ajax;20060328 10:03:54;/accounts/ajax/validate.php;validate:password:hOwdY
ajax;20060328 10:03:54;/accounts/ajax/validate.php;return=ok|password1|
ajax;20060328 10:03:58;/accounts/ajax/validate.php;validate:password:hOwdY
ajax;20060328 10:03:58;/accounts/ajax/validate.php;return=ok|password2|
ajax;20060328 10:04:08;/accounts/ajax/validate.php;validate:email:dlhaines@umich.edu
ajax;20060328 10:04:08;/accounts/ajax/validate.php;validate:uniquesql:dlhaines@umich.edu
ajax;20060328 10:04:08;/accounts/ajax/validate.php;return=ok|email|
ajax;20060328 10:10:53;/accounts/ajax/validate.php;validate:namespaces:Ann Arbor
ajax;20060328 10:10:53;/accounts/ajax/validate.php;return=ok|city|
ajax;20060328 10:10:58;/accounts/ajax/validate.php;validate:namespaces:MI
ajax;20060328 10:10:58;/accounts/ajax/validate.php;return=ok|state|
ajax;20060328 10:11:03;/accounts/ajax/validate.php;validate:zipcode:48109
ajax;20060328 10:11:03;/accounts/ajax/validate.php;return=ok|zipcode|
ajax;20060328 10:11:44;/accounts/ajax/validate.php;validate:namespaces:US
ajax;20060328 10:11:44;/accounts/ajax/validate.php;return=ok|country|
ajax;20060328 10:12:04;/accounts/ajax/validate.php;validate:phone:(734) 615-2556
ajax;20060328 10:12:04;/accounts/ajax/validate.php;return=ok|phone|
steasley;20060328 10:21:44;/accounts/login.php;user logged in (internal):141.211.184.50:https://sakaiproject.org/accounts/login.php?ref=/conference/proposals/index.php&msg=You+must+login+to+register+or+submit+a+proposal+for+the+Sakai+Vancouver+conference.+If+you+do+not+have+an+account%2C+please+create+one.
ajax;20060328 10:26:17;/accounts/createaccount.php;validate:required:dlhaines
ajax;20060328 10:26:17;/accounts/createaccount.php;validate:nospaces:dlhaines
ajax;20060328 10:26:17;/accounts/createaccount.php;validate:uniquesql:dlhaines
ajax;20060328 10:26:17;/accounts/createaccount.php;validate:required:hOwdY
ajax;20060328 10:26:17;/accounts/createaccount.php;validate:password:hOwdY
ajax;20060328 10:26:17;/accounts/createaccount.php;validate:required:hOwdY
ajax;20060328 10:26:17;/accounts/createaccount.php;validate:password:hOwdY
ajax;20060328 10:26:17;/accounts/createaccount.php;validate:required:David
ajax;20060328 10:26:17;/accounts/createaccount.php;validate:required:Haines
ajax;20060328 10:26:17;/accounts/createaccount.php;validate:required:dlhaines@umich.edu
ajax;20060328 10:26:17;/accounts/createaccount.php;validate:email:dlhaines@umich.edu
ajax;20060328 10:26:17;/accounts/createaccount.php;validate:uniquesql:dlhaines@umich.edu
ajax;20060328 10:26:17;/accounts/createaccount.php;validate:required:Developer/Programmer
ajax;20060328 10:26:17;/accounts/createaccount.php;validate::Implementor
ajax;20060328 10:26:17;/accounts/createaccount.php;validate:required:76
ajax;20060328 10:26:17;/accounts/createaccount.php;validate::Digital Media Commons
3350 Duderstadt Center
2281 Bonisteel Boulevard
ajax;20060328 10:26:17;/accounts/createaccount.php;validate:namespaces:Ann Arbor
ajax;20060328 10:26:17;/accounts/createaccount.php;validate:namespaces:MI
ajax;20060328 10:26:17;/accounts/createaccount.php;validate:zipcode:48109
ajax;20060328 10:26:17;/accounts/createaccount.php;validate:namespaces:US
ajax;20060328 10:26:17;/accounts/createaccount.php;validate:phone:(734) 615-2556
141.213.113.20;20060328 10:26:17;/accounts/createaccount.php;created account: dlhaines (dlhaines@umich.edu) Haines,David inst=76
ajax;20060328 10:36:26;/accounts/ajax/validate.php;validate:namespaces:MI
ajax;20060328 10:36:26;/accounts/ajax/validate.php;validate:zipcode:48103
ajax;20060328 10:36:26;/accounts/ajax/validate.php;return=ok|state|
ajax;20060328 10:36:26;/accounts/ajax/validate.php;return=ok|zip|
ajax;20060328 10:36:26;/accounts/ajax/validate.php;validate:namespaces:US
ajax;20060328 10:36:26;/accounts/ajax/validate.php;validate:phone:734-763-2411
ajax;20060328 10:36:26;/accounts/ajax/validate.php;return=ok|country|
ajax;20060328 10:36:26;/accounts/ajax/validate.php;return=ok|phone|
dlhaines;20060328 10:37:22;/accounts/login.php;user logged in (internal):141.213.113.20:https://sakaiproject.org/accounts/login.php
ajax;20060328 10:37:31;/accounts/ajax/validate.php;validate:namespaces:MI
ajax;20060328 10:37:31;/accounts/ajax/validate.php;return=ok|state|
ajax;20060328 10:37:31;/accounts/ajax/validate.php;validate:zipcode:48109
ajax;20060328 10:37:31;/accounts/ajax/validate.php;return=ok|zip|
ajax;20060328 10:37:31;/accounts/ajax/validate.php;validate:namespaces:US
ajax;20060328 10:37:31;/accounts/ajax/validate.php;return=ok|country|
ajax;20060328 10:37:31;/accounts/ajax/validate.php;validate:phone:(734) 615-2556
ajax;20060328 10:37:31;/accounts/ajax/validate.php;return=ok|phone|
jholtzman@berkeley.edu;20060328 10:56:19;/accounts/login.php;user logged in (internal):128.32.79.233:https://sakaiproject.org/accounts/login.php?ref=/conference/proposals/index.php&msg=You+must+login+to+register+or+submit+a+proposal+for+the+Sakai+Vancouver+conference.+If+you+do+not+have+an+account%2C+please+create+one.
ajax;20060328 11:34:09;/accounts/ajax/validate.php;validate:nospaces:jcasey
ajax;20060328 11:34:09;/accounts/ajax/validate.php;validate:uniquesql:jcasey
ajax;20060328 11:34:09;/accounts/ajax/validate.php;return=ok|username|
ajax;20060328 11:34:12;/accounts/ajax/validate.php;validate:password:aspin!
ajax;20060328 11:34:12;/accounts/ajax/validate.php;return=ok|password1|
ajax;20060328 11:34:15;/accounts/ajax/validate.php;validate:password:aspin!
ajax;20060328 11:34:15;/accounts/ajax/validate.php;return=ok|password2|
ajax;20060328 11:34:25;/accounts/ajax/validate.php;validate:email:jim.c@asu.edu
ajax;20060328 11:34:25;/accounts/ajax/validate.php;validate:uniquesql:jim.c@asu.edu
ajax;20060328 11:34:25;/accounts/ajax/validate.php;return=ok|email|
ajax;20060328 11:34:56;/accounts/createaccount.php;validate:required:jcasey
ajax;20060328 11:34:56;/accounts/createaccount.php;validate:nospaces:jcasey
ajax;20060328 11:34:56;/accounts/createaccount.php;validate:uniquesql:jcasey
ajax;20060328 11:34:56;/accounts/createaccount.php;validate:required:aspin!
ajax;20060328 11:34:56;/accounts/createaccount.php;validate:password:aspin!
ajax;20060328 11:34:56;/accounts/createaccount.php;validate:required:aspin!
ajax;20060328 11:34:56;/accounts/createaccount.php;validate:password:aspin!
ajax;20060328 11:34:56;/accounts/createaccount.php;validate:required:Jim
ajax;20060328 11:34:56;/accounts/createaccount.php;validate:required:Casey
ajax;20060328 11:34:56;/accounts/createaccount.php;validate:required:jim.c@asu.edu
ajax;20060328 11:34:56;/accounts/createaccount.php;validate:email:jim.c@asu.edu
ajax;20060328 11:34:56;/accounts/createaccount.php;validate:uniquesql:jim.c@asu.edu
ajax;20060328 11:34:56;/accounts/createaccount.php;validate:required:Manager
ajax;20060328 11:34:56;/accounts/createaccount.php;validate::Instructional Technologist
ajax;20060328 11:34:56;/accounts/createaccount.php;validate:required:3
149.169.200.61;20060328 11:34:56;/accounts/createaccount.php;created account: jcasey (jim.c@asu.edu) Casey,Jim inst=3
jcasey;20060328 12:51:27;/accounts/login.php;user logged in (internal):149.169.200.61:https://sakaiproject.org/accounts/login.php
ajax;20060328 12:51:34;/accounts/ajax/validate.php;validate:email:jim.c@asu.edu
ajax;20060328 12:51:35;/accounts/ajax/validate.php;validate:uniquesql:jim.c@asu.edu
ajax;20060328 12:51:35;/accounts/ajax/validate.php;return=ok|email|
ajax;20060328 12:51:41;/accounts/ajax/validate.php;validate:password:skipper
ajax;20060328 12:51:41;/accounts/ajax/validate.php;return=ok|password1|
ajax;20060328 12:51:45;/accounts/ajax/validate.php;validate:password:skipper
ajax;20060328 12:51:45;/accounts/ajax/validate.php;return=ok|password2|
ajax;20060328 12:51:45;/accounts/myaccount.php;validate:password:skipper
ajax;20060328 12:51:45;/accounts/myaccount.php;validate:password:skipper
ajax;20060328 12:51:45;/accounts/myaccount.php;validate:required:Jim
ajax;20060328 12:51:45;/accounts/myaccount.php;validate:required:Casey
ajax;20060328 12:51:45;/accounts/myaccount.php;validate:required:jim.c@asu.edu
ajax;20060328 12:51:45;/accounts/myaccount.php;validate:email:jim.c@asu.edu
ajax;20060328 12:51:45;/accounts/myaccount.php;validate:uniquesql:jim.c@asu.edu
ajax;20060328 12:51:45;/accounts/myaccount.php;validate:required:Manager
ajax;20060328 12:51:45;/accounts/myaccount.php;validate::Instructional Technologist
ajax;20060328 12:51:45;/accounts/myaccount.php;validate:required:3
ajax;20060328 12:51:46;/accounts/ajax/validate.php;validate:email:jim.c@asu.edu
ajax;20060328 12:51:46;/accounts/ajax/validate.php;validate:uniquesql:jim.c@asu.edu
ajax;20060328 12:51:46;/accounts/ajax/validate.php;return=ok|email|
ajax;20060328 12:52:15;/accounts/ajax/validate.php;validate:namespaces:AZ
ajax;20060328 12:52:15;/accounts/ajax/validate.php;return=ok|state|
ajax;20060328 12:52:25;/accounts/ajax/validate.php;validate:zipcode:85287-0101
ajax;20060328 12:52:25;/accounts/ajax/validate.php;return=ok|zip|
ajax;20060328 12:52:26;/accounts/ajax/validate.php;validate:namespaces:US
ajax;20060328 12:52:26;/accounts/ajax/validate.php;return=ok|country|
ajax;20060328 12:52:36;/accounts/ajax/validate.php;validate:phone:480-965-8437
ajax;20060328 12:52:36;/accounts/ajax/validate.php;return=ok|phone|
32.97.110.142;20060328 13:05:54;/accounts/forgot_password.php;password reset: cirving@ca.ibm.com
cirving;20060328 13:06:22;/accounts/login.php;user logged in (internal):32.97.110.142:https://sakaiproject.org/accounts/login.php
ajax;20060328 13:06:31;/accounts/ajax/validate.php;validate:email:cirving@ca.ibm.com
ajax;20060328 13:06:31;/accounts/ajax/validate.php;validate:uniquesql:cirving@ca.ibm.com
ajax;20060328 13:06:31;/accounts/ajax/validate.php;return=ok|email|
ajax;20060328 13:06:32;/accounts/ajax/validate.php;validate:namespaces:Poughkeepsie
ajax;20060328 13:06:32;/accounts/ajax/validate.php;return=ok|city|
ajax;20060328 13:06:32;/accounts/ajax/validate.php;validate:namespaces:NY
ajax;20060328 13:06:32;/accounts/ajax/validate.php;return=ok|state|
ajax;20060328 13:06:32;/accounts/ajax/validate.php;validate:zipcode:12601
ajax;20060328 13:06:32;/accounts/ajax/validate.php;return=ok|zipcode|
ajax;20060328 13:06:32;/accounts/ajax/validate.php;validate:namespaces:US
ajax;20060328 13:06:32;/accounts/ajax/validate.php;return=ok|country|
ajax;20060328 13:06:32;/accounts/ajax/validate.php;validate:phone:845-575-3000
ajax;20060328 13:06:32;/accounts/ajax/validate.php;return=ok|phone|
ajax;20060328 13:06:35;/accounts/ajax/validate.php;validate:password:ev1lguys
ajax;20060328 13:06:35;/accounts/ajax/validate.php;return=ok|password1|
ajax;20060328 13:06:39;/accounts/ajax/validate.php;validate:password:ev1lguys
ajax;20060328 13:06:39;/accounts/ajax/validate.php;return=ok|password2|
ajax;20060328 13:06:40;/accounts/myaccount.php;validate:password:ev1lguys
ajax;20060328 13:06:40;/accounts/myaccount.php;validate:password:ev1lguys
ajax;20060328 13:06:40;/accounts/myaccount.php;validate:required:Chris
ajax;20060328 13:06:40;/accounts/myaccount.php;validate:required:Irving
ajax;20060328 13:06:40;/accounts/myaccount.php;validate:required:cirving@ca.ibm.com
ajax;20060328 13:06:40;/accounts/myaccount.php;validate:email:cirving@ca.ibm.com
ajax;20060328 13:06:40;/accounts/myaccount.php;validate:uniquesql:cirving@ca.ibm.com
ajax;20060328 13:06:40;/accounts/myaccount.php;validate:required:Developer/Programmer
ajax;20060328 13:06:40;/accounts/myaccount.php;validate:required:29
ajax;20060328 13:06:40;/accounts/myaccount.php;validate::3399 North Road
ajax;20060328 13:06:40;/accounts/myaccount.php;validate:namespaces:Poughkeepsie
ajax;20060328 13:06:40;/accounts/myaccount.php;validate:namespaces:NY
ajax;20060328 13:06:40;/accounts/myaccount.php;validate:zipcode:12601
ajax;20060328 13:06:40;/accounts/myaccount.php;validate:namespaces:US
ajax;20060328 13:06:40;/accounts/myaccount.php;validate:phone:845-575-3000
ajax;20060328 13:06:41;/accounts/ajax/validate.php;validate:email:cirving@ca.ibm.com
ajax;20060328 13:06:41;/accounts/ajax/validate.php;validate:uniquesql:cirving@ca.ibm.com
ajax;20060328 13:06:41;/accounts/ajax/validate.php;return=ok|email|
ajax;20060328 13:06:41;/accounts/ajax/validate.php;validate:namespaces:NY
ajax;20060328 13:06:41;/accounts/ajax/validate.php;return=ok|state|
ajax;20060328 13:06:41;/accounts/ajax/validate.php;validate:namespaces:Poughkeepsie
ajax;20060328 13:06:41;/accounts/ajax/validate.php;return=ok|city|
ajax;20060328 13:06:41;/accounts/ajax/validate.php;validate:zipcode:12601
ajax;20060328 13:06:41;/accounts/ajax/validate.php;return=ok|zipcode|
ajax;20060328 13:06:41;/accounts/ajax/validate.php;validate:namespaces:US
ajax;20060328 13:06:41;/accounts/ajax/validate.php;return=ok|country|
ajax;20060328 13:06:41;/accounts/ajax/validate.php;validate:phone:845-575-3000
ajax;20060328 13:06:41;/accounts/ajax/validate.php;return=ok|phone|
cirving;20060328 13:06:52;/accounts/login.php;user logged in (internal):32.97.110.142:https://sakaiproject.org/accounts/login.php
ajax;20060328 13:06:57;/accounts/ajax/validate.php;validate:namespaces:NY
ajax;20060328 13:06:57;/accounts/ajax/validate.php;validate:zipcode:12601
ajax;20060328 13:06:58;/accounts/ajax/validate.php;return=ok|state|
ajax;20060328 13:06:58;/accounts/ajax/validate.php;return=ok|zip|
ajax;20060328 13:06:58;/accounts/ajax/validate.php;validate:namespaces:US
ajax;20060328 13:06:58;/accounts/ajax/validate.php;return=ok|country|
ajax;20060328 13:06:58;/accounts/ajax/validate.php;validate:phone:845-575-3000
ajax;20060328 13:06:58;/accounts/ajax/validate.php;return=ok|phone|
malaakso;20060328 14:12:19;/accounts/login.php;user logged in (internal):62.197.190.199:https://sakaiproject.org/accounts/login.php
mnotess;20060328 14:19:56;/accounts/login.php;user logged in (internal):129.79.129.60:https://sakaiproject.org/accounts/login.php?ref=/conference/proposals/index.php&msg=You+must+login+to+register+or+submit+a+proposal+for+the+Sakai+Vancouver+conference.+If+you+do+not+have+an+account%2C+please+create+one.
ajax;20060328 16:02:57;/accounts/ajax/validate.php;validate:nospaces:birdland
ajax;20060328 16:02:57;/accounts/ajax/validate.php;validate:uniquesql:birdland
ajax;20060328 16:02:57;/accounts/ajax/validate.php;return=ok|username|
ajax;20060328 16:03:20;/accounts/ajax/validate.php;validate:password:maliska
ajax;20060328 16:03:20;/accounts/ajax/validate.php;return=ok|password1|
ajax;20060328 16:03:24;/accounts/ajax/validate.php;validate:password:maliska
ajax;20060328 16:03:24;/accounts/ajax/validate.php;return=ok|password2|
gloria.hardman@yale.edu;20060328 16:03:50;/accounts/login.php;user logged in (internal):130.132.168.107:https://sakaiproject.org/accounts/login.php?ref=/conference/registration/index.php&msg=You+must+login+to+register+or+submit+a+proposal+for+the+Sakai+Vancouver+conference.+If+you+do+not+have+an+account%2C+please+create+one.
ajax;20060328 16:05:25;/accounts/ajax/validate.php;validate:namespaces:CT
ajax;20060328 16:05:25;/accounts/ajax/validate.php;return=ok|state|
ajax;20060328 16:05:38;/accounts/ajax/validate.php;validate:zipcode:06511
ajax;20060328 16:05:38;/accounts/ajax/validate.php;return=ok|zip|
ajax;20060328 16:05:39;/accounts/ajax/validate.php;validate:namespaces:US
ajax;20060328 16:05:39;/accounts/ajax/validate.php;return=ok|country|
ajax;20060328 16:05:46;/accounts/ajax/validate.php;validate:phone:203-432-8903
ajax;20060328 16:05:46;/accounts/ajax/validate.php;return=ok|phone|
ajax;20060328 16:05:59;/accounts/ajax/validate.php;validate:phone:203-436-4066
ajax;20060328 16:05:59;/accounts/ajax/validate.php;return=ok|fax|
ajax;20060328 16:06:02;/accounts/ajax/validate.php;validate:namespaces:Cambridge
ajax;20060328 16:06:02;/accounts/ajax/validate.php;return=ok|city|
ajax;20060328 16:06:06;/accounts/ajax/validate.php;validate:namespaces:MI
ajax;20060328 16:06:06;/accounts/ajax/validate.php;return=ok|state|
ajax;20060328 16:06:10;/accounts/ajax/validate.php;validate:namespaces:MA
ajax;20060328 16:06:10;/accounts/ajax/validate.php;return=ok|state|
ajax;20060328 16:06:19;/accounts/ajax/validate.php;validate:namespaces:US
ajax;20060328 16:06:19;/accounts/ajax/validate.php;return=ok|country|
ajax;20060328 16:14:42;/accounts/ajax/validate.php;validate:nospaces:dennis
ajax;20060328 16:14:42;/accounts/ajax/validate.php;validate:uniquesql:dennis
ajax;20060328 16:14:42;/accounts/ajax/validate.php;return=ok|username|
ajax;20060328 16:14:54;/accounts/ajax/validate.php;validate:password:thx1138
ajax;20060328 16:14:54;/accounts/ajax/validate.php;return=ok|password1|
ajax;20060328 16:14:57;/accounts/ajax/validate.php;validate:password:thx1138
ajax;20060328 16:14:57;/accounts/ajax/validate.php;return=ok|password2|
ajax;20060328 16:15:07;/accounts/ajax/validate.php;validate:email:dennis@pdx.edu
ajax;20060328 16:15:07;/accounts/ajax/validate.php;validate:uniquesql:dennis@pdx.edu
ajax;20060328 16:15:07;/accounts/ajax/validate.php;return=ok|email|
ajax;20060328 16:15:55;/accounts/ajax/validate.php;validate:namespaces:Portland
ajax;20060328 16:15:55;/accounts/ajax/validate.php;return=ok|city|
ajax;20060328 16:15:57;/accounts/ajax/validate.php;validate:namespaces:OR
ajax;20060328 16:15:57;/accounts/ajax/validate.php;return=ok|state|
ajax;20060328 16:16:36;/accounts/ajax/validate.php;validate:zipcode:97207-0751
ajax;20060328 16:16:36;/accounts/ajax/validate.php;return=ok|zipcode|
ajax;20060328 16:16:38;/accounts/ajax/validate.php;validate:namespaces:US
ajax;20060328 16:16:38;/accounts/ajax/validate.php;return=ok|country|
ajax;20060328 16:16:46;/accounts/ajax/validate.php;validate:phone:503 725-3250
ajax;20060328 16:16:46;/accounts/ajax/validate.php;return=ok|phone|
ajax;20060328 16:16:51;/accounts/createaccount.php;validate:required:dennis
ajax;20060328 16:16:51;/accounts/createaccount.php;validate:nospaces:dennis
ajax;20060328 16:16:51;/accounts/createaccount.php;validate:uniquesql:dennis
ajax;20060328 16:16:51;/accounts/createaccount.php;validate:required:thx1138
ajax;20060328 16:16:51;/accounts/createaccount.php;validate:password:thx1138
ajax;20060328 16:16:51;/accounts/createaccount.php;validate:required:thx1138
ajax;20060328 16:16:51;/accounts/createaccount.php;validate:password:thx1138
ajax;20060328 16:16:51;/accounts/createaccount.php;validate:required:Dennis
ajax;20060328 16:16:51;/accounts/createaccount.php;validate:required:Gilbert
ajax;20060328 16:16:51;/accounts/createaccount.php;validate:required:dennis@pdx.edu
ajax;20060328 16:16:51;/accounts/createaccount.php;validate:email:dennis@pdx.edu
ajax;20060328 16:16:51;/accounts/createaccount.php;validate:uniquesql:dennis@pdx.edu
ajax;20060328 16:16:51;/accounts/createaccount.php;validate:required:System Administrator
ajax;20060328 16:16:51;/accounts/createaccount.php;validate::Developer/Programmer
ajax;20060328 16:16:51;/accounts/createaccount.php;validate:required:39
ajax;20060328 16:16:51;/accounts/createaccount.php;validate::PO Box 751, COMP
ajax;20060328 16:16:51;/accounts/createaccount.php;validate:namespaces:Portland
ajax;20060328 16:16:51;/accounts/createaccount.php;validate:namespaces:OR
ajax;20060328 16:16:51;/accounts/createaccount.php;validate:zipcode:97207-0751
ajax;20060328 16:16:51;/accounts/createaccount.php;validate:namespaces:US
ajax;20060328 16:16:51;/accounts/createaccount.php;validate:phone:503 725-3250
131.252.134.146;20060328 16:16:51;/accounts/createaccount.php;created account: dennis (dennis@pdx.edu) Gilbert,Dennis inst=39
ajax;20060328 16:20:30;/accounts/ajax/validate.php;validate:zipcode:02139
ajax;20060328 16:20:30;/accounts/ajax/validate.php;return=ok|zipcode|
ajax;20060328 16:20:47;/accounts/ajax/validate.php;validate:phone:617.452.4039
ajax;20060328 16:20:47;/accounts/ajax/validate.php;return=ok|phone|
ajax;20060328 16:21:08;/accounts/ajax/validate.php;validate:email:merriman@MIT.EDU
ajax;20060328 16:21:08;/accounts/ajax/validate.php;validate:uniquesql:merriman@MIT.EDU
ajax;20060328 16:21:08;/accounts/ajax/validate.php;return=ok|email|
ajax;20060328 16:21:12;/accounts/createaccount.php;validate:required:birdland
ajax;20060328 16:21:12;/accounts/createaccount.php;validate:nospaces:birdland
ajax;20060328 16:21:12;/accounts/createaccount.php;validate:uniquesql:birdland
ajax;20060328 16:21:12;/accounts/createaccount.php;validate:required:maliska
ajax;20060328 16:21:12;/accounts/createaccount.php;validate:password:maliska
ajax;20060328 16:21:12;/accounts/createaccount.php;validate:required:maliska
ajax;20060328 16:21:12;/accounts/createaccount.php;validate:password:maliska
ajax;20060328 16:21:12;/accounts/createaccount.php;validate:required:Jeff
ajax;20060328 16:21:12;/accounts/createaccount.php;validate:required:Merriman
ajax;20060328 16:21:12;/accounts/createaccount.php;validate:required:merriman@MIT.EDU
ajax;20060328 16:21:12;/accounts/createaccount.php;validate:email:merriman@MIT.EDU
ajax;20060328 16:21:12;/accounts/createaccount.php;validate:uniquesql:merriman@MIT.EDU
ajax;20060328 16:21:12;/accounts/createaccount.php;validate:required:Manager
ajax;20060328 16:21:12;/accounts/createaccount.php;validate:required:30
ajax;20060328 16:21:12;/accounts/createaccount.php;validate::77 Massachusetts Ave
N42
ajax;20060328 16:21:12;/accounts/createaccount.php;validate:namespaces:Cambridge
ajax;20060328 16:21:12;/accounts/createaccount.php;validate:namespaces:MA
ajax;20060328 16:21:12;/accounts/createaccount.php;validate:zipcode:02139
ajax;20060328 16:21:12;/accounts/createaccount.php;validate:namespaces:US
ajax;20060328 16:21:12;/accounts/createaccount.php;validate:phone:617.452.4039
80.89.236.29;20060328 16:21:12;/accounts/createaccount.php;created account: birdland (merriman@MIT.EDU) Merriman,Jeff inst=30
ajax;20060328 16:37:46;/accounts/ajax/validate.php;validate:nospaces:samir
ajax;20060328 16:37:46;/accounts/ajax/validate.php;validate:uniquesql:samir
ajax;20060328 16:37:47;/accounts/ajax/validate.php;return=ok|username|
ajax;20060328 16:37:50;/accounts/ajax/validate.php;validate:password:konul
ajax;20060328 16:37:50;/accounts/ajax/validate.php;return=ok|password1|
ajax;20060328 16:37:53;/accounts/ajax/validate.php;validate:password:konul
ajax;20060328 16:37:53;/accounts/ajax/validate.php;return=ok|password2|
ajax;20060328 16:39:25;/accounts/ajax/validate.php;validate:email:samir.iskenderov@trinity.eduas
ajax;20060328 16:39:25;/accounts/ajax/validate.php;return=error|email|Invalid email address
ajax;20060328 16:39:28;/accounts/ajax/validate.php;validate:email:samir.iskenderov@trinity.edu
ajax;20060328 16:39:28;/accounts/ajax/validate.php;validate:uniquesql:samir.iskenderov@trinity.edu
ajax;20060328 16:39:28;/accounts/ajax/validate.php;return=ok|email|
ajax;20060328 16:39:31;/accounts/createaccount.php;validate:required:samir
ajax;20060328 16:39:31;/accounts/createaccount.php;validate:nospaces:samir
ajax;20060328 16:39:31;/accounts/createaccount.php;validate:uniquesql:samir
ajax;20060328 16:39:31;/accounts/createaccount.php;validate:required:konul
ajax;20060328 16:39:31;/accounts/createaccount.php;validate:password:konul
ajax;20060328 16:39:31;/accounts/createaccount.php;validate:required:konul
ajax;20060328 16:39:31;/accounts/createaccount.php;validate:password:konul
ajax;20060328 16:39:31;/accounts/createaccount.php;validate:required:Samir
ajax;20060328 16:39:31;/accounts/createaccount.php;validate:required:Iskenderov
ajax;20060328 16:39:31;/accounts/createaccount.php;validate:required:samir.iskenderov@trinity.edu
ajax;20060328 16:39:31;/accounts/createaccount.php;validate:email:samir.iskenderov@trinity.edu
ajax;20060328 16:39:31;/accounts/createaccount.php;validate:uniquesql:samir.iskenderov@trinity.edu
ajax;20060328 16:39:31;/accounts/createaccount.php;validate:required:System Administrator
ajax;20060328 16:39:31;/accounts/createaccount.php;validate::User Support
ajax;20060328 16:39:31;/accounts/createaccount.php;validate:required:Trinity University
131.194.30.10;20060328 16:39:31;/accounts/createaccount.php;created account: samir (samir.iskenderov@trinity.edu) Iskenderov,Samir inst=1
samir;20060328 16:40:18;/accounts/login.php;user logged in (internal):131.194.30.10:https://sakaiproject.org/accounts/login.php
birdland;20060328 16:53:30;/accounts/login.php;user logged in (internal):80.89.236.29:https://sakaiproject.org/accounts/login.php
dennis;20060328 17:05:20;/accounts/login.php;user logged in (internal):131.252.134.146:https://sakaiproject.org/accounts/login.php
ajax;20060328 17:05:25;/accounts/ajax/validate.php;validate:namespaces:OR
ajax;20060328 17:05:25;/accounts/ajax/validate.php;validate:zipcode:97207-0751
ajax;20060328 17:05:25;/accounts/ajax/validate.php;return=ok|state|
ajax;20060328 17:05:25;/accounts/ajax/validate.php;return=ok|zip|
ajax;20060328 17:05:25;/accounts/ajax/validate.php;validate:namespaces:US
ajax;20060328 17:05:25;/accounts/ajax/validate.php;validate:phone:503 725-3250
ajax;20060328 17:05:25;/accounts/ajax/validate.php;return=ok|country|
ajax;20060328 17:05:25;/accounts/ajax/validate.php;return=ok|phone|
ajax;20060328 17:12:29;/accounts/ajax/validate.php;validate:namespaces:TX
ajax;20060328 17:12:29;/accounts/ajax/validate.php;return=ok|state|
ajax;20060328 17:12:33;/accounts/ajax/validate.php;validate:nospaces:SeanMcTex
ajax;20060328 17:12:33;/accounts/ajax/validate.php;validate:uniquesql:SeanMcTex
ajax;20060328 17:12:33;/accounts/ajax/validate.php;return=ok|username|
ajax;20060328 17:12:34;/accounts/ajax/validate.php;validate:password:bmij96
ajax;20060328 17:12:34;/accounts/ajax/validate.php;return=ok|password1|
ajax;20060328 17:12:36;/accounts/ajax/validate.php;validate:password:bmij96
ajax;20060328 17:12:36;/accounts/ajax/validate.php;return=ok|password2|
ajax;20060328 17:12:52;/accounts/ajax/validate.php;validate:email:seanmctex@txstate.edu
ajax;20060328 17:12:52;/accounts/ajax/validate.php;validate:uniquesql:seanmctex@txstate.edu
ajax;20060328 17:12:52;/accounts/ajax/validate.php;return=ok|email|
ajax;20060328 17:13:51;/accounts/ajax/validate.php;validate:namespaces:US
ajax;20060328 17:13:51;/accounts/ajax/validate.php;return=ok|country|
ajax;20060328 17:13:56;/accounts/createaccount.php;validate:required:SeanMcTex
ajax;20060328 17:13:56;/accounts/createaccount.php;validate:nospaces:SeanMcTex
ajax;20060328 17:13:56;/accounts/createaccount.php;validate:uniquesql:SeanMcTex
ajax;20060328 17:13:56;/accounts/createaccount.php;validate:required:bmij96
ajax;20060328 17:13:56;/accounts/createaccount.php;validate:password:bmij96
ajax;20060328 17:13:56;/accounts/createaccount.php;validate:required:bmij96
ajax;20060328 17:13:56;/accounts/createaccount.php;validate:password:bmij96
ajax;20060328 17:13:56;/accounts/createaccount.php;validate:required:Sean
ajax;20060328 17:13:56;/accounts/createaccount.php;validate:required:McMains
ajax;20060328 17:13:56;/accounts/createaccount.php;validate:required:seanmctex@txstate.edu
ajax;20060328 17:13:56;/accounts/createaccount.php;validate:email:seanmctex@txstate.edu
ajax;20060328 17:13:56;/accounts/createaccount.php;validate:uniquesql:seanmctex@txstate.edu
ajax;20060328 17:13:56;/accounts/createaccount.php;validate:required:Developer/Programmer
ajax;20060328 17:13:56;/accounts/createaccount.php;validate:required:51
ajax;20060328 17:13:56;/accounts/createaccount.php;validate::601 University Dr
ajax;20060328 17:13:56;/accounts/createaccount.php;validate:namespaces:San Marcos
ajax;20060328 17:13:56;/accounts/createaccount.php;validate:namespaces:TX
ajax;20060328 17:13:56;/accounts/createaccount.php;validate:zipcode:78666
ajax;20060328 17:13:56;/accounts/createaccount.php;validate:namespaces:US
ajax;20060328 17:13:56;/accounts/createaccount.php;validate:phone:512 245 1652
147.26.119.170;20060328 17:13:56;/accounts/createaccount.php;created account: seanmctex (seanmctex@txstate.edu) McMains,Sean inst=51
seanmctex;20060328 17:14:15;/accounts/login.php;user logged in (internal):147.26.119.170:https://sakaiproject.org/accounts/login.php
ajax;20060328 17:14:21;/accounts/ajax/validate.php;validate:namespaces:TX
ajax;20060328 17:14:21;/accounts/ajax/validate.php;return=ok|state|
ajax;20060328 17:14:21;/accounts/ajax/validate.php;validate:zipcode:78666
ajax;20060328 17:14:21;/accounts/ajax/validate.php;return=ok|zip|
ajax;20060328 17:14:21;/accounts/ajax/validate.php;validate:namespaces:US
ajax;20060328 17:14:21;/accounts/ajax/validate.php;return=ok|country|
ajax;20060328 17:14:21;/accounts/ajax/validate.php;validate:phone:512 245 1652
ajax;20060328 17:14:21;/accounts/ajax/validate.php;return=ok|phone|
shardin;20060328 17:19:54;/accounts/login.php;user logged in (internal):204.244.68.139:https://sakaiproject.org/accounts/login.php
amorrone;20060328 17:32:23;/accounts/login.php;user logged in (internal):134.68.174.104:https://sakaiproject.org/accounts/login.php?ref=/conference/proposals/index.php&msg=You+must+login+to+register+or+submit+a+proposal+for+the+Sakai+Vancouver+conference.+If+you+do+not+have+an+account%2C+please+create+one.
ajax;20060328 18:15:48;/accounts/ajax/validate.php;validate:nospaces:santijim
ajax;20060328 18:15:48;/accounts/ajax/validate.php;validate:uniquesql:santijim
ajax;20060328 18:15:48;/accounts/ajax/validate.php;return=ok|username|
ajax;20060328 18:15:50;/accounts/ajax/validate.php;validate:password:parker
ajax;20060328 18:15:50;/accounts/ajax/validate.php;return=ok|password1|
ajax;20060328 18:15:52;/accounts/ajax/validate.php;validate:password:parker
ajax;20060328 18:15:52;/accounts/ajax/validate.php;return=ok|password2|
ajax;20060328 18:16:00;/accounts/ajax/validate.php;validate:email:sr03@txstate.edu
ajax;20060328 18:16:00;/accounts/ajax/validate.php;validate:uniquesql:sr03@txstate.edu
ajax;20060328 18:16:00;/accounts/ajax/validate.php;return=ok|email|
ajax;20060328 18:16:37;/accounts/ajax/validate.php;validate:namespaces:San Marcos
ajax;20060328 18:16:37;/accounts/ajax/validate.php;return=ok|city|
ajax;20060328 18:16:42;/accounts/ajax/validate.php;validate:zipcode:78666
ajax;20060328 18:16:42;/accounts/ajax/validate.php;return=ok|zipcode|
ajax;20060328 18:16:48;/accounts/ajax/validate.php;validate:namespaces:TX
ajax;20060328 18:16:48;/accounts/ajax/validate.php;return=ok|state|
ajax;20060328 18:16:51;/accounts/ajax/validate.php;validate:namespaces:US
ajax;20060328 18:16:51;/accounts/ajax/validate.php;return=ok|country|
ajax;20060328 18:17:01;/accounts/ajax/validate.php;validate:phone:512-245-2319
ajax;20060328 18:17:01;/accounts/ajax/validate.php;return=ok|phone|
ajax;20060328 18:17:06;/accounts/createaccount.php;validate:required:santijim
ajax;20060328 18:17:06;/accounts/createaccount.php;validate:nospaces:santijim
ajax;20060328 18:17:06;/accounts/createaccount.php;validate:uniquesql:santijim
ajax;20060328 18:17:06;/accounts/createaccount.php;validate:required:parker
ajax;20060328 18:17:06;/accounts/createaccount.php;validate:password:parker
ajax;20060328 18:17:06;/accounts/createaccount.php;validate:required:parker
ajax;20060328 18:17:06;/accounts/createaccount.php;validate:password:parker
ajax;20060328 18:17:06;/accounts/createaccount.php;validate:required:Jimmy
ajax;20060328 18:17:06;/accounts/createaccount.php;validate:required:Rico
ajax;20060328 18:17:06;/accounts/createaccount.php;validate:required:sr03@txstate.edu
ajax;20060328 18:17:06;/accounts/createaccount.php;validate:email:sr03@txstate.edu
ajax;20060328 18:17:06;/accounts/createaccount.php;validate:uniquesql:sr03@txstate.edu
ajax;20060328 18:17:06;/accounts/createaccount.php;validate:required:User Support
ajax;20060328 18:17:06;/accounts/createaccount.php;validate::Manager
ajax;20060328 18:17:06;/accounts/createaccount.php;validate:required:51
ajax;20060328 18:17:06;/accounts/createaccount.php;validate::601 University Drive
ajax;20060328 18:17:06;/accounts/createaccount.php;validate:namespaces:San Marcos
ajax;20060328 18:17:06;/accounts/createaccount.php;validate:namespaces:TX
ajax;20060328 18:17:06;/accounts/createaccount.php;validate:zipcode:78666
ajax;20060328 18:17:06;/accounts/createaccount.php;validate:namespaces:US
ajax;20060328 18:17:06;/accounts/createaccount.php;validate:phone:512-245-2319
147.26.118.232;20060328 18:17:06;/accounts/createaccount.php;created account: santijim (sr03@txstate.edu) Rico,Jimmy inst=51
santijim;20060328 18:17:41;/accounts/login.php;user logged in (internal):147.26.118.232:https://sakaiproject.org/accounts/login.php
ajax;20060328 18:17:58;/accounts/ajax/validate.php;validate:namespaces:TX
ajax;20060328 18:17:58;/accounts/ajax/validate.php;return=ok|state|
ajax;20060328 18:17:58;/accounts/ajax/validate.php;validate:zipcode:78666
ajax;20060328 18:17:58;/accounts/ajax/validate.php;return=ok|zip|
ajax;20060328 18:17:58;/accounts/ajax/validate.php;validate:namespaces:US
ajax;20060328 18:17:58;/accounts/ajax/validate.php;return=ok|country|
ajax;20060328 18:17:58;/accounts/ajax/validate.php;validate:phone:512-245-2319
ajax;20060328 18:17:58;/accounts/ajax/validate.php;return=ok|phone|
ajax;20060328 18:48:29;/accounts/ajax/validate.php;validate:nospaces:balsindha
ajax;20060328 18:48:29;/accounts/ajax/validate.php;validate:uniquesql:balsindha
ajax;20060328 18:48:29;/accounts/ajax/validate.php;return=ok|username|
ajax;20060328 18:48:31;/accounts/ajax/validate.php;validate:password:margaye8
ajax;20060328 18:48:31;/accounts/ajax/validate.php;return=ok|password1|
ajax;20060328 18:48:33;/accounts/ajax/validate.php;validate:password:margaye8
ajax;20060328 18:48:33;/accounts/ajax/validate.php;return=ok|password2|
ajax;20060328 18:48:42;/accounts/ajax/validate.php;validate:email:bsd@sfu.ca
ajax;20060328 18:48:42;/accounts/ajax/validate.php;validate:uniquesql:bsd@sfu.ca
ajax;20060328 18:48:42;/accounts/ajax/validate.php;return=ok|email|
ajax;20060328 18:48:47;/accounts/ajax/validate.php;validate:nospaces:bsd
ajax;20060328 18:48:47;/accounts/ajax/validate.php;validate:uniquesql:bsd
ajax;20060328 18:48:47;/accounts/ajax/validate.php;return=ok|username|
ajax;20060328 18:49:19;/accounts/createaccount.php;validate:required:bsd
ajax;20060328 18:49:19;/accounts/createaccount.php;validate:nospaces:bsd
ajax;20060328 18:49:19;/accounts/createaccount.php;validate:uniquesql:bsd
ajax;20060328 18:49:19;/accounts/createaccount.php;validate:required:margaye8
ajax;20060328 18:49:19;/accounts/createaccount.php;validate:password:margaye8
ajax;20060328 18:49:19;/accounts/createaccount.php;validate:required:margaye8
ajax;20060328 18:49:19;/accounts/createaccount.php;validate:password:margaye8
ajax;20060328 18:49:19;/accounts/createaccount.php;validate:required:Baljeet
ajax;20060328 18:49:19;/accounts/createaccount.php;validate:required:Dhaliwal
ajax;20060328 18:49:19;/accounts/createaccount.php;validate:required:bsd@sfu.ca
ajax;20060328 18:49:19;/accounts/createaccount.php;validate:email:bsd@sfu.ca
ajax;20060328 18:49:19;/accounts/createaccount.php;validate:uniquesql:bsd@sfu.ca
ajax;20060328 18:49:19;/accounts/createaccount.php;validate:required:Developer/Programmer
ajax;20060328 18:49:19;/accounts/createaccount.php;validate:required:45
209.87.57.230;20060328 18:49:19;/accounts/createaccount.php;created account: bsd (bsd@sfu.ca) Dhaliwal,Baljeet inst=45
bsd;20060328 18:49:56;/accounts/login.php;user logged in (internal):209.87.57.230:https://sakaiproject.org/accounts/login.php
ajax;20060328 18:50:32;/accounts/ajax/validate.php;validate:email:bsd@sfu.ca
ajax;20060328 18:50:32;/accounts/ajax/validate.php;validate:uniquesql:bsd@sfu.ca
ajax;20060328 18:50:32;/accounts/ajax/validate.php;return=ok|email|
ajax;20060328 18:50:36;/accounts/ajax/validate.php;validate:password:elincbsd
ajax;20060328 18:50:36;/accounts/ajax/validate.php;return=ok|password1|
ajax;20060328 18:50:40;/accounts/ajax/validate.php;validate:password:elincbsd
ajax;20060328 18:50:40;/accounts/ajax/validate.php;return=ok|password2|
ajax;20060328 18:50:41;/accounts/myaccount.php;validate:password:elincbsd
ajax;20060328 18:50:41;/accounts/myaccount.php;validate:password:elincbsd
ajax;20060328 18:50:41;/accounts/myaccount.php;validate:required:Baljeet
ajax;20060328 18:50:41;/accounts/myaccount.php;validate:required:Dhaliwal
ajax;20060328 18:50:41;/accounts/myaccount.php;validate:required:bsd@sfu.ca
ajax;20060328 18:50:41;/accounts/myaccount.php;validate:email:bsd@sfu.ca
ajax;20060328 18:50:41;/accounts/myaccount.php;validate:uniquesql:bsd@sfu.ca
ajax;20060328 18:50:41;/accounts/myaccount.php;validate:required:Developer/Programmer
ajax;20060328 18:50:41;/accounts/myaccount.php;validate:required:45
ajax;20060328 18:51:25;/accounts/ajax/validate.php;validate:namespaces:BC
ajax;20060328 18:51:25;/accounts/ajax/validate.php;return=ok|state|
ajax;20060328 18:51:32;/accounts/ajax/validate.php;validate:zipcode:V3T 2W1
ajax;20060328 18:51:32;/accounts/ajax/validate.php;return=ok|zip|
ajax;20060328 18:51:40;/accounts/ajax/validate.php;validate:namespaces:CA
ajax;20060328 18:51:40;/accounts/ajax/validate.php;return=ok|country|
ajax;20060328 18:51:45;/accounts/ajax/validate.php;validate:phone:604 268 7449
ajax;20060328 18:51:45;/accounts/ajax/validate.php;return=ok|phone|
khascall;20060328 19:13:28;/accounts/login.php;user logged in (internal):128.135.219.138:https://sakaiproject.org/accounts/login.php
ajax;20060328 20:39:05;/accounts/ajax/validate.php;validate:nospaces:sesiddall
ajax;20060328 20:39:05;/accounts/ajax/validate.php;validate:uniquesql:sesiddall
ajax;20060328 20:39:05;/accounts/ajax/validate.php;return=ok|username|
ajax;20060328 20:39:07;/accounts/ajax/validate.php;validate:password:strombus
ajax;20060328 20:39:07;/accounts/ajax/validate.php;return=ok|password1|
ajax;20060328 20:39:09;/accounts/ajax/validate.php;validate:password:strombus
ajax;20060328 20:39:09;/accounts/ajax/validate.php;return=ok|password2|
ajax;20060328 20:39:43;/accounts/ajax/validate.php;validate:namespaces:OH
ajax;20060328 20:39:43;/accounts/ajax/validate.php;return=ok|state|
ajax;20060328 20:39:47;/accounts/ajax/validate.php;validate:zipcode:43014
ajax;20060328 20:39:47;/accounts/ajax/validate.php;return=ok|zipcode|
ajax;20060328 20:39:50;/accounts/ajax/validate.php;validate:namespaces:US
ajax;20060328 20:39:50;/accounts/ajax/validate.php;return=ok|country|
ajax;20060328 20:39:59;/accounts/ajax/validate.php;validate:phone:505-505-5050
ajax;20060328 20:39:59;/accounts/ajax/validate.php;return=ok|phone|
ajax;20060328 20:40:07;/accounts/ajax/validate.php;validate:phone:505-555-2345
ajax;20060328 20:40:07;/accounts/ajax/validate.php;return=ok|fax|
ajax;20060328 20:40:10;/accounts/ajax/validate.php;validate:email:siddall@longsight.com
ajax;20060328 20:40:10;/accounts/ajax/validate.php;validate:uniquesql:siddall@longsight.com
ajax;20060328 20:40:10;/accounts/ajax/validate.php;return=ok|email|
