ajax;20060324 07:49:32;/conference/registration/index.php;validate:required:Manager
ajax;20060324 07:49:32;/conference/registration/index.php;validate::System Administrator
ajax;20060324 07:49:32;/conference/registration/index.php;validate:required:4251 Plymouth Road #1-2500
ajax;20060324 07:49:32;/conference/registration/index.php;validate:required:Ann Arbor
ajax;20060324 07:49:32;/conference/registration/index.php;validate:required:MI
ajax;20060324 07:49:32;/conference/registration/index.php;validate:namespaces:MI
ajax;20060324 07:49:32;/conference/registration/index.php;validate:zipcode:48105
ajax;20060324 07:49:32;/conference/registration/index.php;validate:required:US
ajax;20060324 07:49:32;/conference/registration/index.php;validate:namespaces:US
ajax;20060324 07:49:32;/conference/registration/index.php;validate:required:734.615.8730
ajax;20060324 07:49:32;/conference/registration/index.php;validate:phone:734.615.8730
ajax;20060324 07:49:32;/conference/registration/index.php;validate:phone:734.936.1123
ajax;20060324 07:49:32;/conference/registration/index.php;validate:required:Y
ajax;20060324 07:49:32;/conference/registration/index.php;validate:required:N
ajax;20060324 07:49:32;/conference/registration/index.php;validate:required:XX-Large
ajax;20060324 08:40:49;/conference/registration/index.php;validate:required:Developer/Programmer
ajax;20060324 08:40:49;/conference/registration/index.php;validate::System Administrator
ajax;20060324 08:40:49;/conference/registration/index.php;validate:required:Campus-IT, Roskilde University
Building 42.1
Universitetsvej 1
ajax;20060324 08:40:49;/conference/registration/index.php;validate:required:Roskilde
ajax;20060324 08:40:49;/conference/registration/index.php;validate:required:not applicable
ajax;20060324 08:40:49;/conference/registration/index.php;validate:namespaces:not applicable
ajax;20060324 08:40:49;/conference/registration/index.php;validate:zipcode:4000
ajax;20060324 08:40:49;/conference/registration/index.php;validate:required:DK
ajax;20060324 08:40:49;/conference/registration/index.php;validate:namespaces:DK
ajax;20060324 08:40:49;/conference/registration/index.php;validate:required:0045 46743850
ajax;20060324 08:40:49;/conference/registration/index.php;validate:phone:0045 46743850
ajax;20060324 08:40:49;/conference/registration/index.php;validate:phone:0045 4674 3834
ajax;20060324 08:40:49;/conference/registration/index.php;validate:required:Y
ajax;20060324 08:40:49;/conference/registration/index.php;validate:required:N
ajax;20060324 08:40:49;/conference/registration/index.php;validate:required:Large
ajax;20060324 08:40:49;/conference/registration/index.php;validate:email:gissurj@ruc.dk
ajax;20060324 08:49:31;/conference/registration/index.php;validate:required:Developer/Programmer
ajax;20060324 08:49:31;/conference/registration/index.php;validate::System Administrator
ajax;20060324 08:49:31;/conference/registration/index.php;validate:required:Campus-IT, Roskilde University
Building 42.1
Universitetsvej 1
ajax;20060324 08:49:31;/conference/registration/index.php;validate:required:Roskilde
ajax;20060324 08:49:31;/conference/registration/index.php;validate:required:not applicable
ajax;20060324 08:49:31;/conference/registration/index.php;validate:namespaces:not applicable
ajax;20060324 08:49:31;/conference/registration/index.php;validate:zipcode:04000
ajax;20060324 08:49:31;/conference/registration/index.php;validate:required:DK
ajax;20060324 08:49:31;/conference/registration/index.php;validate:namespaces:DK
ajax;20060324 08:49:31;/conference/registration/index.php;validate:required:004546743850
ajax;20060324 08:49:31;/conference/registration/index.php;validate:phone:004546743850
ajax;20060324 08:49:31;/conference/registration/index.php;validate:phone:00454674 3834
ajax;20060324 08:49:31;/conference/registration/index.php;validate:required:Y
ajax;20060324 08:49:31;/conference/registration/index.php;validate:required:N
ajax;20060324 08:49:31;/conference/registration/index.php;validate:required:Large
ajax;20060324 08:49:31;/conference/registration/index.php;validate:email:gissurj@ruc.dk
ajax;20060324 09:03:00;/conference/registration/index.php;validate:required:Developer/Programmer
ajax;20060324 09:03:00;/conference/registration/index.php;validate::Manager
ajax;20060324 09:03:00;/conference/registration/index.php;validate:required:Campus IT, Roskilde University
Building 42.1
Universitetsvej 1
ajax;20060324 09:03:00;/conference/registration/index.php;validate:required:Roskilde
ajax;20060324 09:03:00;/conference/registration/index.php;validate:required:not applicable
ajax;20060324 09:03:00;/conference/registration/index.php;validate:namespaces:not applicable
ajax;20060324 09:03:00;/conference/registration/index.php;validate:zipcode:04000
ajax;20060324 09:03:00;/conference/registration/index.php;validate:required:DK
ajax;20060324 09:03:00;/conference/registration/index.php;validate:namespaces:DK
ajax;20060324 09:03:00;/conference/registration/index.php;validate:required:004546743882
ajax;20060324 09:03:00;/conference/registration/index.php;validate:phone:004546743882
ajax;20060324 09:03:00;/conference/registration/index.php;validate:required:Y
ajax;20060324 09:03:00;/conference/registration/index.php;validate:required:N
ajax;20060324 09:03:00;/conference/registration/index.php;validate:required:X-Large
ajax;20060324 09:03:00;/conference/registration/index.php;validate:email:gissurj@ruc.dk
ajax;20060324 09:10:24;/conference/registration/index.php;validate:required:University Administration
ajax;20060324 09:10:24;/conference/registration/index.php;validate:required:DeVry Online
ajax;20060324 09:10:24;/conference/registration/index.php;validate:required:1200 E. Diehl Rd

ajax;20060324 09:10:24;/conference/registration/index.php;validate:required:Naperville
ajax;20060324 09:10:24;/conference/registration/index.php;validate:required:IL
ajax;20060324 09:10:24;/conference/registration/index.php;validate:namespaces:IL
ajax;20060324 09:10:24;/conference/registration/index.php;validate:zipcode:60563
ajax;20060324 09:10:24;/conference/registration/index.php;validate:required:US
ajax;20060324 09:10:24;/conference/registration/index.php;validate:namespaces:US
ajax;20060324 09:10:24;/conference/registration/index.php;validate:required:630-645-1070
ajax;20060324 09:10:24;/conference/registration/index.php;validate:phone:630-645-1070
ajax;20060324 09:10:24;/conference/registration/index.php;validate:phone:630-955-1294
ajax;20060324 09:10:24;/conference/registration/index.php;validate:required:Y
ajax;20060324 09:10:24;/conference/registration/index.php;validate:required:N
ajax;20060324 09:10:24;/conference/registration/index.php;validate:required:Large
ajax;20060324 09:10:55;/conference/registration/index.php;validate:required:University Administration
ajax;20060324 09:10:55;/conference/registration/index.php;validate:required:DeVry Online
ajax;20060324 09:10:55;/conference/registration/index.php;validate:required:1200 E. Diehl Rd

ajax;20060324 09:10:55;/conference/registration/index.php;validate:required:Naperville
ajax;20060324 09:10:55;/conference/registration/index.php;validate:required:IL
ajax;20060324 09:10:55;/conference/registration/index.php;validate:namespaces:IL
ajax;20060324 09:10:55;/conference/registration/index.php;validate:zipcode:60563
ajax;20060324 09:10:55;/conference/registration/index.php;validate:required:US
ajax;20060324 09:10:55;/conference/registration/index.php;validate:namespaces:US
ajax;20060324 09:10:55;/conference/registration/index.php;validate:required:630-645-1070
ajax;20060324 09:10:55;/conference/registration/index.php;validate:phone:630-645-1070
ajax;20060324 09:10:55;/conference/registration/index.php;validate:phone:630-955-1294
ajax;20060324 09:10:55;/conference/registration/index.php;validate:required:Y
ajax;20060324 09:10:55;/conference/registration/index.php;validate:required:N
ajax;20060324 09:10:55;/conference/registration/index.php;validate:required:Large
ajax;20060324 09:11:20;/conference/registration/index.php;validate:required:Developer/Programmer
ajax;20060324 09:11:20;/conference/registration/index.php;validate::Instructional Technologist
ajax;20060324 09:11:20;/conference/registration/index.php;validate:required:Instructional Technology Group
POBox 400710

ajax;20060324 09:11:20;/conference/registration/index.php;validate:required:Charlottesville
ajax;20060324 09:11:20;/conference/registration/index.php;validate:required:VA
ajax;20060324 09:11:20;/conference/registration/index.php;validate:namespaces:VA
ajax;20060324 09:11:20;/conference/registration/index.php;validate:zipcode:22904-4710
ajax;20060324 09:11:20;/conference/registration/index.php;validate:required:US
ajax;20060324 09:11:20;/conference/registration/index.php;validate:namespaces:US
ajax;20060324 09:11:20;/conference/registration/index.php;validate:required:434 924-4055
ajax;20060324 09:11:20;/conference/registration/index.php;validate:phone:434 924-4055
ajax;20060324 09:11:20;/conference/registration/index.php;validate:required:Y
ajax;20060324 09:11:20;/conference/registration/index.php;validate:required:N
ajax;20060324 09:11:20;/conference/registration/index.php;validate:required:Large
ajax;20060324 09:13:19;/conference/registration/index.php;validate:required:Faculty
ajax;20060324 09:13:19;/conference/registration/index.php;validate::Instructional Technologist
ajax;20060324 09:13:19;/conference/registration/index.php;validate:required:George Mason University / OSPI
ajax;20060324 09:13:19;/conference/registration/index.php;validate:required:2901 16th St. NW #204
ajax;20060324 09:13:19;/conference/registration/index.php;validate:required:Washington
ajax;20060324 09:13:19;/conference/registration/index.php;validate:required:DC
ajax;20060324 09:13:19;/conference/registration/index.php;validate:namespaces:DC
ajax;20060324 09:13:19;/conference/registration/index.php;validate:zipcode:20009
ajax;20060324 09:13:19;/conference/registration/index.php;validate:required:US
ajax;20060324 09:13:19;/conference/registration/index.php;validate:namespaces:US
ajax;20060324 09:13:19;/conference/registration/index.php;validate:required:(202) 270-5224
ajax;20060324 09:13:19;/conference/registration/index.php;validate:phone:(202) 270-5224
ajax;20060324 09:13:19;/conference/registration/index.php;validate:required:Y
ajax;20060324 09:13:19;/conference/registration/index.php;validate:required:N
ajax;20060324 09:13:19;/conference/registration/index.php;validate:required:XX-Large
ajax;20060324 11:24:02;/conference/registration/index.php;validate:required:User Support
ajax;20060324 11:24:02;/conference/registration/index.php;validate::Manager
ajax;20060324 11:24:02;/conference/registration/index.php;validate:required:Unicon
ajax;20060324 11:24:02;/conference/registration/index.php;validate:required:3140 North Arizona Avenue
Suite 113

ajax;20060324 11:24:02;/conference/registration/index.php;validate:required:Chandler
ajax;20060324 11:24:02;/conference/registration/index.php;validate:required:AZ
ajax;20060324 11:24:02;/conference/registration/index.php;validate:namespaces:AZ
ajax;20060324 11:24:02;/conference/registration/index.php;validate:zipcode:85248
ajax;20060324 11:24:02;/conference/registration/index.php;validate:required:US
ajax;20060324 11:24:02;/conference/registration/index.php;validate:namespaces:US
ajax;20060324 11:24:02;/conference/registration/index.php;validate:required:480-558-2420
ajax;20060324 11:24:02;/conference/registration/index.php;validate:phone:480-558-2420
ajax;20060324 11:24:02;/conference/registration/index.php;validate:required:Y
ajax;20060324 11:24:02;/conference/registration/index.php;validate:required:N
ajax;20060324 11:24:02;/conference/registration/index.php;validate:required:Medium
ajax;20060324 11:29:22;/conference/proposals/index.php;validate:required:demo
ajax;20060324 13:11:41;/conference/registration/index.php;validate:required:University Administration
ajax;20060324 13:11:41;/conference/registration/index.php;validate:required:2161 Duderstadt Center
2281 Bonisteel Blvd.
ajax;20060324 13:11:41;/conference/registration/index.php;validate:required:Ann Arbor
ajax;20060324 13:11:41;/conference/registration/index.php;validate:required:MI
ajax;20060324 13:11:41;/conference/registration/index.php;validate:namespaces:MI
ajax;20060324 13:11:41;/conference/registration/index.php;validate:zipcode:48109-2094
ajax;20060324 13:11:41;/conference/registration/index.php;validate:required:US
ajax;20060324 13:11:41;/conference/registration/index.php;validate:namespaces:US
ajax;20060324 13:11:41;/conference/registration/index.php;validate:required:734-763-0606
ajax;20060324 13:11:41;/conference/registration/index.php;validate:phone:734-763-0606
ajax;20060324 13:11:41;/conference/registration/index.php;validate:phone:734-936-3107
ajax;20060324 13:11:41;/conference/registration/index.php;validate:required:Y
ajax;20060324 13:11:41;/conference/registration/index.php;validate:required:N
ajax;20060324 13:11:41;/conference/registration/index.php;validate:required:Medium
ajax;20060324 14:21:15;/conference/registration/index.php;validate:required:Developer/Programmer
ajax;20060324 14:21:15;/conference/registration/index.php;validate:required:3350 Duderstadt Center
2281 Bonisteel Blvd
ajax;20060324 14:21:15;/conference/registration/index.php;validate:required:Ann Arbor
ajax;20060324 14:21:15;/conference/registration/index.php;validate:required:MI
ajax;20060324 14:21:15;/conference/registration/index.php;validate:namespaces:MI
ajax;20060324 14:21:15;/conference/registration/index.php;validate:zipcode:48103
ajax;20060324 14:21:15;/conference/registration/index.php;validate:required:US
ajax;20060324 14:21:15;/conference/registration/index.php;validate:namespaces:US
ajax;20060324 14:21:15;/conference/registration/index.php;validate:required:734-763-2411
ajax;20060324 14:21:15;/conference/registration/index.php;validate:phone:734-763-2411
ajax;20060324 14:21:15;/conference/registration/index.php;validate:required:Y
ajax;20060324 14:21:15;/conference/registration/index.php;validate:required:N
ajax;20060324 14:21:15;/conference/registration/index.php;validate:required:Small
ajax;20060324 14:22:53;/conference/proposals/index.php;validate:required:presentation
ajax;20060324 15:15:36;/conference/registration/index.php;validate:required:Manager
ajax;20060324 15:15:37;/conference/registration/index.php;validate::User Support
ajax;20060324 15:15:37;/conference/registration/index.php;validate:required:Rm. 118E
The 501
ajax;20060324 15:15:37;/conference/registration/index.php;validate:required:Lincoln
ajax;20060324 15:15:37;/conference/registration/index.php;validate:required:NE
ajax;20060324 15:15:37;/conference/registration/index.php;validate:namespaces:NE
ajax;20060324 15:15:37;/conference/registration/index.php;validate:zipcode:68588
ajax;20060324 15:15:37;/conference/registration/index.php;validate:required:US
ajax;20060324 15:15:37;/conference/registration/index.php;validate:namespaces:US
ajax;20060324 15:15:37;/conference/registration/index.php;validate:required:402-472-4034
ajax;20060324 15:15:37;/conference/registration/index.php;validate:phone:402-472-4034
ajax;20060324 15:15:37;/conference/registration/index.php;validate:phone:402-472-8486
ajax;20060324 15:15:37;/conference/registration/index.php;validate:required:Y
ajax;20060324 15:15:37;/conference/registration/index.php;validate:required:N
ajax;20060324 15:15:37;/conference/registration/index.php;validate:required:Large
ajax;20060324 17:14:18;/conference/proposals/index.php;validate:required:demo
ajax;20060324 17:16:10;/conference/proposals/next.php;validate:required:demo
ajax;20060324 17:16:19;/conference/proposals/next.php;validate:required:done
ajax;20060324 17:16:32;/conference/proposals/contact.php;validate:required:User Support
ajax;20060324 17:16:32;/conference/proposals/contact.php;validate:required:Unicon
ajax;20060324 17:16:32;/conference/proposals/contact.php;validate:required:3140 North Arizona Avenue
Suite 113

ajax;20060324 17:16:32;/conference/proposals/contact.php;validate:required:Chandler
ajax;20060324 17:16:32;/conference/proposals/contact.php;validate:required:AZ
ajax;20060324 17:16:32;/conference/proposals/contact.php;validate:namespaces:AZ
ajax;20060324 17:16:32;/conference/proposals/contact.php;validate:zipcode:85248
ajax;20060324 17:16:32;/conference/proposals/contact.php;validate:required:US
ajax;20060324 17:16:32;/conference/proposals/contact.php;validate:namespaces:US
ajax;20060324 17:16:32;/conference/proposals/contact.php;validate:required:480-558-2420
ajax;20060324 17:16:32;/conference/proposals/contact.php;validate:phone:480-558-2420
ajax;20060324 17:57:07;/conference/registration/index.php;validate:required:System Administrator
ajax;20060324 17:57:07;/conference/registration/index.php;validate:required:3140 N. Arizona Ave., Suite 113
ajax;20060324 17:57:07;/conference/registration/index.php;validate:required:Chandler
ajax;20060324 17:57:07;/conference/registration/index.php;validate:required:AZ
ajax;20060324 17:57:07;/conference/registration/index.php;validate:namespaces:AZ
ajax;20060324 17:57:07;/conference/registration/index.php;validate:zipcode:85225
ajax;20060324 17:57:07;/conference/registration/index.php;validate:required:US
ajax;20060324 17:57:07;/conference/registration/index.php;validate:namespaces:US
ajax;20060324 17:57:07;/conference/registration/index.php;validate:required:4809262368
ajax;20060324 17:57:07;/conference/registration/index.php;validate:phone:4809262368
ajax;20060324 17:57:07;/conference/registration/index.php;validate:phone:48055823230
ajax;20060324 17:57:07;/conference/registration/index.php;validate:required:N
ajax;20060324 17:57:07;/conference/registration/index.php;validate:required:N
ajax;20060324 17:57:07;/conference/registration/index.php;validate:required:X-Large
