ajax;20060404 09:54:54;/conference/registration/index.php;validate:required:University Administration
ajax;20060404 09:54:54;/conference/registration/index.php;validate:required:3399 North Road
ajax;20060404 09:54:54;/conference/registration/index.php;validate:required:Poughkeepsie
ajax;20060404 09:54:54;/conference/registration/index.php;validate:required:NY
ajax;20060404 09:54:54;/conference/registration/index.php;validate:namespaces:NY
ajax;20060404 09:54:54;/conference/registration/index.php;validate:zipcode:12601
ajax;20060404 09:54:54;/conference/registration/index.php;validate:required:US
ajax;20060404 09:54:54;/conference/registration/index.php;validate:namespaces:US
ajax;20060404 09:54:54;/conference/registration/index.php;validate:required:845-575-3610
ajax;20060404 09:54:54;/conference/registration/index.php;validate:phone:845-575-3610
ajax;20060404 09:54:54;/conference/registration/index.php;validate:phone:845-575-3605
ajax;20060404 09:54:54;/conference/registration/index.php;validate:required:Y
ajax;20060404 09:54:54;/conference/registration/index.php;validate:required:Y
ajax;20060404 09:54:54;/conference/registration/index.php;validate:required:Large
ajax;20060404 10:32:24;/conference/registration/index.php;validate:required:Faculty Development
ajax;20060404 10:32:24;/conference/registration/index.php;validate::User Support
ajax;20060404 10:32:24;/conference/registration/index.php;validate:required:601 University Drive
Alkek 109

ajax;20060404 10:32:24;/conference/registration/index.php;validate:required:San Marcos
ajax;20060404 10:32:24;/conference/registration/index.php;validate:required:TX
ajax;20060404 10:32:24;/conference/registration/index.php;validate:namespaces:TX
ajax;20060404 10:32:24;/conference/registration/index.php;validate:zipcode:78666
ajax;20060404 10:32:24;/conference/registration/index.php;validate:required:US
ajax;20060404 10:32:24;/conference/registration/index.php;validate:namespaces:US
ajax;20060404 10:32:24;/conference/registration/index.php;validate:required:512 245-2319
ajax;20060404 10:32:24;/conference/registration/index.php;validate:phone:512 245-2319
ajax;20060404 10:32:24;/conference/registration/index.php;validate:required:N
ajax;20060404 10:32:24;/conference/registration/index.php;validate:required:N
ajax;20060404 10:32:24;/conference/registration/index.php;validate:required:Medium
ajax;20060404 11:39:39;/conference/proposals/index.php;validate:required:presentation
ajax;20060404 12:30:31;/conference/registration/index.php;validate:required:Manager
ajax;20060404 12:30:31;/conference/registration/index.php;validate:required:6100 Main
MS 119
ajax;20060404 12:30:31;/conference/registration/index.php;validate:required:Houston
ajax;20060404 12:30:31;/conference/registration/index.php;validate:required:TX
ajax;20060404 12:30:31;/conference/registration/index.php;validate:namespaces:TX
ajax;20060404 12:30:31;/conference/registration/index.php;validate:zipcode:77005
ajax;20060404 12:30:31;/conference/registration/index.php;validate:required:US
ajax;20060404 12:30:31;/conference/registration/index.php;validate:namespaces:US
ajax;20060404 12:30:31;/conference/registration/index.php;validate:required:713-348-5687
ajax;20060404 12:30:31;/conference/registration/index.php;validate:phone:713-348-5687
ajax;20060404 12:30:31;/conference/registration/index.php;validate:required:N
ajax;20060404 12:30:31;/conference/registration/index.php;validate:required:N
ajax;20060404 12:30:31;/conference/registration/index.php;validate:required:Medium
ajax;20060404 13:19:17;/conference/registration/index.php;validate:required:University Administration
ajax;20060404 13:19:17;/conference/registration/index.php;validate:required:2903 East 5th Street
Apt. 20

ajax;20060404 13:19:17;/conference/registration/index.php;validate:required:Greenville
ajax;20060404 13:19:17;/conference/registration/index.php;validate:required:NC
ajax;20060404 13:19:17;/conference/registration/index.php;validate:namespaces:NC
ajax;20060404 13:19:17;/conference/registration/index.php;validate:zipcode:27858
ajax;20060404 13:19:17;/conference/registration/index.php;validate:required:US
ajax;20060404 13:19:17;/conference/registration/index.php;validate:namespaces:US
ajax;20060404 13:19:17;/conference/registration/index.php;validate:required:734-649-0529
ajax;20060404 13:19:17;/conference/registration/index.php;validate:phone:734-649-0529
ajax;20060404 13:19:17;/conference/registration/index.php;validate:required:Y
ajax;20060404 13:19:17;/conference/registration/index.php;validate:required:N
ajax;20060404 13:19:17;/conference/registration/index.php;validate:required:X-Large
ajax;20060404 14:13:31;/conference/registration/index.php;validate:required:Implementor
ajax;20060404 14:13:31;/conference/registration/index.php;validate:required:15 Springlea Lane

ajax;20060404 14:13:31;/conference/registration/index.php;validate:required:Chester Springs
ajax;20060404 14:13:31;/conference/registration/index.php;validate:required:PA
ajax;20060404 14:13:31;/conference/registration/index.php;validate:namespaces:PA
ajax;20060404 14:13:31;/conference/registration/index.php;validate:zipcode:19425
ajax;20060404 14:13:31;/conference/registration/index.php;validate:required:US
ajax;20060404 14:13:31;/conference/registration/index.php;validate:namespaces:US
ajax;20060404 14:13:31;/conference/registration/index.php;validate:required:484-887-1012
ajax;20060404 14:13:31;/conference/registration/index.php;validate:phone:484-887-1012
ajax;20060404 14:13:31;/conference/registration/index.php;validate:required:Y
ajax;20060404 14:13:31;/conference/registration/index.php;validate:required:N
ajax;20060404 14:13:31;/conference/registration/index.php;validate:required:Medium
ajax;20060404 14:56:28;/conference/registration/index.php;validate:required:User Support
ajax;20060404 14:56:29;/conference/registration/index.php;validate:required:21 Reeves Rd
ajax;20060404 14:56:29;/conference/registration/index.php;validate:required:Bedford
ajax;20060404 14:56:29;/conference/registration/index.php;validate:required:MA
ajax;20060404 14:56:29;/conference/registration/index.php;validate:namespaces:MA
ajax;20060404 14:56:29;/conference/registration/index.php;validate:zipcode:01730-1342
ajax;20060404 14:56:29;/conference/registration/index.php;validate:required:US
ajax;20060404 14:56:29;/conference/registration/index.php;validate:namespaces:US
ajax;20060404 14:56:29;/conference/registration/index.php;validate:required:781-275-4070
ajax;20060404 14:56:29;/conference/registration/index.php;validate:phone:781-275-4070
ajax;20060404 14:56:29;/conference/registration/index.php;validate:required:Y
ajax;20060404 14:56:29;/conference/registration/index.php;validate:required:N
ajax;20060404 14:56:29;/conference/registration/index.php;validate:required:X-Large
ajax;20060404 15:36:35;/conference/registration/index.php;validate:required:Implementor
ajax;20060404 15:36:35;/conference/registration/index.php;validate::User Support
ajax;20060404 15:36:35;/conference/registration/index.php;validate:required:535 West Michigan Street
ajax;20060404 15:36:35;/conference/registration/index.php;validate:required:Indianapolis
ajax;20060404 15:36:35;/conference/registration/index.php;validate:required:IN
ajax;20060404 15:36:35;/conference/registration/index.php;validate:namespaces:IN
ajax;20060404 15:36:35;/conference/registration/index.php;validate:zipcode:46202-5157
ajax;20060404 15:36:35;/conference/registration/index.php;validate:required:US
ajax;20060404 15:36:35;/conference/registration/index.php;validate:namespaces:US
ajax;20060404 15:36:35;/conference/registration/index.php;validate:required:317-274-3022
ajax;20060404 15:36:35;/conference/registration/index.php;validate:phone:317-274-3022
ajax;20060404 15:36:35;/conference/registration/index.php;validate:phone:317-274-3657
ajax;20060404 15:36:35;/conference/registration/index.php;validate:required:Y
ajax;20060404 15:36:35;/conference/registration/index.php;validate:required:N
ajax;20060404 15:36:35;/conference/registration/index.php;validate:required:X-Large
ajax;20060404 17:13:59;/conference/registration/index.php;validate:required:Developer/Programmer
ajax;20060404 17:13:59;/conference/registration/index.php;validate::UI Developer
ajax;20060404 17:13:59;/conference/registration/index.php;validate:required:015C Mary Gates Hall, Box 352830

ajax;20060404 17:13:59;/conference/registration/index.php;validate:required:Seattle
ajax;20060404 17:13:59;/conference/registration/index.php;validate:required:WA
ajax;20060404 17:13:59;/conference/registration/index.php;validate:namespaces:WA
ajax;20060404 17:13:59;/conference/registration/index.php;validate:zipcode:98195-2830
ajax;20060404 17:13:59;/conference/registration/index.php;validate:required:US
ajax;20060404 17:13:59;/conference/registration/index.php;validate:namespaces:US
ajax;20060404 17:13:59;/conference/registration/index.php;validate:required:2062214514
ajax;20060404 17:13:59;/conference/registration/index.php;validate:phone:2062214514
ajax;20060404 17:13:59;/conference/registration/index.php;validate:phone:2062216966
ajax;20060404 17:13:59;/conference/registration/index.php;validate:required:Y
ajax;20060404 17:13:59;/conference/registration/index.php;validate:required:Y
ajax;20060404 17:13:59;/conference/registration/index.php;validate:required:Small
ajax;20060404 17:55:09;/conference/registration/index.php;validate:required:Manager
ajax;20060404 17:55:09;/conference/registration/index.php;validate::Instructional Designer
ajax;20060404 17:55:09;/conference/registration/index.php;validate:required:175 Whitney Avenue
P.O. Box 208276
ajax;20060404 17:55:09;/conference/registration/index.php;validate:required:New Haven
ajax;20060404 17:55:09;/conference/registration/index.php;validate:required:CT
ajax;20060404 17:55:09;/conference/registration/index.php;validate:namespaces:CT
ajax;20060404 17:55:09;/conference/registration/index.php;validate:zipcode:06520-8276
ajax;20060404 17:55:09;/conference/registration/index.php;validate:required:US
ajax;20060404 17:55:09;/conference/registration/index.php;validate:namespaces:US
ajax;20060404 17:55:09;/conference/registration/index.php;validate:required:2034325229
ajax;20060404 17:55:09;/conference/registration/index.php;validate:phone:2034325229
ajax;20060404 17:55:09;/conference/registration/index.php;validate:required:Y
ajax;20060404 17:55:09;/conference/registration/index.php;validate:required:N
ajax;20060404 17:55:09;/conference/registration/index.php;validate:required:Medium
ajax;20060404 20:18:36;/conference/registration/index.php;validate:required:User Support
ajax;20060404 20:18:36;/conference/registration/index.php;validate:required:Room 20; Hill Center
110 Frelinghuysen Road

ajax;20060404 20:18:36;/conference/registration/index.php;validate:required:Piscataway
ajax;20060404 20:18:36;/conference/registration/index.php;validate:required:NJ
ajax;20060404 20:18:36;/conference/registration/index.php;validate:namespaces:NJ
ajax;20060404 20:18:36;/conference/registration/index.php;validate:zipcode:08854
ajax;20060404 20:18:36;/conference/registration/index.php;validate:required:US
ajax;20060404 20:18:36;/conference/registration/index.php;validate:namespaces:US
ajax;20060404 20:18:36;/conference/registration/index.php;validate:required:7324452293
ajax;20060404 20:18:36;/conference/registration/index.php;validate:phone:7324452293
ajax;20060404 20:18:36;/conference/registration/index.php;validate:required:Y
ajax;20060404 20:18:36;/conference/registration/index.php;validate:required:Y
ajax;20060404 20:18:36;/conference/registration/index.php;validate:required:X-Large
ajax;20060404 22:40:42;/conference/proposals/index.php;validate:required:presentation
ajax;20060404 22:40:49;/conference/proposals/index.php;validate:required:demo
