ajax;20060412 01:22:13;/conference/registration/index.php;validate:required:Faculty
ajax;20060412 01:22:13;/conference/registration/index.php;validate:required:Information Technology Center, Nagoya University
Furo-cho 1, Chikusa-ku
ajax;20060412 01:22:13;/conference/registration/index.php;validate:required:Nagoya
ajax;20060412 01:22:13;/conference/registration/index.php;validate:required:Aichi
ajax;20060412 01:22:13;/conference/registration/index.php;validate:namespaces:Aichi
ajax;20060412 01:22:13;/conference/registration/index.php;validate:required:JP
ajax;20060412 01:22:13;/conference/registration/index.php;validate:namespaces:JP
ajax;20060412 01:22:13;/conference/registration/index.php;validate:required:+81-52-789-5910
ajax;20060412 01:22:13;/conference/registration/index.php;validate:phone:+81-52-789-5910
ajax;20060412 01:22:13;/conference/registration/index.php;validate:phone:+81-52-789-5910
ajax;20060412 01:22:13;/conference/registration/index.php;validate:required:Y
ajax;20060412 01:22:13;/conference/registration/index.php;validate:required:Y
ajax;20060412 01:22:13;/conference/registration/index.php;validate:required:Small
ajax;20060412 02:08:51;/conference/registration/index.php;validate:required:Manager
ajax;20060412 02:08:52;/conference/registration/index.php;validate::Instructional Designer
ajax;20060412 02:08:52;/conference/registration/index.php;validate:required:POB 870101
ajax;20060412 02:08:52;/conference/registration/index.php;validate:required:Tempe
ajax;20060412 02:08:52;/conference/registration/index.php;validate:required:AZ
ajax;20060412 02:08:52;/conference/registration/index.php;validate:namespaces:AZ
ajax;20060412 02:08:52;/conference/registration/index.php;validate:zipcode:85287-0101
ajax;20060412 02:08:52;/conference/registration/index.php;validate:required:US
ajax;20060412 02:08:52;/conference/registration/index.php;validate:namespaces:US
ajax;20060412 02:08:52;/conference/registration/index.php;validate:required:4809655763
ajax;20060412 02:08:52;/conference/registration/index.php;validate:phone:4809655763
ajax;20060412 02:08:52;/conference/registration/index.php;validate:phone:4807276767
ajax;20060412 02:08:52;/conference/registration/index.php;validate:required:Y
ajax;20060412 02:08:52;/conference/registration/index.php;validate:required:N
ajax;20060412 02:08:52;/conference/registration/index.php;validate:required:Medium
ajax;20060412 02:34:39;/conference/registration/index.php;validate:required:Developer/Programmer
ajax;20060412 02:34:39;/conference/registration/index.php;validate:required:EMIT Japan Corporation
ajax;20060412 02:34:39;/conference/registration/index.php;validate:required:Room201 Incubation Facility, Nagoya University, 1 Furo-cho
ajax;20060412 02:34:39;/conference/registration/index.php;validate:required:Nagoya
ajax;20060412 02:34:39;/conference/registration/index.php;validate:required:Aichi
ajax;20060412 02:34:39;/conference/registration/index.php;validate:namespaces:Aichi
ajax;20060412 02:34:39;/conference/registration/index.php;validate:required:JP
ajax;20060412 02:34:39;/conference/registration/index.php;validate:namespaces:JP
ajax;20060412 02:34:39;/conference/registration/index.php;validate:required:+81-52-705-6400
ajax;20060412 02:34:39;/conference/registration/index.php;validate:phone:+81-52-705-6400
ajax;20060412 02:34:39;/conference/registration/index.php;validate:phone:+81-52-705-6401
ajax;20060412 02:34:39;/conference/registration/index.php;validate:required:Y
ajax;20060412 02:34:39;/conference/registration/index.php;validate:required:N
ajax;20060412 02:34:39;/conference/registration/index.php;validate:required:Small
ajax;20060412 02:59:36;/conference/registration/index.php;validate:required:Manager
ajax;20060412 02:59:36;/conference/registration/index.php;validate:required:IT and Media Unit
Stsockholm University
ajax;20060412 02:59:36;/conference/registration/index.php;validate:required:Stockholm
ajax;20060412 02:59:36;/conference/registration/index.php;validate:required:SE
ajax;20060412 02:59:36;/conference/registration/index.php;validate:namespaces:SE
ajax;20060412 02:59:36;/conference/registration/index.php;validate:zipcode:16831
ajax;20060412 02:59:36;/conference/registration/index.php;validate:required:SE
ajax;20060412 02:59:36;/conference/registration/index.php;validate:namespaces:SE
ajax;20060412 02:59:36;/conference/registration/index.php;validate:required:+46-8-164477
ajax;20060412 02:59:36;/conference/registration/index.php;validate:phone:+46-8-164477
ajax;20060412 02:59:36;/conference/registration/index.php;validate:required:Y
ajax;20060412 02:59:36;/conference/registration/index.php;validate:required:N
ajax;20060412 02:59:36;/conference/registration/index.php;validate:required:Medium
ajax;20060412 05:59:59;/conference/registration/index.php;validate:required:Developer/Programmer
ajax;20060412 05:59:59;/conference/registration/index.php;validate:required:Sharif University Of Technolog
ajax;20060412 05:59:59;/conference/registration/index.php;validate:required:Ashrafi Isfahani Highway, Takhti Street,Imam reza Ave,4th West Alley,No 7,unit 25
ajax;20060412 05:59:59;/conference/registration/index.php;validate:required:Tehran
ajax;20060412 05:59:59;/conference/registration/index.php;validate:required:Tehran
ajax;20060412 05:59:59;/conference/registration/index.php;validate:namespaces:Tehran
ajax;20060412 05:59:59;/conference/registration/index.php;validate:required:Tehran
ajax;20060412 05:59:59;/conference/registration/index.php;validate:namespaces:Tehran
ajax;20060412 05:59:59;/conference/registration/index.php;validate:required:09125122575
ajax;20060412 05:59:59;/conference/registration/index.php;validate:phone:09125122575
ajax;20060412 05:59:59;/conference/registration/index.php;validate:required:Y
ajax;20060412 05:59:59;/conference/registration/index.php;validate:required:Y
ajax;20060412 05:59:59;/conference/registration/index.php;validate:required:Large
ajax;20060412 06:00:55;/conference/registration/index.php;validate:required:Developer/Programmer
ajax;20060412 06:00:55;/conference/registration/index.php;validate:required:Sharif University Of Technolog
ajax;20060412 06:00:55;/conference/registration/index.php;validate:required:Ashrafi Isfahani Highway, Takhti Street,Imam reza Ave,4th West Alley,No 7,unit 25
ajax;20060412 06:00:55;/conference/registration/index.php;validate:required:Tehran
ajax;20060412 06:00:55;/conference/registration/index.php;validate:required:Tehran
ajax;20060412 06:00:55;/conference/registration/index.php;validate:namespaces:Tehran
ajax;20060412 06:00:55;/conference/registration/index.php;validate:required:IRAN
ajax;20060412 06:00:55;/conference/registration/index.php;validate:namespaces:IRAN
ajax;20060412 06:00:55;/conference/registration/index.php;validate:required:09125122575
ajax;20060412 06:00:55;/conference/registration/index.php;validate:phone:09125122575
ajax;20060412 06:00:55;/conference/registration/index.php;validate:required:Y
ajax;20060412 06:00:55;/conference/registration/index.php;validate:required:Y
ajax;20060412 06:00:55;/conference/registration/index.php;validate:required:Large
ajax;20060412 06:02:04;/conference/registration/index.php;validate:required:Developer/Programmer
ajax;20060412 06:02:04;/conference/registration/index.php;validate:required:Sharif University Of Technolog
ajax;20060412 06:02:04;/conference/registration/index.php;validate:required:No 7, unit 25, 4th West Alley, Imam reza Ave, Takhti Street, Ashrafi Isfahani Highway
ajax;20060412 06:02:04;/conference/registration/index.php;validate:required:Tehran
ajax;20060412 06:02:04;/conference/registration/index.php;validate:required:Tehran
ajax;20060412 06:02:04;/conference/registration/index.php;validate:namespaces:Tehran
ajax;20060412 06:02:04;/conference/registration/index.php;validate:required:Tehran
ajax;20060412 06:02:04;/conference/registration/index.php;validate:namespaces:Tehran
ajax;20060412 06:02:04;/conference/registration/index.php;validate:required:09125122575
ajax;20060412 06:02:04;/conference/registration/index.php;validate:phone:09125122575
ajax;20060412 06:02:04;/conference/registration/index.php;validate:required:Y
ajax;20060412 06:02:04;/conference/registration/index.php;validate:required:Y
ajax;20060412 06:02:04;/conference/registration/index.php;validate:required:Large
ajax;20060412 06:02:46;/conference/registration/index.php;validate:required:Developer/Programmer
ajax;20060412 06:02:46;/conference/registration/index.php;validate:required:Sharif University Of Technolog
ajax;20060412 06:02:46;/conference/registration/index.php;validate:required:No 7, unit 25, 4th West Alley, Imam reza Ave, Takhti Street, Ashrafi Isfahani Highway
ajax;20060412 06:02:46;/conference/registration/index.php;validate:required:Tehran
ajax;20060412 06:02:46;/conference/registration/index.php;validate:required:Tehran
ajax;20060412 06:02:46;/conference/registration/index.php;validate:namespaces:Tehran
ajax;20060412 06:02:46;/conference/registration/index.php;validate:required:Iran
ajax;20060412 06:02:46;/conference/registration/index.php;validate:namespaces:Iran
ajax;20060412 06:02:46;/conference/registration/index.php;validate:required:09125122575
ajax;20060412 06:02:46;/conference/registration/index.php;validate:phone:09125122575
ajax;20060412 06:02:46;/conference/registration/index.php;validate:required:Y
ajax;20060412 06:02:46;/conference/registration/index.php;validate:required:Y
ajax;20060412 06:02:46;/conference/registration/index.php;validate:required:Large
ajax;20060412 08:04:55;/conference/registration/index.php;validate:required:Developer/Programmer
ajax;20060412 08:04:55;/conference/registration/index.php;validate:required:Sharif University of Technolog
ajax;20060412 08:04:55;/conference/registration/index.php;validate:required:No. 66, Shahid Mirzaie, 15th Street, Saadat Abad Avenue

ajax;20060412 08:04:55;/conference/registration/index.php;validate:required:Tehran
ajax;20060412 08:04:55;/conference/registration/index.php;validate:required:Tehran
ajax;20060412 08:04:55;/conference/registration/index.php;validate:namespaces:Tehran
ajax;20060412 08:04:55;/conference/registration/index.php;validate:zipcode:14599-8316
ajax;20060412 08:04:55;/conference/registration/index.php;validate:required:Iran
ajax;20060412 08:04:55;/conference/registration/index.php;validate:namespaces:Iran
ajax;20060412 08:04:55;/conference/registration/index.php;validate:required:(+98) 912-200
ajax;20060412 08:04:55;/conference/registration/index.php;validate:phone:(+98) 912-200
ajax;20060412 08:04:55;/conference/registration/index.php;validate:required:Y
ajax;20060412 08:04:55;/conference/registration/index.php;validate:required:Y
ajax;20060412 08:04:55;/conference/registration/index.php;validate:required:Large
ajax;20060412 08:05:56;/conference/registration/index.php;validate:required:Developer/Programmer
ajax;20060412 08:05:56;/conference/registration/index.php;validate:required:Sharif University of Technolog
ajax;20060412 08:05:56;/conference/registration/index.php;validate:required:No. 66, Shahid Mirzaie, 15th Street, Saadat Abad Avenue

ajax;20060412 08:05:56;/conference/registration/index.php;validate:required:Tehran
ajax;20060412 08:05:56;/conference/registration/index.php;validate:required:Tehran
ajax;20060412 08:05:56;/conference/registration/index.php;validate:namespaces:Tehran
ajax;20060412 08:05:56;/conference/registration/index.php;validate:zipcode:14599-8316
ajax;20060412 08:05:56;/conference/registration/index.php;validate:required:Iran
ajax;20060412 08:05:56;/conference/registration/index.php;validate:namespaces:Iran
ajax;20060412 08:05:56;/conference/registration/index.php;validate:required:(+98) 912-2003335
ajax;20060412 08:05:56;/conference/registration/index.php;validate:phone:(+98) 912-2003335
ajax;20060412 08:05:56;/conference/registration/index.php;validate:required:Y
ajax;20060412 08:05:56;/conference/registration/index.php;validate:required:Y
ajax;20060412 08:05:56;/conference/registration/index.php;validate:required:Large
ajax;20060412 08:07:00;/conference/registration/index.php;validate:required:Developer/Programmer
ajax;20060412 08:07:00;/conference/registration/index.php;validate:required:Sharif University of Technolog
ajax;20060412 08:07:00;/conference/registration/index.php;validate:required:No. 66, Shahid Mirzaie, 15th Street, Saadat Abad Avenue

ajax;20060412 08:07:00;/conference/registration/index.php;validate:required:Tehran
ajax;20060412 08:07:00;/conference/registration/index.php;validate:required:Tehran
ajax;20060412 08:07:00;/conference/registration/index.php;validate:namespaces:Tehran
ajax;20060412 08:07:00;/conference/registration/index.php;validate:zipcode:14599-8316
ajax;20060412 08:07:00;/conference/registration/index.php;validate:required:Iran
ajax;20060412 08:07:00;/conference/registration/index.php;validate:namespaces:Iran
ajax;20060412 08:07:00;/conference/registration/index.php;validate:required:(+98) 912-2003335
ajax;20060412 08:07:00;/conference/registration/index.php;validate:phone:(+98) 912-2003335
ajax;20060412 08:07:00;/conference/registration/index.php;validate:required:Y
ajax;20060412 08:07:00;/conference/registration/index.php;validate:required:Y
ajax;20060412 08:07:00;/conference/registration/index.php;validate:required:Large
ajax;20060412 10:54:07;/conference/registration/index.php;validate:required:Developer/Programmer
ajax;20060412 10:54:07;/conference/registration/index.php;validate:required:2711 E 10th Street
ajax;20060412 10:54:07;/conference/registration/index.php;validate:required:Bloomington
ajax;20060412 10:54:07;/conference/registration/index.php;validate:required:IN
ajax;20060412 10:54:07;/conference/registration/index.php;validate:namespaces:IN
ajax;20060412 10:54:07;/conference/registration/index.php;validate:zipcode:47408
ajax;20060412 10:54:07;/conference/registration/index.php;validate:required:US
ajax;20060412 10:54:07;/conference/registration/index.php;validate:namespaces:US
ajax;20060412 10:54:07;/conference/registration/index.php;validate:required:812-855-9905
ajax;20060412 10:54:07;/conference/registration/index.php;validate:phone:812-855-9905
ajax;20060412 10:54:07;/conference/registration/index.php;validate:required:Y
ajax;20060412 10:54:07;/conference/registration/index.php;validate:required:Y
ajax;20060412 10:54:07;/conference/registration/index.php;validate:required:X-Large
ajax;20060412 10:56:58;/conference/registration/index.php;validate:required:Manager
ajax;20060412 10:56:58;/conference/registration/index.php;validate:required:2711 E. 10th Street
ajax;20060412 10:56:59;/conference/registration/index.php;validate:required:Bloomington
ajax;20060412 10:56:59;/conference/registration/index.php;validate:required:IN
ajax;20060412 10:56:59;/conference/registration/index.php;validate:namespaces:IN
ajax;20060412 10:56:59;/conference/registration/index.php;validate:zipcode:47408
ajax;20060412 10:56:59;/conference/registration/index.php;validate:required:US
ajax;20060412 10:56:59;/conference/registration/index.php;validate:namespaces:US
ajax;20060412 10:56:59;/conference/registration/index.php;validate:required:812-856-4871
ajax;20060412 10:56:59;/conference/registration/index.php;validate:phone:812-856-4871
ajax;20060412 10:56:59;/conference/registration/index.php;validate:required:Y
ajax;20060412 10:56:59;/conference/registration/index.php;validate:required:Y
ajax;20060412 10:56:59;/conference/registration/index.php;validate:required:Large
ajax;20060412 12:43:20;/conference/registration/index.php;validate:required:Manager
ajax;20060412 12:43:20;/conference/registration/index.php;validate:required:3140 N. Arizona Ave. Ste. 113
ajax;20060412 12:43:20;/conference/registration/index.php;validate:required:Chandler
ajax;20060412 12:43:20;/conference/registration/index.php;validate:required:AZ
ajax;20060412 12:43:20;/conference/registration/index.php;validate:namespaces:AZ
ajax;20060412 12:43:20;/conference/registration/index.php;validate:zipcode:85225
ajax;20060412 12:43:20;/conference/registration/index.php;validate:required:US
ajax;20060412 12:43:20;/conference/registration/index.php;validate:namespaces:US
ajax;20060412 12:43:20;/conference/registration/index.php;validate:required:480-558-2400
ajax;20060412 12:43:20;/conference/registration/index.php;validate:phone:480-558-2400
ajax;20060412 12:43:20;/conference/registration/index.php;validate:required:Y
ajax;20060412 12:43:20;/conference/registration/index.php;validate:required:N
ajax;20060412 12:43:20;/conference/registration/index.php;validate:required:X-Large
ajax;20060412 14:07:40;/conference/registration/index.php;validate:required:Developer/Programmer
ajax;20060412 14:07:40;/conference/registration/index.php;validate:required:UCLA Anderson School of Management
110 Westwood Plaza, E-112
ajax;20060412 14:07:40;/conference/registration/index.php;validate:required:Los Angeles
ajax;20060412 14:07:40;/conference/registration/index.php;validate:required:CA
ajax;20060412 14:07:40;/conference/registration/index.php;validate:namespaces:CA
ajax;20060412 14:07:40;/conference/registration/index.php;validate:zipcode:90095
ajax;20060412 14:07:40;/conference/registration/index.php;validate:required:US
ajax;20060412 14:07:40;/conference/registration/index.php;validate:namespaces:US
ajax;20060412 14:07:40;/conference/registration/index.php;validate:required:1-310-825-5030
ajax;20060412 14:07:40;/conference/registration/index.php;validate:phone:1-310-825-5030
ajax;20060412 14:07:40;/conference/registration/index.php;validate:required:Y
ajax;20060412 14:07:40;/conference/registration/index.php;validate:required:Y
ajax;20060412 14:07:40;/conference/registration/index.php;validate:required:X-Large
ajax;20060412 16:37:57;/conference/registration/index.php;validate:required:Instructional Designer
ajax;20060412 16:37:57;/conference/registration/index.php;validate:required:Ohio Dominican University
ajax;20060412 16:37:57;/conference/registration/index.php;validate:required:1216 Sunbury Road
ajax;20060412 16:37:57;/conference/registration/index.php;validate:required:Columbus
ajax;20060412 16:37:57;/conference/registration/index.php;validate:required:OH
ajax;20060412 16:37:57;/conference/registration/index.php;validate:namespaces:OH
ajax;20060412 16:37:57;/conference/registration/index.php;validate:zipcode:43219
ajax;20060412 16:37:57;/conference/registration/index.php;validate:required:US
ajax;20060412 16:37:57;/conference/registration/index.php;validate:namespaces:US
ajax;20060412 16:37:57;/conference/registration/index.php;validate:required:614-251-4762
ajax;20060412 16:37:57;/conference/registration/index.php;validate:phone:614-251-4762
ajax;20060412 16:37:57;/conference/registration/index.php;validate:required:N
ajax;20060412 16:37:57;/conference/registration/index.php;validate:required:N
ajax;20060412 16:37:57;/conference/registration/index.php;validate:required:X-Large
ajax;20060412 18:08:09;/conference/registration/index.php;validate:required:Instructional Designer
ajax;20060412 18:08:09;/conference/registration/index.php;validate:required:9 Dwinelle Hall #2535
  
ajax;20060412 18:08:09;/conference/registration/index.php;validate:required:Berkeley
ajax;20060412 18:08:09;/conference/registration/index.php;validate:required:CA
ajax;20060412 18:08:09;/conference/registration/index.php;validate:namespaces:CA
ajax;20060412 18:08:09;/conference/registration/index.php;validate:zipcode:94720
ajax;20060412 18:08:09;/conference/registration/index.php;validate:required:US
ajax;20060412 18:08:09;/conference/registration/index.php;validate:namespaces:US
ajax;20060412 18:08:09;/conference/registration/index.php;validate:required:734-634-3612
ajax;20060412 18:08:09;/conference/registration/index.php;validate:phone:734-634-3612
ajax;20060412 18:08:09;/conference/registration/index.php;validate:required:Y
ajax;20060412 18:08:09;/conference/registration/index.php;validate:required:N
ajax;20060412 18:08:09;/conference/registration/index.php;validate:required:Small
ajax;20060412 18:40:27;/conference/registration/index.php;validate:required:Manager
ajax;20060412 18:40:27;/conference/registration/index.php;validate:required:Sun Microsystems
ajax;20060412 18:40:27;/conference/registration/index.php;validate:required:15 Network Circle
MPK15-204
ajax;20060412 18:40:27;/conference/registration/index.php;validate:required:Menlo Park
ajax;20060412 18:40:27;/conference/registration/index.php;validate:required:CA
ajax;20060412 18:40:27;/conference/registration/index.php;validate:namespaces:CA
ajax;20060412 18:40:27;/conference/registration/index.php;validate:zipcode:94025
ajax;20060412 18:40:27;/conference/registration/index.php;validate:required:US
ajax;20060412 18:40:27;/conference/registration/index.php;validate:namespaces:US
ajax;20060412 18:40:27;/conference/registration/index.php;validate:required:650-786-3144
ajax;20060412 18:40:27;/conference/registration/index.php;validate:phone:650-786-3144
ajax;20060412 18:40:27;/conference/registration/index.php;validate:phone:650-786-3451
ajax;20060412 18:40:27;/conference/registration/index.php;validate:required:Y
ajax;20060412 18:40:27;/conference/registration/index.php;validate:required:Y
ajax;20060412 18:40:27;/conference/registration/index.php;validate:required:X-Large
ajax;20060412 19:31:35;/conference/registration/index.php;validate:required:Developer/Programmer
ajax;20060412 19:31:35;/conference/registration/index.php;validate::Instructional Technologist
ajax;20060412 19:31:35;/conference/registration/index.php;validate:required:Ststistics Department
ajax;20060412 19:31:35;/conference/registration/index.php;validate:required:Vancouver
ajax;20060412 19:31:35;/conference/registration/index.php;validate:required:BC
ajax;20060412 19:31:35;/conference/registration/index.php;validate:namespaces:BC
ajax;20060412 19:31:35;/conference/registration/index.php;validate:required:CA
ajax;20060412 19:31:35;/conference/registration/index.php;validate:namespaces:CA
ajax;20060412 19:31:35;/conference/registration/index.php;validate:required:604 822 1848
ajax;20060412 19:31:35;/conference/registration/index.php;validate:phone:604 822 1848
ajax;20060412 19:31:35;/conference/registration/index.php;validate:required:N
ajax;20060412 19:31:35;/conference/registration/index.php;validate:required:N
ajax;20060412 19:31:35;/conference/registration/index.php;validate:required:Large
ajax;20060412 22:29:21;/conference/registration/index.php;validate:required:University Administration
ajax;20060412 22:29:21;/conference/registration/index.php;validate::Faculty Development
ajax;20060412 22:29:21;/conference/registration/index.php;validate:required:175 Whitney Avenue
ajax;20060412 22:29:21;/conference/registration/index.php;validate:required:NEW HAVEN
ajax;20060412 22:29:21;/conference/registration/index.php;validate:required:CT
ajax;20060412 22:29:21;/conference/registration/index.php;validate:namespaces:CT
ajax;20060412 22:29:21;/conference/registration/index.php;validate:zipcode:06511
ajax;20060412 22:29:21;/conference/registration/index.php;validate:required:US
ajax;20060412 22:29:21;/conference/registration/index.php;validate:namespaces:US
ajax;20060412 22:29:21;/conference/registration/index.php;validate:required:203.589.8879
ajax;20060412 22:29:21;/conference/registration/index.php;validate:phone:203.589.8879
ajax;20060412 22:29:21;/conference/registration/index.php;validate:required:Y
ajax;20060412 22:29:21;/conference/registration/index.php;validate:required:N
ajax;20060412 22:29:21;/conference/registration/index.php;validate:required:X-Large
