ajax;20060326 18:21:02;/conference/proposals/index.php;validate:required:presentation
ajax;20060326 18:32:01;/conference/proposals/next.php;validate:required:done
ajax;20060326 18:34:35;/conference/proposals/contact.php;validate:required:UI Developer
ajax;20060326 18:34:35;/conference/proposals/contact.php;validate:required:School of Information
University of California, Berkeley
102 South Hall
ajax;20060326 18:34:35;/conference/proposals/contact.php;validate:required:Berkeley
ajax;20060326 18:34:35;/conference/proposals/contact.php;validate:required:CA
ajax;20060326 18:34:35;/conference/proposals/contact.php;validate:namespaces:CA
ajax;20060326 18:34:35;/conference/proposals/contact.php;validate:zipcode:94720-4600
ajax;20060326 18:34:35;/conference/proposals/contact.php;validate:required:US
ajax;20060326 18:34:35;/conference/proposals/contact.php;validate:namespaces:US
ajax;20060326 18:34:35;/conference/proposals/contact.php;validate:required:510-717-8028
ajax;20060326 18:34:35;/conference/proposals/contact.php;validate:phone:510-717-8028
ajax;20060326 18:51:42;/conference/registration/index.php;validate:required:UI Developer
ajax;20060326 18:51:42;/conference/registration/index.php;validate::Developer/Programmer
ajax;20060326 18:51:42;/conference/registration/index.php;validate:required:School of Information
University of California, Berkeley
102 South Hall
ajax;20060326 18:51:42;/conference/registration/index.php;validate:required:Berkeley
ajax;20060326 18:51:42;/conference/registration/index.php;validate:required:CA
ajax;20060326 18:51:42;/conference/registration/index.php;validate:namespaces:CA
ajax;20060326 18:51:42;/conference/registration/index.php;validate:zipcode:94720-4600
ajax;20060326 18:51:42;/conference/registration/index.php;validate:required:US
ajax;20060326 18:51:42;/conference/registration/index.php;validate:namespaces:US
ajax;20060326 18:51:42;/conference/registration/index.php;validate:required:510-717-8028
ajax;20060326 18:51:42;/conference/registration/index.php;validate:phone:510-717-8028
ajax;20060326 18:51:42;/conference/registration/index.php;validate:required:Y
ajax;20060326 18:51:42;/conference/registration/index.php;validate:required:N
ajax;20060326 18:51:42;/conference/registration/index.php;validate:required:Large
