ajax;20060408 11:17:42;/conference/registration/index.php;validate:required:Developer/Programmer
ajax;20060408 11:17:42;/conference/registration/index.php;validate:required:251 Mercer Street Room 301
ajax;20060408 11:17:42;/conference/registration/index.php;validate:required:New York
ajax;20060408 11:17:42;/conference/registration/index.php;validate:required:NY
ajax;20060408 11:17:42;/conference/registration/index.php;validate:namespaces:NY
ajax;20060408 11:17:42;/conference/registration/index.php;validate:zipcode:10012
ajax;20060408 11:17:42;/conference/registration/index.php;validate:required:US
ajax;20060408 11:17:42;/conference/registration/index.php;validate:namespaces:US
ajax;20060408 11:17:42;/conference/registration/index.php;validate:required:212-998-3075
ajax;20060408 11:17:42;/conference/registration/index.php;validate:phone:212-998-3075
ajax;20060408 11:17:42;/conference/registration/index.php;validate:phone:212-995-4120
ajax;20060408 11:17:42;/conference/registration/index.php;validate:required:N
ajax;20060408 11:17:42;/conference/registration/index.php;validate:required:Y
ajax;20060408 11:17:42;/conference/registration/index.php;validate:required:X-Large
ajax;20060408 13:05:34;/conference/registration/index.php;validate:required:Developer/Programmer
ajax;20060408 13:05:34;/conference/registration/index.php;validate:required:Sakai Foundation
ajax;20060408 13:05:34;/conference/registration/index.php;validate:required:test
ajax;20060408 13:05:34;/conference/registration/index.php;validate:required:test
ajax;20060408 13:05:34;/conference/registration/index.php;validate:required:AL
ajax;20060408 13:05:34;/conference/registration/index.php;validate:namespaces:AL
ajax;20060408 13:05:34;/conference/registration/index.php;validate:zipcode:44444
ajax;20060408 13:05:34;/conference/registration/index.php;validate:required:US
ajax;20060408 13:05:34;/conference/registration/index.php;validate:namespaces:US
ajax;20060408 13:05:34;/conference/registration/index.php;validate:required:444-444-4444
ajax;20060408 13:05:34;/conference/registration/index.php;validate:phone:444-444-4444
ajax;20060408 13:05:34;/conference/registration/index.php;validate:required:Y
ajax;20060408 13:05:34;/conference/registration/index.php;validate:required:Y
ajax;20060408 13:05:34;/conference/registration/index.php;validate:required:Medium
ajax;20060408 18:43:00;/conference/registration/index.php;validate:required:Faculty
ajax;20060408 18:43:00;/conference/registration/index.php;validate:required:Seitz Hall
ajax;20060408 18:43:00;/conference/registration/index.php;validate:required:Blacksburg
ajax;20060408 18:43:00;/conference/registration/index.php;validate:required:VA
ajax;20060408 18:43:00;/conference/registration/index.php;validate:namespaces:VA
ajax;20060408 18:43:00;/conference/registration/index.php;validate:zipcode:24061
ajax;20060408 18:43:00;/conference/registration/index.php;validate:required:US
ajax;20060408 18:43:00;/conference/registration/index.php;validate:namespaces:US
ajax;20060408 18:43:00;/conference/registration/index.php;validate:required:540-231-9058
ajax;20060408 18:43:00;/conference/registration/index.php;validate:phone:540-231-9058
ajax;20060408 18:43:00;/conference/registration/index.php;validate:required:Y
ajax;20060408 18:43:00;/conference/registration/index.php;validate:required:N
ajax;20060408 18:43:00;/conference/registration/index.php;validate:required:Small
ajax;20060408 18:44:39;/conference/registration/index.php;validate:required:Faculty
ajax;20060408 18:44:39;/conference/registration/index.php;validate:required:Fake inst
ajax;20060408 18:44:39;/conference/registration/index.php;validate:required:Seitz Hall
ajax;20060408 18:44:39;/conference/registration/index.php;validate:required:Blacksburg
ajax;20060408 18:44:39;/conference/registration/index.php;validate:required:VA
ajax;20060408 18:44:39;/conference/registration/index.php;validate:namespaces:VA
ajax;20060408 18:44:39;/conference/registration/index.php;validate:zipcode:24061
ajax;20060408 18:44:39;/conference/registration/index.php;validate:required:US
ajax;20060408 18:44:39;/conference/registration/index.php;validate:namespaces:US
ajax;20060408 18:44:39;/conference/registration/index.php;validate:required:540-231-9058
ajax;20060408 18:44:39;/conference/registration/index.php;validate:phone:540-231-9058
ajax;20060408 18:44:39;/conference/registration/index.php;validate:required:Y
ajax;20060408 18:44:39;/conference/registration/index.php;validate:required:N
ajax;20060408 18:44:39;/conference/registration/index.php;validate:required:Small
