ajax;20060328 03:24:46;/conference/proposals/index.php;validate:required:presentation
ajax;20060328 03:36:31;/conference/proposals/next.php;validate:required:done
ajax;20060328 03:37:06;/conference/proposals/contact.php;validate:required:Instructional Designer
ajax;20060328 03:37:06;/conference/proposals/contact.php;validate:required:Preller street 
Mucleneuk
ajax;20060328 03:37:06;/conference/proposals/contact.php;validate:required:Pretoria
ajax;20060328 03:37:06;/conference/proposals/contact.php;validate:required:Gauteng
ajax;20060328 03:37:06;/conference/proposals/contact.php;validate:namespaces:Gauteng
ajax;20060328 03:37:06;/conference/proposals/contact.php;validate:required:ZA
ajax;20060328 03:37:06;/conference/proposals/contact.php;validate:namespaces:ZA
ajax;20060328 03:37:06;/conference/proposals/contact.php;validate:required:+27829029733
ajax;20060328 03:37:06;/conference/proposals/contact.php;validate:phone:+27829029733
ajax;20060328 07:30:16;/conference/registration/index.php;validate:required:Implementor
ajax;20060328 07:30:16;/conference/registration/index.php;validate::Developer/Programmer
ajax;20060328 07:30:16;/conference/registration/index.php;validate:required:Centre for e-Science
Lancaster University

ajax;20060328 07:30:16;/conference/registration/index.php;validate:required:Lancaster
ajax;20060328 07:30:16;/conference/registration/index.php;validate:required:Lancashire
ajax;20060328 07:30:16;/conference/registration/index.php;validate:namespaces:Lancashire
ajax;20060328 07:30:16;/conference/registration/index.php;validate:required:GB
ajax;20060328 07:30:16;/conference/registration/index.php;validate:namespaces:GB
ajax;20060328 07:30:16;/conference/registration/index.php;validate:required:+44 1524594047
ajax;20060328 07:30:16;/conference/registration/index.php;validate:phone:+44 1524594047
ajax;20060328 07:30:16;/conference/registration/index.php;validate:required:Y
ajax;20060328 07:30:16;/conference/registration/index.php;validate:required:N
ajax;20060328 07:30:16;/conference/registration/index.php;validate:required:Medium
ajax;20060328 07:30:16;/conference/registration/index.php;validate:email:p.dolby@lancaster.ac.uk
ajax;20060328 09:38:11;/conference/registration/index.php;validate:required:Developer/Programmer
ajax;20060328 09:38:11;/conference/registration/index.php;validate:required:175 Whitney Avenue
ajax;20060328 09:38:11;/conference/registration/index.php;validate:required:New Haven 
ajax;20060328 09:38:11;/conference/registration/index.php;validate:required:CT
ajax;20060328 09:38:11;/conference/registration/index.php;validate:namespaces:CT
ajax;20060328 09:38:11;/conference/registration/index.php;validate:zipcode:06520
ajax;20060328 09:38:11;/conference/registration/index.php;validate:required:US
ajax;20060328 09:38:11;/conference/registration/index.php;validate:namespaces:US
ajax;20060328 09:38:11;/conference/registration/index.php;validate:required:203-432-9745
ajax;20060328 09:38:11;/conference/registration/index.php;validate:phone:203-432-9745
ajax;20060328 09:38:11;/conference/registration/index.php;validate:required:Y
ajax;20060328 09:38:11;/conference/registration/index.php;validate:required:N
ajax;20060328 09:38:11;/conference/registration/index.php;validate:required:Large
ajax;20060328 09:50:43;/conference/proposals/index.php;validate:required:presentation
ajax;20060328 10:02:12;/conference/registration/index.php;validate:required:Faculty
ajax;20060328 10:02:12;/conference/registration/index.php;validate::User Support
ajax;20060328 10:02:12;/conference/registration/index.php;validate:required:1075 Beal Ave.
ajax;20060328 10:02:12;/conference/registration/index.php;validate:required:Ann Arbor
ajax;20060328 10:02:12;/conference/registration/index.php;validate:required:MI
ajax;20060328 10:02:12;/conference/registration/index.php;validate:namespaces:MI
ajax;20060328 10:02:12;/conference/registration/index.php;validate:zipcode:48109-2112
ajax;20060328 10:02:12;/conference/registration/index.php;validate:required:US
ajax;20060328 10:02:12;/conference/registration/index.php;validate:namespaces:US
ajax;20060328 10:02:12;/conference/registration/index.php;validate:required:734-763-8124
ajax;20060328 10:02:12;/conference/registration/index.php;validate:phone:734-763-8124
ajax;20060328 10:02:12;/conference/registration/index.php;validate:phone:734-647-8045
ajax;20060328 10:02:12;/conference/registration/index.php;validate:required:Y
ajax;20060328 10:02:12;/conference/registration/index.php;validate:required:N
ajax;20060328 10:02:12;/conference/registration/index.php;validate:required:Medium
ajax;20060328 10:21:52;/conference/proposals/index.php;validate:required:presentation
ajax;20060328 10:36:12;/conference/proposals/next.php;validate:required:presentation
ajax;20060328 10:36:25;/conference/proposals/next.php;validate:required:done
ajax;20060328 10:36:38;/conference/proposals/contact.php;validate:required:Developer/Programmer
ajax;20060328 10:36:38;/conference/proposals/contact.php;validate:required:3350 Duderstadt Center
2281 Bonisteel Blvd
ajax;20060328 10:36:38;/conference/proposals/contact.php;validate:required:Ann Arbor
ajax;20060328 10:36:38;/conference/proposals/contact.php;validate:required:MI
ajax;20060328 10:36:38;/conference/proposals/contact.php;validate:namespaces:MI
ajax;20060328 10:36:38;/conference/proposals/contact.php;validate:zipcode:48103
ajax;20060328 10:36:38;/conference/proposals/contact.php;validate:required:US
ajax;20060328 10:36:38;/conference/proposals/contact.php;validate:namespaces:US
ajax;20060328 10:36:38;/conference/proposals/contact.php;validate:required:734-763-2411
ajax;20060328 10:36:38;/conference/proposals/contact.php;validate:phone:734-763-2411
ajax;20060328 10:37:52;/conference/registration/index.php;validate:required:Developer/Programmer
ajax;20060328 10:37:52;/conference/registration/index.php;validate::Implementor
ajax;20060328 10:37:52;/conference/registration/index.php;validate:required:Digital Media Commons
3350 Duderstadt Center
2281 Bonisteel Boulevard
ajax;20060328 10:37:52;/conference/registration/index.php;validate:required:Ann Arbor
ajax;20060328 10:37:52;/conference/registration/index.php;validate:required:MI
ajax;20060328 10:37:52;/conference/registration/index.php;validate:namespaces:MI
ajax;20060328 10:37:52;/conference/registration/index.php;validate:zipcode:48109
ajax;20060328 10:37:52;/conference/registration/index.php;validate:required:US
ajax;20060328 10:37:52;/conference/registration/index.php;validate:namespaces:US
ajax;20060328 10:37:52;/conference/registration/index.php;validate:required:(734) 615-2556
ajax;20060328 10:37:52;/conference/registration/index.php;validate:phone:(734) 615-2556
ajax;20060328 10:37:52;/conference/registration/index.php;validate:required:Y
ajax;20060328 10:37:52;/conference/registration/index.php;validate:required:N
ajax;20060328 10:37:52;/conference/registration/index.php;validate:required:Large
ajax;20060328 10:56:24;/conference/proposals/index.php;validate:required:presentation
ajax;20060328 12:53:01;/conference/registration/index.php;validate:required:Manager
ajax;20060328 12:53:01;/conference/registration/index.php;validate::Instructional Technologist
ajax;20060328 12:53:01;/conference/registration/index.php;validate:required:P.O. Box 870101
ajax;20060328 12:53:01;/conference/registration/index.php;validate:required:Tempe
ajax;20060328 12:53:01;/conference/registration/index.php;validate:required:AZ
ajax;20060328 12:53:01;/conference/registration/index.php;validate:namespaces:AZ
ajax;20060328 12:53:01;/conference/registration/index.php;validate:zipcode:85287-0101
ajax;20060328 12:53:01;/conference/registration/index.php;validate:required:US
ajax;20060328 12:53:01;/conference/registration/index.php;validate:namespaces:US
ajax;20060328 12:53:01;/conference/registration/index.php;validate:required:480-965-8437
ajax;20060328 12:53:01;/conference/registration/index.php;validate:phone:480-965-8437
ajax;20060328 12:53:01;/conference/registration/index.php;validate:required:Y
ajax;20060328 12:53:01;/conference/registration/index.php;validate:required:N
ajax;20060328 12:53:01;/conference/registration/index.php;validate:required:Large
ajax;20060328 13:07:20;/conference/registration/index.php;validate:required:Developer/Programmer
ajax;20060328 13:07:20;/conference/registration/index.php;validate:required:3399 North Road
ajax;20060328 13:07:20;/conference/registration/index.php;validate:required:Poughkeepsie
ajax;20060328 13:07:20;/conference/registration/index.php;validate:required:NY
ajax;20060328 13:07:20;/conference/registration/index.php;validate:namespaces:NY
ajax;20060328 13:07:20;/conference/registration/index.php;validate:zipcode:12601
ajax;20060328 13:07:20;/conference/registration/index.php;validate:required:US
ajax;20060328 13:07:20;/conference/registration/index.php;validate:namespaces:US
ajax;20060328 13:07:20;/conference/registration/index.php;validate:required:845-575-3000
ajax;20060328 13:07:20;/conference/registration/index.php;validate:phone:845-575-3000
ajax;20060328 13:07:20;/conference/registration/index.php;validate:required:N
ajax;20060328 13:07:20;/conference/registration/index.php;validate:required:N
ajax;20060328 13:07:20;/conference/registration/index.php;validate:required:X-Large
ajax;20060328 15:24:54;/conference/proposals/index.php;validate:required:presentation
ajax;20060328 16:07:35;/conference/registration/index.php;validate:required:User Support
ajax;20060328 16:07:35;/conference/registration/index.php;validate:required:175 Whitney Avenue
ajax;20060328 16:07:35;/conference/registration/index.php;validate:required:New Haven
ajax;20060328 16:07:35;/conference/registration/index.php;validate:required:CT
ajax;20060328 16:07:35;/conference/registration/index.php;validate:namespaces:CT
ajax;20060328 16:07:35;/conference/registration/index.php;validate:zipcode:06511
ajax;20060328 16:07:35;/conference/registration/index.php;validate:required:US
ajax;20060328 16:07:35;/conference/registration/index.php;validate:namespaces:US
ajax;20060328 16:07:35;/conference/registration/index.php;validate:required:203-432-8903
ajax;20060328 16:07:35;/conference/registration/index.php;validate:phone:203-432-8903
ajax;20060328 16:07:35;/conference/registration/index.php;validate:phone:203-436-4066
ajax;20060328 16:07:35;/conference/registration/index.php;validate:required:Y
ajax;20060328 16:07:35;/conference/registration/index.php;validate:required:N
ajax;20060328 16:07:35;/conference/registration/index.php;validate:required:Small
ajax;20060328 17:06:39;/conference/registration/index.php;validate:required:Developer/Programmer
ajax;20060328 17:06:39;/conference/registration/index.php;validate::System Administrator
ajax;20060328 17:06:39;/conference/registration/index.php;validate:required:PO Box 751, COMP
ajax;20060328 17:06:39;/conference/registration/index.php;validate:required:Portland
ajax;20060328 17:06:39;/conference/registration/index.php;validate:required:OR
ajax;20060328 17:06:39;/conference/registration/index.php;validate:namespaces:OR
ajax;20060328 17:06:39;/conference/registration/index.php;validate:zipcode:97207-0751
ajax;20060328 17:06:39;/conference/registration/index.php;validate:required:US
ajax;20060328 17:06:39;/conference/registration/index.php;validate:namespaces:US
ajax;20060328 17:06:39;/conference/registration/index.php;validate:required:503 725-3250
ajax;20060328 17:06:39;/conference/registration/index.php;validate:phone:503 725-3250
ajax;20060328 17:06:39;/conference/registration/index.php;validate:required:Y
ajax;20060328 17:06:39;/conference/registration/index.php;validate:required:N
ajax;20060328 17:06:39;/conference/registration/index.php;validate:required:Medium
ajax;20060328 17:15:29;/conference/registration/index.php;validate:required:Developer/Programmer
ajax;20060328 17:15:29;/conference/registration/index.php;validate:required:601 University Dr
ajax;20060328 17:15:29;/conference/registration/index.php;validate:required:San Marcos
ajax;20060328 17:15:29;/conference/registration/index.php;validate:required:TX
ajax;20060328 17:15:29;/conference/registration/index.php;validate:namespaces:TX
ajax;20060328 17:15:29;/conference/registration/index.php;validate:zipcode:78666
ajax;20060328 17:15:29;/conference/registration/index.php;validate:required:US
ajax;20060328 17:15:29;/conference/registration/index.php;validate:namespaces:US
ajax;20060328 17:15:29;/conference/registration/index.php;validate:required:512 245 1652
ajax;20060328 17:15:29;/conference/registration/index.php;validate:phone:512 245 1652
ajax;20060328 17:15:29;/conference/registration/index.php;validate:required:N
ajax;20060328 17:15:29;/conference/registration/index.php;validate:required:N
ajax;20060328 17:15:29;/conference/registration/index.php;validate:required:Large
ajax;20060328 17:20:40;/conference/proposals/index.php;validate:required:presentation
ajax;20060328 18:18:39;/conference/registration/index.php;validate:required:User Support
ajax;20060328 18:18:39;/conference/registration/index.php;validate::Manager
ajax;20060328 18:18:39;/conference/registration/index.php;validate:required:601 University Drive
ajax;20060328 18:18:39;/conference/registration/index.php;validate:required:San Marcos
ajax;20060328 18:18:39;/conference/registration/index.php;validate:required:TX
ajax;20060328 18:18:39;/conference/registration/index.php;validate:namespaces:TX
ajax;20060328 18:18:39;/conference/registration/index.php;validate:zipcode:78666
ajax;20060328 18:18:39;/conference/registration/index.php;validate:required:US
ajax;20060328 18:18:39;/conference/registration/index.php;validate:namespaces:US
ajax;20060328 18:18:39;/conference/registration/index.php;validate:required:512-245-2319
ajax;20060328 18:18:39;/conference/registration/index.php;validate:phone:512-245-2319
ajax;20060328 18:18:39;/conference/registration/index.php;validate:required:N
ajax;20060328 18:18:39;/conference/registration/index.php;validate:required:N
ajax;20060328 18:18:39;/conference/registration/index.php;validate:required:Medium
ajax;20060328 18:52:19;/conference/registration/index.php;validate:required:Developer/Programmer
ajax;20060328 18:52:19;/conference/registration/index.php;validate:required:2400 Central City
10153 King George Hwy
Surrey, BC, V3T 2W1
ajax;20060328 18:52:19;/conference/registration/index.php;validate:required:Surrey
ajax;20060328 18:52:19;/conference/registration/index.php;validate:required:BC
ajax;20060328 18:52:19;/conference/registration/index.php;validate:namespaces:BC
ajax;20060328 18:52:19;/conference/registration/index.php;validate:zipcode:V3T 2W1
ajax;20060328 18:52:19;/conference/registration/index.php;validate:required:CA
ajax;20060328 18:52:19;/conference/registration/index.php;validate:namespaces:CA
ajax;20060328 18:52:19;/conference/registration/index.php;validate:required:604 268 7449
ajax;20060328 18:52:19;/conference/registration/index.php;validate:phone:604 268 7449
ajax;20060328 18:52:19;/conference/registration/index.php;validate:required:N
ajax;20060328 18:52:19;/conference/registration/index.php;validate:required:N
ajax;20060328 18:52:19;/conference/registration/index.php;validate:required:Medium
