ajax;20060413 00:46:55;/conference/registration/index.php;validate:required:University Administration
ajax;20060413 00:46:55;/conference/registration/index.php;validate::Faculty Development
ajax;20060413 00:46:55;/conference/registration/index.php;validate:required:Learning & Instructional Dev. Ctr.
ajax;20060413 00:46:55;/conference/registration/index.php;validate:required:Burnaby
ajax;20060413 00:46:55;/conference/registration/index.php;validate:required:BC
ajax;20060413 00:46:55;/conference/registration/index.php;validate:namespaces:BC
ajax;20060413 00:46:55;/conference/registration/index.php;validate:zipcode:V5A 1S6
ajax;20060413 00:46:55;/conference/registration/index.php;validate:required:CA
ajax;20060413 00:46:55;/conference/registration/index.php;validate:namespaces:CA
ajax;20060413 00:46:55;/conference/registration/index.php;validate:required:6042913910
ajax;20060413 00:46:55;/conference/registration/index.php;validate:phone:6042913910
ajax;20060413 00:46:55;/conference/registration/index.php;validate:required:N
ajax;20060413 00:46:55;/conference/registration/index.php;validate:required:N
ajax;20060413 00:46:55;/conference/registration/index.php;validate:required:X-Large
ajax;20060413 07:35:44;/conference/registration/index.php;validate:required:Faculty Development
ajax;20060413 07:35:44;/conference/registration/index.php;validate::User Support
ajax;20060413 07:35:44;/conference/registration/index.php;validate:required:MC1-016 Centre for Teaching and Learning
University of Limerick
ajax;20060413 07:35:44;/conference/registration/index.php;validate:required:Limerick
ajax;20060413 07:35:44;/conference/registration/index.php;validate:required:Limerick
ajax;20060413 07:35:44;/conference/registration/index.php;validate:namespaces:Limerick
ajax;20060413 07:35:44;/conference/registration/index.php;validate:zipcode:none
ajax;20060413 07:35:44;/conference/registration/index.php;validate:required:IE
ajax;20060413 07:35:44;/conference/registration/index.php;validate:namespaces:IE
ajax;20060413 07:35:44;/conference/registration/index.php;validate:required:+35361202580
ajax;20060413 07:35:44;/conference/registration/index.php;validate:phone:+35361202580
ajax;20060413 07:35:44;/conference/registration/index.php;validate:phone:+35361338044
ajax;20060413 07:35:44;/conference/registration/index.php;validate:required:N
ajax;20060413 07:35:44;/conference/registration/index.php;validate:required:N
ajax;20060413 07:35:44;/conference/registration/index.php;validate:required:Small
ajax;20060413 07:36:24;/conference/registration/index.php;validate:required:Faculty Development
ajax;20060413 07:36:24;/conference/registration/index.php;validate::User Support
ajax;20060413 07:36:24;/conference/registration/index.php;validate:required:MC1-016 Centre for Teaching and Learning
University of Limerick
ajax;20060413 07:36:24;/conference/registration/index.php;validate:required:Limerick
ajax;20060413 07:36:24;/conference/registration/index.php;validate:required:Limerick
ajax;20060413 07:36:24;/conference/registration/index.php;validate:namespaces:Limerick
ajax;20060413 07:36:24;/conference/registration/index.php;validate:required:IE
ajax;20060413 07:36:24;/conference/registration/index.php;validate:namespaces:IE
ajax;20060413 07:36:24;/conference/registration/index.php;validate:required:+35361202580
ajax;20060413 07:36:24;/conference/registration/index.php;validate:phone:+35361202580
ajax;20060413 07:36:24;/conference/registration/index.php;validate:phone:+35361338044
ajax;20060413 07:36:24;/conference/registration/index.php;validate:required:N
ajax;20060413 07:36:24;/conference/registration/index.php;validate:required:N
ajax;20060413 07:36:24;/conference/registration/index.php;validate:required:Small
ajax;20060413 09:18:38;/conference/proposals/index.php;validate:required:demo
ajax;20060413 09:22:16;/conference/proposals/next.php;validate:required:done
ajax;20060413 09:22:22;/conference/proposals/contact.php;validate:required:UI Developer
ajax;20060413 09:22:22;/conference/proposals/contact.php;validate:required:535 W. Michigan St.
IT 347F
ajax;20060413 09:22:22;/conference/proposals/contact.php;validate:required:Indianapolis
ajax;20060413 09:22:22;/conference/proposals/contact.php;validate:required:IN
ajax;20060413 09:22:22;/conference/proposals/contact.php;validate:namespaces:IN
ajax;20060413 09:22:22;/conference/proposals/contact.php;validate:zipcode:46202
ajax;20060413 09:22:22;/conference/proposals/contact.php;validate:required:US
ajax;20060413 09:22:22;/conference/proposals/contact.php;validate:namespaces:US
ajax;20060413 09:22:22;/conference/proposals/contact.php;validate:required:317 278-6047
ajax;20060413 09:22:22;/conference/proposals/contact.php;validate:phone:317 278-6047
ajax;20060413 10:24:20;/conference/registration/index.php;validate:required:University Administration
ajax;20060413 10:24:20;/conference/registration/index.php;validate:required:UIS Box 571138
ajax;20060413 10:24:20;/conference/registration/index.php;validate:required:Washington
ajax;20060413 10:24:20;/conference/registration/index.php;validate:required:DC
ajax;20060413 10:24:20;/conference/registration/index.php;validate:namespaces:DC
ajax;20060413 10:24:20;/conference/registration/index.php;validate:zipcode:20057-1138
ajax;20060413 10:24:20;/conference/registration/index.php;validate:required:US
ajax;20060413 10:24:20;/conference/registration/index.php;validate:namespaces:US
ajax;20060413 10:24:20;/conference/registration/index.php;validate:required:202-687-4011
ajax;20060413 10:24:20;/conference/registration/index.php;validate:phone:202-687-4011
ajax;20060413 10:24:20;/conference/registration/index.php;validate:phone:202-687-1505
ajax;20060413 10:24:20;/conference/registration/index.php;validate:required:Y
ajax;20060413 10:24:20;/conference/registration/index.php;validate:required:N
ajax;20060413 10:24:20;/conference/registration/index.php;validate:required:X-Large
ajax;20060413 11:09:57;/conference/registration/index.php;validate:required:Manager
ajax;20060413 11:09:57;/conference/registration/index.php;validate:required:Georgetown University
University Information Services
Box 571138
ajax;20060413 11:09:57;/conference/registration/index.php;validate:required:Washington
ajax;20060413 11:09:57;/conference/registration/index.php;validate:required:DC
ajax;20060413 11:09:57;/conference/registration/index.php;validate:namespaces:DC
ajax;20060413 11:09:57;/conference/registration/index.php;validate:zipcode:20057
ajax;20060413 11:09:57;/conference/registration/index.php;validate:required:US
ajax;20060413 11:09:57;/conference/registration/index.php;validate:namespaces:US
ajax;20060413 11:09:57;/conference/registration/index.php;validate:required:202-687-3675
ajax;20060413 11:09:57;/conference/registration/index.php;validate:phone:202-687-3675
ajax;20060413 11:09:57;/conference/registration/index.php;validate:required:Y
ajax;20060413 11:09:57;/conference/registration/index.php;validate:required:Y
ajax;20060413 11:09:57;/conference/registration/index.php;validate:required:X-Large
ajax;20060413 12:34:15;/conference/registration/index.php;validate:required:User Support
ajax;20060413 12:34:15;/conference/registration/index.php;validate::UI Developer
ajax;20060413 12:34:15;/conference/registration/index.php;validate:required:Meyer Library, Room 260
560 Escondido Mall
ajax;20060413 12:34:15;/conference/registration/index.php;validate:required:Stanford
ajax;20060413 12:34:15;/conference/registration/index.php;validate:required:CA
ajax;20060413 12:34:15;/conference/registration/index.php;validate:namespaces:CA
ajax;20060413 12:34:15;/conference/registration/index.php;validate:zipcode:94305
ajax;20060413 12:34:15;/conference/registration/index.php;validate:required:US
ajax;20060413 12:34:15;/conference/registration/index.php;validate:namespaces:US
ajax;20060413 12:34:15;/conference/registration/index.php;validate:required:650-575-6894
ajax;20060413 12:34:15;/conference/registration/index.php;validate:phone:650-575-6894
ajax;20060413 12:34:15;/conference/registration/index.php;validate:required:Y
ajax;20060413 12:34:15;/conference/registration/index.php;validate:required:N
ajax;20060413 12:34:15;/conference/registration/index.php;validate:required:Medium
ajax;20060413 14:08:10;/conference/registration/index.php;validate:required:Implementor
ajax;20060413 14:08:10;/conference/registration/index.php;validate::Manager
ajax;20060413 14:08:10;/conference/registration/index.php;validate:required:4343 E. Camelback Rd., Suite 210
ajax;20060413 14:08:10;/conference/registration/index.php;validate:required:Phoenix
ajax;20060413 14:08:10;/conference/registration/index.php;validate:required:AZ
ajax;20060413 14:08:10;/conference/registration/index.php;validate:namespaces:AZ
ajax;20060413 14:08:10;/conference/registration/index.php;validate:zipcode:85018
ajax;20060413 14:08:10;/conference/registration/index.php;validate:required:US
ajax;20060413 14:08:10;/conference/registration/index.php;validate:namespaces:US
ajax;20060413 14:08:10;/conference/registration/index.php;validate:required:602-295-3519
ajax;20060413 14:08:10;/conference/registration/index.php;validate:phone:602-295-3519
ajax;20060413 14:08:10;/conference/registration/index.php;validate:phone:602-840-7500
ajax;20060413 14:08:10;/conference/registration/index.php;validate:required:Y
ajax;20060413 14:08:10;/conference/registration/index.php;validate:required:N
ajax;20060413 14:08:10;/conference/registration/index.php;validate:required:Large
ajax;20060413 14:58:28;/conference/registration/index.php;validate:required:User Support
ajax;20060413 14:58:28;/conference/registration/index.php;validate:required:560 Escondido Mall 
Room 260
ajax;20060413 14:58:28;/conference/registration/index.php;validate:required:Stanford
ajax;20060413 14:58:28;/conference/registration/index.php;validate:required:CA
ajax;20060413 14:58:28;/conference/registration/index.php;validate:namespaces:CA
ajax;20060413 14:58:28;/conference/registration/index.php;validate:zipcode:94305
ajax;20060413 14:58:28;/conference/registration/index.php;validate:required:US
ajax;20060413 14:58:28;/conference/registration/index.php;validate:namespaces:US
ajax;20060413 14:58:28;/conference/registration/index.php;validate:required:650-575-8567
ajax;20060413 14:58:28;/conference/registration/index.php;validate:phone:650-575-8567
ajax;20060413 14:58:28;/conference/registration/index.php;validate:required:Y
ajax;20060413 14:58:28;/conference/registration/index.php;validate:required:N
ajax;20060413 14:58:28;/conference/registration/index.php;validate:required:Medium
ajax;20060413 15:16:40;/conference/registration/index.php;validate:required:University Administration
ajax;20060413 15:16:40;/conference/registration/index.php;validate:required:140 St. George St.
ajax;20060413 15:16:40;/conference/registration/index.php;validate:required:Toronto
ajax;20060413 15:16:40;/conference/registration/index.php;validate:required:ON
ajax;20060413 15:16:40;/conference/registration/index.php;validate:namespaces:ON
ajax;20060413 15:16:40;/conference/registration/index.php;validate:zipcode:M5S 1A1
ajax;20060413 15:16:40;/conference/registration/index.php;validate:required:CA
ajax;20060413 15:16:40;/conference/registration/index.php;validate:namespaces:CA
ajax;20060413 15:16:40;/conference/registration/index.php;validate:required:416-978-5240
ajax;20060413 15:16:40;/conference/registration/index.php;validate:phone:416-978-5240
ajax;20060413 15:16:40;/conference/registration/index.php;validate:required:Y
ajax;20060413 15:16:40;/conference/registration/index.php;validate:required:N
ajax;20060413 15:16:40;/conference/registration/index.php;validate:required:Large
ajax;20060413 15:30:08;/conference/registration/index.php;validate:required:University Administration
ajax;20060413 15:30:08;/conference/registration/index.php;validate:required:1 Shields Avenue
ajax;20060413 15:30:08;/conference/registration/index.php;validate:required:Davis
ajax;20060413 15:30:08;/conference/registration/index.php;validate:required:CA
ajax;20060413 15:30:08;/conference/registration/index.php;validate:namespaces:CA
ajax;20060413 15:30:08;/conference/registration/index.php;validate:zipcode:95616
ajax;20060413 15:30:08;/conference/registration/index.php;validate:required:US
ajax;20060413 15:30:08;/conference/registration/index.php;validate:namespaces:US
ajax;20060413 15:30:08;/conference/registration/index.php;validate:required:530-752-3777
ajax;20060413 15:30:08;/conference/registration/index.php;validate:phone:530-752-3777
ajax;20060413 15:30:08;/conference/registration/index.php;validate:phone:530-752-2929
ajax;20060413 15:30:08;/conference/registration/index.php;validate:required:Y
ajax;20060413 15:30:08;/conference/registration/index.php;validate:required:N
ajax;20060413 15:30:08;/conference/registration/index.php;validate:required:XX-Large
ajax;20060413 16:56:48;/conference/registration/index.php;validate:required:Developer/Programmer
ajax;20060413 16:56:48;/conference/registration/index.php;validate:required:Box 352830
ajax;20060413 16:56:48;/conference/registration/index.php;validate:required:Seattle
ajax;20060413 16:56:48;/conference/registration/index.php;validate:required:WA
ajax;20060413 16:56:48;/conference/registration/index.php;validate:namespaces:WA
ajax;20060413 16:56:48;/conference/registration/index.php;validate:zipcode:98115
ajax;20060413 16:56:48;/conference/registration/index.php;validate:required:US
ajax;20060413 16:56:48;/conference/registration/index.php;validate:namespaces:US
ajax;20060413 16:56:48;/conference/registration/index.php;validate:required:206-685-3295
ajax;20060413 16:56:48;/conference/registration/index.php;validate:phone:206-685-3295
ajax;20060413 16:56:48;/conference/registration/index.php;validate:required:Y
ajax;20060413 16:56:48;/conference/registration/index.php;validate:required:Y
ajax;20060413 16:56:48;/conference/registration/index.php;validate:required:X-Large
ajax;20060413 17:00:39;/conference/proposals/index.php;validate:required:presentation
ajax;20060413 17:23:27;/conference/proposals/next.php;validate:required:done
ajax;20060413 17:24:37;/conference/proposals/contact.php;validate:required:Developer/Programmer
ajax;20060413 17:24:37;/conference/proposals/contact.php;validate:required:Adaptive Technology Resource Centre
130 St. George St.
ajax;20060413 17:24:37;/conference/proposals/contact.php;validate:required:Toronto
ajax;20060413 17:24:37;/conference/proposals/contact.php;validate:required:ON
ajax;20060413 17:24:37;/conference/proposals/contact.php;validate:namespaces:ON
ajax;20060413 17:24:37;/conference/proposals/contact.php;validate:zipcode:M5S 1A5
ajax;20060413 17:24:37;/conference/proposals/contact.php;validate:required:CA
ajax;20060413 17:24:37;/conference/proposals/contact.php;validate:namespaces:CA
ajax;20060413 17:24:37;/conference/proposals/contact.php;validate:required:416-946-3582
ajax;20060413 17:24:37;/conference/proposals/contact.php;validate:phone:416-946-3582
ajax;20060413 17:42:11;/conference/registration/index.php;validate:required:University Administration
ajax;20060413 17:42:11;/conference/registration/index.php;validate::Faculty
ajax;20060413 17:42:11;/conference/registration/index.php;validate:required:IUPUI
755 West Michigan Street
Suite 1140
ajax;20060413 17:42:11;/conference/registration/index.php;validate:required:Indianapolis
ajax;20060413 17:42:11;/conference/registration/index.php;validate:required:IN
ajax;20060413 17:42:11;/conference/registration/index.php;validate:namespaces:IN
ajax;20060413 17:42:11;/conference/registration/index.php;validate:zipcode:46202
ajax;20060413 17:42:11;/conference/registration/index.php;validate:required:US
ajax;20060413 17:42:11;/conference/registration/index.php;validate:namespaces:US
ajax;20060413 17:42:11;/conference/registration/index.php;validate:required:317-278-1846
ajax;20060413 17:42:11;/conference/registration/index.php;validate:phone:317-278-1846
ajax;20060413 17:42:11;/conference/registration/index.php;validate:phone:317-278-3602
ajax;20060413 17:42:11;/conference/registration/index.php;validate:required:N
ajax;20060413 17:42:11;/conference/registration/index.php;validate:required:N
ajax;20060413 17:42:11;/conference/registration/index.php;validate:required:Small
ajax;20060413 18:09:03;/conference/registration/index.php;validate:required:Developer/Programmer
ajax;20060413 18:09:03;/conference/registration/index.php;validate:required:39 Parker Ave
ajax;20060413 18:09:03;/conference/registration/index.php;validate:required:Newton
ajax;20060413 18:09:03;/conference/registration/index.php;validate:required:MA
ajax;20060413 18:09:03;/conference/registration/index.php;validate:namespaces:MA
ajax;20060413 18:09:03;/conference/registration/index.php;validate:zipcode:02459
ajax;20060413 18:09:03;/conference/registration/index.php;validate:required:US
ajax;20060413 18:09:03;/conference/registration/index.php;validate:namespaces:US
ajax;20060413 18:09:03;/conference/registration/index.php;validate:required:617-795-0890
ajax;20060413 18:09:03;/conference/registration/index.php;validate:phone:617-795-0890
ajax;20060413 18:09:03;/conference/registration/index.php;validate:required:Y
ajax;20060413 18:09:03;/conference/registration/index.php;validate:required:N
ajax;20060413 18:09:03;/conference/registration/index.php;validate:required:Small
ajax;20060413 18:31:37;/conference/registration/index.php;validate:required:Faculty Development
ajax;20060413 18:31:37;/conference/registration/index.php;validate::Developer/Programmer
ajax;20060413 18:31:37;/conference/registration/index.php;validate:required:University of California, Sant
ajax;20060413 18:31:37;/conference/registration/index.php;validate:required:Instructional Computing, ITS
University of California, Santa Cruz
1156 High St.
ajax;20060413 18:31:37;/conference/registration/index.php;validate:required:Santa Cruz
ajax;20060413 18:31:37;/conference/registration/index.php;validate:required:CA
ajax;20060413 18:31:37;/conference/registration/index.php;validate:namespaces:CA
ajax;20060413 18:31:37;/conference/registration/index.php;validate:zipcode:95064
ajax;20060413 18:31:37;/conference/registration/index.php;validate:required:US
ajax;20060413 18:31:37;/conference/registration/index.php;validate:namespaces:US
ajax;20060413 18:31:37;/conference/registration/index.php;validate:required:831-459-2436
ajax;20060413 18:31:37;/conference/registration/index.php;validate:phone:831-459-2436
ajax;20060413 18:31:37;/conference/registration/index.php;validate:phone:831-459-4634
ajax;20060413 18:31:37;/conference/registration/index.php;validate:required:Y
ajax;20060413 18:31:37;/conference/registration/index.php;validate:required:N
ajax;20060413 18:31:37;/conference/registration/index.php;validate:required:Large
ajax;20060413 21:20:41;/conference/registration/index.php;validate:required:Developer/Programmer
ajax;20060413 21:20:41;/conference/registration/index.php;validate::Manager
ajax;20060413 21:20:41;/conference/registration/index.php;validate:required:VPIET Office
ajax;20060413 21:20:41;/conference/registration/index.php;validate:required:Davis
ajax;20060413 21:20:41;/conference/registration/index.php;validate:required:CA
ajax;20060413 21:20:41;/conference/registration/index.php;validate:namespaces:CA
ajax;20060413 21:20:41;/conference/registration/index.php;validate:zipcode:95695
ajax;20060413 21:20:41;/conference/registration/index.php;validate:required:US
ajax;20060413 21:20:41;/conference/registration/index.php;validate:namespaces:US
ajax;20060413 21:20:41;/conference/registration/index.php;validate:required:(530) 752-1750
ajax;20060413 21:20:41;/conference/registration/index.php;validate:phone:(530) 752-1750
ajax;20060413 21:20:41;/conference/registration/index.php;validate:required:Y
ajax;20060413 21:20:41;/conference/registration/index.php;validate:required:N
ajax;20060413 21:20:41;/conference/registration/index.php;validate:required:Large
ajax;20060413 22:20:56;/conference/registration/index.php;validate:required:User Support
ajax;20060413 22:20:56;/conference/registration/index.php;validate::Instructional Technologist
ajax;20060413 22:20:56;/conference/registration/index.php;validate:required:3350 Duderstadt Center
2281 Bonisteel Boulevard
ajax;20060413 22:20:56;/conference/registration/index.php;validate:required:Ann Arbor
ajax;20060413 22:20:56;/conference/registration/index.php;validate:required:MI
ajax;20060413 22:20:56;/conference/registration/index.php;validate:namespaces:MI
ajax;20060413 22:20:56;/conference/registration/index.php;validate:zipcode:48109-2094
ajax;20060413 22:20:56;/conference/registration/index.php;validate:required:US
ajax;20060413 22:20:56;/conference/registration/index.php;validate:namespaces:US
ajax;20060413 22:20:56;/conference/registration/index.php;validate:required:734-615-5512
ajax;20060413 22:20:56;/conference/registration/index.php;validate:phone:734-615-5512
ajax;20060413 22:20:56;/conference/registration/index.php;validate:phone:734-615-2818
ajax;20060413 22:20:56;/conference/registration/index.php;validate:required:Y
ajax;20060413 22:20:56;/conference/registration/index.php;validate:required:N
ajax;20060413 22:20:56;/conference/registration/index.php;validate:required:X-Large
ajax;20060413 23:30:43;/conference/registration/index.php;validate:required:Instructional Technologist
ajax;20060413 23:30:43;/conference/registration/index.php;validate::Developer/Programmer
ajax;20060413 23:30:43;/conference/registration/index.php;validate:required:245 Clipper Bay Dr
ajax;20060413 23:30:43;/conference/registration/index.php;validate:required:Alpharetta
ajax;20060413 23:30:43;/conference/registration/index.php;validate:required:GA
ajax;20060413 23:30:43;/conference/registration/index.php;validate:namespaces:GA
ajax;20060413 23:30:43;/conference/registration/index.php;validate:zipcode:30005
ajax;20060413 23:30:43;/conference/registration/index.php;validate:required:US
ajax;20060413 23:30:43;/conference/registration/index.php;validate:namespaces:US
ajax;20060413 23:30:43;/conference/registration/index.php;validate:required:770-664-3500
ajax;20060413 23:30:43;/conference/registration/index.php;validate:phone:770-664-3500
ajax;20060413 23:30:43;/conference/registration/index.php;validate:required:Y
ajax;20060413 23:30:43;/conference/registration/index.php;validate:required:Y
ajax;20060413 23:30:43;/conference/registration/index.php;validate:required:Medium
ajax;20060413 23:30:43;/conference/registration/index.php;validate:email:jmchow@us.ibm.com
ajax;20060413 23:31:13;/conference/registration/index.php;validate:required:Manager
ajax;20060413 23:31:13;/conference/registration/index.php;validate::System Administrator
ajax;20060413 23:31:13;/conference/registration/index.php;validate:required:Box 870101
ajax;20060413 23:31:13;/conference/registration/index.php;validate:required:Tempe
ajax;20060413 23:31:13;/conference/registration/index.php;validate:required:AZ
ajax;20060413 23:31:13;/conference/registration/index.php;validate:namespaces:AZ
ajax;20060413 23:31:13;/conference/registration/index.php;validate:zipcode:85287
ajax;20060413 23:31:13;/conference/registration/index.php;validate:required:US
ajax;20060413 23:31:13;/conference/registration/index.php;validate:namespaces:US
ajax;20060413 23:31:13;/conference/registration/index.php;validate:required:480-965-6077
ajax;20060413 23:31:13;/conference/registration/index.php;validate:phone:480-965-6077
ajax;20060413 23:31:13;/conference/registration/index.php;validate:required:Y
ajax;20060413 23:31:13;/conference/registration/index.php;validate:required:N
ajax;20060413 23:31:13;/conference/registration/index.php;validate:required:X-Large
