ajax;20060411 09:34:30;/conference/registration/index.php;validate:required:Developer/Programmer
ajax;20060411 09:34:30;/conference/registration/index.php;validate::Manager
ajax;20060411 09:34:30;/conference/registration/index.php;validate:required:Asharfi Isfahani Highway,Takhti street,Imam reza Ave,4th west alley,No 7 , unit 25
ajax;20060411 09:34:30;/conference/registration/index.php;validate:required:Tehran
ajax;20060411 09:34:30;/conference/registration/index.php;validate:required:Tehran
ajax;20060411 09:34:30;/conference/registration/index.php;validate:namespaces:Tehran
ajax;20060411 09:34:30;/conference/registration/index.php;validate:required:IRAN
ajax;20060411 09:34:30;/conference/registration/index.php;validate:namespaces:IRAN
ajax;20060411 09:34:30;/conference/registration/index.php;validate:required:09125122575
ajax;20060411 09:34:30;/conference/registration/index.php;validate:phone:09125122575
ajax;20060411 09:34:30;/conference/registration/index.php;validate:required:Y
ajax;20060411 09:34:30;/conference/registration/index.php;validate:required:Y
ajax;20060411 09:34:30;/conference/registration/index.php;validate:required:X-Large
ajax;20060411 10:24:22;/conference/registration/index.php;validate:required:Developer/Programmer
ajax;20060411 10:24:22;/conference/registration/index.php;validate::Manager
ajax;20060411 10:24:22;/conference/registration/index.php;validate:required:175 Whitney
ajax;20060411 10:24:22;/conference/registration/index.php;validate:required:New Haven
ajax;20060411 10:24:22;/conference/registration/index.php;validate:required:CT
ajax;20060411 10:24:22;/conference/registration/index.php;validate:namespaces:CT
ajax;20060411 10:24:22;/conference/registration/index.php;validate:zipcode:06520
ajax;20060411 10:24:22;/conference/registration/index.php;validate:required:US
ajax;20060411 10:24:22;/conference/registration/index.php;validate:namespaces:US
ajax;20060411 10:24:22;/conference/registration/index.php;validate:required:203 432-6686
ajax;20060411 10:24:22;/conference/registration/index.php;validate:phone:203 432-6686
ajax;20060411 10:24:22;/conference/registration/index.php;validate:required:Y
ajax;20060411 10:24:22;/conference/registration/index.php;validate:required:N
ajax;20060411 10:24:22;/conference/registration/index.php;validate:required:Large
ajax;20060411 10:44:55;/conference/registration/index.php;validate:required:Manager
ajax;20060411 10:44:55;/conference/registration/index.php;validate:required:Academic Computing & Network Services
309 Computer Center
ajax;20060411 10:44:55;/conference/registration/index.php;validate:required:East Lansing
ajax;20060411 10:44:55;/conference/registration/index.php;validate:required:MI
ajax;20060411 10:44:55;/conference/registration/index.php;validate:namespaces:MI
ajax;20060411 10:44:55;/conference/registration/index.php;validate:zipcode:48824
ajax;20060411 10:44:55;/conference/registration/index.php;validate:required:US
ajax;20060411 10:44:55;/conference/registration/index.php;validate:namespaces:US
ajax;20060411 10:44:55;/conference/registration/index.php;validate:required:517-432-7239
ajax;20060411 10:44:55;/conference/registration/index.php;validate:phone:517-432-7239
ajax;20060411 10:44:55;/conference/registration/index.php;validate:phone:517-353-9847
ajax;20060411 10:44:55;/conference/registration/index.php;validate:required:Y
ajax;20060411 10:44:55;/conference/registration/index.php;validate:required:N
ajax;20060411 10:44:55;/conference/registration/index.php;validate:required:X-Large
ajax;20060411 12:00:40;/conference/registration/index.php;validate:required:Instructional Technologist
ajax;20060411 12:00:40;/conference/registration/index.php;validate::Developer/Programmer
ajax;20060411 12:00:40;/conference/registration/index.php;validate:required:7001 Freret St
Innovative Learning Center
ajax;20060411 12:00:40;/conference/registration/index.php;validate:required:New Orleans
ajax;20060411 12:00:40;/conference/registration/index.php;validate:required:LA
ajax;20060411 12:00:40;/conference/registration/index.php;validate:namespaces:LA
ajax;20060411 12:00:40;/conference/registration/index.php;validate:zipcode:70118
ajax;20060411 12:00:40;/conference/registration/index.php;validate:required:US
ajax;20060411 12:00:40;/conference/registration/index.php;validate:namespaces:US
ajax;20060411 12:00:40;/conference/registration/index.php;validate:required:504.862.8594
ajax;20060411 12:00:40;/conference/registration/index.php;validate:phone:504.862.8594
ajax;20060411 12:00:40;/conference/registration/index.php;validate:required:Y
ajax;20060411 12:00:40;/conference/registration/index.php;validate:required:N
ajax;20060411 12:00:40;/conference/registration/index.php;validate:required:Small
ajax;20060411 16:38:50;/conference/registration/index.php;validate:required:Developer/Programmer
ajax;20060411 16:38:50;/conference/registration/index.php;validate:required:601 University Drive
ajax;20060411 16:38:50;/conference/registration/index.php;validate:required:San Marcos
ajax;20060411 16:38:50;/conference/registration/index.php;validate:required:TX
ajax;20060411 16:38:50;/conference/registration/index.php;validate:namespaces:TX
ajax;20060411 16:38:50;/conference/registration/index.php;validate:zipcode:78666
ajax;20060411 16:38:50;/conference/registration/index.php;validate:required:US
ajax;20060411 16:38:50;/conference/registration/index.php;validate:namespaces:US
ajax;20060411 16:38:50;/conference/registration/index.php;validate:required:512.245.9928
ajax;20060411 16:38:50;/conference/registration/index.php;validate:phone:512.245.9928
ajax;20060411 16:38:50;/conference/registration/index.php;validate:required:N
ajax;20060411 16:38:50;/conference/registration/index.php;validate:required:N
ajax;20060411 16:38:50;/conference/registration/index.php;validate:required:Large
ajax;20060411 16:47:19;/conference/registration/index.php;validate:required:User Support
ajax;20060411 16:47:19;/conference/registration/index.php;validate::System Administrator
ajax;20060411 16:47:19;/conference/registration/index.php;validate:required:601 University Drive
Alkek Library Rm 108

ajax;20060411 16:47:19;/conference/registration/index.php;validate:required:San Marcos
ajax;20060411 16:47:19;/conference/registration/index.php;validate:required:TX
ajax;20060411 16:47:19;/conference/registration/index.php;validate:namespaces:TX
ajax;20060411 16:47:19;/conference/registration/index.php;validate:zipcode:78640
ajax;20060411 16:47:19;/conference/registration/index.php;validate:required:US
ajax;20060411 16:47:19;/conference/registration/index.php;validate:namespaces:US
ajax;20060411 16:47:19;/conference/registration/index.php;validate:required:512-245-2319
ajax;20060411 16:47:19;/conference/registration/index.php;validate:phone:512-245-2319
ajax;20060411 16:47:19;/conference/registration/index.php;validate:phone:512-245-3168
ajax;20060411 16:47:19;/conference/registration/index.php;validate:required:N
ajax;20060411 16:47:19;/conference/registration/index.php;validate:required:N
ajax;20060411 16:47:19;/conference/registration/index.php;validate:required:X-Large
ajax;20060411 21:08:48;/conference/registration/index.php;validate:required:University Administration
ajax;20060411 21:08:48;/conference/registration/index.php;validate::Instructional Technologist
ajax;20060411 21:08:48;/conference/registration/index.php;validate:required:306 Kirby Plaza
1208 Kirby Drive
College of Liberal Arts
University of Minnesota Duluth
ajax;20060411 21:08:48;/conference/registration/index.php;validate:required:Duluth
ajax;20060411 21:08:48;/conference/registration/index.php;validate:required:MN
ajax;20060411 21:08:48;/conference/registration/index.php;validate:namespaces:MN
ajax;20060411 21:08:48;/conference/registration/index.php;validate:zipcode:55812
ajax;20060411 21:08:48;/conference/registration/index.php;validate:required:US
ajax;20060411 21:08:48;/conference/registration/index.php;validate:namespaces:US
ajax;20060411 21:08:48;/conference/registration/index.php;validate:required:218-726-7350
ajax;20060411 21:08:48;/conference/registration/index.php;validate:phone:218-726-7350
ajax;20060411 21:08:48;/conference/registration/index.php;validate:required:Y
ajax;20060411 21:08:48;/conference/registration/index.php;validate:required:N
ajax;20060411 21:08:48;/conference/registration/index.php;validate:required:X-Large
