ajax;20060405 10:34:45;/conference/registration/index.php;validate:required:Manager
ajax;20060405 10:34:45;/conference/registration/index.php;validate:required:3399 North Road
St. Ann's Hermitage
ajax;20060405 10:34:45;/conference/registration/index.php;validate:required:Poughkeepsie
ajax;20060405 10:34:45;/conference/registration/index.php;validate:required:NY
ajax;20060405 10:34:45;/conference/registration/index.php;validate:namespaces:NY
ajax;20060405 10:34:45;/conference/registration/index.php;validate:zipcode:12601
ajax;20060405 10:34:45;/conference/registration/index.php;validate:required:US
ajax;20060405 10:34:45;/conference/registration/index.php;validate:namespaces:US
ajax;20060405 10:34:45;/conference/registration/index.php;validate:required:845-575-3588
ajax;20060405 10:34:45;/conference/registration/index.php;validate:phone:845-575-3588
ajax;20060405 10:34:45;/conference/registration/index.php;validate:phone:845-575-3095
ajax;20060405 10:34:45;/conference/registration/index.php;validate:required:Y
ajax;20060405 10:34:45;/conference/registration/index.php;validate:required:N
ajax;20060405 10:34:45;/conference/registration/index.php;validate:required:Large
ajax;20060405 12:01:50;/conference/registration/index.php;validate:required:Developer/Programmer
ajax;20060405 12:01:50;/conference/registration/index.php;validate::Librarian
ajax;20060405 12:01:50;/conference/registration/index.php;validate:required:2m05 butler library
ajax;20060405 12:01:50;/conference/registration/index.php;validate:required:new york
ajax;20060405 12:01:50;/conference/registration/index.php;validate:required:NY
ajax;20060405 12:01:50;/conference/registration/index.php;validate:namespaces:NY
ajax;20060405 12:01:50;/conference/registration/index.php;validate:zipcode:10027
ajax;20060405 12:01:50;/conference/registration/index.php;validate:required:US
ajax;20060405 12:01:50;/conference/registration/index.php;validate:namespaces:US
ajax;20060405 12:01:50;/conference/registration/index.php;validate:required:212 8548583
ajax;20060405 12:01:50;/conference/registration/index.php;validate:phone:212 8548583
ajax;20060405 12:01:50;/conference/registration/index.php;validate:required:Y
ajax;20060405 12:01:50;/conference/registration/index.php;validate:required:N
ajax;20060405 12:01:50;/conference/registration/index.php;validate:required:Large
ajax;20060405 13:35:17;/conference/proposals/index.php;validate:required:presentation
ajax;20060405 13:45:55;/conference/registration/index.php;validate:required:Manager
ajax;20060405 13:45:55;/conference/registration/index.php;validate:required:9 Dwinelle Hall
ajax;20060405 13:45:55;/conference/registration/index.php;validate:required:Berkeley
ajax;20060405 13:45:55;/conference/registration/index.php;validate:required:CA
ajax;20060405 13:45:55;/conference/registration/index.php;validate:namespaces:CA
ajax;20060405 13:45:55;/conference/registration/index.php;validate:zipcode:94720-2535
ajax;20060405 13:45:55;/conference/registration/index.php;validate:required:US
ajax;20060405 13:45:55;/conference/registration/index.php;validate:namespaces:US
ajax;20060405 13:45:55;/conference/registration/index.php;validate:required:510-642-8593
ajax;20060405 13:45:55;/conference/registration/index.php;validate:phone:510-642-8593
ajax;20060405 13:45:55;/conference/registration/index.php;validate:required:Y
ajax;20060405 13:45:55;/conference/registration/index.php;validate:required:N
ajax;20060405 13:45:55;/conference/registration/index.php;validate:required:Large
ajax;20060405 13:53:22;/conference/registration/index.php;validate:required:Developer/Programmer
ajax;20060405 13:53:22;/conference/registration/index.php;validate::System Administrator
ajax;20060405 13:53:22;/conference/registration/index.php;validate:required:IET Mediaworks, Surge II
One Shields Ave

ajax;20060405 13:53:22;/conference/registration/index.php;validate:required:Davis
ajax;20060405 13:53:22;/conference/registration/index.php;validate:required:CA
ajax;20060405 13:53:22;/conference/registration/index.php;validate:namespaces:CA
ajax;20060405 13:53:22;/conference/registration/index.php;validate:zipcode:95616
ajax;20060405 13:53:22;/conference/registration/index.php;validate:required:US
ajax;20060405 13:53:22;/conference/registration/index.php;validate:namespaces:US
ajax;20060405 13:53:22;/conference/registration/index.php;validate:required:530-752-0218
ajax;20060405 13:53:22;/conference/registration/index.php;validate:phone:530-752-0218
ajax;20060405 13:53:22;/conference/registration/index.php;validate:required:Y
ajax;20060405 13:53:22;/conference/registration/index.php;validate:required:N
ajax;20060405 13:53:22;/conference/registration/index.php;validate:required:Large
ajax;20060405 15:55:18;/conference/registration/index.php;validate:required:University Administration
ajax;20060405 15:55:18;/conference/registration/index.php;validate:required:2711 E. Tenth Street
ajax;20060405 15:55:18;/conference/registration/index.php;validate:required:Bloomington
ajax;20060405 15:55:18;/conference/registration/index.php;validate:required:IN
ajax;20060405 15:55:18;/conference/registration/index.php;validate:namespaces:IN
ajax;20060405 15:55:18;/conference/registration/index.php;validate:zipcode:47408
ajax;20060405 15:55:18;/conference/registration/index.php;validate:required:US
ajax;20060405 15:55:18;/conference/registration/index.php;validate:namespaces:US
ajax;20060405 15:55:18;/conference/registration/index.php;validate:required:812-855-7326
ajax;20060405 15:55:18;/conference/registration/index.php;validate:phone:812-855-7326
ajax;20060405 15:55:18;/conference/registration/index.php;validate:phone:812-855-8299
ajax;20060405 15:55:18;/conference/registration/index.php;validate:required:Y
ajax;20060405 15:55:18;/conference/registration/index.php;validate:required:N
ajax;20060405 15:55:18;/conference/registration/index.php;validate:required:X-Large
ajax;20060405 15:55:18;/conference/registration/index.php;validate:email:cjent@exchange.indiana.edu
