ajax;20060321 15:10:03;/conference/registration/index.php;validate:required:User Support
ajax;20060321 15:10:03;/conference/registration/index.php;validate:required:3820 Chiles Road
ajax;20060321 15:10:03;/conference/registration/index.php;validate:required:Davis
ajax;20060321 15:10:03;/conference/registration/index.php;validate:required:CA
ajax;20060321 15:10:03;/conference/registration/index.php;validate:namespaces:CA
ajax;20060321 15:10:03;/conference/registration/index.php;validate:zipcode:95616
ajax;20060321 15:10:03;/conference/registration/index.php;validate:required:US
ajax;20060321 15:10:03;/conference/registration/index.php;validate:namespaces:US
ajax;20060321 15:10:03;/conference/registration/index.php;validate:required:530-297-4462
ajax;20060321 15:10:03;/conference/registration/index.php;validate:phone:530-297-4462
ajax;20060321 15:10:03;/conference/registration/index.php;validate:phone:530-297-7534
ajax;20060321 15:10:03;/conference/registration/index.php;validate:required:Y
ajax;20060321 15:10:03;/conference/registration/index.php;validate:required:N
ajax;20060321 15:10:03;/conference/registration/index.php;validate:required:Medium
ajax;20060321 15:10:41;/conference/registration/index.php;validate:required:User Support
ajax;20060321 15:10:41;/conference/registration/index.php;validate:required:535 W. Michigan St.
IT 342C
ajax;20060321 15:10:41;/conference/registration/index.php;validate:required:Indianapolis
ajax;20060321 15:10:41;/conference/registration/index.php;validate:required:IN
ajax;20060321 15:10:41;/conference/registration/index.php;validate:namespaces:IN
ajax;20060321 15:10:41;/conference/registration/index.php;validate:zipcode:46220
ajax;20060321 15:10:41;/conference/registration/index.php;validate:required:US
ajax;20060321 15:10:41;/conference/registration/index.php;validate:namespaces:US
ajax;20060321 15:10:41;/conference/registration/index.php;validate:required:317-253-9487
ajax;20060321 15:10:41;/conference/registration/index.php;validate:phone:317-253-9487
ajax;20060321 15:10:41;/conference/registration/index.php;validate:required:Y
ajax;20060321 15:10:41;/conference/registration/index.php;validate:required:N
ajax;20060321 15:10:41;/conference/registration/index.php;validate:required:X-Large
ajax;20060321 15:11:14;/conference/registration/index.php;validate:required:University Administration
ajax;20060321 15:11:14;/conference/registration/index.php;validate::User Support
ajax;20060321 15:11:14;/conference/registration/index.php;validate:required:2281 Bonisteel Blvd
ajax;20060321 15:11:14;/conference/registration/index.php;validate:required:Ann Arbor
ajax;20060321 15:11:14;/conference/registration/index.php;validate:required:MI
ajax;20060321 15:11:14;/conference/registration/index.php;validate:namespaces:MI
ajax;20060321 15:11:14;/conference/registration/index.php;validate:zipcode:48109
ajax;20060321 15:11:14;/conference/registration/index.php;validate:required:US
ajax;20060321 15:11:14;/conference/registration/index.php;validate:namespaces:US
ajax;20060321 15:11:14;/conference/registration/index.php;validate:required:7347633070
ajax;20060321 15:11:14;/conference/registration/index.php;validate:phone:7347633070
ajax;20060321 15:11:14;/conference/registration/index.php;validate:required:Y
ajax;20060321 15:11:14;/conference/registration/index.php;validate:required:N
ajax;20060321 15:11:14;/conference/registration/index.php;validate:required:X-Large
ajax;20060321 15:12:50;/conference/registration/index.php;validate:required:Manager
ajax;20060321 15:12:50;/conference/registration/index.php;validate::Faculty Development
ajax;20060321 15:12:50;/conference/registration/index.php;validate:required:160 Powell Library
ajax;20060321 15:12:50;/conference/registration/index.php;validate:required:Los Angeles
ajax;20060321 15:12:50;/conference/registration/index.php;validate:required:CA
ajax;20060321 15:12:50;/conference/registration/index.php;validate:namespaces:CA
ajax;20060321 15:12:50;/conference/registration/index.php;validate:zipcode:90095-1515
ajax;20060321 15:12:50;/conference/registration/index.php;validate:required:US
ajax;20060321 15:12:50;/conference/registration/index.php;validate:namespaces:US
ajax;20060321 15:12:50;/conference/registration/index.php;validate:required:310-794-3981
ajax;20060321 15:12:50;/conference/registration/index.php;validate:phone:310-794-3981
ajax;20060321 15:12:50;/conference/registration/index.php;validate:required:Y
ajax;20060321 15:12:50;/conference/registration/index.php;validate:required:N
ajax;20060321 15:12:50;/conference/registration/index.php;validate:required:Large
ajax;20060321 15:19:19;/conference/registration/index.php;validate:required:Developer/Programmer
ajax;20060321 15:19:19;/conference/registration/index.php;validate::Manager
ajax;20060321 15:19:19;/conference/registration/index.php;validate:required:11664 National Blvd 143
ajax;20060321 15:19:19;/conference/registration/index.php;validate:required:Los Angeles
ajax;20060321 15:19:19;/conference/registration/index.php;validate:required:CA
ajax;20060321 15:19:19;/conference/registration/index.php;validate:namespaces:CA
ajax;20060321 15:19:19;/conference/registration/index.php;validate:zipcode:90064
ajax;20060321 15:19:19;/conference/registration/index.php;validate:required:US
ajax;20060321 15:19:19;/conference/registration/index.php;validate:namespaces:US
ajax;20060321 15:19:19;/conference/registration/index.php;validate:required:310-397-2999
ajax;20060321 15:19:19;/conference/registration/index.php;validate:phone:310-397-2999
ajax;20060321 15:19:19;/conference/registration/index.php;validate:required:Y
ajax;20060321 15:19:19;/conference/registration/index.php;validate:required:N
ajax;20060321 15:19:19;/conference/registration/index.php;validate:required:X-Large
ajax;20060321 15:25:21;/conference/registration/index.php;validate:required:Implementor
ajax;20060321 15:25:21;/conference/registration/index.php;validate::Implementor
ajax;20060321 15:25:21;/conference/registration/index.php;validate:required:University of Winnipeg
ajax;20060321 15:25:21;/conference/registration/index.php;validate:required:515 Portage Avenue
ajax;20060321 15:25:21;/conference/registration/index.php;validate:required:Winnipeg
ajax;20060321 15:25:21;/conference/registration/index.php;validate:required:MB
ajax;20060321 15:25:21;/conference/registration/index.php;validate:namespaces:MB
ajax;20060321 15:25:21;/conference/registration/index.php;validate:required:CA
ajax;20060321 15:25:21;/conference/registration/index.php;validate:namespaces:CA
ajax;20060321 15:25:21;/conference/registration/index.php;validate:required:2047869050
ajax;20060321 15:25:21;/conference/registration/index.php;validate:phone:2047869050
ajax;20060321 15:25:21;/conference/registration/index.php;validate:phone:2047838910
ajax;20060321 15:25:21;/conference/registration/index.php;validate:required:Y
ajax;20060321 15:25:21;/conference/registration/index.php;validate:required:N
ajax;20060321 15:25:21;/conference/registration/index.php;validate:required:Medium
ajax;20060321 15:37:56;/conference/registration/index.php;validate:required:Manager
ajax;20060321 15:37:56;/conference/registration/index.php;validate::Faculty
ajax;20060321 15:37:56;/conference/registration/index.php;validate:required:University of Michigan
Duderstadt Center
2281 Bonisteel Blvd., Suite 3350

ajax;20060321 15:37:56;/conference/registration/index.php;validate:required:Ann Arbor
ajax;20060321 15:37:56;/conference/registration/index.php;validate:required:MI
ajax;20060321 15:37:56;/conference/registration/index.php;validate:namespaces:MI
ajax;20060321 15:37:56;/conference/registration/index.php;validate:zipcode:48109-2094
ajax;20060321 15:37:56;/conference/registration/index.php;validate:required:US
ajax;20060321 15:37:56;/conference/registration/index.php;validate:namespaces:US
ajax;20060321 15:37:56;/conference/registration/index.php;validate:required:734-647-8042
ajax;20060321 15:37:56;/conference/registration/index.php;validate:phone:734-647-8042
ajax;20060321 15:37:56;/conference/registration/index.php;validate:required:Y
ajax;20060321 15:37:56;/conference/registration/index.php;validate:required:N
ajax;20060321 15:37:56;/conference/registration/index.php;validate:required:X-Large
ajax;20060321 15:49:19;/conference/registration/index.php;validate:required:Manager
ajax;20060321 15:49:19;/conference/registration/index.php;validate::Developer/Programmer
ajax;20060321 15:49:19;/conference/registration/index.php;validate:required:University of Pennsylvania
ajax;20060321 15:49:19;/conference/registration/index.php;validate:required:3420 Walnut Street
Room 332
ajax;20060321 15:49:19;/conference/registration/index.php;validate:required:Philadelphia
ajax;20060321 15:49:19;/conference/registration/index.php;validate:required:PA
ajax;20060321 15:49:19;/conference/registration/index.php;validate:namespaces:PA
ajax;20060321 15:49:19;/conference/registration/index.php;validate:zipcode:19104
ajax;20060321 15:49:19;/conference/registration/index.php;validate:required:US
ajax;20060321 15:49:19;/conference/registration/index.php;validate:namespaces:US
ajax;20060321 15:49:19;/conference/registration/index.php;validate:required:215-898-2199
ajax;20060321 15:49:19;/conference/registration/index.php;validate:phone:215-898-2199
ajax;20060321 15:49:19;/conference/registration/index.php;validate:required:Y
ajax;20060321 15:49:19;/conference/registration/index.php;validate:required:N
ajax;20060321 15:49:19;/conference/registration/index.php;validate:required:Large
ajax;20060321 15:50:07;/conference/registration/index.php;validate:required:Instructional Technologist
ajax;20060321 15:50:07;/conference/registration/index.php;validate::Implementor
ajax;20060321 15:50:07;/conference/registration/index.php;validate:required:Northwestern University
1970 Campus Drive, 2 East
ajax;20060321 15:50:07;/conference/registration/index.php;validate:required:Evanston
ajax;20060321 15:50:07;/conference/registration/index.php;validate:required:IL
ajax;20060321 15:50:07;/conference/registration/index.php;validate:namespaces:IL
ajax;20060321 15:50:07;/conference/registration/index.php;validate:zipcode:60208-2323
ajax;20060321 15:50:07;/conference/registration/index.php;validate:required:US
ajax;20060321 15:50:08;/conference/registration/index.php;validate:namespaces:US
ajax;20060321 15:50:08;/conference/registration/index.php;validate:required:847 491-2170
ajax;20060321 15:50:08;/conference/registration/index.php;validate:phone:847 491-2170
ajax;20060321 15:50:08;/conference/registration/index.php;validate:required:Y
ajax;20060321 15:50:08;/conference/registration/index.php;validate:required:N
ajax;20060321 15:50:08;/conference/registration/index.php;validate:required:X-Large
ajax;20060321 15:54:51;/conference/registration/index.php;validate:required:University Administration
ajax;20060321 15:54:51;/conference/registration/index.php;validate::Developer/Programmer
ajax;20060321 15:54:51;/conference/registration/index.php;validate:required:P. O. Box 21 
ajax;20060321 15:54:51;/conference/registration/index.php;validate:required:Matawan
ajax;20060321 15:54:51;/conference/registration/index.php;validate:required:NJ
ajax;20060321 15:54:51;/conference/registration/index.php;validate:namespaces:NJ
ajax;20060321 15:54:51;/conference/registration/index.php;validate:zipcode:07747
ajax;20060321 15:54:51;/conference/registration/index.php;validate:required:US
ajax;20060321 15:54:51;/conference/registration/index.php;validate:namespaces:US
ajax;20060321 15:54:51;/conference/registration/index.php;validate:required:732 583 8910
ajax;20060321 15:54:51;/conference/registration/index.php;validate:phone:732 583 8910
ajax;20060321 15:54:51;/conference/registration/index.php;validate:phone:732 583 8980
ajax;20060321 15:54:51;/conference/registration/index.php;validate:required:Y
ajax;20060321 15:54:51;/conference/registration/index.php;validate:required:Y
ajax;20060321 15:54:51;/conference/registration/index.php;validate:required:Large
ajax;20060321 16:05:29;/conference/registration/index.php;validate:required:Developer/Programmer
ajax;20060321 16:05:29;/conference/registration/index.php;validate:required:Surge 4, rm. 207
One Shields Ave.
UC Davis
ajax;20060321 16:05:29;/conference/registration/index.php;validate:required:Davis
ajax;20060321 16:05:29;/conference/registration/index.php;validate:required:CA
ajax;20060321 16:05:29;/conference/registration/index.php;validate:namespaces:CA
ajax;20060321 16:05:29;/conference/registration/index.php;validate:zipcode:95616
ajax;20060321 16:05:29;/conference/registration/index.php;validate:required:US
ajax;20060321 16:05:29;/conference/registration/index.php;validate:namespaces:US
ajax;20060321 16:05:29;/conference/registration/index.php;validate:required:530-754-4431
ajax;20060321 16:05:29;/conference/registration/index.php;validate:phone:530-754-4431
ajax;20060321 16:05:29;/conference/registration/index.php;validate:required:Y
ajax;20060321 16:05:29;/conference/registration/index.php;validate:required:N
ajax;20060321 16:05:29;/conference/registration/index.php;validate:required:Large
ajax;20060321 16:16:01;/conference/registration/index.php;validate:required:System Administrator
ajax;20060321 16:16:01;/conference/registration/index.php;validate::User Support
ajax;20060321 16:16:01;/conference/registration/index.php;validate:required:6356 Agricultural Road
ajax;20060321 16:16:01;/conference/registration/index.php;validate:required:Vancouver
ajax;20060321 16:16:01;/conference/registration/index.php;validate:required:BC
ajax;20060321 16:16:01;/conference/registration/index.php;validate:namespaces:BC
ajax;20060321 16:16:01;/conference/registration/index.php;validate:required:CA
ajax;20060321 16:16:01;/conference/registration/index.php;validate:namespaces:CA
ajax;20060321 16:16:01;/conference/registration/index.php;validate:required:604-822-2357
ajax;20060321 16:16:01;/conference/registration/index.php;validate:phone:604-822-2357
ajax;20060321 16:16:01;/conference/registration/index.php;validate:required:N
ajax;20060321 16:16:01;/conference/registration/index.php;validate:required:N
ajax;20060321 16:16:01;/conference/registration/index.php;validate:required:Medium
ajax;20060321 16:19:49;/conference/registration/index.php;validate:required:Manager
ajax;20060321 16:19:49;/conference/registration/index.php;validate::Faculty Development
ajax;20060321 16:19:49;/conference/registration/index.php;validate:required:3004 Torgersen Hall
Mail Stop 0232
ajax;20060321 16:19:49;/conference/registration/index.php;validate:required:Blacksburg
ajax;20060321 16:19:49;/conference/registration/index.php;validate:required:VA
ajax;20060321 16:19:49;/conference/registration/index.php;validate:namespaces:VA
ajax;20060321 16:19:49;/conference/registration/index.php;validate:zipcode:24061
ajax;20060321 16:19:49;/conference/registration/index.php;validate:required:US
ajax;20060321 16:19:49;/conference/registration/index.php;validate:namespaces:US
ajax;20060321 16:19:49;/conference/registration/index.php;validate:required:540-231-8991
ajax;20060321 16:19:49;/conference/registration/index.php;validate:phone:540-231-8991
ajax;20060321 16:19:49;/conference/registration/index.php;validate:phone:540-231-5922
ajax;20060321 16:19:49;/conference/registration/index.php;validate:required:Y
ajax;20060321 16:19:49;/conference/registration/index.php;validate:required:N
ajax;20060321 16:19:49;/conference/registration/index.php;validate:required:X-Large
ajax;20060321 16:36:42;/conference/registration/index.php;validate:required:Manager
ajax;20060321 16:36:42;/conference/registration/index.php;validate::University Administration
ajax;20060321 16:36:42;/conference/registration/index.php;validate:required:University of Washington
Box 353080
ajax;20060321 16:36:42;/conference/registration/index.php;validate:required:Seattle
ajax;20060321 16:36:42;/conference/registration/index.php;validate:required:WA
ajax;20060321 16:36:42;/conference/registration/index.php;validate:namespaces:WA
ajax;20060321 16:36:42;/conference/registration/index.php;validate:zipcode:98195-3080
ajax;20060321 16:36:42;/conference/registration/index.php;validate:required:US
ajax;20060321 16:36:42;/conference/registration/index.php;validate:namespaces:US
ajax;20060321 16:36:42;/conference/registration/index.php;validate:required:(206) 616-8156
ajax;20060321 16:36:42;/conference/registration/index.php;validate:phone:(206) 616-8156
ajax;20060321 16:36:42;/conference/registration/index.php;validate:required:N
ajax;20060321 16:36:42;/conference/registration/index.php;validate:required:N
ajax;20060321 16:36:42;/conference/registration/index.php;validate:required:Medium
ajax;20060321 16:36:47;/conference/registration/index.php;validate:required:Manager
ajax;20060321 16:36:47;/conference/registration/index.php;validate::Implementor
ajax;20060321 16:36:47;/conference/registration/index.php;validate:required:Phelps 1523
ajax;20060321 16:36:47;/conference/registration/index.php;validate:required:Santa Barbara
ajax;20060321 16:36:47;/conference/registration/index.php;validate:required:CA
ajax;20060321 16:36:47;/conference/registration/index.php;validate:namespaces:CA
ajax;20060321 16:36:47;/conference/registration/index.php;validate:zipcode:93106-4100
ajax;20060321 16:36:47;/conference/registration/index.php;validate:required:US
ajax;20060321 16:36:47;/conference/registration/index.php;validate:namespaces:US
ajax;20060321 16:36:47;/conference/registration/index.php;validate:required:805 893 7191
ajax;20060321 16:36:47;/conference/registration/index.php;validate:phone:805 893 7191
ajax;20060321 16:36:47;/conference/registration/index.php;validate:phone:805 893 8758
ajax;20060321 16:36:47;/conference/registration/index.php;validate:required:Y
ajax;20060321 16:36:47;/conference/registration/index.php;validate:required:N
ajax;20060321 16:36:47;/conference/registration/index.php;validate:required:Large
ajax;20060321 16:36:52;/conference/registration/index.php;validate:required:Developer/Programmer
ajax;20060321 16:36:52;/conference/registration/index.php;validate::User Support
ajax;20060321 16:36:52;/conference/registration/index.php;validate:required:One Shields Ave, Surge II
ajax;20060321 16:36:52;/conference/registration/index.php;validate:required:Davis
ajax;20060321 16:36:52;/conference/registration/index.php;validate:required:CA
ajax;20060321 16:36:52;/conference/registration/index.php;validate:namespaces:CA
ajax;20060321 16:36:52;/conference/registration/index.php;validate:zipcode:95616
ajax;20060321 16:36:52;/conference/registration/index.php;validate:required:US
ajax;20060321 16:36:52;/conference/registration/index.php;validate:namespaces:US
ajax;20060321 16:36:52;/conference/registration/index.php;validate:required:530-754-7259
ajax;20060321 16:36:52;/conference/registration/index.php;validate:phone:530-754-7259
ajax;20060321 16:36:52;/conference/registration/index.php;validate:phone:530-752-4655
ajax;20060321 16:36:52;/conference/registration/index.php;validate:required:Y
ajax;20060321 16:36:52;/conference/registration/index.php;validate:required:N
ajax;20060321 16:36:52;/conference/registration/index.php;validate:required:Medium
ajax;20060321 17:28:06;/conference/registration/index.php;validate:required:Manager
ajax;20060321 17:28:06;/conference/registration/index.php;validate::Instructional Designer
ajax;20060321 17:28:06;/conference/registration/index.php;validate:required:PO Box 751
SMC 18-D
ajax;20060321 17:28:06;/conference/registration/index.php;validate:required:Portland
ajax;20060321 17:28:06;/conference/registration/index.php;validate:required:OR
ajax;20060321 17:28:06;/conference/registration/index.php;validate:namespaces:OR
ajax;20060321 17:28:06;/conference/registration/index.php;validate:zipcode:97207
ajax;20060321 17:28:06;/conference/registration/index.php;validate:required:US
ajax;20060321 17:28:06;/conference/registration/index.php;validate:namespaces:US
ajax;20060321 17:28:06;/conference/registration/index.php;validate:required:503-725-9116
ajax;20060321 17:28:06;/conference/registration/index.php;validate:phone:503-725-9116
ajax;20060321 17:28:06;/conference/registration/index.php;validate:phone:503-725-3476
ajax;20060321 17:28:06;/conference/registration/index.php;validate:required:Y
ajax;20060321 17:28:06;/conference/registration/index.php;validate:required:N
ajax;20060321 17:28:06;/conference/registration/index.php;validate:required:X-Large
ajax;20060321 17:36:18;/conference/registration/index.php;validate:required:Manager
ajax;20060321 17:36:18;/conference/registration/index.php;validate::Instructional Technologist
ajax;20060321 17:36:18;/conference/registration/index.php;validate:required:Administrative Services Bldg, Annex 1
56 Bevier Road

ajax;20060321 17:36:18;/conference/registration/index.php;validate:required:Piscataway
ajax;20060321 17:36:18;/conference/registration/index.php;validate:required:NJ
ajax;20060321 17:36:19;/conference/registration/index.php;validate:namespaces:NJ
ajax;20060321 17:36:19;/conference/registration/index.php;validate:zipcode:08854
ajax;20060321 17:36:19;/conference/registration/index.php;validate:required:US
ajax;20060321 17:36:19;/conference/registration/index.php;validate:namespaces:US
ajax;20060321 17:36:19;/conference/registration/index.php;validate:required:732-445-2741
ajax;20060321 17:36:19;/conference/registration/index.php;validate:phone:732-445-2741
ajax;20060321 17:36:19;/conference/registration/index.php;validate:phone:732-445-5539
ajax;20060321 17:36:19;/conference/registration/index.php;validate:required:Y
ajax;20060321 17:36:19;/conference/registration/index.php;validate:required:N
ajax;20060321 17:36:19;/conference/registration/index.php;validate:required:XX-Large
ajax;20060321 17:36:19;/conference/registration/index.php;validate:email:harth@rutgers.edu
ajax;20060321 18:00:16;/conference/registration/index.php;validate:required:Instructional Designer
ajax;20060321 18:00:16;/conference/registration/index.php;validate:required:Instruction & Research Services
P.O. Box 751
ajax;20060321 18:00:16;/conference/registration/index.php;validate:required:Portland
ajax;20060321 18:00:16;/conference/registration/index.php;validate:required:OR
ajax;20060321 18:00:16;/conference/registration/index.php;validate:namespaces:OR
ajax;20060321 18:00:16;/conference/registration/index.php;validate:zipcode:97207-0751
ajax;20060321 18:00:16;/conference/registration/index.php;validate:required:US
ajax;20060321 18:00:16;/conference/registration/index.php;validate:namespaces:US
ajax;20060321 18:00:16;/conference/registration/index.php;validate:required:503-725-9119
ajax;20060321 18:00:16;/conference/registration/index.php;validate:phone:503-725-9119
ajax;20060321 18:00:16;/conference/registration/index.php;validate:phone:503-725-3360
ajax;20060321 18:00:16;/conference/registration/index.php;validate:required:Y
ajax;20060321 18:00:16;/conference/registration/index.php;validate:required:N
ajax;20060321 18:00:16;/conference/registration/index.php;validate:required:Medium
ajax;20060321 18:00:35;/conference/registration/index.php;validate:required:Manager
ajax;20060321 18:00:35;/conference/registration/index.php;validate:required:Box 951557
4302 Math Sciences Building

ajax;20060321 18:00:35;/conference/registration/index.php;validate:required:Los Angeles
ajax;20060321 18:00:35;/conference/registration/index.php;validate:required:CA
ajax;20060321 18:00:35;/conference/registration/index.php;validate:namespaces:CA
ajax;20060321 18:00:35;/conference/registration/index.php;validate:zipcode:90095-1557
ajax;20060321 18:00:35;/conference/registration/index.php;validate:required:US
ajax;20060321 18:00:35;/conference/registration/index.php;validate:namespaces:US
ajax;20060321 18:00:35;/conference/registration/index.php;validate:required:310-825-3981
ajax;20060321 18:00:35;/conference/registration/index.php;validate:phone:310-825-3981
ajax;20060321 18:00:35;/conference/registration/index.php;validate:required:Y
ajax;20060321 18:00:35;/conference/registration/index.php;validate:required:N
ajax;20060321 18:00:35;/conference/registration/index.php;validate:required:Large
ajax;20060321 19:40:58;/conference/registration/index.php;validate:required:Faculty Development
ajax;20060321 19:40:58;/conference/registration/index.php;validate::System Administrator
ajax;20060321 19:40:58;/conference/registration/index.php;validate:required:5627 S. Doubloon Ct
#D
ajax;20060321 19:40:58;/conference/registration/index.php;validate:required:Tempe
ajax;20060321 19:40:58;/conference/registration/index.php;validate:required:AZ
ajax;20060321 19:40:58;/conference/registration/index.php;validate:namespaces:AZ
ajax;20060321 19:40:58;/conference/registration/index.php;validate:zipcode:85283
ajax;20060321 19:40:58;/conference/registration/index.php;validate:required:US
ajax;20060321 19:40:58;/conference/registration/index.php;validate:namespaces:US
ajax;20060321 19:40:58;/conference/registration/index.php;validate:required:4807276548
ajax;20060321 19:40:58;/conference/registration/index.php;validate:phone:4807276548
ajax;20060321 19:40:58;/conference/registration/index.php;validate:required:Y
ajax;20060321 19:40:58;/conference/registration/index.php;validate:required:N
ajax;20060321 19:40:58;/conference/registration/index.php;validate:required:Medium
ajax;20060321 23:52:12;/conference/registration/index.php;validate:required:University Administration
ajax;20060321 23:52:12;/conference/registration/index.php;validate:required:535 W. Michigan St

ajax;20060321 23:52:12;/conference/registration/index.php;validate:required:Indianapolis
ajax;20060321 23:52:12;/conference/registration/index.php;validate:required:IN
ajax;20060321 23:52:12;/conference/registration/index.php;validate:namespaces:IN
ajax;20060321 23:52:12;/conference/registration/index.php;validate:zipcode:46202
ajax;20060321 23:52:12;/conference/registration/index.php;validate:required:US
ajax;20060321 23:52:12;/conference/registration/index.php;validate:namespaces:US
ajax;20060321 23:52:12;/conference/registration/index.php;validate:required:317-278-1570
ajax;20060321 23:52:12;/conference/registration/index.php;validate:phone:317-278-1570
ajax;20060321 23:52:12;/conference/registration/index.php;validate:required:Y
ajax;20060321 23:52:12;/conference/registration/index.php;validate:required:N
ajax;20060321 23:52:12;/conference/registration/index.php;validate:required:X-Large
