gsilver;20060614 09:39:52;/accounts/forgot_password.php;user modified (ldap): Gonzalo Silverio (gsilver@umich.edu) [255]
141.213.113.51;20060614 09:39:52;/accounts/forgot_password.php;password reset: gsilver@umich.edu
gsilver;20060614 09:40:36;/accounts/login.php;user logged in (ldap):141.213.113.51:https://sakaiproject.org/accounts/login.php?ref=/skin/vote.php
gilberl;20060614 11:24:45;/accounts/activate.php;user modified (ldap): Larry Gilbert (larry.gilbert@wwu.edu) [303]
gilberl;20060614 11:25:19;/accounts/login.php;user logged in (internal):140.160.201.145:https://sakaiproject.org/accounts/login.php
gilberl;20060614 11:25:19;/accounts/login.php;user modified (ldap): Larry Gilbert (larry.gilbert@wwu.edu) [303]
cjkainz;20060614 14:45:51;/accounts/login.php;user logged in (internal):128.135.226.69:https://sakaiproject.org/accounts/login.php?ref=/accounts/myaccount.php
cjkainz;20060614 14:45:51;/accounts/login.php;user modified (ldap): Chad Kainz (cjkainz@uchicago.edu) [677]
ajax;20060614 14:45:52;/accounts/ajax/validate.php;validate:email:cjkainz@uchicago.edu
ajax;20060614 14:45:52;/accounts/ajax/validate.php;validate:uniquesql:cjkainz@uchicago.edu
ajax;20060614 14:45:52;/accounts/ajax/validate.php;return=ok|email|
ajax;20060614 14:45:52;/accounts/ajax/validate.php;validate:namespaces:Chicago
ajax;20060614 14:45:52;/accounts/ajax/validate.php;return=ok|city|
ajax;20060614 14:45:52;/accounts/ajax/validate.php;validate:namespaces:IL
ajax;20060614 14:45:52;/accounts/ajax/validate.php;return=ok|state|
ajax;20060614 14:45:52;/accounts/ajax/validate.php;validate:zipcode:60637
ajax;20060614 14:45:52;/accounts/ajax/validate.php;return=ok|zipcode|
ajax;20060614 14:45:52;/accounts/ajax/validate.php;validate:phone:773-834-2983
ajax;20060614 14:45:52;/accounts/ajax/validate.php;return=ok|fax|
ajax;20060614 14:45:52;/accounts/ajax/validate.php;validate:namespaces:US
ajax;20060614 14:45:52;/accounts/ajax/validate.php;return=ok|country|
ajax;20060614 14:45:52;/accounts/ajax/validate.php;validate:phone:773-702-9945
ajax;20060614 14:45:52;/accounts/ajax/validate.php;return=ok|phone|
ajax;20060614 14:46:04;/accounts/myaccount.php;validate:password:4Ikegami
ajax;20060614 14:46:04;/accounts/myaccount.php;validate:password:4Ikegami
ajax;20060614 14:46:04;/accounts/myaccount.php;validate:match:4Ikegami
ajax;20060614 14:46:04;/accounts/myaccount.php;validate:required:Chad
ajax;20060614 14:46:04;/accounts/myaccount.php;validate:required:Kainz
ajax;20060614 14:46:04;/accounts/myaccount.php;validate:required:cjkainz@uchicago.edu
ajax;20060614 14:46:04;/accounts/myaccount.php;validate:email:cjkainz@uchicago.edu
ajax;20060614 14:46:04;/accounts/myaccount.php;validate:uniquesql:cjkainz@uchicago.edu
ajax;20060614 14:46:04;/accounts/myaccount.php;validate:required:University Administration
ajax;20060614 14:46:04;/accounts/myaccount.php;validate::Instructional Technologist
ajax;20060614 14:46:04;/accounts/myaccount.php;validate:required:67
ajax;20060614 14:46:04;/accounts/myaccount.php;validate::1155 East 60th Street
ajax;20060614 14:46:04;/accounts/myaccount.php;validate:namespaces:Chicago
ajax;20060614 14:46:04;/accounts/myaccount.php;validate:namespaces:IL
ajax;20060614 14:46:04;/accounts/myaccount.php;validate:zipcode:60637
ajax;20060614 14:46:04;/accounts/myaccount.php;validate:namespaces:US
ajax;20060614 14:46:04;/accounts/myaccount.php;validate:phone:773-702-9945
ajax;20060614 14:46:04;/accounts/myaccount.php;validate:phone:773-834-2983
cjkainz;20060614 14:46:05;/accounts/myaccount.php;user modified (ldap): Chad Kainz (cjkainz@uchicago.edu) [677]
ajax;20060614 14:46:06;/accounts/ajax/validate.php;validate:email:cjkainz@uchicago.edu
ajax;20060614 14:46:06;/accounts/ajax/validate.php;validate:uniquesql:cjkainz@uchicago.edu
ajax;20060614 14:46:06;/accounts/ajax/validate.php;return=ok|email|
ajax;20060614 14:46:06;/accounts/ajax/validate.php;validate:namespaces:IL
ajax;20060614 14:46:06;/accounts/ajax/validate.php;validate:namespaces:Chicago
ajax;20060614 14:46:06;/accounts/ajax/validate.php;return=ok|city|
ajax;20060614 14:46:06;/accounts/ajax/validate.php;return=ok|state|
ajax;20060614 14:46:06;/accounts/ajax/validate.php;validate:zipcode:60637
ajax;20060614 14:46:06;/accounts/ajax/validate.php;return=ok|zipcode|
ajax;20060614 14:46:06;/accounts/ajax/validate.php;validate:phone:773-702-9945
ajax;20060614 14:46:06;/accounts/ajax/validate.php;return=ok|phone|
ajax;20060614 14:46:06;/accounts/ajax/validate.php;validate:namespaces:US
ajax;20060614 14:46:06;/accounts/ajax/validate.php;return=ok|country|
ajax;20060614 14:46:06;/accounts/ajax/validate.php;validate:phone:773-834-2983
ajax;20060614 14:46:06;/accounts/ajax/validate.php;return=ok|fax|
ratana@ic.ucsb.edu;20060614 23:03:31;/accounts/login.php;user logged in (ldap):68.6.83.211:https://sakaiproject.org/accounts/login.php?ref=/skin/vote.php
