daveadams@vt.edu;20070303 10:52:14;/accounts/forgot_password.php;user modified (ldap): David Adams (daveadams@vt.edu) [1099]
198.82.19.109;20070303 10:52:14;/accounts/forgot_password.php;password reset: daveadams@vt.edu
daveadams@vt.edu;20070303 10:53:17;/accounts/login.php;user logged in (ldap):198.82.19.109:https://sakaiproject.org/accounts/login.php
ajax;20070303 10:56:58;/accounts/ajax/validate.php;validate:email:daveadams@vt.edu
ajax;20070303 10:56:58;/accounts/ajax/validate.php;validate:uniquesql:daveadams@vt.edu
ajax;20070303 10:56:58;/accounts/ajax/validate.php;return=ok|email|
ajax;20070303 10:57:10;/accounts/myaccount.php;validate:password:5uperW0w
ajax;20070303 10:57:10;/accounts/myaccount.php;validate:password:5uperW0w
ajax;20070303 10:57:10;/accounts/myaccount.php;validate:match:5uperW0w
ajax;20070303 10:57:10;/accounts/myaccount.php;validate:required:David
ajax;20070303 10:57:10;/accounts/myaccount.php;validate:required:Adams
ajax;20070303 10:57:10;/accounts/myaccount.php;validate:required:daveadams@vt.edu
ajax;20070303 10:57:10;/accounts/myaccount.php;validate:email:daveadams@vt.edu
ajax;20070303 10:57:10;/accounts/myaccount.php;validate:uniquesql:daveadams@vt.edu
ajax;20070303 10:57:10;/accounts/myaccount.php;validate:required:System Administrator
ajax;20070303 10:57:10;/accounts/myaccount.php;validate:required:88
daveadams@vt.edu;20070303 10:57:11;/accounts/myaccount.php;user modified (ldap): David Adams (daveadams@vt.edu) [1099]
ajax;20070303 10:57:12;/accounts/ajax/validate.php;validate:email:daveadams@vt.edu
ajax;20070303 10:57:12;/accounts/ajax/validate.php;validate:uniquesql:daveadams@vt.edu
ajax;20070303 10:57:12;/accounts/ajax/validate.php;return=ok|email|
