ajax;20070203 05:54:20;/accounts/ajax/validate.php;validate:email:emz lou 22
ajax;20070203 05:54:21;/accounts/ajax/validate.php;return=error|username|Invalid email address
ajax;20070203 05:54:31;/accounts/ajax/validate.php;validate:email:emmz
ajax;20070203 05:54:31;/accounts/ajax/validate.php;return=error|username|Invalid email address
ajax;20070203 05:54:39;/accounts/ajax/validate.php;validate:email:emzbbe@hotmail.com
ajax;20070203 05:54:39;/accounts/ajax/validate.php;validate:uniqueuserp:emzbbe@hotmail.com
ajax;20070203 05:54:40;/accounts/ajax/validate.php;validate:uniqueuserp:emzbbe@hotmail.com
ajax;20070203 05:54:40;/accounts/ajax/validate.php;return=ok|username|
ajax;20070203 05:54:58;/accounts/ajax/validate.php;validate:email:emzbbe@hotmail.com
ajax;20070203 05:54:58;/accounts/ajax/validate.php;validate:uniqueuserp:emzbbe@hotmail.com
ajax;20070203 05:54:59;/accounts/ajax/validate.php;return=ok|email|
ajax;20070203 05:56:30;/accounts/ajax/validate.php;validate:namespaces:ES
ajax;20070203 05:56:30;/accounts/ajax/validate.php;return=ok|country|
ajax;20070203 05:56:54;/accounts/ajax/validate.php;validate:namespaces:marbella
ajax;20070203 05:56:54;/accounts/ajax/validate.php;return=ok|city|
ajax;20070203 05:58:01;/accounts/ajax/validate.php;validate:namespaces:Andalucia
ajax;20070203 05:58:01;/accounts/ajax/validate.php;return=ok|stateOther|
ajax;20070203 05:58:18;/accounts/ajax/validate.php;validate:phone:07856290878
ajax;20070203 05:58:18;/accounts/ajax/validate.php;return=ok|phone|
ajax;20070203 05:58:57;/accounts/createaccount.php;validate:required:emzbbe@hotmail.com
ajax;20070203 05:58:57;/accounts/createaccount.php;validate:email:emzbbe@hotmail.com
ajax;20070203 05:58:57;/accounts/createaccount.php;validate:uniqueuserp:emzbbe@hotmail.com
ajax;20070203 05:58:58;/accounts/createaccount.php;validate:uniqueuserp:emzbbe@hotmail.com
ajax;20070203 05:58:58;/accounts/createaccount.php;validate:required:sexybaby
ajax;20070203 05:58:58;/accounts/createaccount.php;validate:password:sexybaby
ajax;20070203 05:58:58;/accounts/createaccount.php;validate:required:sexybaby
ajax;20070203 05:58:58;/accounts/createaccount.php;validate:password:sexybaby
ajax;20070203 05:58:58;/accounts/createaccount.php;validate:match:sexybaby
ajax;20070203 05:58:58;/accounts/createaccount.php;validate:required:emz
ajax;20070203 05:58:58;/accounts/createaccount.php;validate:required:shaw
ajax;20070203 05:58:58;/accounts/createaccount.php;validate:required:emzbbe@hotmail.com
ajax;20070203 05:58:58;/accounts/createaccount.php;validate:email:emzbbe@hotmail.com
ajax;20070203 05:58:58;/accounts/createaccount.php;validate:uniqueuserp:emzbbe@hotmail.com
ajax;20070203 05:58:58;/accounts/createaccount.php;validate:required:Instructional Designer
ajax;20070203 05:58:58;/accounts/createaccount.php;validate:required:high school
ajax;20070203 05:58:58;/accounts/createaccount.php;validate::31b albatross hill
marbella
spain

ajax;20070203 05:58:58;/accounts/createaccount.php;validate:namespaces:marbella
ajax;20070203 05:58:58;/accounts/createaccount.php;validate:namespaces:Andalucia
ajax;20070203 05:58:58;/accounts/createaccount.php;validate:namespaces:ES
ajax;20070203 05:58:58;/accounts/createaccount.php;validate:phone:07856290878
emzbbe@hotmail.com;20070203 05:58:59;/accounts/createaccount.php;user added (ldap): emz shaw (emzbbe@hotmail.com) [1096]
86.144.174.39;20070203 05:58:59;/accounts/createaccount.php;created account: emzbbe@hotmail.com (emzbbe@hotmail.com) shaw,emz: inst=1
shardin;20070203 12:00:32;/accounts/login.php;user logged in (ldap):67.44.75.141:https://sakaiproject.org/accounts/login.php?ref=/conference/proposals/index.php&msg=You+must+login+to+register+or+submit+a+proposal+for+the+Sakai+Amsterdam+Conference+-+June+2007+conference.+If+you+do+not+have+an+account%2C+please+create+one.
