ajax;20060623 15:29:43;/accounts/ajax/validate.php;validate:email:dancer21911oc
ajax;20060623 15:29:43;/accounts/ajax/validate.php;return=error|username|Invalid email address
ajax;20060623 15:30:13;/accounts/ajax/validate.php;validate:email:rpaditya@umich.edu
ajax;20060623 15:30:13;/accounts/ajax/validate.php;validate:uniqueuserp:rpaditya@umich.edu
ajax;20060623 15:30:13;/accounts/ajax/validate.php;return=error|username|username already used
ajax;20060623 15:30:28;/accounts/ajax/validate.php;validate:email:dancer21911oc@yahoo.com
ajax;20060623 15:30:28;/accounts/ajax/validate.php;validate:uniqueuserp:dancer21911oc@yahoo.com
ajax;20060623 15:30:28;/accounts/ajax/validate.php;validate:uniqueuserp:dancer21911oc@yahoo.com
ajax;20060623 15:30:28;/accounts/ajax/validate.php;return=ok|username|
ajax;20060623 15:30:50;/accounts/ajax/validate.php;validate:email:dancer21911oc@yahoo.com
ajax;20060623 15:30:50;/accounts/ajax/validate.php;validate:uniqueuserp:dancer21911oc@yahoo.com
ajax;20060623 15:30:50;/accounts/ajax/validate.php;return=ok|email|
ajax;20060623 15:31:56;/accounts/ajax/validate.php;validate:namespaces:northville
ajax;20060623 15:31:56;/accounts/ajax/validate.php;return=ok|city|
ajax;20060623 15:31:58;/accounts/ajax/validate.php;validate:namespaces:MI
ajax;20060623 15:31:58;/accounts/ajax/validate.php;return=ok|state|
ajax;20060623 15:32:04;/accounts/ajax/validate.php;validate:zipcode:48168
ajax;20060623 15:32:04;/accounts/ajax/validate.php;return=ok|zipcode|
ajax;20060623 15:32:05;/accounts/ajax/validate.php;validate:namespaces:US
ajax;20060623 15:32:05;/accounts/ajax/validate.php;return=ok|country|
ajax;20060623 15:32:17;/accounts/ajax/validate.php;validate:phone:248-437-7922
ajax;20060623 15:32:17;/accounts/ajax/validate.php;return=ok|phone|
ajax;20060623 15:32:32;/accounts/ajax/validate.php;validate:phone:248-437-7922
ajax;20060623 15:32:32;/accounts/ajax/validate.php;return=ok|fax|
ajax;20060623 15:32:32;/accounts/createaccount.php;validate:required:dancer21911oc@yahoo.com
ajax;20060623 15:32:32;/accounts/createaccount.php;validate:email:dancer21911oc@yahoo.com
ajax;20060623 15:32:32;/accounts/createaccount.php;validate:uniqueuserp:dancer21911oc@yahoo.com
ajax;20060623 15:32:33;/accounts/createaccount.php;validate:uniqueuserp:dancer21911oc@yahoo.com
ajax;20060623 15:32:33;/accounts/createaccount.php;validate:required:summer
ajax;20060623 15:32:33;/accounts/createaccount.php;validate:password:summer
ajax;20060623 15:32:33;/accounts/createaccount.php;validate:required:summer
ajax;20060623 15:32:33;/accounts/createaccount.php;validate:password:summer
ajax;20060623 15:32:33;/accounts/createaccount.php;validate:match:summer
ajax;20060623 15:32:33;/accounts/createaccount.php;validate:required:andrea
ajax;20060623 15:32:33;/accounts/createaccount.php;validate:required:mroz
ajax;20060623 15:32:33;/accounts/createaccount.php;validate:required:dancer21911oc@yahoo.com
ajax;20060623 15:32:33;/accounts/createaccount.php;validate:email:dancer21911oc@yahoo.com
ajax;20060623 15:32:33;/accounts/createaccount.php;validate:uniqueuserp:dancer21911oc@yahoo.com
ajax;20060623 15:32:33;/accounts/createaccount.php;validate:required:User Support
ajax;20060623 15:32:33;/accounts/createaccount.php;validate:required:76
ajax;20060623 15:32:33;/accounts/createaccount.php;validate::7563 Salemn Woods Dr.
ajax;20060623 15:32:33;/accounts/createaccount.php;validate:namespaces:northville
ajax;20060623 15:32:33;/accounts/createaccount.php;validate:namespaces:MI
ajax;20060623 15:32:33;/accounts/createaccount.php;validate:zipcode:48168
ajax;20060623 15:32:33;/accounts/createaccount.php;validate:namespaces:US
ajax;20060623 15:32:33;/accounts/createaccount.php;validate:phone:248-437-7922
ajax;20060623 15:32:33;/accounts/createaccount.php;validate:phone:248-437-7922
dancer21911oc@yahoo.com;20060623 15:32:33;/accounts/createaccount.php;user added (ldap): andrea mroz (dancer21911oc@yahoo.com) [739]
24.247.95.10;20060623 15:32:33;/accounts/createaccount.php;created account: dancer21911oc@yahoo.com (dancer21911oc@yahoo.com) mroz,andrea: inst=76
ajax;20060623 15:42:16;/accounts/ajax/validate.php;validate:email:mrozandrea@yahoo.com
ajax;20060623 15:42:16;/accounts/ajax/validate.php;validate:uniqueuserp:mrozandrea@yahoo.com
ajax;20060623 15:42:17;/accounts/ajax/validate.php;validate:uniqueuserp:mrozandrea@yahoo.com
ajax;20060623 15:42:17;/accounts/ajax/validate.php;return=ok|username|
ajax;20060623 15:42:42;/accounts/ajax/validate.php;validate:email:mrozandrea@yahoo.com
ajax;20060623 15:42:42;/accounts/ajax/validate.php;validate:uniqueuserp:mrozandrea@yahoo.com
ajax;20060623 15:42:42;/accounts/createaccount.php;validate:required:mrozandrea@yahoo.com
ajax;20060623 15:42:42;/accounts/createaccount.php;validate:email:mrozandrea@yahoo.com
ajax;20060623 15:42:42;/accounts/createaccount.php;validate:uniqueuserp:mrozandrea@yahoo.com
ajax;20060623 15:42:42;/accounts/ajax/validate.php;return=ok|email|
ajax;20060623 15:42:42;/accounts/createaccount.php;validate:uniqueuserp:mrozandrea@yahoo.com
ajax;20060623 15:42:43;/accounts/createaccount.php;validate:required:summer!
ajax;20060623 15:42:43;/accounts/createaccount.php;validate:password:summer!
ajax;20060623 15:42:43;/accounts/createaccount.php;validate:required:summer!
ajax;20060623 15:42:43;/accounts/createaccount.php;validate:password:summer!
ajax;20060623 15:42:43;/accounts/createaccount.php;validate:match:summer!
ajax;20060623 15:42:43;/accounts/createaccount.php;validate:required:andrea
ajax;20060623 15:42:43;/accounts/createaccount.php;validate:required:mroz
ajax;20060623 15:42:43;/accounts/createaccount.php;validate:required:mrozandrea@yahoo.com
ajax;20060623 15:42:43;/accounts/createaccount.php;validate:email:mrozandrea@yahoo.com
ajax;20060623 15:42:43;/accounts/createaccount.php;validate:uniqueuserp:mrozandrea@yahoo.com
ajax;20060623 15:42:43;/accounts/createaccount.php;validate:required:User Support
ajax;20060623 15:42:43;/accounts/createaccount.php;validate:required:76
ajax;20060623 15:42:43;/accounts/createaccount.php;validate::7563 Salemn Woods Dr.
ajax;20060623 15:42:43;/accounts/createaccount.php;validate:namespaces:northville
ajax;20060623 15:42:43;/accounts/createaccount.php;validate:namespaces:MI
ajax;20060623 15:42:43;/accounts/createaccount.php;validate:zipcode:48168
ajax;20060623 15:42:43;/accounts/createaccount.php;validate:namespaces:US
ajax;20060623 15:42:43;/accounts/createaccount.php;validate:phone:248-437-7922
ajax;20060623 15:42:43;/accounts/createaccount.php;validate:phone:248-437-7922
mrozandrea@yahoo.com;20060623 15:42:43;/accounts/createaccount.php;user added (ldap): andrea mroz (mrozandrea@yahoo.com) [740]
24.247.95.10;20060623 15:42:43;/accounts/createaccount.php;created account: mrozandrea@yahoo.com (mrozandrea@yahoo.com) mroz,andrea: inst=76
mrozandrea@yahoo.com;20060623 15:43:11;/accounts/activate.php;user modified (ldap): andrea mroz (mrozandrea@yahoo.com) [740]
mrozandrea@yahoo.com;20060623 15:43:29;/accounts/login.php;user logged in (ldap):24.247.95.10:https://sakaiproject.org/accounts/login.php
ajax;20060623 15:44:38;/accounts/ajax/validate.php;validate:email:mrozandrea@yahoo.com
ajax;20060623 15:44:38;/accounts/ajax/validate.php;validate:uniquesql:mrozandrea@yahoo.com
ajax;20060623 15:44:38;/accounts/ajax/validate.php;return=ok|email|
ajax;20060623 15:44:38;/accounts/ajax/validate.php;validate:namespaces:northville
ajax;20060623 15:44:38;/accounts/ajax/validate.php;return=ok|city|
ajax;20060623 15:44:38;/accounts/ajax/validate.php;validate:zipcode:48168
ajax;20060623 15:44:38;/accounts/ajax/validate.php;return=ok|zipcode|
ajax;20060623 15:44:38;/accounts/ajax/validate.php;validate:namespaces:MI
ajax;20060623 15:44:38;/accounts/ajax/validate.php;return=ok|state|
ajax;20060623 15:44:38;/accounts/ajax/validate.php;validate:namespaces:US
ajax;20060623 15:44:38;/accounts/ajax/validate.php;validate:phone:248-437-7922
ajax;20060623 15:44:38;/accounts/ajax/validate.php;return=ok|country|
ajax;20060623 15:44:38;/accounts/ajax/validate.php;return=ok|phone|
ajax;20060623 15:44:39;/accounts/ajax/validate.php;validate:phone:248-437-7922
ajax;20060623 15:44:39;/accounts/ajax/validate.php;return=ok|fax|
ajax;20060623 15:46:45;/accounts/createaccount.php;validate:required:mrozandrea@yahoo.com
ajax;20060623 15:46:45;/accounts/createaccount.php;validate:email:mrozandrea@yahoo.com
ajax;20060623 15:46:45;/accounts/createaccount.php;validate:uniqueuserp:mrozandrea@yahoo.com
ajax;20060623 15:46:45;/accounts/createaccount.php;validate:required:summer!
ajax;20060623 15:46:45;/accounts/createaccount.php;validate:password:summer!
ajax;20060623 15:46:45;/accounts/createaccount.php;validate:required:summer!
ajax;20060623 15:46:45;/accounts/createaccount.php;validate:password:summer!
ajax;20060623 15:46:45;/accounts/createaccount.php;validate:match:summer!
ajax;20060623 15:46:45;/accounts/createaccount.php;validate:required:andrea
ajax;20060623 15:46:45;/accounts/createaccount.php;validate:required:mroz
ajax;20060623 15:46:45;/accounts/createaccount.php;validate:required:mrozandrea@yahoo.com
ajax;20060623 15:46:45;/accounts/createaccount.php;validate:email:mrozandrea@yahoo.com
ajax;20060623 15:46:45;/accounts/createaccount.php;validate:uniqueuserp:mrozandrea@yahoo.com
ajax;20060623 15:46:46;/accounts/createaccount.php;validate:required:User Support
ajax;20060623 15:46:46;/accounts/createaccount.php;validate:required:76
ajax;20060623 15:46:46;/accounts/createaccount.php;validate::7563 Salemn Woods Dr.
ajax;20060623 15:46:46;/accounts/createaccount.php;validate:namespaces:northville
ajax;20060623 15:46:46;/accounts/createaccount.php;validate:namespaces:MI
ajax;20060623 15:46:46;/accounts/createaccount.php;validate:zipcode:48168
ajax;20060623 15:46:46;/accounts/createaccount.php;validate:namespaces:US
ajax;20060623 15:46:46;/accounts/createaccount.php;validate:phone:248-437-7922
ajax;20060623 15:46:46;/accounts/createaccount.php;validate:phone:248-437-7922
ajax;20060623 16:51:33;/accounts/createaccount.php;validate:required:bryanhwoods
ajax;20060623 16:51:33;/accounts/createaccount.php;validate:email:bryanhwoods
ajax;20060623 16:51:33;/accounts/createaccount.php;validate:required:monKey!1shines
ajax;20060623 16:51:33;/accounts/createaccount.php;validate:password:monKey!1shines
ajax;20060623 16:51:33;/accounts/createaccount.php;validate:required:monKey!1shines
ajax;20060623 16:51:33;/accounts/createaccount.php;validate:password:monKey!1shines
ajax;20060623 16:51:33;/accounts/createaccount.php;validate:match:monKey!1shines
ajax;20060623 16:51:33;/accounts/createaccount.php;validate:required:Bryan
ajax;20060623 16:51:33;/accounts/createaccount.php;validate:required:Woods
ajax;20060623 16:51:33;/accounts/createaccount.php;validate:required:bryan.woods@pusd.org
ajax;20060623 16:51:33;/accounts/createaccount.php;validate:email:bryan.woods@pusd.org
ajax;20060623 16:51:33;/accounts/createaccount.php;validate:uniqueuserp:bryan.woods@pusd.org
ajax;20060623 16:51:33;/accounts/createaccount.php;validate:required:System Administrator
ajax;20060623 16:51:33;/accounts/createaccount.php;validate:required:-other-
ajax;20060623 16:51:33;/accounts/createaccount.php;validate::Pomona Unified School District
800 S. Garey Avenue
ajax;20060623 16:51:33;/accounts/createaccount.php;validate:namespaces:Pomona
ajax;20060623 16:51:33;/accounts/createaccount.php;validate:namespaces:CA
ajax;20060623 16:51:33;/accounts/createaccount.php;validate:zipcode:91766
ajax;20060623 16:51:33;/accounts/createaccount.php;validate:namespaces:US
ajax;20060623 16:51:33;/accounts/createaccount.php;validate:phone:909/397-4711 x3
