ajax;20060521 04:36:46;/accounts/ajax/validate.php;validate:uniqueuserp:kj10@cam.ac.uk
ajax;20060521 04:36:46;/accounts/ajax/validate.php;return=ok|username|
ajax;20060521 04:37:04;/accounts/ajax/validate.php;validate:email:kj10@cam.ac.uk
ajax;20060521 04:37:04;/accounts/ajax/validate.php;validate:uniqueuserp:kj10@cam.ac.uk
ajax;20060521 04:37:05;/accounts/ajax/validate.php;return=ok|email|
ajax;20060521 04:37:29;/accounts/ajax/validate.php;validate:namespaces:Cambridge
ajax;20060521 04:37:29;/accounts/ajax/validate.php;return=ok|city|
ajax;20060521 04:37:42;/accounts/ajax/validate.php;validate:namespaces:GB
ajax;20060521 04:37:42;/accounts/ajax/validate.php;return=ok|country|
ajax;20060521 04:37:57;/accounts/ajax/validate.php;validate:phone:44 1223 333933
ajax;20060521 04:37:57;/accounts/ajax/validate.php;return=ok|phone|
ajax;20060521 04:37:58;/accounts/createaccount.php;validate:required:kj10@cam.ac.uk
ajax;20060521 04:37:58;/accounts/createaccount.php;validate:nospaces:kj10@cam.ac.uk
ajax;20060521 04:37:58;/accounts/createaccount.php;validate:uniqueuserp:kj10@cam.ac.uk
ajax;20060521 04:37:58;/accounts/createaccount.php;validate:required:morpheu9s
ajax;20060521 04:37:58;/accounts/createaccount.php;validate:password:morpheu9s
ajax;20060521 04:37:58;/accounts/createaccount.php;validate:required:morpheu9s
ajax;20060521 04:37:58;/accounts/createaccount.php;validate:password:morpheu9s
ajax;20060521 04:37:58;/accounts/createaccount.php;validate:match:morpheu9s
ajax;20060521 04:37:58;/accounts/createaccount.php;validate:required:Keith
ajax;20060521 04:37:58;/accounts/createaccount.php;validate:required:Johnstone
ajax;20060521 04:37:58;/accounts/createaccount.php;validate:required:kj10@cam.ac.uk
ajax;20060521 04:37:58;/accounts/createaccount.php;validate:email:kj10@cam.ac.uk
ajax;20060521 04:37:58;/accounts/createaccount.php;validate:uniqueuserp:kj10@cam.ac.uk
ajax;20060521 04:37:59;/accounts/createaccount.php;validate:required:Faculty
ajax;20060521 04:37:59;/accounts/createaccount.php;validate::Instructional Designer
ajax;20060521 04:37:59;/accounts/createaccount.php;validate:required:65
ajax;20060521 04:37:59;/accounts/createaccount.php;validate:namespaces:Cambridge
ajax;20060521 04:37:59;/accounts/createaccount.php;validate:namespaces:GB
ajax;20060521 04:37:59;/accounts/createaccount.php;validate:phone:44 1223 333933
kj10@cam.ac.uk;20060521 04:37:59;/accounts/createaccount.php;user added (ldap): Keith Johnstone (kj10@cam.ac.uk) [667]
81.101.140.6;20060521 04:37:59;/accounts/createaccount.php;created account: kj10@cam.ac.uk (kj10@cam.ac.uk) Johnstone,Keith: inst=65
kj10@cam.ac.uk;20060521 04:38:19;/accounts/activate.php;user modified (ldap): Keith Johnstone (kj10@cam.ac.uk) [667]
kj10@cam.ac.uk;20060521 04:38:50;/accounts/login.php;user logged in (ldap):81.101.140.6:https://sakaiproject.org/accounts/login.php?ref=/conference/registration/index.php&msg=You+must+login+to+register+or+submit+a+proposal+for+the+Sakai+Vancouver+conference.+If+you+do+not+have+an+account%2C+please+create+one.
ajax;20060521 04:40:37;/accounts/ajax/validate.php;validate:namespaces:Cambs
ajax;20060521 04:40:37;/accounts/ajax/validate.php;return=ok|stateOther|
ajax;20060521 04:41:03;/accounts/ajax/validate.php;validate:zipcode:CB2 3EA
ajax;20060521 04:41:03;/accounts/ajax/validate.php;return=error|zipcode|Invalid Canadian zip (e.g. A1B 2C3)
ajax;20060521 04:41:20;/conference/registration/index.php;validate:required:Faculty
ajax;20060521 04:41:20;/conference/registration/index.php;validate::Instructional Designer
ajax;20060521 04:41:20;/conference/registration/index.php;validate:required:Cambridge
ajax;20060521 04:41:20;/conference/registration/index.php;validate:required:Cambs
ajax;20060521 04:41:20;/conference/registration/index.php;validate:namespaces:Cambs
ajax;20060521 04:41:20;/conference/registration/index.php;validate:required:GB
ajax;20060521 04:41:20;/conference/registration/index.php;validate:namespaces:GB
ajax;20060521 04:41:20;/conference/registration/index.php;validate:required:44 1223 333933
ajax;20060521 04:41:20;/conference/registration/index.php;validate:phone:44 1223 333933
ajax;20060521 04:41:20;/conference/registration/index.php;validate:required:N
ajax;20060521 04:41:20;/conference/registration/index.php;validate:required:N
ajax;20060521 04:41:20;/conference/registration/index.php;validate:required:Medium
kj10@cam.ac.uk;20060521 04:41:21;/conference/registration/index.php;user modified (ldap): Keith Johnstone (kj10@cam.ac.uk) [667]
ajax;20060521 04:45:56;/facebook/add_entry.php;validate::Role of e-learning in Higher Eduaction
ajax;20060521 04:46:03;/facebook/add_entry.php;validate::Role of e-learning in Higher Eduaction
kmclennan;20060521 10:24:56;/accounts/login.php;user logged in (ldap):72.150.31.145:https://sakaiproject.org/accounts/login.php?ref=/facebook/index.php
shardin;20060521 10:39:04;/accounts/login.php;user logged in (ldap):141.213.120.54:https://sakaiproject.org/accounts/login.php?ref=/conference/proposals/index.php&msg=You+must+login+to+register+or+submit+a+proposal+for+the+Sakai+Vancouver+conference.+If+you+do+not+have+an+account%2C+please+create+one.
ajax;20060521 10:39:53;/conference/proposals/index2.php;validate:required:BOF
ajax;20060521 10:40:33;/conference/proposals/edit_proposal.php;validate:required:testing BOF
ajax;20060521 10:40:33;/conference/proposals/edit_proposal.php;validate:required:testing
ajax;20060521 10:40:33;/conference/proposals/edit_proposal.php;validate:required:me
ajax;20060521 10:40:33;/conference/proposals/edit_proposal.php;validate:required:BOF
aaronz;20060521 12:28:03;/accounts/login.php;user logged in (ldap):141.152.81.44:https://sakaiproject.org/accounts/login.php?ref=/accounts/index.php
mmiles@umich.edu;20060521 13:03:57;/accounts/login.php;user logged in (ldap):71.244.233.242:https://sakaiproject.org/accounts/login.php?ref=/conference/admin/volunteers.php
mmiles@umich.edu;20060521 13:04:54;/accounts/login.php;user logged in (ldap):71.244.233.242:https://sakaiproject.org/accounts/login.php?ref=/conference/admin/volunteers.php
ajax;20060521 15:46:14;/accounts/ajax/validate.php;validate:uniqueuserp:asinglenet
ajax;20060521 15:46:15;/accounts/ajax/validate.php;return=ok|username|
ajax;20060521 15:46:31;/accounts/ajax/validate.php;validate:email:andy@assembla.com
ajax;20060521 15:46:31;/accounts/ajax/validate.php;validate:uniqueuserp:andy@assembla.com
ajax;20060521 15:46:31;/accounts/ajax/validate.php;return=ok|email|
ajax;20060521 15:46:52;/accounts/ajax/validate.php;validate:namespaces:CA
ajax;20060521 15:46:52;/accounts/ajax/validate.php;return=ok|state|
ajax;20060521 15:46:57;/accounts/createaccount.php;validate:required:asinglenet
ajax;20060521 15:46:57;/accounts/createaccount.php;validate:nospaces:asinglenet
ajax;20060521 15:46:57;/accounts/createaccount.php;validate:uniqueuserp:asinglenet
ajax;20060521 15:46:57;/accounts/createaccount.php;validate:required:zing44
ajax;20060521 15:46:57;/accounts/createaccount.php;validate:password:zing44
ajax;20060521 15:46:57;/accounts/createaccount.php;validate:required:zing44
ajax;20060521 15:46:57;/accounts/createaccount.php;validate:password:zing44
ajax;20060521 15:46:57;/accounts/createaccount.php;validate:match:zing44
ajax;20060521 15:46:57;/accounts/createaccount.php;validate:required:Andy
ajax;20060521 15:46:57;/accounts/createaccount.php;validate:required:Singleton
ajax;20060521 15:46:57;/accounts/createaccount.php;validate:required:andy@assembla.com
ajax;20060521 15:46:57;/accounts/createaccount.php;validate:email:andy@assembla.com
ajax;20060521 15:46:57;/accounts/createaccount.php;validate:uniqueuserp:andy@assembla.com
ajax;20060521 15:46:57;/accounts/createaccount.php;validate:required:Developer/Programmer
ajax;20060521 15:46:57;/accounts/createaccount.php;validate:required:Hotchalk
ajax;20060521 15:46:57;/accounts/createaccount.php;validate:namespaces:CA
asinglenet;20060521 15:46:58;/accounts/createaccount.php;user added (ldap): Andy Singleton (andy@assembla.com) [668]
209.6.201.152;20060521 15:46:58;/accounts/createaccount.php;created account: asinglenet (andy@assembla.com) Singleton,Andy: inst=1
asinglenet;20060521 15:47:39;/accounts/activate.php;user modified (ldap): Andy Singleton (andy@assembla.com) [668]
asinglenet;20060521 15:47:49;/accounts/login.php;user logged in (ldap):209.6.201.152:https://sakaiproject.org/accounts/login.php
ajax;20060521 20:17:29;/accounts/ajax/validate.php;validate:uniqueuserp:s.kumar@anderson.ucla.edu
ajax;20060521 20:17:29;/accounts/ajax/validate.php;return=ok|username|
ajax;20060521 20:17:42;/accounts/ajax/validate.php;validate:email:s.kumar@anderson.ucla.edu
ajax;20060521 20:17:42;/accounts/ajax/validate.php;validate:uniqueuserp:s.kumar@anderson.ucla.edu
ajax;20060521 20:17:42;/accounts/ajax/validate.php;return=ok|email|
ajax;20060521 20:18:14;/accounts/ajax/validate.php;validate:namespaces:Los Angeles
ajax;20060521 20:18:14;/accounts/ajax/validate.php;return=ok|city|
ajax;20060521 20:18:15;/accounts/ajax/validate.php;validate:namespaces:CA
ajax;20060521 20:18:15;/accounts/ajax/validate.php;return=ok|state|
ajax;20060521 20:18:18;/accounts/ajax/validate.php;validate:zipcode:90095
ajax;20060521 20:18:18;/accounts/ajax/validate.php;return=ok|zipcode|
ajax;20060521 20:18:20;/accounts/ajax/validate.php;validate:namespaces:US
ajax;20060521 20:18:20;/accounts/ajax/validate.php;return=ok|country|
ajax;20060521 20:18:25;/accounts/createaccount.php;validate:required:s.kumar@anderson.ucla.edu
ajax;20060521 20:18:25;/accounts/createaccount.php;validate:nospaces:s.kumar@anderson.ucla.edu
ajax;20060521 20:18:25;/accounts/createaccount.php;validate:uniqueuserp:s.kumar@anderson.ucla.edu
ajax;20060521 20:18:25;/accounts/createaccount.php;validate:required:sksakai
ajax;20060521 20:18:25;/accounts/createaccount.php;validate:password:sksakai
ajax;20060521 20:18:25;/accounts/createaccount.php;validate:required:sksakai
ajax;20060521 20:18:25;/accounts/createaccount.php;validate:password:sksakai
ajax;20060521 20:18:25;/accounts/createaccount.php;validate:match:sksakai
ajax;20060521 20:18:25;/accounts/createaccount.php;validate:required:S.
ajax;20060521 20:18:25;/accounts/createaccount.php;validate:required:Kumar
ajax;20060521 20:18:25;/accounts/createaccount.php;validate:required:s.kumar@anderson.ucla.edu
ajax;20060521 20:18:25;/accounts/createaccount.php;validate:email:s.kumar@anderson.ucla.edu
ajax;20060521 20:18:25;/accounts/createaccount.php;validate:uniqueuserp:s.kumar@anderson.ucla.edu
ajax;20060521 20:18:25;/accounts/createaccount.php;validate:required:Manager
ajax;20060521 20:18:25;/accounts/createaccount.php;validate:required:62
ajax;20060521 20:18:25;/accounts/createaccount.php;validate::110 Westwood Plaza E202
ajax;20060521 20:18:25;/accounts/createaccount.php;validate:namespaces:Los Angeles
ajax;20060521 20:18:25;/accounts/createaccount.php;validate:namespaces:CA
ajax;20060521 20:18:25;/accounts/createaccount.php;validate:zipcode:90095
ajax;20060521 20:18:25;/accounts/createaccount.php;validate:namespaces:US
s.kumar@anderson.ucla.edu;20060521 20:18:26;/accounts/createaccount.php;user added (ldap): S. Kumar (s.kumar@anderson.ucla.edu) [669]
70.33.82.202;20060521 20:18:26;/accounts/createaccount.php;created account: s.kumar@anderson.ucla.edu (s.kumar@anderson.ucla.edu) Kumar,S.: inst=62
s.kumar@anderson.ucla.edu;20060521 20:18:38;/accounts/activate.php;user modified (ldap): S. Kumar (s.kumar@anderson.ucla.edu) [669]
s.kumar@anderson.ucla.edu;20060521 20:18:55;/accounts/login.php;user logged in (ldap):70.33.82.202:https://sakaiproject.org/accounts/login.php?ref=/conference/registration/index.php&msg=You+must+login+to+register+or+submit+a+proposal+for+the+Sakai+Vancouver+conference.+If+you+do+not+have+an+account%2C+please+create+one.
ajax;20060521 20:18:57;/accounts/ajax/validate.php;validate:namespaces:CA
ajax;20060521 20:18:57;/accounts/ajax/validate.php;return=ok|state|
ajax;20060521 20:18:57;/accounts/ajax/validate.php;validate:zipcode:90095
ajax;20060521 20:18:57;/accounts/ajax/validate.php;return=ok|zipcode|
ajax;20060521 20:18:57;/accounts/ajax/validate.php;validate:namespaces:US
ajax;20060521 20:18:57;/accounts/ajax/validate.php;return=ok|country|
ajax;20060521 20:20:02;/accounts/ajax/validate.php;validate:phone:310-863-4498
ajax;20060521 20:20:02;/accounts/ajax/validate.php;return=ok|phone|
ajax;20060521 20:20:55;/conference/registration/index.php;validate:required:Manager
ajax;20060521 20:20:55;/conference/registration/index.php;validate:required:Los Angeles
ajax;20060521 20:20:55;/conference/registration/index.php;validate:required:CA
ajax;20060521 20:20:55;/conference/registration/index.php;validate:namespaces:CA
ajax;20060521 20:20:55;/conference/registration/index.php;validate:zipcode:90095
ajax;20060521 20:20:55;/conference/registration/index.php;validate:required:US
ajax;20060521 20:20:55;/conference/registration/index.php;validate:namespaces:US
ajax;20060521 20:20:55;/conference/registration/index.php;validate:required:310-863-4498
ajax;20060521 20:20:55;/conference/registration/index.php;validate:phone:310-863-4498
ajax;20060521 20:20:55;/conference/registration/index.php;validate:required:Y
ajax;20060521 20:20:55;/conference/registration/index.php;validate:required:N
ajax;20060521 20:20:55;/conference/registration/index.php;validate:required:Large
ajax;20060521 20:20:55;/conference/registration/index.php;validate:email:n/a
ajax;20060521 20:20:56;/accounts/ajax/validate.php;validate:zipcode:90095
ajax;20060521 20:20:56;/accounts/ajax/validate.php;return=ok|zipcode|
ajax;20060521 20:20:56;/accounts/ajax/validate.php;validate:namespaces:CA
ajax;20060521 20:20:56;/accounts/ajax/validate.php;return=ok|state|
ajax;20060521 20:20:56;/accounts/ajax/validate.php;validate:phone:310-863-4498
ajax;20060521 20:20:56;/accounts/ajax/validate.php;return=ok|phone|
ajax;20060521 20:20:56;/accounts/ajax/validate.php;validate:namespaces:US
ajax;20060521 20:20:56;/accounts/ajax/validate.php;return=ok|country|
ajax;20060521 20:21:15;/conference/registration/index.php;validate:required:Manager
ajax;20060521 20:21:15;/conference/registration/index.php;validate:required:Los Angeles
ajax;20060521 20:21:15;/conference/registration/index.php;validate:required:CA
ajax;20060521 20:21:15;/conference/registration/index.php;validate:namespaces:CA
ajax;20060521 20:21:15;/conference/registration/index.php;validate:zipcode:90095
ajax;20060521 20:21:15;/conference/registration/index.php;validate:required:US
ajax;20060521 20:21:15;/conference/registration/index.php;validate:namespaces:US
ajax;20060521 20:21:15;/conference/registration/index.php;validate:required:310-863-4498
ajax;20060521 20:21:15;/conference/registration/index.php;validate:phone:310-863-4498
ajax;20060521 20:21:15;/conference/registration/index.php;validate:required:Y
ajax;20060521 20:21:15;/conference/registration/index.php;validate:required:N
ajax;20060521 20:21:15;/conference/registration/index.php;validate:required:Large
s.kumar@anderson.ucla.edu;20060521 20:21:15;/conference/registration/index.php;user modified (ldap): S. Kumar (s.kumar@anderson.ucla.edu) [669]
ajax;20060521 22:44:24;/accounts/ajax/validate.php;validate:uniqueuserp:dmendez@umich.edu
ajax;20060521 22:44:24;/accounts/ajax/validate.php;return=ok|username|
ajax;20060521 22:45:33;/accounts/ajax/validate.php;validate:namespaces:MI
ajax;20060521 22:45:33;/accounts/ajax/validate.php;return=ok|state|
ajax;20060521 22:45:44;/accounts/ajax/validate.php;validate:zipcode:48109
ajax;20060521 22:45:44;/accounts/ajax/validate.php;return=ok|zipcode|
ajax;20060521 22:45:57;/accounts/ajax/validate.php;validate:namespaces:US
ajax;20060521 22:45:57;/accounts/ajax/validate.php;return=ok|country|
ajax;20060521 22:46:53;/accounts/ajax/validate.php;validate:uniqueuserp:dmendez
ajax;20060521 22:46:53;/accounts/ajax/validate.php;return=ok|username|
ajax;20060521 22:47:32;/accounts/ajax/validate.php;validate:email:dmendez@umich.edu
ajax;20060521 22:47:32;/accounts/ajax/validate.php;validate:uniqueuserp:dmendez@umich.edu
ajax;20060521 22:47:32;/accounts/ajax/validate.php;return=ok|email|
ajax;20060521 22:48:36;/accounts/ajax/validate.php;validate:namespaces:Ann Arbor
ajax;20060521 22:48:36;/accounts/ajax/validate.php;return=ok|city|
ajax;20060521 22:48:41;/accounts/ajax/validate.php;validate:namespaces:MI
ajax;20060521 22:48:41;/accounts/ajax/validate.php;return=ok|state|
ajax;20060521 22:48:50;/accounts/ajax/validate.php;validate:zipcode:48109
ajax;20060521 22:48:50;/accounts/ajax/validate.php;return=ok|zipcode|
ajax;20060521 22:49:00;/accounts/ajax/validate.php;validate:namespaces:US
ajax;20060521 22:49:00;/accounts/ajax/validate.php;return=ok|country|
ajax;20060521 22:49:09;/accounts/createaccount.php;validate:required:dmendez
ajax;20060521 22:49:09;/accounts/createaccount.php;validate:nospaces:dmendez
ajax;20060521 22:49:09;/accounts/createaccount.php;validate:uniqueuserp:dmendez
ajax;20060521 22:49:09;/accounts/createaccount.php;validate:required:PuPiTo3141#
ajax;20060521 22:49:09;/accounts/createaccount.php;validate:password:PuPiTo3141#
ajax;20060521 22:49:09;/accounts/createaccount.php;validate:required:PuPiTo3141#
ajax;20060521 22:49:09;/accounts/createaccount.php;validate:password:PuPiTo3141#
ajax;20060521 22:49:09;/accounts/createaccount.php;validate:match:PuPiTo3141#
ajax;20060521 22:49:09;/accounts/createaccount.php;validate:required:David
ajax;20060521 22:49:09;/accounts/createaccount.php;validate:required:Mendez
ajax;20060521 22:49:09;/accounts/createaccount.php;validate:required:dmendez@umich.edu
ajax;20060521 22:49:09;/accounts/createaccount.php;validate:email:dmendez@umich.edu
ajax;20060521 22:49:09;/accounts/createaccount.php;validate:uniqueuserp:dmendez@umich.edu
ajax;20060521 22:49:09;/accounts/createaccount.php;validate:required:Faculty
ajax;20060521 22:49:09;/accounts/createaccount.php;validate::University Administration
ajax;20060521 22:49:09;/accounts/createaccount.php;validate:required:76
ajax;20060521 22:49:09;/accounts/createaccount.php;validate::M3232 SPH II
109 Observatory 
ajax;20060521 22:49:09;/accounts/createaccount.php;validate:namespaces:Ann Arbor
ajax;20060521 22:49:09;/accounts/createaccount.php;validate:namespaces:MI
ajax;20060521 22:49:09;/accounts/createaccount.php;validate:zipcode:48109
ajax;20060521 22:49:09;/accounts/createaccount.php;validate:namespaces:US
ajax;20060521 22:49:09;/accounts/createaccount.php;validate:phone:734-647-0218
dmendez;20060521 22:49:10;/accounts/createaccount.php;user added (ldap): David Mendez (dmendez@umich.edu) [670]
68.43.123.246;20060521 22:49:10;/accounts/createaccount.php;created account: dmendez (dmendez@umich.edu) Mendez,David: inst=76
dmendez;20060521 22:49:38;/accounts/activate.php;user modified (ldap): David Mendez (dmendez@umich.edu) [670]
dmendez;20060521 22:50:06;/accounts/login.php;user logged in (ldap):68.43.123.246:https://sakaiproject.org/accounts/login.php
