ajax;20060616 02:38:57;/accounts/ajax/validate.php;validate:email:vijay2p
ajax;20060616 02:38:57;/accounts/ajax/validate.php;return=error|username|Invalid email address
ajax;20060616 02:39:19;/accounts/ajax/validate.php;validate:email:vijay2p@yahoo.com
ajax;20060616 02:39:19;/accounts/ajax/validate.php;validate:uniqueuserp:vijay2p@yahoo.com
ajax;20060616 02:39:19;/accounts/ajax/validate.php;validate:uniqueuserp:vijay2p@yahoo.com
ajax;20060616 02:39:19;/accounts/ajax/validate.php;return=ok|username|
ajax;20060616 02:39:41;/accounts/ajax/validate.php;validate:email:vijay2p@yahoo.com
ajax;20060616 02:39:41;/accounts/ajax/validate.php;validate:uniqueuserp:vijay2p@yahoo.com
ajax;20060616 02:39:42;/accounts/ajax/validate.php;return=ok|email|
ajax;20060616 02:40:26;/accounts/ajax/validate.php;validate:namespaces:IN
ajax;20060616 02:40:26;/accounts/ajax/validate.php;return=ok|country|
ajax;20060616 02:40:26;/accounts/ajax/validate.php;validate:namespaces:ID
ajax;20060616 02:40:26;/accounts/ajax/validate.php;return=ok|country|
ajax;20060616 02:40:28;/accounts/ajax/validate.php;validate:namespaces:IL
ajax;20060616 02:40:28;/accounts/ajax/validate.php;return=ok|country|
ajax;20060616 02:40:29;/accounts/ajax/validate.php;validate:namespaces:IT
ajax;20060616 02:40:29;/accounts/ajax/validate.php;return=ok|country|
ajax;20060616 02:40:31;/accounts/ajax/validate.php;validate:namespaces:IN
ajax;20060616 02:40:31;/accounts/ajax/validate.php;return=ok|country|
ajax;20060616 02:40:31;/accounts/ajax/validate.php;validate:namespaces:IE
ajax;20060616 02:40:31;/accounts/ajax/validate.php;return=ok|country|
ajax;20060616 02:40:41;/accounts/createaccount.php;validate:required:vijay2p@yahoo.com
ajax;20060616 02:40:41;/accounts/createaccount.php;validate:email:vijay2p@yahoo.com
ajax;20060616 02:40:41;/accounts/createaccount.php;validate:uniqueuserp:vijay2p@yahoo.com
ajax;20060616 02:40:41;/accounts/createaccount.php;validate:uniqueuserp:vijay2p@yahoo.com
ajax;20060616 02:40:42;/accounts/createaccount.php;validate:required:sirftum
ajax;20060616 02:40:42;/accounts/createaccount.php;validate:password:sirftum
ajax;20060616 02:40:42;/accounts/createaccount.php;validate:required:sirftum
ajax;20060616 02:40:42;/accounts/createaccount.php;validate:password:sirftum
ajax;20060616 02:40:42;/accounts/createaccount.php;validate:match:sirftum
ajax;20060616 02:40:42;/accounts/createaccount.php;validate:required:Vijay
ajax;20060616 02:40:42;/accounts/createaccount.php;validate:required:Chaudhary
ajax;20060616 02:40:42;/accounts/createaccount.php;validate:required:vijay2p@yahoo.com
ajax;20060616 02:40:42;/accounts/createaccount.php;validate:email:vijay2p@yahoo.com
ajax;20060616 02:40:42;/accounts/createaccount.php;validate:uniqueuserp:vijay2p@yahoo.com
ajax;20060616 02:40:42;/accounts/createaccount.php;validate:required:Developer/Programmer
ajax;20060616 02:40:42;/accounts/createaccount.php;validate:required:NextBrick
ajax;20060616 02:40:42;/accounts/createaccount.php;validate:namespaces:IN
vijay2p@yahoo.com;20060616 02:40:42;/accounts/createaccount.php;user added (ldap): Vijay Chaudhary (vijay2p@yahoo.com) [737]
202.88.147.8;20060616 02:40:42;/accounts/createaccount.php;created account: vijay2p@yahoo.com (vijay2p@yahoo.com) Chaudhary,Vijay: inst=1
vijay2p@yahoo.com;20060616 02:42:01;/accounts/activate.php;user modified (ldap): Vijay Chaudhary (vijay2p@yahoo.com) [737]
vijay2p@yahoo.com;20060616 02:42:33;/accounts/login.php;user logged in (ldap):202.88.147.8:https://sakaiproject.org/accounts/login.php
ajax;20060616 10:04:10;/accounts/ajax/validate.php;validate:email:alexk
ajax;20060616 10:04:11;/accounts/ajax/validate.php;return=error|username|Invalid email address
ajax;20060616 10:04:46;/accounts/ajax/validate.php;validate:email:alex.killing@gmx.de
ajax;20060616 10:04:46;/accounts/ajax/validate.php;validate:uniqueuserp:alex.killing@gmx.de
ajax;20060616 10:04:47;/accounts/ajax/validate.php;return=ok|email|
ajax;20060616 10:05:17;/accounts/ajax/validate.php;validate:email:alex.killing@gmx.de
ajax;20060616 10:05:17;/accounts/ajax/validate.php;validate:uniqueuserp:alex.killing@gmx.de
ajax;20060616 10:05:17;/accounts/ajax/validate.php;validate:uniqueuserp:alex.killing@gmx.de
ajax;20060616 10:05:17;/accounts/ajax/validate.php;return=ok|username|
ajax;20060616 10:06:15;/accounts/ajax/validate.php;validate:namespaces:Switzerland
ajax;20060616 10:06:15;/accounts/ajax/validate.php;return=ok|stateOther|
ajax;20060616 10:06:25;/accounts/ajax/validate.php;validate:namespaces:Zurich
ajax;20060616 10:06:25;/accounts/ajax/validate.php;return=ok|stateOther|
ajax;20060616 10:06:28;/accounts/ajax/validate.php;validate:namespaces:FJ
ajax;20060616 10:06:28;/accounts/ajax/validate.php;return=ok|country|
ajax;20060616 10:06:33;/accounts/ajax/validate.php;validate:namespaces:CH
ajax;20060616 10:06:33;/accounts/ajax/validate.php;return=ok|country|
ajax;20060616 10:06:41;/accounts/createaccount.php;validate:required:alex.killing@gmx.de
ajax;20060616 10:06:41;/accounts/createaccount.php;validate:email:alex.killing@gmx.de
ajax;20060616 10:06:41;/accounts/createaccount.php;validate:uniqueuserp:alex.killing@gmx.de
ajax;20060616 10:06:42;/accounts/createaccount.php;validate:uniqueuserp:alex.killing@gmx.de
ajax;20060616 10:06:42;/accounts/createaccount.php;validate:required:kalstert
ajax;20060616 10:06:42;/accounts/createaccount.php;validate:password:kalstert
ajax;20060616 10:06:42;/accounts/createaccount.php;validate:required:kalstert
ajax;20060616 10:06:42;/accounts/createaccount.php;validate:password:kalstert
ajax;20060616 10:06:42;/accounts/createaccount.php;validate:match:kalstert
ajax;20060616 10:06:42;/accounts/createaccount.php;validate:required:Alex
ajax;20060616 10:06:42;/accounts/createaccount.php;validate:required:Killing
ajax;20060616 10:06:42;/accounts/createaccount.php;validate:required:alex.killing@gmx.de
ajax;20060616 10:06:42;/accounts/createaccount.php;validate:email:alex.killing@gmx.de
ajax;20060616 10:06:42;/accounts/createaccount.php;validate:uniqueuserp:alex.killing@gmx.de
ajax;20060616 10:06:42;/accounts/createaccount.php;validate:required:Developer/Programmer
ajax;20060616 10:06:42;/accounts/createaccount.php;validate:required:ETH Zurich
ajax;20060616 10:06:42;/accounts/createaccount.php;validate:namespaces:Zurich
ajax;20060616 10:06:42;/accounts/createaccount.php;validate:namespaces:CH
alex.killing@gmx.de;20060616 10:06:42;/accounts/createaccount.php;user added (ldap): Alex Killing (alex.killing@gmx.de) [738]
129.132.112.213;20060616 10:06:42;/accounts/createaccount.php;created account: alex.killing@gmx.de (alex.killing@gmx.de) Killing,Alex: inst=1
alex.killing@gmx.de;20060616 10:07:29;/accounts/activate.php;user modified (ldap): Alex Killing (alex.killing@gmx.de) [738]
alex.killing@gmx.de;20060616 10:07:57;/accounts/login.php;user logged in (ldap):129.132.112.213:https://sakaiproject.org/accounts/login.php
ajax;20060616 11:22:40;/accounts/ajax/validate.php;validate:email:samantha2010
ajax;20060616 11:22:40;/accounts/ajax/validate.php;return=error|username|Invalid email address
ajax;20060616 11:22:52;/accounts/ajax/validate.php;validate:email:fuzzyslippers_101@yahoo.com
ajax;20060616 11:22:52;/accounts/ajax/validate.php;validate:uniqueuserp:fuzzyslippers_101@yahoo.com
ajax;20060616 11:22:52;/accounts/ajax/validate.php;validate:uniqueuserp:fuzzyslippers_101@yahoo.com
ajax;20060616 11:22:52;/accounts/ajax/validate.php;return=ok|username|
