ajax;20061203 09:27:55;/accounts/ajax/validate.php;validate:uniqueuserp:mdking
ajax;20061203 09:27:55;/accounts/ajax/validate.php;validate:email:mdking@us.ibm.com
ajax;20061203 09:27:55;/accounts/ajax/validate.php;validate:uniqueuserp:mdking@us.ibm.com
ajax;20061203 09:27:55;/accounts/ajax/validate.php;return=ok|username|
ajax;20061203 09:27:55;/accounts/ajax/validate.php;return=ok|email|
ajax;20061203 09:27:56;/accounts/ajax/validate.php;validate:namespaces:Gardena
ajax;20061203 09:27:56;/accounts/ajax/validate.php;return=ok|city|
ajax;20061203 09:27:56;/accounts/ajax/validate.php;validate:namespaces:CA
ajax;20061203 09:27:56;/accounts/ajax/validate.php;return=ok|state|
ajax;20061203 09:27:56;/accounts/ajax/validate.php;validate:zipcode:90266
ajax;20061203 09:27:56;/accounts/ajax/validate.php;return=ok|zipcode|
ajax;20061203 09:27:56;/accounts/ajax/validate.php;validate:namespaces:US
ajax;20061203 09:27:56;/accounts/ajax/validate.php;return=ok|country|
ajax;20061203 09:27:57;/accounts/ajax/validate.php;validate:phone:310 379-8316
ajax;20061203 09:27:57;/accounts/ajax/validate.php;return=ok|phone|
ajax;20061203 09:28:12;/accounts/admin/admin_user.php;validate:required:mdking
ajax;20061203 09:28:12;/accounts/admin/admin_user.php;validate:nospaces:mdking
ajax;20061203 09:28:12;/accounts/admin/admin_user.php;validate:uniqueuserp:mdking
ajax;20061203 09:28:12;/accounts/admin/admin_user.php;validate:required:Michael
ajax;20061203 09:28:12;/accounts/admin/admin_user.php;validate:required:King
ajax;20061203 09:28:12;/accounts/admin/admin_user.php;validate:required:mdking@us.ibm.com
ajax;20061203 09:28:12;/accounts/admin/admin_user.php;validate:email:mdking@us.ibm.com
ajax;20061203 09:28:12;/accounts/admin/admin_user.php;validate:uniqueuserp:mdking@us.ibm.com
ajax;20061203 09:28:12;/accounts/admin/admin_user.php;validate:required:Manager
ajax;20061203 09:28:12;/accounts/admin/admin_user.php;validate:required:100
ajax;20061203 09:28:12;/accounts/admin/admin_user.php;validate::879 W. 190th St
ajax;20061203 09:28:12;/accounts/admin/admin_user.php;validate:namespaces:Gardena
ajax;20061203 09:28:12;/accounts/admin/admin_user.php;validate:namespaces:CA
ajax;20061203 09:28:12;/accounts/admin/admin_user.php;validate:zipcode:90266
ajax;20061203 09:28:12;/accounts/admin/admin_user.php;validate:namespaces:US
ajax;20061203 09:28:12;/accounts/admin/admin_user.php;validate:phone:310 379-8316
mdking;20061203 09:28:13;/accounts/admin/admin_user.php;user modified (ldap): Michael King (mdking@us.ibm.com) [364]
ajax;20061203 09:28:15;/accounts/ajax/validate.php;validate:uniqueuserp:mdking
ajax;20061203 09:28:15;/accounts/ajax/validate.php;return=ok|username|
ajax;20061203 09:28:15;/accounts/ajax/validate.php;validate:namespaces:Gardena
ajax;20061203 09:28:15;/accounts/ajax/validate.php;return=ok|city|
ajax;20061203 09:28:15;/accounts/ajax/validate.php;validate:namespaces:CA
ajax;20061203 09:28:15;/accounts/ajax/validate.php;return=ok|state|
ajax;20061203 09:28:16;/accounts/ajax/validate.php;validate:zipcode:90266
ajax;20061203 09:28:16;/accounts/ajax/validate.php;return=ok|zipcode|
ajax;20061203 09:28:16;/accounts/ajax/validate.php;validate:namespaces:US
ajax;20061203 09:28:16;/accounts/ajax/validate.php;return=ok|country|
ajax;20061203 09:28:16;/accounts/ajax/validate.php;validate:phone:310 379-8316
ajax;20061203 09:28:16;/accounts/ajax/validate.php;return=ok|phone|
ajax;20061203 09:28:18;/accounts/ajax/validate.php;validate:email:mdking@us.ibm.com
ajax;20061203 09:28:18;/accounts/ajax/validate.php;validate:uniqueuserp:mdking@us.ibm.com
ajax;20061203 09:28:18;/accounts/ajax/validate.php;return=ok|email|
kreister;20061203 10:52:26;/accounts/login.php;user logged in (ldap):72.254.155.61:https://sakaiproject.org/accounts/login.php?ref=/conference/admin/index.php
ajax;20061203 11:08:13;/accounts/ajax/validate.php;validate:uniqueuserp:michael@mfeldstein.com
ajax;20061203 11:08:13;/accounts/ajax/validate.php;return=ok|username|
ajax;20061203 11:08:14;/accounts/ajax/validate.php;validate:email:michael@mfeldstein.com
ajax;20061203 11:08:14;/accounts/ajax/validate.php;validate:uniqueuserp:michael@mfeldstein.com
ajax;20061203 11:08:14;/accounts/ajax/validate.php;return=ok|email|
ajax;20061203 11:08:14;/accounts/ajax/validate.php;validate:namespaces:Glendale 
ajax;20061203 11:08:14;/accounts/ajax/validate.php;return=ok|city|
ajax;20061203 11:08:14;/accounts/ajax/validate.php;validate:namespaces:MA
ajax;20061203 11:08:14;/accounts/ajax/validate.php;return=ok|state|
ajax;20061203 11:08:14;/accounts/ajax/validate.php;validate:zipcode:01229
ajax;20061203 11:08:14;/accounts/ajax/validate.php;return=ok|zipcode|
ajax;20061203 11:08:14;/accounts/ajax/validate.php;validate:namespaces:US
ajax;20061203 11:08:14;/accounts/ajax/validate.php;return=ok|country|
ajax;20061203 11:08:14;/accounts/ajax/validate.php;validate:phone:917-921-8895
ajax;20061203 11:08:14;/accounts/ajax/validate.php;return=ok|phone|
ajax;20061203 11:08:36;/accounts/admin/admin_user.php;validate:required:michael@mfeldstein.com
ajax;20061203 11:08:36;/accounts/admin/admin_user.php;validate:nospaces:michael@mfeldstein.com
ajax;20061203 11:08:36;/accounts/admin/admin_user.php;validate:uniqueuserp:michael@mfeldstein.com
ajax;20061203 11:08:36;/accounts/admin/admin_user.php;validate:required:Michael
ajax;20061203 11:08:36;/accounts/admin/admin_user.php;validate:required:Feldstein
ajax;20061203 11:08:36;/accounts/admin/admin_user.php;validate:required:michael@mfeldstein.com
ajax;20061203 11:08:36;/accounts/admin/admin_user.php;validate:email:michael@mfeldstein.com
ajax;20061203 11:08:36;/accounts/admin/admin_user.php;validate:uniqueuserp:michael@mfeldstein.com
ajax;20061203 11:08:36;/accounts/admin/admin_user.php;validate:required:Instructional Technologist
ajax;20061203 11:08:36;/accounts/admin/admin_user.php;validate::UI/Interaction Designer
ajax;20061203 11:08:36;/accounts/admin/admin_user.php;validate:required:118
ajax;20061203 11:08:36;/accounts/admin/admin_user.php;validate::PO Box 307
ajax;20061203 11:08:36;/accounts/admin/admin_user.php;validate:namespaces:Glendale 
ajax;20061203 11:08:36;/accounts/admin/admin_user.php;validate:namespaces:MA
ajax;20061203 11:08:36;/accounts/admin/admin_user.php;validate:zipcode:01229
ajax;20061203 11:08:36;/accounts/admin/admin_user.php;validate:namespaces:US
ajax;20061203 11:08:36;/accounts/admin/admin_user.php;validate:phone:917-921-8895
;20061203 11:08:36;/accounts/admin/admin_user.php;inst modified (ldap): Oracle Corporation (commercial) [118]
;20061203 11:08:37;/accounts/admin/admin_user.php;inst modified (ldap): Oracle Corporation (commercial) [118]
michael@mfeldstein.com;20061203 11:08:37;/accounts/admin/admin_user.php;user modified (ldap): Michael Feldstein (michael@mfeldstein.com) [871]
kreister;20061203 11:13:06;/accounts/login.php;user logged in (ldap):72.254.155.61:https://sakaiproject.org/accounts/login.php?ref=/conference/admin/index.php
jhowarth@vt.edu;20061203 12:43:48;/accounts/login.php;user logged in (internal):69.174.224.174:https://sakaiproject.org/accounts/login.php?ref=/conference/registration/index.php&msg=You+must+login+to+register+or+submit+a+proposal+for+the+Sakai+Atlanta+conference.+If+you+do+not+have+an+account%2C+please+create+one.
jhowarth@vt.edu;20061203 12:43:48;/accounts/login.php;user added (ldap): Jonathan Howarth (jhowarth@vt.edu) [831]
turnerp;20061203 14:11:11;/accounts/forgot_password.php;user modified (ldap): Paul Turner (turnerp@missouri.edu) [356]
128.206.106.202;20061203 14:11:11;/accounts/forgot_password.php;password reset: turnerp@missouri.edu
turnerp;20061203 14:12:11;/accounts/login.php;user logged in (ldap):128.206.106.202:https://sakaiproject.org/accounts/login.php
ajax;20061203 14:12:12;/accounts/ajax/validate.php;validate:email:turnerp@missouri.edu
ajax;20061203 14:12:12;/accounts/ajax/validate.php;validate:uniquesql:turnerp@missouri.edu
ajax;20061203 14:12:12;/accounts/ajax/validate.php;return=ok|email|
ajax;20061203 14:12:12;/accounts/ajax/validate.php;validate:namespaces:Columbia
ajax;20061203 14:12:12;/accounts/ajax/validate.php;return=ok|city|
ajax;20061203 14:12:12;/accounts/ajax/validate.php;validate:zipcode:65211
ajax;20061203 14:12:12;/accounts/ajax/validate.php;return=ok|zipcode|
ajax;20061203 14:12:12;/accounts/ajax/validate.php;validate:namespaces:MO
ajax;20061203 14:12:12;/accounts/ajax/validate.php;return=ok|state|
ajax;20061203 14:12:12;/accounts/ajax/validate.php;validate:namespaces:US
ajax;20061203 14:12:12;/accounts/ajax/validate.php;validate:phone:573-882-1653
ajax;20061203 14:12:12;/accounts/ajax/validate.php;return=ok|country|
ajax;20061203 14:12:12;/accounts/ajax/validate.php;return=ok|phone|
ajax;20061203 14:12:39;/accounts/myaccount.php;validate:password:+6222Tu916
ajax;20061203 14:12:39;/accounts/myaccount.php;validate:password:+6222Tu916
ajax;20061203 14:12:39;/accounts/myaccount.php;validate:match:+6222Tu916
ajax;20061203 14:12:39;/accounts/myaccount.php;validate:required:Paul
ajax;20061203 14:12:39;/accounts/myaccount.php;validate:required:Turner
ajax;20061203 14:12:39;/accounts/myaccount.php;validate:required:turnerp@missouri.edu
ajax;20061203 14:12:39;/accounts/myaccount.php;validate:email:turnerp@missouri.edu
ajax;20061203 14:12:39;/accounts/myaccount.php;validate:uniquesql:turnerp@missouri.edu
ajax;20061203 14:12:39;/accounts/myaccount.php;validate:required:Faculty
ajax;20061203 14:12:39;/accounts/myaccount.php;validate::Instructional Technologist
ajax;20061203 14:12:39;/accounts/myaccount.php;validate:required:78
ajax;20061203 14:12:39;/accounts/myaccount.php;validate::SISLT/Digital Media Zone
303 Townsend Hall
ajax;20061203 14:12:39;/accounts/myaccount.php;validate:namespaces:Columbia
ajax;20061203 14:12:39;/accounts/myaccount.php;validate:namespaces:MO
ajax;20061203 14:12:39;/accounts/myaccount.php;validate:zipcode:65211
ajax;20061203 14:12:39;/accounts/myaccount.php;validate:namespaces:US
ajax;20061203 14:12:39;/accounts/myaccount.php;validate:phone:573-882-1653
turnerp;20061203 14:12:39;/accounts/myaccount.php;user modified (ldap): Paul Turner (turnerp@missouri.edu) [356]
ajax;20061203 14:12:40;/accounts/ajax/validate.php;validate:email:turnerp@missouri.edu
ajax;20061203 14:12:40;/accounts/ajax/validate.php;validate:uniquesql:turnerp@missouri.edu
ajax;20061203 14:12:40;/accounts/ajax/validate.php;return=ok|email|
ajax;20061203 14:12:40;/accounts/ajax/validate.php;validate:namespaces:MO
ajax;20061203 14:12:40;/accounts/ajax/validate.php;return=ok|state|
ajax;20061203 14:12:40;/accounts/ajax/validate.php;validate:namespaces:Columbia
ajax;20061203 14:12:40;/accounts/ajax/validate.php;return=ok|city|
ajax;20061203 14:12:41;/accounts/ajax/validate.php;validate:zipcode:65211
ajax;20061203 14:12:41;/accounts/ajax/validate.php;return=ok|zipcode|
ajax;20061203 14:12:41;/accounts/ajax/validate.php;validate:namespaces:US
ajax;20061203 14:12:41;/accounts/ajax/validate.php;return=ok|country|
ajax;20061203 14:12:41;/accounts/ajax/validate.php;validate:phone:573-882-1653
ajax;20061203 14:12:41;/accounts/ajax/validate.php;return=ok|phone|
kreister;20061203 15:44:27;/accounts/login.php;user logged in (ldap):72.254.155.61:https://sakaiproject.org/accounts/login.php?ref=/conference/admin/index.php
dale.stiles@rsmart.com;20061203 17:02:46;/accounts/login.php;user logged in (ldap):71.228.222.242:https://sakaiproject.org/accounts/login.php
ajax;20061203 17:09:38;/accounts/ajax/validate.php;validate:email:dale.stiles@rsmart.com
ajax;20061203 17:09:38;/accounts/ajax/validate.php;validate:uniquesql:dale.stiles@rsmart.com
ajax;20061203 17:09:38;/accounts/ajax/validate.php;return=ok|email|
ajax;20061203 17:09:38;/accounts/ajax/validate.php;validate:namespaces:Phoenix
ajax;20061203 17:09:38;/accounts/ajax/validate.php;return=ok|city|
ajax;20061203 17:09:38;/accounts/ajax/validate.php;validate:namespaces:AZ
ajax;20061203 17:09:38;/accounts/ajax/validate.php;return=ok|state|
ajax;20061203 17:09:38;/accounts/ajax/validate.php;validate:zipcode:85018
ajax;20061203 17:09:38;/accounts/ajax/validate.php;return=ok|zipcode|
ajax;20061203 17:09:39;/accounts/ajax/validate.php;validate:namespaces:US
ajax;20061203 17:09:39;/accounts/ajax/validate.php;return=ok|country|
ajax;20061203 17:09:39;/accounts/ajax/validate.php;validate:phone:602-490-0465
ajax;20061203 17:09:39;/accounts/ajax/validate.php;return=ok|phone|
ajax;20061203 17:09:39;/accounts/ajax/validate.php;validate:phone:602-391-2172
ajax;20061203 17:09:39;/accounts/ajax/validate.php;return=ok|fax|
ostermmg@whitman.edu;20061203 17:21:18;/accounts/login.php;user logged in (ldap):64.35.142.74:https://sakaiproject.org/accounts/login.php?ref=/skin/index.php
ajax;20061203 17:21:34;/accounts/ajax/validate.php;validate:email:ostermmg@whitman.edu
ajax;20061203 17:21:34;/accounts/ajax/validate.php;validate:uniquesql:ostermmg@whitman.edu
ajax;20061203 17:21:34;/accounts/ajax/validate.php;return=ok|email|
ajax;20061203 17:21:34;/accounts/ajax/validate.php;validate:namespaces:Walla Walla
ajax;20061203 17:21:34;/accounts/ajax/validate.php;return=ok|city|
ajax;20061203 17:21:34;/accounts/ajax/validate.php;validate:namespaces:WA
ajax;20061203 17:21:34;/accounts/ajax/validate.php;return=ok|state|
ajax;20061203 17:21:34;/accounts/ajax/validate.php;validate:zipcode:99362
ajax;20061203 17:21:34;/accounts/ajax/validate.php;return=ok|zipcode|
ajax;20061203 17:21:34;/accounts/ajax/validate.php;validate:namespaces:US
ajax;20061203 17:21:34;/accounts/ajax/validate.php;return=ok|country|
ajax;20061203 17:21:34;/accounts/ajax/validate.php;validate:phone:509-527-5419
ajax;20061203 17:21:34;/accounts/ajax/validate.php;return=ok|phone|
hannon@jhu.edu;20061203 22:40:16;/accounts/login.php;user logged in (internal):24.35.56.15:https://sakaiproject.org/accounts/login.php
hannon@jhu.edu;20061203 22:40:16;/accounts/login.php;user added (ldap): Natalie Hannon (hannon@jhu.edu) [764]
conchis;20061203 22:54:06;/accounts/forgot_password.php;user modified (ldap): Jonathan Smith (jas@northwestern.edu) [650]
69.214.192.14;20061203 22:54:06;/accounts/forgot_password.php;password reset: jas@northwestern.edu
conchis;20061203 22:56:26;/accounts/login.php;user logged in (ldap):69.214.192.14:https://sakaiproject.org/accounts/login.php
ajax;20061203 22:56:32;/accounts/ajax/validate.php;validate:namespaces:IL
ajax;20061203 22:56:32;/accounts/ajax/validate.php;return=ok|state|
ajax;20061203 22:56:32;/accounts/ajax/validate.php;validate:zipcode:60802
ajax;20061203 22:56:32;/accounts/ajax/validate.php;return=ok|zipcode|
ajax;20061203 22:56:32;/accounts/ajax/validate.php;validate:phone:847 4915084
ajax;20061203 22:56:32;/accounts/ajax/validate.php;return=ok|fax|
ajax;20061203 22:56:32;/accounts/ajax/validate.php;validate:namespaces:US
ajax;20061203 22:56:32;/accounts/ajax/validate.php;return=ok|country|
ajax;20061203 22:56:32;/accounts/ajax/validate.php;validate:phone:847 4915084
ajax;20061203 22:56:32;/accounts/ajax/validate.php;return=ok|phone|
ajax;20061203 22:59:19;/conference/registration/index.php;validate:required:Developer/Programmer
ajax;20061203 22:59:19;/conference/registration/index.php;validate::Manager
ajax;20061203 22:59:19;/conference/registration/index.php;validate:required:Evanston
ajax;20061203 22:59:19;/conference/registration/index.php;validate:required:IL
ajax;20061203 22:59:19;/conference/registration/index.php;validate:namespaces:IL
ajax;20061203 22:59:19;/conference/registration/index.php;validate:zipcode:60802
ajax;20061203 22:59:19;/conference/registration/index.php;validate:required:US
ajax;20061203 22:59:19;/conference/registration/index.php;validate:namespaces:US
ajax;20061203 22:59:19;/conference/registration/index.php;validate:required:847 4915084
ajax;20061203 22:59:19;/conference/registration/index.php;validate:phone:847 4915084
ajax;20061203 22:59:19;/conference/registration/index.php;validate:phone:847 4915084
ajax;20061203 22:59:19;/conference/registration/index.php;validate:required:N
ajax;20061203 22:59:19;/conference/registration/index.php;validate:required:N
ajax;20061203 22:59:19;/conference/registration/index.php;validate:required:Medium
ajax;20061203 22:59:19;/conference/registration/index.php;validate:required: 
ajax;20061203 22:59:19;/conference/registration/index.php;validate:required:WED
ajax;20061203 22:59:19;/conference/registration/index.php;validate:required:THU
ajax;20061203 22:59:19;/conference/registration/index.php;validate:required: 
conchis;20061203 22:59:19;/conference/registration/index.php;user modified (ldap): Jonathan Smith (jas@northwestern.edu) [650]
