ajax;20061112 18:52:42;/accounts/ajax/validate.php;validate:email:msmith@swin.edu.au
ajax;20061112 18:52:42;/accounts/ajax/validate.php;validate:uniqueuserp:msmith@swin.edu.au
ajax;20061112 18:52:43;/accounts/ajax/validate.php;validate:uniqueuserp:msmith@swin.edu.au
ajax;20061112 18:52:43;/accounts/ajax/validate.php;return=ok|username|
ajax;20061112 18:53:36;/accounts/ajax/validate.php;validate:namespaces:Hawthornb
ajax;20061112 18:53:36;/accounts/ajax/validate.php;return=ok|city|
ajax;20061112 18:53:37;/accounts/ajax/validate.php;validate:namespaces:Hawthorn
ajax;20061112 18:53:37;/accounts/ajax/validate.php;return=ok|city|
ajax;20061112 18:53:46;/accounts/ajax/validate.php;validate:namespaces:Victoria
ajax;20061112 18:53:46;/accounts/ajax/validate.php;return=ok|stateOther|
ajax;20061112 18:53:47;/accounts/ajax/validate.php;validate:zipcode:3122
ajax;20061112 18:53:47;/accounts/ajax/validate.php;return=error|zipcode|Invalid US zip, must be 5 or 9 digits
ajax;20061112 18:53:54;/accounts/ajax/validate.php;validate:namespaces:AU
ajax;20061112 18:53:54;/accounts/ajax/validate.php;return=ok|country|
ajax;20061112 18:54:08;/accounts/ajax/validate.php;validate:phone: 61392145800
ajax;20061112 18:54:08;/accounts/ajax/validate.php;return=ok|phone|
ajax;20061112 18:54:16;/accounts/ajax/validate.php;validate:phone: 61392145803
ajax;20061112 18:54:16;/accounts/ajax/validate.php;return=ok|fax|
ajax;20061112 18:54:45;/accounts/ajax/validate.php;validate:zipcode:00000
ajax;20061112 18:54:45;/accounts/ajax/validate.php;return=ok|zipcode|
ajax;20061112 18:54:57;/accounts/ajax/validate.php;validate:email:msmith@swinburne.edu.au
ajax;20061112 18:54:57;/accounts/ajax/validate.php;validate:uniqueuserp:msmith@swinburne.edu.au
ajax;20061112 18:54:57;/accounts/ajax/validate.php;return=ok|email|
ajax;20061112 18:55:20;/accounts/ajax/validate.php;validate:email:msmith@swin.edu.au
ajax;20061112 18:55:21;/accounts/ajax/validate.php;validate:uniqueuserp:msmith@swin.edu.au
ajax;20061112 18:55:21;/accounts/ajax/validate.php;return=ok|email|
ajax;20061112 18:55:22;/accounts/createaccount.php;validate:required:msmith@swin.edu.au
ajax;20061112 18:55:22;/accounts/createaccount.php;validate:email:msmith@swin.edu.au
ajax;20061112 18:55:22;/accounts/createaccount.php;validate:uniqueuserp:msmith@swin.edu.au
ajax;20061112 18:55:22;/accounts/createaccount.php;validate:uniqueuserp:msmith@swin.edu.au
ajax;20061112 18:55:22;/accounts/createaccount.php;validate:required:miriam
ajax;20061112 18:55:22;/accounts/createaccount.php;validate:password:miriam
ajax;20061112 18:55:22;/accounts/createaccount.php;validate:required:miriam
ajax;20061112 18:55:22;/accounts/createaccount.php;validate:password:miriam
ajax;20061112 18:55:22;/accounts/createaccount.php;validate:match:miriam
ajax;20061112 18:55:22;/accounts/createaccount.php;validate:required:Matthew
ajax;20061112 18:55:22;/accounts/createaccount.php;validate:required:Smith
ajax;20061112 18:55:22;/accounts/createaccount.php;validate:required:msmith@swin.edu.au
ajax;20061112 18:55:22;/accounts/createaccount.php;validate:email:msmith@swin.edu.au
ajax;20061112 18:55:22;/accounts/createaccount.php;validate:uniqueuserp:msmith@swin.edu.au
ajax;20061112 18:55:22;/accounts/createaccount.php;validate:required:Manager
ajax;20061112 18:55:22;/accounts/createaccount.php;validate::University Administration
ajax;20061112 18:55:22;/accounts/createaccount.php;validate:required:Swinburne University
ajax;20061112 18:55:22;/accounts/createaccount.php;validate::P.O. Box 218
ajax;20061112 18:55:22;/accounts/createaccount.php;validate:namespaces:Hawthorn
ajax;20061112 18:55:22;/accounts/createaccount.php;validate:namespaces:Victoria
ajax;20061112 18:55:22;/accounts/createaccount.php;validate:namespaces:AU
ajax;20061112 18:55:22;/accounts/createaccount.php;validate:phone:+61392145800
ajax;20061112 18:55:22;/accounts/createaccount.php;validate:phone:+61392145803
msmith@swin.edu.au;20061112 18:55:23;/accounts/createaccount.php;user added (ldap): Matthew Smith (msmith@swin.edu.au) [956]
136.186.226.243;20061112 18:55:23;/accounts/createaccount.php;created account: msmith@swin.edu.au (msmith@swin.edu.au) Smith,Matthew: inst=1
msmith@swin.edu.au;20061112 18:57:04;/accounts/activate.php;user modified (ldap): Matthew Smith (msmith@swin.edu.au) [956]
msmith@swin.edu.au;20061112 18:57:16;/accounts/login.php;user logged in (ldap):136.186.226.243:https://sakaiproject.org/accounts/login.php
ajax;20061112 18:57:46;/accounts/ajax/validate.php;validate:namespaces:Victoria
ajax;20061112 18:57:46;/accounts/ajax/validate.php;return=ok|state|
ajax;20061112 18:57:46;/accounts/ajax/validate.php;validate:namespaces:AU
ajax;20061112 18:57:46;/accounts/ajax/validate.php;validate:phone: 61392145803
ajax;20061112 18:57:46;/accounts/ajax/validate.php;validate:phone: 61392145800
ajax;20061112 18:57:46;/accounts/ajax/validate.php;return=ok|country|
ajax;20061112 18:57:46;/accounts/ajax/validate.php;return=ok|fax|
ajax;20061112 18:57:46;/accounts/ajax/validate.php;return=ok|phone|
ajax;20061112 19:03:21;/conference/registration/index.php;validate:required:Manager
ajax;20061112 19:03:21;/conference/registration/index.php;validate::University Administration
ajax;20061112 19:03:22;/conference/registration/index.php;validate:required:Swinburne University
ajax;20061112 19:03:22;/conference/registration/index.php;validate:required:Hawthorn
ajax;20061112 19:03:22;/conference/registration/index.php;validate:required:Victoria
ajax;20061112 19:03:22;/conference/registration/index.php;validate:namespaces:Victoria
ajax;20061112 19:03:22;/conference/registration/index.php;validate:required:AU
ajax;20061112 19:03:22;/conference/registration/index.php;validate:namespaces:AU
ajax;20061112 19:03:22;/conference/registration/index.php;validate:required:+61392145800
ajax;20061112 19:03:22;/conference/registration/index.php;validate:phone:+61392145800
ajax;20061112 19:03:22;/conference/registration/index.php;validate:phone:+61392145803
ajax;20061112 19:03:22;/conference/registration/index.php;validate:required:Y
ajax;20061112 19:03:22;/conference/registration/index.php;validate:required:N
ajax;20061112 19:03:22;/conference/registration/index.php;validate:required:X-Large
ajax;20061112 19:03:22;/conference/registration/index.php;validate:required:TUE
ajax;20061112 19:03:22;/conference/registration/index.php;validate:required:WED
ajax;20061112 19:03:22;/conference/registration/index.php;validate:required:THU
ajax;20061112 19:03:22;/conference/registration/index.php;validate:required:FRI
msmith@swin.edu.au;20061112 19:03:22;/conference/registration/index.php;user modified (ldap): Matthew Smith (msmith@swin.edu.au) [956]
msmith@swin.edu.au;20061112 21:26:49;/accounts/login.php;user logged in (ldap):136.186.226.243:https://sakaiproject.org/accounts/login.php
ajax;20061112 21:26:59;/accounts/ajax/validate.php;validate:email:msmith@swin.edu.au
ajax;20061112 21:26:59;/accounts/ajax/validate.php;validate:uniquesql:msmith@swin.edu.au
ajax;20061112 21:26:59;/accounts/ajax/validate.php;return=ok|email|
ajax;20061112 21:26:59;/accounts/ajax/validate.php;validate:namespaces:Hawthorn
ajax;20061112 21:26:59;/accounts/ajax/validate.php;validate:namespaces:Victoria
ajax;20061112 21:26:59;/accounts/ajax/validate.php;return=ok|city|
ajax;20061112 21:26:59;/accounts/ajax/validate.php;validate:phone: 61392145800
ajax;20061112 21:26:59;/accounts/ajax/validate.php;validate:phone: 61392145803
ajax;20061112 21:26:59;/accounts/ajax/validate.php;return=ok|state|
ajax;20061112 21:26:59;/accounts/ajax/validate.php;return=ok|phone|
ajax;20061112 21:26:59;/accounts/ajax/validate.php;return=ok|fax|
ajax;20061112 21:26:59;/accounts/ajax/validate.php;validate:namespaces:AU
ajax;20061112 21:26:59;/accounts/ajax/validate.php;return=ok|country|
aproppe@swin.edu.au;20061112 21:47:51;/accounts/login.php;user logged in (ldap):136.186.226.68:https://sakaiproject.org/accounts/login.php?ref=/conference/registration/index.php&msg=You+must+login+to+register+or+submit+a+proposal+for+the+Sakai+Atlanta+conference.+If+you+do+not+have+an+account%2C+please+create+one.
ajax;20061112 21:47:56;/accounts/ajax/validate.php;validate:namespaces:Victoria
ajax;20061112 21:47:56;/accounts/ajax/validate.php;return=ok|state|
ajax;20061112 21:47:56;/accounts/ajax/validate.php;validate:zipcode:03122
ajax;20061112 21:47:56;/accounts/ajax/validate.php;return=ok|zipcode|
ajax;20061112 21:47:57;/accounts/ajax/validate.php;validate:phone: 61 3 9214 4512
ajax;20061112 21:47:57;/accounts/ajax/validate.php;validate:namespaces:AU
ajax;20061112 21:47:57;/accounts/ajax/validate.php;return=ok|phone|
ajax;20061112 21:47:57;/accounts/ajax/validate.php;return=ok|country|
ajax;20061112 21:47:57;/accounts/ajax/validate.php;validate:phone: 61 3 9214 5178
ajax;20061112 21:47:57;/accounts/ajax/validate.php;return=ok|fax|
ajax;20061112 21:49:59;/accounts/ajax/validate.php;validate:zipcode:3122
ajax;20061112 21:49:59;/accounts/ajax/validate.php;return=error|zipcode|Invalid US zip, must be 5 or 9 digits
ajax;20061112 21:50:22;/accounts/ajax/validate.php;validate:zipcode:3122x
ajax;20061112 21:50:22;/accounts/ajax/validate.php;return=error|zipcode|Invalid chars, use A-Z, numbers and '-' only
ajax;20061112 21:50:28;/accounts/ajax/validate.php;validate:zipcode:31220
ajax;20061112 21:50:28;/accounts/ajax/validate.php;return=ok|zipcode|
ajax;20061112 22:11:36;/conference/registration/index.php;validate:required:System Administrator
ajax;20061112 22:11:36;/conference/registration/index.php;validate::System Administrator
ajax;20061112 22:11:36;/conference/registration/index.php;validate:required:Swinburne University of Techno
ajax;20061112 22:11:36;/conference/registration/index.php;validate:required:Hawthorn
ajax;20061112 22:11:36;/conference/registration/index.php;validate:required:Victoria
ajax;20061112 22:11:36;/conference/registration/index.php;validate:namespaces:Victoria
ajax;20061112 22:11:36;/conference/registration/index.php;validate:zipcode:31220
ajax;20061112 22:11:36;/conference/registration/index.php;validate:required:AU
ajax;20061112 22:11:36;/conference/registration/index.php;validate:namespaces:AU
ajax;20061112 22:11:36;/conference/registration/index.php;validate:required:+61 3 9214 4512
ajax;20061112 22:11:36;/conference/registration/index.php;validate:phone:+61 3 9214 4512
ajax;20061112 22:11:36;/conference/registration/index.php;validate:phone:+61 3 9214 5178
ajax;20061112 22:11:36;/conference/registration/index.php;validate:required:Y
ajax;20061112 22:11:36;/conference/registration/index.php;validate:required:N
ajax;20061112 22:11:36;/conference/registration/index.php;validate:required:Large
ajax;20061112 22:11:36;/conference/registration/index.php;validate:required:TUE
ajax;20061112 22:11:36;/conference/registration/index.php;validate:required:WED
ajax;20061112 22:11:36;/conference/registration/index.php;validate:required:THU
ajax;20061112 22:11:36;/conference/registration/index.php;validate:required:FRI
aproppe@swin.edu.au;20061112 22:11:36;/conference/registration/index.php;user modified (ldap): Anton Proppe (aproppe@swin.edu.au) [904]
ajax;20061112 23:35:57;/accounts/ajax/validate.php;validate:email:allan.williams@anu.edu.au
ajax;20061112 23:35:57;/accounts/ajax/validate.php;validate:uniqueuserp:allan.williams@anu.edu.au
ajax;20061112 23:35:57;/accounts/ajax/validate.php;validate:uniqueuserp:allan.williams@anu.edu.au
ajax;20061112 23:35:58;/accounts/ajax/validate.php;return=ok|username|
ajax;20061112 23:36:10;/accounts/ajax/validate.php;validate:namespaces:AU
ajax;20061112 23:36:10;/accounts/ajax/validate.php;return=ok|country|
ajax;20061112 23:36:59;/accounts/ajax/validate.php;validate:namespaces:Canberra
ajax;20061112 23:36:59;/accounts/ajax/validate.php;return=ok|city|
ajax;20061112 23:37:56;/accounts/ajax/validate.php;validate:namespaces:ACT
ajax;20061112 23:37:56;/accounts/ajax/validate.php;return=ok|stateOther|
ajax;20061112 23:38:19;/accounts/ajax/validate.php;validate:email:allan.williams@anu.edu.au
ajax;20061112 23:38:19;/accounts/ajax/validate.php;validate:uniqueuserp:allan.williams@anu.edu.au
ajax;20061112 23:38:19;/accounts/ajax/validate.php;return=ok|email|
ajax;20061112 23:38:27;/accounts/ajax/validate.php;validate:zipcode:0200
ajax;20061112 23:38:27;/accounts/ajax/validate.php;return=error|zipcode|Invalid US zip, must be 5 or 9 digits
ajax;20061112 23:39:54;/accounts/ajax/validate.php;validate:phone: 61 2 6125 8404
ajax;20061112 23:39:54;/accounts/ajax/validate.php;return=ok|phone|
ajax;20061112 23:40:24;/accounts/createaccount.php;validate:required:allan.williams@anu.edu.au
ajax;20061112 23:40:24;/accounts/createaccount.php;validate:email:allan.williams@anu.edu.au
ajax;20061112 23:40:24;/accounts/createaccount.php;validate:uniqueuserp:allan.williams@anu.edu.au
ajax;20061112 23:40:24;/accounts/createaccount.php;validate:uniqueuserp:allan.williams@anu.edu.au
ajax;20061112 23:40:25;/accounts/createaccount.php;validate:required:bobcat
ajax;20061112 23:40:25;/accounts/createaccount.php;validate:password:bobcat
ajax;20061112 23:40:25;/accounts/createaccount.php;validate:required:bobcat
ajax;20061112 23:40:25;/accounts/createaccount.php;validate:password:bobcat
ajax;20061112 23:40:25;/accounts/createaccount.php;validate:match:bobcat
ajax;20061112 23:40:25;/accounts/createaccount.php;validate:required:Allan
ajax;20061112 23:40:25;/accounts/createaccount.php;validate:required:Williams
ajax;20061112 23:40:25;/accounts/createaccount.php;validate:required:allan.williams@anu.edu.au
ajax;20061112 23:40:25;/accounts/createaccount.php;validate:email:allan.williams@anu.edu.au
ajax;20061112 23:40:25;/accounts/createaccount.php;validate:uniqueuserp:allan.williams@anu.edu.au
ajax;20061112 23:40:25;/accounts/createaccount.php;validate:required:Manager
ajax;20061112 23:40:25;/accounts/createaccount.php;validate::System Administrator
ajax;20061112 23:40:25;/accounts/createaccount.php;validate:required:4
ajax;20061112 23:40:25;/accounts/createaccount.php;validate::R.G. Menzies Building #2
The Australian National University
ajax;20061112 23:40:25;/accounts/createaccount.php;validate:namespaces:Canberra
ajax;20061112 23:40:25;/accounts/createaccount.php;validate:namespaces:ACT
ajax;20061112 23:40:25;/accounts/createaccount.php;validate:namespaces:AU
ajax;20061112 23:40:25;/accounts/createaccount.php;validate:phone:+61 2 6125 8404
ajax;20061112 23:40:25;/accounts/createaccount.php;validate:phone:+61 2 6125 7699
allan.williams@anu.edu.au;20061112 23:40:25;/accounts/createaccount.php;user added (ldap): Allan Williams (allan.williams@anu.edu.au) [957]
130.56.18.70;20061112 23:40:25;/accounts/createaccount.php;created account: allan.williams@anu.edu.au (allan.williams@anu.edu.au) Williams,Allan: inst=4
allan.williams@anu.edu.au;20061112 23:44:23;/accounts/activate.php;user modified (ldap): Allan Williams (allan.williams@anu.edu.au) [957]
allan.williams@anu.edu.au;20061112 23:45:05;/accounts/login.php;user logged in (ldap):130.56.18.70:https://sakaiproject.org/accounts/login.php
ajax;20061112 23:45:14;/accounts/ajax/validate.php;validate:namespaces:ACT
ajax;20061112 23:45:14;/accounts/ajax/validate.php;return=ok|state|
ajax;20061112 23:45:14;/accounts/ajax/validate.php;validate:namespaces:AU
ajax;20061112 23:45:14;/accounts/ajax/validate.php;return=ok|country|
ajax;20061112 23:45:14;/accounts/ajax/validate.php;validate:phone: 61 2 6125 8404
ajax;20061112 23:45:14;/accounts/ajax/validate.php;return=ok|phone|
ajax;20061112 23:45:14;/accounts/ajax/validate.php;validate:phone: 61 2 6125 7699
ajax;20061112 23:45:14;/accounts/ajax/validate.php;return=ok|fax|
ajax;20061112 23:53:30;/conference/registration/index.php;validate:required:Manager
ajax;20061112 23:53:30;/conference/registration/index.php;validate::System Administrator
ajax;20061112 23:53:30;/conference/registration/index.php;validate:required:Canberra
ajax;20061112 23:53:30;/conference/registration/index.php;validate:required:ACT
ajax;20061112 23:53:30;/conference/registration/index.php;validate:namespaces:ACT
ajax;20061112 23:53:30;/conference/registration/index.php;validate:required:AU
ajax;20061112 23:53:30;/conference/registration/index.php;validate:namespaces:AU
ajax;20061112 23:53:30;/conference/registration/index.php;validate:required:+61 2 6125 8404
ajax;20061112 23:53:30;/conference/registration/index.php;validate:phone:+61 2 6125 8404
ajax;20061112 23:53:30;/conference/registration/index.php;validate:phone:+61 2 6125 7699
ajax;20061112 23:53:30;/conference/registration/index.php;validate:required:Y
ajax;20061112 23:53:30;/conference/registration/index.php;validate:required:N
ajax;20061112 23:53:30;/conference/registration/index.php;validate:required:XX-Large
ajax;20061112 23:53:30;/conference/registration/index.php;validate:required:TUE
ajax;20061112 23:53:30;/conference/registration/index.php;validate:required:WED
ajax;20061112 23:53:30;/conference/registration/index.php;validate:required:THU
ajax;20061112 23:53:30;/conference/registration/index.php;validate:required:FRI
allan.williams@anu.edu.au;20061112 23:53:31;/conference/registration/index.php;user modified (ldap): Allan Williams (allan.williams@anu.edu.au) [957]
