shardin;20060830 00:04:52;/accounts/login.php;user logged in (internal):210.82.92.41:https://sakaiproject.org/accounts/login.php?ref=/conference/registration/index.php&msg=You+must+login+to+register+or+submit+a+proposal+for+the+Sakai+Atlanta+conference.+If+you+do+not+have+an+account%2C+please+create+one.
ajax;20060830 00:04:56;/accounts/ajax/validate.php;validate:namespaces:MI
ajax;20060830 00:04:56;/accounts/ajax/validate.php;validate:zipcode:48109
ajax;20060830 00:04:56;/accounts/ajax/validate.php;return=ok|state|
ajax;20060830 00:04:56;/accounts/ajax/validate.php;return=ok|zipcode|
ajax;20060830 00:04:57;/accounts/ajax/validate.php;validate:namespaces:US
ajax;20060830 00:04:57;/accounts/ajax/validate.php;validate:phone:734-904-0437
ajax;20060830 00:04:57;/accounts/ajax/validate.php;return=ok|country|
ajax;20060830 00:04:57;/accounts/ajax/validate.php;return=ok|phone|
ajax;20060830 00:05:24;/conference/registration/index.php;validate:required:Developer/Programmer
ajax;20060830 00:05:24;/conference/registration/index.php;validate:required:Ann Arbor
ajax;20060830 00:05:24;/conference/registration/index.php;validate:required:MI
ajax;20060830 00:05:24;/conference/registration/index.php;validate:namespaces:MI
ajax;20060830 00:05:24;/conference/registration/index.php;validate:zipcode:48109
ajax;20060830 00:05:24;/conference/registration/index.php;validate:required:US
ajax;20060830 00:05:24;/conference/registration/index.php;validate:namespaces:US
ajax;20060830 00:05:24;/conference/registration/index.php;validate:required:734-904-0437
ajax;20060830 00:05:24;/conference/registration/index.php;validate:phone:734-904-0437
ajax;20060830 00:05:24;/conference/registration/index.php;validate:required:Y
ajax;20060830 00:05:24;/conference/registration/index.php;validate:required:Y
ajax;20060830 00:05:24;/conference/registration/index.php;validate:required:Large
shardin.umich@gmail.com;20060830 00:07:36;/accounts/login.php;user logged in (internal):210.82.92.41:https://sakaiproject.org/accounts/login.php
shardin.umich@gmail.com;20060830 00:09:38;/accounts/login.php;user logged in (internal):210.82.92.41:https://sakaiproject.org/accounts/login.php
ajax;20060830 00:09:59;/accounts/ajax/validate.php;validate:namespaces:AK
ajax;20060830 00:09:59;/accounts/ajax/validate.php;return=ok|state|
ajax;20060830 00:10:01;/accounts/ajax/validate.php;validate:zipcode:33333
ajax;20060830 00:10:01;/accounts/ajax/validate.php;return=ok|zipcode|
ajax;20060830 00:10:02;/accounts/ajax/validate.php;validate:namespaces:KY
ajax;20060830 00:10:02;/accounts/ajax/validate.php;return=ok|country|
ajax;20060830 00:10:06;/accounts/ajax/validate.php;validate:phone:333-333-3333
ajax;20060830 00:10:06;/accounts/ajax/validate.php;return=ok|phone|
ajax;20060830 00:10:31;/conference/registration/index.php;validate:required:Developer/Programmer
ajax;20060830 00:10:31;/conference/registration/index.php;validate:required:University of Michigan
ajax;20060830 00:10:31;/conference/registration/index.php;validate:required:test
ajax;20060830 00:10:31;/conference/registration/index.php;validate:required:AK
ajax;20060830 00:10:31;/conference/registration/index.php;validate:namespaces:AK
ajax;20060830 00:10:31;/conference/registration/index.php;validate:zipcode:33333
ajax;20060830 00:10:31;/conference/registration/index.php;validate:required:KY
ajax;20060830 00:10:31;/conference/registration/index.php;validate:namespaces:KY
ajax;20060830 00:10:31;/conference/registration/index.php;validate:required:333-333-3333
ajax;20060830 00:10:31;/conference/registration/index.php;validate:phone:333-333-3333
ajax;20060830 00:10:31;/conference/registration/index.php;validate:required:Y
ajax;20060830 00:10:31;/conference/registration/index.php;validate:required:N
ajax;20060830 00:10:31;/conference/registration/index.php;validate:required:Medium
ajax;20060830 00:15:53;/accounts/ajax/validate.php;validate:email:shardin.umich@gmail.com
ajax;20060830 00:15:53;/accounts/ajax/validate.php;validate:uniqueuserp:shardin.umich@gmail.com
ajax;20060830 00:15:53;/accounts/ajax/validate.php;validate:uniqueuserp:shardin.umich@gmail.com
ajax;20060830 00:15:53;/accounts/ajax/validate.php;return=ok|username|
ajax;20060830 00:16:13;/accounts/ajax/validate.php;validate:email:shardin.umich@gmail.com
ajax;20060830 00:16:13;/accounts/ajax/validate.php;validate:uniqueuserp:shardin.umich@gmail.com
ajax;20060830 00:16:13;/accounts/ajax/validate.php;return=ok|email|
ajax;20060830 00:16:37;/accounts/ajax/validate.php;validate:namespaces:Ann Arbor, MI
ajax;20060830 00:16:37;/accounts/ajax/validate.php;return=error|city|Alphanumeric chars, spaces, and _.- only
ajax;20060830 00:16:41;/accounts/ajax/validate.php;validate:namespaces:Ann Arbor
ajax;20060830 00:16:41;/accounts/ajax/validate.php;return=ok|city|
ajax;20060830 00:16:49;/accounts/ajax/validate.php;validate:namespaces:MI
ajax;20060830 00:16:49;/accounts/ajax/validate.php;return=ok|state|
ajax;20060830 00:16:51;/accounts/ajax/validate.php;validate:namespaces:US
ajax;20060830 00:16:51;/accounts/ajax/validate.php;return=ok|country|
ajax;20060830 00:16:55;/accounts/ajax/validate.php;validate:zipcode:33333
ajax;20060830 00:16:55;/accounts/ajax/validate.php;return=ok|zipcode|
ajax;20060830 00:16:59;/accounts/ajax/validate.php;validate:phone:444-444-4444
ajax;20060830 00:16:59;/accounts/ajax/validate.php;return=ok|phone|
ajax;20060830 00:17:02;/accounts/createaccount.php;validate:required:shardin.umich@gmail.com
ajax;20060830 00:17:02;/accounts/createaccount.php;validate:email:shardin.umich@gmail.com
ajax;20060830 00:17:02;/accounts/createaccount.php;validate:uniqueuserp:shardin.umich@gmail.com
ajax;20060830 00:17:02;/accounts/createaccount.php;validate:uniqueuserp:shardin.umich@gmail.com
ajax;20060830 00:17:02;/accounts/createaccount.php;validate:required:kogepan1
ajax;20060830 00:17:02;/accounts/createaccount.php;validate:password:kogepan1
ajax;20060830 00:17:02;/accounts/createaccount.php;validate:required:kogepan1
ajax;20060830 00:17:02;/accounts/createaccount.php;validate:password:kogepan1
ajax;20060830 00:17:02;/accounts/createaccount.php;validate:match:kogepan1
ajax;20060830 00:17:02;/accounts/createaccount.php;validate:required:Susan
ajax;20060830 00:17:02;/accounts/createaccount.php;validate:required:Hardin
ajax;20060830 00:17:02;/accounts/createaccount.php;validate:required:shardin.umich@gmail.com
ajax;20060830 00:17:02;/accounts/createaccount.php;validate:email:shardin.umich@gmail.com
ajax;20060830 00:17:02;/accounts/createaccount.php;validate:uniqueuserp:shardin.umich@gmail.com
ajax;20060830 00:17:02;/accounts/createaccount.php;validate:required:Developer/Programmer
ajax;20060830 00:17:02;/accounts/createaccount.php;validate:required:Sakai Foundation
ajax;20060830 00:17:02;/accounts/createaccount.php;validate::555 Main
ajax;20060830 00:17:02;/accounts/createaccount.php;validate:namespaces:Ann Arbor
ajax;20060830 00:17:02;/accounts/createaccount.php;validate:namespaces:MI
ajax;20060830 00:17:02;/accounts/createaccount.php;validate:zipcode:33333
ajax;20060830 00:17:02;/accounts/createaccount.php;validate:namespaces:US
ajax;20060830 00:17:02;/accounts/createaccount.php;validate:phone:444-444-4444
210.82.92.41;20060830 00:17:02;/accounts/createaccount.php;created account: shardin.umich@gmail.com (shardin.umich@gmail.com) Hardin,Susan: inst=1
shardin;20060830 00:17:19;/accounts/login.php;user logged in (internal):210.82.92.41:https://sakaiproject.org/accounts/login.php
ajax;20060830 00:17:57;/accounts/ajax/validate.php;validate:uniqueuserp:shardin.umich@gmail.com
ajax;20060830 00:17:57;/accounts/ajax/validate.php;return=ok|username|
ajax;20060830 00:17:57;/accounts/ajax/validate.php;validate:namespaces:Ann Arbor
ajax;20060830 00:17:57;/accounts/ajax/validate.php;return=ok|city|
ajax;20060830 00:17:58;/accounts/ajax/validate.php;validate:email:shardin.umich@gmail.com
ajax;20060830 00:17:58;/accounts/ajax/validate.php;validate:uniqueuserp:shardin.umich@gmail.com
ajax;20060830 00:17:58;/accounts/ajax/validate.php;return=ok|email|
ajax;20060830 00:17:58;/accounts/ajax/validate.php;validate:namespaces:MI
ajax;20060830 00:17:58;/accounts/ajax/validate.php;return=ok|state|
ajax;20060830 00:17:58;/accounts/ajax/validate.php;validate:namespaces:US
ajax;20060830 00:17:58;/accounts/ajax/validate.php;return=ok|country|
ajax;20060830 00:17:58;/accounts/ajax/validate.php;validate:zipcode:33333
ajax;20060830 00:17:58;/accounts/ajax/validate.php;return=ok|zipcode|
ajax;20060830 00:17:58;/accounts/ajax/validate.php;validate:phone:444-444-4444
ajax;20060830 00:17:58;/accounts/ajax/validate.php;return=ok|phone|
ajax;20060830 00:18:24;/accounts/admin/admin_user.php;validate:required:shardin.umich@gmail.com
ajax;20060830 00:18:24;/accounts/admin/admin_user.php;validate:nospaces:shardin.umich@gmail.com
ajax;20060830 00:18:24;/accounts/admin/admin_user.php;validate:uniqueuserp:shardin.umich@gmail.com
ajax;20060830 00:18:24;/accounts/admin/admin_user.php;validate:required:Susan
ajax;20060830 00:18:24;/accounts/admin/admin_user.php;validate:required:Hardin
ajax;20060830 00:18:24;/accounts/admin/admin_user.php;validate:required:shardin.umich@gmail.com
ajax;20060830 00:18:24;/accounts/admin/admin_user.php;validate:email:shardin.umich@gmail.com
ajax;20060830 00:18:24;/accounts/admin/admin_user.php;validate:uniqueuserp:shardin.umich@gmail.com
ajax;20060830 00:18:24;/accounts/admin/admin_user.php;validate:required:Developer/Programmer
ajax;20060830 00:18:24;/accounts/admin/admin_user.php;validate:required:Sakai Foundation
ajax;20060830 00:18:24;/accounts/admin/admin_user.php;validate::555 Main
ajax;20060830 00:18:24;/accounts/admin/admin_user.php;validate:namespaces:Ann Arbor
ajax;20060830 00:18:24;/accounts/admin/admin_user.php;validate:namespaces:MI
ajax;20060830 00:18:24;/accounts/admin/admin_user.php;validate:zipcode:33333
ajax;20060830 00:18:24;/accounts/admin/admin_user.php;validate:namespaces:US
ajax;20060830 00:18:24;/accounts/admin/admin_user.php;validate:phone:444-444-4444
ajax;20060830 00:18:25;/accounts/ajax/validate.php;validate:uniqueuserp:shardin.umich@gmail.com
ajax;20060830 00:18:26;/accounts/ajax/validate.php;return=ok|username|
ajax;20060830 00:18:26;/accounts/ajax/validate.php;validate:namespaces:Ann Arbor
ajax;20060830 00:18:26;/accounts/ajax/validate.php;return=ok|city|
ajax;20060830 00:18:26;/accounts/ajax/validate.php;validate:email:shardin.umich@gmail.com
ajax;20060830 00:18:26;/accounts/ajax/validate.php;validate:uniqueuserp:shardin.umich@gmail.com
ajax;20060830 00:18:26;/accounts/ajax/validate.php;return=ok|email|
ajax;20060830 00:18:26;/accounts/ajax/validate.php;validate:namespaces:MI
ajax;20060830 00:18:26;/accounts/ajax/validate.php;return=ok|state|
ajax;20060830 00:18:26;/accounts/ajax/validate.php;validate:zipcode:33333
ajax;20060830 00:18:26;/accounts/ajax/validate.php;return=ok|zipcode|
ajax;20060830 00:18:26;/accounts/ajax/validate.php;validate:namespaces:US
ajax;20060830 00:18:26;/accounts/ajax/validate.php;return=ok|country|
ajax;20060830 00:18:27;/accounts/ajax/validate.php;validate:phone:444-444-4444
ajax;20060830 00:18:27;/accounts/ajax/validate.php;return=ok|phone|
shardin.umich@gmail.com;20060830 00:18:46;/accounts/login.php;user logged in (internal):210.82.92.41:https://sakaiproject.org/accounts/login.php
ajax;20060830 00:18:50;/accounts/ajax/validate.php;validate:namespaces:MI
ajax;20060830 00:18:50;/accounts/ajax/validate.php;return=ok|state|
ajax;20060830 00:18:51;/accounts/ajax/validate.php;validate:namespaces:US
ajax;20060830 00:18:51;/accounts/ajax/validate.php;return=ok|country|
ajax;20060830 00:18:51;/accounts/ajax/validate.php;validate:zipcode:33333
ajax;20060830 00:18:51;/accounts/ajax/validate.php;return=ok|zipcode|
ajax;20060830 00:18:51;/accounts/ajax/validate.php;validate:phone:444-444-4444
ajax;20060830 00:18:51;/accounts/ajax/validate.php;return=ok|phone|
ajax;20060830 00:19:13;/conference/registration/index.php;validate:required:Developer/Programmer
ajax;20060830 00:19:13;/conference/registration/index.php;validate:required:Sakai Foundation
ajax;20060830 00:19:13;/conference/registration/index.php;validate:required:Ann Arbor
ajax;20060830 00:19:13;/conference/registration/index.php;validate:required:MI
ajax;20060830 00:19:13;/conference/registration/index.php;validate:namespaces:MI
ajax;20060830 00:19:13;/conference/registration/index.php;validate:zipcode:33333
ajax;20060830 00:19:13;/conference/registration/index.php;validate:required:US
ajax;20060830 00:19:13;/conference/registration/index.php;validate:namespaces:US
ajax;20060830 00:19:13;/conference/registration/index.php;validate:required:444-444-4444
ajax;20060830 00:19:13;/conference/registration/index.php;validate:phone:444-444-4444
ajax;20060830 00:19:13;/conference/registration/index.php;validate:required:Y
ajax;20060830 00:19:13;/conference/registration/index.php;validate:required:Y
ajax;20060830 00:19:13;/conference/registration/index.php;validate:required:XX-Large
shardin;20060830 00:20:50;/accounts/login.php;user logged in (internal):210.82.92.41:https://sakaiproject.org/accounts/login.php?ref=/accounts/index.php
ajax;20060830 00:35:14;/accounts/ajax/validate.php;validate:email:shardin@umich.edu
ajax;20060830 00:35:14;/accounts/ajax/validate.php;validate:uniquesql:shardin@umich.edu
ajax;20060830 00:35:14;/accounts/ajax/validate.php;return=ok|email|
ajax;20060830 00:35:15;/accounts/ajax/validate.php;validate:namespaces:MI
ajax;20060830 00:35:15;/accounts/ajax/validate.php;return=ok|state|
ajax;20060830 00:35:15;/accounts/ajax/validate.php;validate:namespaces:Ann Arbor
ajax;20060830 00:35:15;/accounts/ajax/validate.php;return=ok|city|
ajax;20060830 00:35:15;/accounts/ajax/validate.php;validate:zipcode:48109
ajax;20060830 00:35:15;/accounts/ajax/validate.php;return=ok|zipcode|
ajax;20060830 00:35:15;/accounts/ajax/validate.php;validate:namespaces:US
ajax;20060830 00:35:15;/accounts/ajax/validate.php;return=ok|country|
ajax;20060830 00:35:15;/accounts/ajax/validate.php;validate:phone:734-904-0437
ajax;20060830 00:35:15;/accounts/ajax/validate.php;return=ok|phone|
shardin.umich@gmail.com;20060830 00:35:27;/accounts/login.php;user logged in (internal):210.82.92.41:https://sakaiproject.org/accounts/login.php
ajax;20060830 00:35:31;/accounts/ajax/validate.php;validate:namespaces:MI
ajax;20060830 00:35:31;/accounts/ajax/validate.php;return=ok|state|
ajax;20060830 00:35:32;/accounts/ajax/validate.php;validate:namespaces:US
ajax;20060830 00:35:32;/accounts/ajax/validate.php;return=ok|country|
ajax;20060830 00:35:32;/accounts/ajax/validate.php;validate:zipcode:33333
ajax;20060830 00:35:32;/accounts/ajax/validate.php;return=ok|zipcode|
ajax;20060830 00:35:32;/accounts/ajax/validate.php;validate:phone:444-444-4444
ajax;20060830 00:35:32;/accounts/ajax/validate.php;return=ok|phone|
ajax;20060830 00:35:53;/conference/registration/index.php;validate:required:Developer/Programmer
ajax;20060830 00:35:53;/conference/registration/index.php;validate:required:Sakai Foundation
ajax;20060830 00:35:53;/conference/registration/index.php;validate:required:Ann Arbor
ajax;20060830 00:35:53;/conference/registration/index.php;validate:required:MI
ajax;20060830 00:35:53;/conference/registration/index.php;validate:namespaces:MI
ajax;20060830 00:35:53;/conference/registration/index.php;validate:zipcode:33333
ajax;20060830 00:35:53;/conference/registration/index.php;validate:required:US
ajax;20060830 00:35:53;/conference/registration/index.php;validate:namespaces:US
ajax;20060830 00:35:53;/conference/registration/index.php;validate:required:444-444-4444
ajax;20060830 00:35:53;/conference/registration/index.php;validate:phone:444-444-4444
ajax;20060830 00:35:53;/conference/registration/index.php;validate:required:Y
ajax;20060830 00:35:53;/conference/registration/index.php;validate:required:Y
ajax;20060830 00:35:53;/conference/registration/index.php;validate:required:Large
shardin.umich@gmail.com;20060830 01:01:26;/accounts/login.php;user logged in (internal):210.82.92.41:https://sakaiproject.org/accounts/login.php?ref=/conference/registration/index.php&msg=You+must+login+to+register+or+submit+a+proposal+for+the+Sakai+Atlanta+conference.+If+you+do+not+have+an+account%2C+please+create+one.
shardin;20060830 01:02:13;/accounts/login.php;user logged in (internal):210.82.92.41:https://sakaiproject.org/accounts/login.php?ref=/accounts/login.php
shardin;20060830 01:02:18;/accounts/login.php;user logged in (internal):210.82.92.41:https://sakaiproject.org/accounts/login.php
ajax;20060830 01:02:23;/accounts/ajax/validate.php;validate:namespaces:MI
ajax;20060830 01:02:23;/accounts/ajax/validate.php;return=ok|state|
ajax;20060830 01:02:23;/accounts/ajax/validate.php;validate:namespaces:US
ajax;20060830 01:02:23;/accounts/ajax/validate.php;return=ok|country|
ajax;20060830 01:02:23;/accounts/ajax/validate.php;validate:zipcode:48109
ajax;20060830 01:02:23;/accounts/ajax/validate.php;return=ok|zipcode|
ajax;20060830 01:02:23;/accounts/ajax/validate.php;validate:phone:734-904-0437
ajax;20060830 01:02:23;/accounts/ajax/validate.php;return=ok|phone|
ajax;20060830 01:04:23;/accounts/ajax/validate.php;validate:email:shardin@umich.edu
ajax;20060830 01:04:23;/accounts/ajax/validate.php;validate:uniquesql:shardin@umich.edu
ajax;20060830 01:04:23;/accounts/ajax/validate.php;return=ok|email|
ajax;20060830 01:04:23;/accounts/ajax/validate.php;validate:namespaces:MI
ajax;20060830 01:04:23;/accounts/ajax/validate.php;return=ok|state|
ajax;20060830 01:04:23;/accounts/ajax/validate.php;validate:namespaces:Ann Arbor
ajax;20060830 01:04:23;/accounts/ajax/validate.php;return=ok|city|
ajax;20060830 01:04:23;/accounts/ajax/validate.php;validate:zipcode:48109
ajax;20060830 01:04:23;/accounts/ajax/validate.php;return=ok|zipcode|
ajax;20060830 01:04:24;/accounts/ajax/validate.php;validate:namespaces:US
ajax;20060830 01:04:24;/accounts/ajax/validate.php;return=ok|country|
ajax;20060830 01:04:24;/accounts/ajax/validate.php;validate:phone:734-904-0437
ajax;20060830 01:04:24;/accounts/ajax/validate.php;return=ok|phone|
shardin.umich@gmail.com;20060830 01:10:18;/accounts/login.php;user logged in (internal):210.82.92.41:https://sakaiproject.org/accounts/login.php
shardin;20060830 01:10:33;/accounts/login.php;user logged in (internal):210.82.92.41:https://sakaiproject.org/accounts/login.php
ajax;20060830 01:10:49;/accounts/ajax/validate.php;validate:uniqueuserp:shardin.umich@gmail.com
ajax;20060830 01:10:49;/accounts/ajax/validate.php;return=ok|username|
ajax;20060830 01:10:49;/accounts/ajax/validate.php;validate:namespaces:Ann Arbor
ajax;20060830 01:10:49;/accounts/ajax/validate.php;return=ok|city|
ajax;20060830 01:10:49;/accounts/ajax/validate.php;validate:email:shardin.umich@gmail.com
ajax;20060830 01:10:49;/accounts/ajax/validate.php;validate:uniqueuserp:shardin.umich@gmail.com
ajax;20060830 01:10:49;/accounts/ajax/validate.php;validate:namespaces:MI
ajax;20060830 01:10:49;/accounts/ajax/validate.php;return=ok|state|
ajax;20060830 01:10:49;/accounts/ajax/validate.php;return=ok|email|
ajax;20060830 01:10:50;/accounts/ajax/validate.php;validate:zipcode:33333
ajax;20060830 01:10:50;/accounts/ajax/validate.php;return=ok|zipcode|
ajax;20060830 01:10:50;/accounts/ajax/validate.php;validate:namespaces:US
ajax;20060830 01:10:50;/accounts/ajax/validate.php;return=ok|country|
ajax;20060830 01:10:50;/accounts/ajax/validate.php;validate:phone:444-444-4444
ajax;20060830 01:10:50;/accounts/ajax/validate.php;return=ok|phone|
ajax;20060830 01:11:09;/accounts/admin/admin_user.php;validate:required:shardin.umich@gmail.com
ajax;20060830 01:11:11;/accounts/admin/admin_user.php;validate:nospaces:shardin.umich@gmail.com
ajax;20060830 01:11:11;/accounts/admin/admin_user.php;validate:uniqueuserp:shardin.umich@gmail.com
ajax;20060830 01:11:12;/accounts/admin/admin_user.php;validate:required:Susan
ajax;20060830 01:11:12;/accounts/admin/admin_user.php;validate:required:Hardin
ajax;20060830 01:11:12;/accounts/admin/admin_user.php;validate:required:shardin.umich@gmail.com
ajax;20060830 01:11:12;/accounts/admin/admin_user.php;validate:email:shardin.umich@gmail.com
ajax;20060830 01:11:12;/accounts/admin/admin_user.php;validate:uniqueuserp:shardin.umich@gmail.com
ajax;20060830 01:11:12;/accounts/admin/admin_user.php;validate:required:Developer/Programmer
ajax;20060830 01:11:12;/accounts/admin/admin_user.php;validate:required:Sakai Foundation
ajax;20060830 01:11:12;/accounts/admin/admin_user.php;validate::555 Main
ajax;20060830 01:11:12;/accounts/admin/admin_user.php;validate:namespaces:Ann Arbor
ajax;20060830 01:11:12;/accounts/admin/admin_user.php;validate:namespaces:MI
ajax;20060830 01:11:12;/accounts/admin/admin_user.php;validate:zipcode:33333
ajax;20060830 01:11:12;/accounts/admin/admin_user.php;validate:namespaces:US
ajax;20060830 01:11:12;/accounts/admin/admin_user.php;validate:phone:444-444-4444
ajax;20060830 01:11:13;/accounts/ajax/validate.php;validate:uniqueuserp:shardin.umich@gmail.com
ajax;20060830 01:11:13;/accounts/ajax/validate.php;return=ok|username|
ajax;20060830 01:11:14;/accounts/ajax/validate.php;validate:namespaces:Ann Arbor
ajax;20060830 01:11:14;/accounts/ajax/validate.php;return=ok|city|
ajax;20060830 01:11:14;/accounts/ajax/validate.php;validate:email:shardin.umich@gmail.com
ajax;20060830 01:11:14;/accounts/ajax/validate.php;validate:uniqueuserp:shardin.umich@gmail.com
ajax;20060830 01:11:14;/accounts/ajax/validate.php;validate:namespaces:MI
ajax;20060830 01:11:14;/accounts/ajax/validate.php;return=ok|state|
ajax;20060830 01:11:14;/accounts/ajax/validate.php;return=ok|email|
ajax;20060830 01:11:14;/accounts/ajax/validate.php;validate:zipcode:33333
ajax;20060830 01:11:14;/accounts/ajax/validate.php;return=ok|zipcode|
ajax;20060830 01:11:14;/accounts/ajax/validate.php;validate:namespaces:US
ajax;20060830 01:11:14;/accounts/ajax/validate.php;return=ok|country|
ajax;20060830 01:11:14;/accounts/ajax/validate.php;validate:phone:444-444-4444
ajax;20060830 01:11:14;/accounts/ajax/validate.php;return=ok|phone|
shardin.umich@gmail.com;20060830 01:11:21;/accounts/login.php;user logged in (internal):210.82.92.41:https://sakaiproject.org/accounts/login.php
shardin;20060830 01:12:19;/accounts/login.php;user logged in (internal):210.82.92.41:https://sakaiproject.org/accounts/login.php
ajax;20060830 01:12:43;/accounts/ajax/validate.php;validate:uniqueuserp:abcassidy
ajax;20060830 01:12:43;/accounts/ajax/validate.php;return=ok|username|
ajax;20060830 01:12:44;/accounts/ajax/validate.php;validate:namespaces:Bedford
ajax;20060830 01:12:44;/accounts/ajax/validate.php;return=ok|city|
ajax;20060830 01:12:44;/accounts/ajax/validate.php;validate:email:abrigidcassidy@earthlink.net
ajax;20060830 01:12:44;/accounts/ajax/validate.php;validate:uniqueuserp:abrigidcassidy@earthlink.net
ajax;20060830 01:12:44;/accounts/ajax/validate.php;return=ok|email|
ajax;20060830 01:12:44;/accounts/ajax/validate.php;validate:namespaces:MA
ajax;20060830 01:12:44;/accounts/ajax/validate.php;return=ok|state|
ajax;20060830 01:12:44;/accounts/ajax/validate.php;validate:zipcode:01730-1342
ajax;20060830 01:12:44;/accounts/ajax/validate.php;return=ok|zipcode|
ajax;20060830 01:12:44;/accounts/ajax/validate.php;validate:namespaces:US
ajax;20060830 01:12:44;/accounts/ajax/validate.php;return=ok|country|
ajax;20060830 01:12:45;/accounts/ajax/validate.php;validate:phone:781-275-4070
ajax;20060830 01:12:45;/accounts/ajax/validate.php;return=ok|phone|
ajax;20060830 01:15:09;/accounts/ajax/validate.php;validate:namespaces:MI
ajax;20060830 01:15:09;/accounts/ajax/validate.php;return=ok|state|
ajax;20060830 01:15:09;/accounts/ajax/validate.php;validate:namespaces:US
ajax;20060830 01:15:09;/accounts/ajax/validate.php;return=ok|country|
ajax;20060830 01:15:10;/accounts/ajax/validate.php;validate:zipcode:48109
ajax;20060830 01:15:10;/accounts/ajax/validate.php;return=ok|zipcode|
ajax;20060830 01:15:10;/accounts/ajax/validate.php;validate:phone:734-904-0437
ajax;20060830 01:15:10;/accounts/ajax/validate.php;return=ok|phone|
ajax;20060830 01:16:56;/accounts/ajax/validate.php;validate:email:shardin@umich.edu
ajax;20060830 01:16:56;/accounts/ajax/validate.php;validate:uniquesql:shardin@umich.edu
ajax;20060830 01:16:56;/accounts/ajax/validate.php;return=ok|email|
ajax;20060830 01:16:56;/accounts/ajax/validate.php;validate:namespaces:MI
ajax;20060830 01:16:56;/accounts/ajax/validate.php;return=ok|state|
ajax;20060830 01:16:56;/accounts/ajax/validate.php;validate:zipcode:48109
ajax;20060830 01:16:56;/accounts/ajax/validate.php;return=ok|zipcode|
ajax;20060830 01:16:56;/accounts/ajax/validate.php;validate:namespaces:Ann Arbor
ajax;20060830 01:16:56;/accounts/ajax/validate.php;return=ok|city|
ajax;20060830 01:16:57;/accounts/ajax/validate.php;validate:namespaces:US
ajax;20060830 01:16:57;/accounts/ajax/validate.php;return=ok|country|
ajax;20060830 01:16:57;/accounts/ajax/validate.php;validate:phone:734-904-0437
ajax;20060830 01:16:57;/accounts/ajax/validate.php;return=ok|phone|
ajax;20060830 01:17:12;/accounts/ajax/validate.php;validate:uniqueuserp:markjnorton
ajax;20060830 01:17:12;/accounts/ajax/validate.php;return=ok|username|
ajax;20060830 01:17:13;/accounts/ajax/validate.php;validate:namespaces:Bedford
ajax;20060830 01:17:13;/accounts/ajax/validate.php;return=ok|city|
ajax;20060830 01:17:13;/accounts/ajax/validate.php;validate:email:markjnorton@earthlink.net
ajax;20060830 01:17:13;/accounts/ajax/validate.php;validate:uniqueuserp:markjnorton@earthlink.net
ajax;20060830 01:17:13;/accounts/ajax/validate.php;return=ok|email|
ajax;20060830 01:17:13;/accounts/ajax/validate.php;validate:namespaces:MA
ajax;20060830 01:17:13;/accounts/ajax/validate.php;return=ok|state|
ajax;20060830 01:17:13;/accounts/ajax/validate.php;validate:zipcode:01730
ajax;20060830 01:17:13;/accounts/ajax/validate.php;return=ok|zipcode|
ajax;20060830 01:17:13;/accounts/ajax/validate.php;validate:namespaces:US
ajax;20060830 01:17:13;/accounts/ajax/validate.php;return=ok|country|
ajax;20060830 01:17:14;/accounts/ajax/validate.php;validate:phone:781-275-7591
ajax;20060830 01:17:14;/accounts/ajax/validate.php;return=ok|phone|
ajax;20060830 01:17:41;/accounts/ajax/validate.php;validate:uniqueuserp:abcassidy
ajax;20060830 01:17:42;/accounts/ajax/validate.php;validate:email:abrigidcassidy@earthlink.net
ajax;20060830 01:17:43;/accounts/ajax/validate.php;validate:uniqueuserp:abrigidcassidy@earthlink.net
ajax;20060830 01:17:43;/accounts/ajax/validate.php;return=ok|username|
ajax;20060830 01:17:43;/accounts/ajax/validate.php;return=ok|email|
ajax;20060830 01:17:43;/accounts/ajax/validate.php;validate:namespaces:Bedford
ajax;20060830 01:17:43;/accounts/ajax/validate.php;return=ok|city|
ajax;20060830 01:17:43;/accounts/ajax/validate.php;validate:namespaces:MA
ajax;20060830 01:17:43;/accounts/ajax/validate.php;return=ok|state|
ajax;20060830 01:17:43;/accounts/ajax/validate.php;validate:zipcode:01730-1342
ajax;20060830 01:17:43;/accounts/ajax/validate.php;return=ok|zipcode|
ajax;20060830 01:17:43;/accounts/ajax/validate.php;validate:namespaces:US
ajax;20060830 01:17:43;/accounts/ajax/validate.php;return=ok|country|
ajax;20060830 01:17:44;/accounts/ajax/validate.php;validate:phone:781-275-4070
ajax;20060830 01:17:44;/accounts/ajax/validate.php;return=ok|phone|
ajax;20060830 01:18:06;/accounts/ajax/validate.php;validate:uniqueuserp:markjnorton
ajax;20060830 01:18:06;/accounts/ajax/validate.php;return=ok|username|
ajax;20060830 01:18:06;/accounts/ajax/validate.php;validate:namespaces:Bedford
ajax;20060830 01:18:06;/accounts/ajax/validate.php;return=ok|city|
ajax;20060830 01:18:06;/accounts/ajax/validate.php;validate:email:markjnorton@earthlink.net
ajax;20060830 01:18:06;/accounts/ajax/validate.php;validate:uniqueuserp:markjnorton@earthlink.net
ajax;20060830 01:18:07;/accounts/ajax/validate.php;return=ok|email|
ajax;20060830 01:18:07;/accounts/ajax/validate.php;validate:namespaces:MA
ajax;20060830 01:18:07;/accounts/ajax/validate.php;return=ok|state|
ajax;20060830 01:18:07;/accounts/ajax/validate.php;validate:zipcode:01730
ajax;20060830 01:18:07;/accounts/ajax/validate.php;return=ok|zipcode|
ajax;20060830 01:18:07;/accounts/ajax/validate.php;validate:namespaces:US
ajax;20060830 01:18:07;/accounts/ajax/validate.php;return=ok|country|
ajax;20060830 01:18:07;/accounts/ajax/validate.php;validate:phone:781-275-7591
ajax;20060830 01:18:07;/accounts/ajax/validate.php;return=ok|phone|
ajax;20060830 01:18:33;/accounts/ajax/validate.php;validate:uniqueuserp:abcassidy
ajax;20060830 01:18:33;/accounts/ajax/validate.php;return=ok|username|
ajax;20060830 01:18:33;/accounts/ajax/validate.php;validate:namespaces:Bedford
ajax;20060830 01:18:33;/accounts/ajax/validate.php;return=ok|city|
ajax;20060830 01:18:34;/accounts/ajax/validate.php;validate:email:abrigidcassidy@earthlink.net
ajax;20060830 01:18:34;/accounts/ajax/validate.php;validate:uniqueuserp:abrigidcassidy@earthlink.net
ajax;20060830 01:18:34;/accounts/ajax/validate.php;validate:namespaces:MA
ajax;20060830 01:18:34;/accounts/ajax/validate.php;return=ok|state|
ajax;20060830 01:18:34;/accounts/ajax/validate.php;return=ok|email|
ajax;20060830 01:18:34;/accounts/ajax/validate.php;validate:zipcode:01730-1342
ajax;20060830 01:18:34;/accounts/ajax/validate.php;return=ok|zipcode|
ajax;20060830 01:18:34;/accounts/ajax/validate.php;validate:namespaces:US
ajax;20060830 01:18:34;/accounts/ajax/validate.php;return=ok|country|
ajax;20060830 01:18:34;/accounts/ajax/validate.php;validate:phone:781-275-4070
ajax;20060830 01:18:34;/accounts/ajax/validate.php;return=ok|phone|
ajax;20060830 01:18:46;/accounts/admin/admin_user.php;validate:required:abcassidy
ajax;20060830 01:18:46;/accounts/admin/admin_user.php;validate:nospaces:abcassidy
ajax;20060830 01:18:46;/accounts/admin/admin_user.php;validate:uniqueuserp:abcassidy
ajax;20060830 01:18:46;/accounts/admin/admin_user.php;validate:required:Brigid
ajax;20060830 01:18:46;/accounts/admin/admin_user.php;validate:required:Cassidy
ajax;20060830 01:18:46;/accounts/admin/admin_user.php;validate:required:abrigidcassidy@earthlink.net
ajax;20060830 01:18:46;/accounts/admin/admin_user.php;validate:email:abrigidcassidy@earthlink.net
ajax;20060830 01:18:46;/accounts/admin/admin_user.php;validate:uniqueuserp:abrigidcassidy@earthlink.net
ajax;20060830 01:18:46;/accounts/admin/admin_user.php;validate:required:User Support
ajax;20060830 01:18:46;/accounts/admin/admin_user.php;validate:required:30
ajax;20060830 01:18:46;/accounts/admin/admin_user.php;validate::21 Reeves Rd
ajax;20060830 01:18:46;/accounts/admin/admin_user.php;validate:namespaces:Bedford
ajax;20060830 01:18:46;/accounts/admin/admin_user.php;validate:namespaces:MA
ajax;20060830 01:18:46;/accounts/admin/admin_user.php;validate:zipcode:01730-1342
ajax;20060830 01:18:46;/accounts/admin/admin_user.php;validate:namespaces:US
ajax;20060830 01:18:46;/accounts/admin/admin_user.php;validate:phone:781-275-4070
ajax;20060830 01:18:48;/accounts/ajax/validate.php;validate:uniqueuserp:abcassidy
ajax;20060830 01:18:48;/accounts/ajax/validate.php;return=ok|username|
ajax;20060830 01:18:49;/accounts/ajax/validate.php;validate:namespaces:Bedford
ajax;20060830 01:18:49;/accounts/ajax/validate.php;return=ok|city|
ajax;20060830 01:18:49;/accounts/ajax/validate.php;validate:email:abrigidcassidy@earthlink.net
ajax;20060830 01:18:49;/accounts/ajax/validate.php;validate:uniqueuserp:abrigidcassidy@earthlink.net
ajax;20060830 01:18:49;/accounts/ajax/validate.php;return=ok|email|
ajax;20060830 01:18:49;/accounts/ajax/validate.php;validate:namespaces:MA
ajax;20060830 01:18:49;/accounts/ajax/validate.php;return=ok|state|
ajax;20060830 01:18:49;/accounts/ajax/validate.php;validate:zipcode:01730-1342
ajax;20060830 01:18:49;/accounts/ajax/validate.php;return=ok|zipcode|
ajax;20060830 01:18:49;/accounts/ajax/validate.php;validate:namespaces:US
ajax;20060830 01:18:49;/accounts/ajax/validate.php;return=ok|country|
ajax;20060830 01:18:49;/accounts/ajax/validate.php;validate:phone:781-275-4070
ajax;20060830 01:18:49;/accounts/ajax/validate.php;return=ok|phone|
ajax;20060830 01:21:16;/accounts/ajax/validate.php;validate:uniqueuserp:abcassidy
ajax;20060830 01:21:16;/accounts/ajax/validate.php;return=ok|username|
ajax;20060830 01:21:16;/accounts/ajax/validate.php;validate:namespaces:Bedford
ajax;20060830 01:21:16;/accounts/ajax/validate.php;return=ok|city|
ajax;20060830 01:21:16;/accounts/ajax/validate.php;validate:email:abrigidcassidy@earthlink.net
ajax;20060830 01:21:16;/accounts/ajax/validate.php;validate:uniqueuserp:abrigidcassidy@earthlink.net
ajax;20060830 01:21:16;/accounts/ajax/validate.php;return=ok|email|
ajax;20060830 01:21:16;/accounts/ajax/validate.php;validate:namespaces:MA
ajax;20060830 01:21:16;/accounts/ajax/validate.php;return=ok|state|
ajax;20060830 01:21:17;/accounts/ajax/validate.php;validate:zipcode:01730-1342
ajax;20060830 01:21:17;/accounts/ajax/validate.php;return=ok|zipcode|
ajax;20060830 01:21:17;/accounts/ajax/validate.php;validate:namespaces:US
ajax;20060830 01:21:17;/accounts/ajax/validate.php;return=ok|country|
ajax;20060830 01:21:17;/accounts/ajax/validate.php;validate:phone:781-275-4070
ajax;20060830 01:21:17;/accounts/ajax/validate.php;return=ok|phone|
ajax;20060830 01:21:30;/accounts/ajax/validate.php;validate:namespaces:MI
ajax;20060830 01:21:30;/accounts/ajax/validate.php;return=ok|state|
ajax;20060830 01:21:30;/accounts/ajax/validate.php;validate:namespaces:US
ajax;20060830 01:21:30;/accounts/ajax/validate.php;return=ok|country|
ajax;20060830 01:21:30;/accounts/ajax/validate.php;validate:zipcode:48109
ajax;20060830 01:21:30;/accounts/ajax/validate.php;return=ok|zipcode|
ajax;20060830 01:21:30;/accounts/ajax/validate.php;validate:phone:734-904-0437
ajax;20060830 01:21:30;/accounts/ajax/validate.php;return=ok|phone|
ajax;20060830 01:21:33;/accounts/ajax/validate.php;validate:namespaces:MI
ajax;20060830 01:21:33;/accounts/ajax/validate.php;return=ok|state|
ajax;20060830 01:21:33;/accounts/ajax/validate.php;validate:namespaces:US
ajax;20060830 01:21:33;/accounts/ajax/validate.php;return=ok|country|
ajax;20060830 01:21:33;/accounts/ajax/validate.php;validate:zipcode:48109
ajax;20060830 01:21:33;/accounts/ajax/validate.php;return=ok|zipcode|
ajax;20060830 04:33:56;/accounts/ajax/validate.php;validate:email:shardin@umich.edu
ajax;20060830 04:33:56;/accounts/ajax/validate.php;validate:uniquesql:shardin@umich.edu
ajax;20060830 04:33:56;/accounts/ajax/validate.php;return=ok|email|
ajax;20060830 04:33:56;/accounts/ajax/validate.php;validate:namespaces:MI
ajax;20060830 04:33:56;/accounts/ajax/validate.php;return=ok|state|
ajax;20060830 04:33:56;/accounts/ajax/validate.php;validate:namespaces:Ann Arbor
ajax;20060830 04:33:56;/accounts/ajax/validate.php;return=ok|city|
ajax;20060830 04:33:56;/accounts/ajax/validate.php;validate:zipcode:48109
ajax;20060830 04:33:56;/accounts/ajax/validate.php;return=ok|zipcode|
ajax;20060830 04:33:57;/accounts/ajax/validate.php;validate:namespaces:US
ajax;20060830 04:33:57;/accounts/ajax/validate.php;return=ok|country|
ajax;20060830 04:33:59;/accounts/ajax/validate.php;validate:phone:734-904-0437
ajax;20060830 04:33:59;/accounts/ajax/validate.php;return=ok|phone|
ajax;20060830 04:34:48;/accounts/ajax/validate.php;validate:name:proposals_Dec2006
ajax;20060830 04:34:48;/accounts/ajax/validate.php;validate:uniquesql:proposals_Dec2006
ajax;20060830 04:34:48;/accounts/ajax/validate.php;return=ok|perm_name|
ajax;20060830 04:35:02;/accounts/admin/admin_perm.php;validate:required:proposals_Dec2006
ajax;20060830 04:35:02;/accounts/admin/admin_perm.php;validate:name:proposals_Dec2006
ajax;20060830 04:35:02;/accounts/admin/admin_perm.php;validate:uniquesql:proposals_Dec2006
ajax;20060830 04:35:02;/accounts/admin/admin_perm.php;validate:required:for proposal viewing and voting for the Atlanta Conference
ajax;20060830 04:36:22;/accounts/admin/admin_perm.php;validate:required:proposals_Dec2006
ajax;20060830 04:36:22;/accounts/admin/admin_perm.php;validate:name:proposals_Dec2006
ajax;20060830 04:36:22;/accounts/admin/admin_perm.php;validate:uniquesql:proposals_Dec2006
ajax;20060830 04:36:22;/accounts/admin/admin_perm.php;validate:required:Dec2006 conference program committe - for proposal review and voting 
ajax;20060830 04:37:21;/accounts/ajax/validate.php;validate:name:registration_Dec2006
ajax;20060830 04:37:21;/accounts/ajax/validate.php;validate:uniquesql:registration_Dec2006
ajax;20060830 04:37:21;/accounts/ajax/validate.php;return=ok|perm_name|
ajax;20060830 04:37:36;/accounts/admin/admin_perm.php;validate:required:registration_Dec2006
ajax;20060830 04:37:36;/accounts/admin/admin_perm.php;validate:name:registration_Dec2006
ajax;20060830 04:37:36;/accounts/admin/admin_perm.php;validate:uniquesql:registration_Dec2006
ajax;20060830 04:37:36;/accounts/admin/admin_perm.php;validate:required:Dec2006 conference registration managment group control 
ajax;20060830 04:55:34;/accounts/ajax/validate.php;validate:uniqueuserp:angell
ajax;20060830 04:55:34;/accounts/ajax/validate.php;return=ok|username|
ajax;20060830 04:55:34;/accounts/ajax/validate.php;validate:namespaces:Portland
ajax;20060830 04:55:34;/accounts/ajax/validate.php;return=ok|city|
ajax;20060830 04:55:35;/accounts/ajax/validate.php;validate:email:angell@pdx.edu
ajax;20060830 04:55:35;/accounts/ajax/validate.php;validate:uniqueuserp:angell@pdx.edu
ajax;20060830 04:55:35;/accounts/ajax/validate.php;return=ok|email|
ajax;20060830 04:55:35;/accounts/ajax/validate.php;validate:namespaces:OR
ajax;20060830 04:55:35;/accounts/ajax/validate.php;return=ok|state|
ajax;20060830 04:55:35;/accounts/ajax/validate.php;validate:zipcode:97201
ajax;20060830 04:55:35;/accounts/ajax/validate.php;return=ok|zipcode|
ajax;20060830 04:55:35;/accounts/ajax/validate.php;validate:namespaces:US
ajax;20060830 04:55:35;/accounts/ajax/validate.php;return=ok|country|
ajax;20060830 04:55:35;/accounts/ajax/validate.php;validate:phone:503-725-8745
ajax;20060830 04:55:35;/accounts/ajax/validate.php;return=ok|phone|
ajax;20060830 04:56:31;/accounts/ajax/validate.php;validate:uniqueuserp:brierley@stanford.edu
ajax;20060830 04:56:32;/accounts/ajax/validate.php;return=ok|username|
ajax;20060830 04:56:32;/accounts/ajax/validate.php;validate:namespaces:Stanford
ajax;20060830 04:56:32;/accounts/ajax/validate.php;return=ok|city|
ajax;20060830 04:56:32;/accounts/ajax/validate.php;validate:email:brierley@stanford.edu
ajax;20060830 04:56:32;/accounts/ajax/validate.php;validate:uniqueuserp:brierley@stanford.edu
ajax;20060830 04:56:32;/accounts/ajax/validate.php;return=ok|email|
ajax;20060830 04:56:32;/accounts/ajax/validate.php;validate:namespaces:CA
ajax;20060830 04:56:32;/accounts/ajax/validate.php;return=ok|state|
ajax;20060830 04:56:32;/accounts/ajax/validate.php;validate:zipcode:94305-3101
ajax;20060830 04:56:32;/accounts/ajax/validate.php;return=ok|zipcode|
ajax;20060830 04:56:33;/accounts/ajax/validate.php;validate:namespaces:US
ajax;20060830 04:56:33;/accounts/ajax/validate.php;return=ok|country|
ajax;20060830 04:56:33;/accounts/ajax/validate.php;validate:phone:650-725-6883
ajax;20060830 04:56:33;/accounts/ajax/validate.php;return=ok|phone|
ajax;20060830 04:57:00;/accounts/ajax/validate.php;validate:uniqueuserp:jutta.treviranus@utoronto.ca
ajax;20060830 04:57:00;/accounts/ajax/validate.php;return=ok|username|
ajax;20060830 04:57:00;/accounts/ajax/validate.php;validate:namespaces:Toronto
ajax;20060830 04:57:00;/accounts/ajax/validate.php;return=ok|city|
ajax;20060830 04:57:01;/accounts/ajax/validate.php;validate:email:jutta.treviranus@utoronto.ca
ajax;20060830 04:57:01;/accounts/ajax/validate.php;validate:uniqueuserp:jutta.treviranus@utoronto.ca
ajax;20060830 04:57:01;/accounts/ajax/validate.php;return=ok|email|
ajax;20060830 04:57:01;/accounts/ajax/validate.php;validate:namespaces:ON
ajax;20060830 04:57:01;/accounts/ajax/validate.php;return=ok|state|
ajax;20060830 04:57:01;/accounts/ajax/validate.php;validate:zipcode:M5S 1A1
ajax;20060830 04:57:01;/accounts/ajax/validate.php;return=ok|zipcode|
ajax;20060830 04:57:01;/accounts/ajax/validate.php;validate:namespaces:CA
ajax;20060830 04:57:01;/accounts/ajax/validate.php;return=ok|country|
ajax;20060830 04:57:01;/accounts/ajax/validate.php;validate:phone:416-978-5240
ajax;20060830 04:57:01;/accounts/ajax/validate.php;return=ok|phone|
ajax;20060830 04:57:30;/accounts/ajax/validate.php;validate:uniqueuserp:amorrone
ajax;20060830 04:57:30;/accounts/ajax/validate.php;return=ok|username|
ajax;20060830 04:57:30;/accounts/ajax/validate.php;validate:namespaces:Indianapolis
ajax;20060830 04:57:30;/accounts/ajax/validate.php;return=ok|city|
ajax;20060830 04:57:30;/accounts/ajax/validate.php;validate:namespaces:IN
ajax;20060830 04:57:30;/accounts/ajax/validate.php;return=ok|state|
ajax;20060830 04:57:31;/accounts/ajax/validate.php;validate:zipcode:46202
ajax;20060830 04:57:31;/accounts/ajax/validate.php;return=ok|zipcode|
ajax;20060830 04:57:31;/accounts/ajax/validate.php;validate:namespaces:US
ajax;20060830 04:57:31;/accounts/ajax/validate.php;return=ok|country|
ajax;20060830 04:57:31;/accounts/ajax/validate.php;validate:phone:317-274-3479
ajax;20060830 04:57:31;/accounts/ajax/validate.php;return=ok|phone|
ajax;20060830 04:57:33;/accounts/ajax/validate.php;validate:email:amorrone@iupui.edu
ajax;20060830 04:57:33;/accounts/ajax/validate.php;validate:uniqueuserp:amorrone@iupui.edu
ajax;20060830 04:57:33;/accounts/ajax/validate.php;return=ok|email|
ajax;20060830 04:57:54;/accounts/ajax/validate.php;validate:uniqueuserp:abcassidy
ajax;20060830 04:57:54;/accounts/ajax/validate.php;return=ok|username|
ajax;20060830 04:57:55;/accounts/ajax/validate.php;validate:namespaces:Bedford
ajax;20060830 04:57:55;/accounts/ajax/validate.php;return=ok|city|
ajax;20060830 04:57:55;/accounts/ajax/validate.php;validate:email:abrigidcassidy@earthlink.net
ajax;20060830 04:57:55;/accounts/ajax/validate.php;validate:uniqueuserp:abrigidcassidy@earthlink.net
ajax;20060830 04:57:55;/accounts/ajax/validate.php;return=ok|email|
ajax;20060830 04:57:55;/accounts/ajax/validate.php;validate:namespaces:MA
ajax;20060830 04:57:55;/accounts/ajax/validate.php;return=ok|state|
ajax;20060830 04:57:55;/accounts/ajax/validate.php;validate:zipcode:01730-1342
ajax;20060830 04:57:55;/accounts/ajax/validate.php;return=ok|zipcode|
ajax;20060830 04:57:55;/accounts/ajax/validate.php;validate:namespaces:US
ajax;20060830 04:57:55;/accounts/ajax/validate.php;return=ok|country|
ajax;20060830 04:57:55;/accounts/ajax/validate.php;validate:phone:781-275-4070
ajax;20060830 04:57:55;/accounts/ajax/validate.php;return=ok|phone|
ajax;20060830 04:58:48;/accounts/ajax/validate.php;validate:uniqueuserp:chris.coppola@rsmart.com
ajax;20060830 04:58:48;/accounts/ajax/validate.php;return=ok|username|
ajax;20060830 04:58:48;/accounts/ajax/validate.php;validate:namespaces:Phoenix
ajax;20060830 04:58:48;/accounts/ajax/validate.php;return=ok|city|
ajax;20060830 04:58:48;/accounts/ajax/validate.php;validate:email:chris.coppola@rsmart.com
ajax;20060830 04:58:48;/accounts/ajax/validate.php;validate:uniqueuserp:chris.coppola@rsmart.com
ajax;20060830 04:58:48;/accounts/ajax/validate.php;validate:namespaces:AZ
ajax;20060830 04:58:48;/accounts/ajax/validate.php;return=ok|state|
ajax;20060830 04:58:48;/accounts/ajax/validate.php;return=ok|email|
ajax;20060830 04:58:48;/accounts/ajax/validate.php;validate:zipcode:85018
ajax;20060830 04:58:48;/accounts/ajax/validate.php;return=ok|zipcode|
ajax;20060830 04:58:49;/accounts/ajax/validate.php;validate:namespaces:US
ajax;20060830 04:58:49;/accounts/ajax/validate.php;return=ok|country|
ajax;20060830 04:58:49;/accounts/ajax/validate.php;validate:phone:602-369-8931
ajax;20060830 04:58:49;/accounts/ajax/validate.php;return=ok|phone|
ajax;20060830 04:59:16;/accounts/ajax/validate.php;validate:uniqueuserp:sk16@txstate.edu
ajax;20060830 04:59:16;/accounts/ajax/validate.php;return=ok|username|
ajax;20060830 04:59:17;/accounts/ajax/validate.php;validate:namespaces:San Marcos
ajax;20060830 04:59:17;/accounts/ajax/validate.php;return=ok|city|
ajax;20060830 04:59:17;/accounts/ajax/validate.php;validate:email:sk16@txstate.edu
ajax;20060830 04:59:17;/accounts/ajax/validate.php;validate:uniqueuserp:sk16@txstate.edu
ajax;20060830 04:59:17;/accounts/ajax/validate.php;validate:namespaces:TX
ajax;20060830 04:59:17;/accounts/ajax/validate.php;return=ok|state|
ajax;20060830 04:59:17;/accounts/ajax/validate.php;return=ok|email|
ajax;20060830 04:59:17;/accounts/ajax/validate.php;validate:zipcode:78666
ajax;20060830 04:59:17;/accounts/ajax/validate.php;return=ok|zipcode|
ajax;20060830 04:59:17;/accounts/ajax/validate.php;validate:namespaces:US
ajax;20060830 04:59:17;/accounts/ajax/validate.php;return=ok|country|
ajax;20060830 04:59:19;/accounts/ajax/validate.php;validate:phone:512 245-2319
ajax;20060830 04:59:19;/accounts/ajax/validate.php;return=ok|phone|
shardin;20060830 11:51:08;/accounts/login.php;user logged in (internal):210.82.92.41:https://sakaiproject.org/accounts/login.php?ref=/conference/proposals/index.php&msg=You+must+login+to+register+or+submit+a+proposal+for+the+Sakai+Atlanta+conference.+If+you+do+not+have+an+account%2C+please+create+one.
amorrone;20060830 11:59:43;/accounts/login.php;user logged in (internal):156.56.72.243:https://sakaiproject.org/accounts/login.php?ref=/conference/proposals/index.php&msg=You+must+login+to+register+or+submit+a+proposal+for+the+Sakai+Atlanta+conference.+If+you+do+not+have+an+account%2C+please+create+one.
ajax;20060830 11:59:50;/conference/proposals/index.php;validate:required:presentation
