wytzekoopal;20070305 07:52:13;/accounts/login.php;user logged in (ldap):130.89.36.180:https://sakaiproject.org/accounts/login.php
damckee;20070305 09:08:24;/accounts/login.php;user logged in (ldap):156.56.16.147:https://sakaiproject.org/accounts/login.php
ajax;20070305 09:08:31;/conference/proposals/index.php;validate:required:presentation
ajax;20070305 09:37:43;/conference/proposals/edit_proposal.php;validate:required:Data: Suggestion, Guideleines and Best Practices
ajax;20070305 09:37:43;/conference/proposals/edit_proposal.php;validate:required:Presentation of suggestions, guidelines and best practices in the use of data standards, formats and processes designed to;
 provide a more efficient database
 ease integration with other databases
 ease report writing
 speed up orientation of new developers
 
ajax;20070305 09:37:43;/conference/proposals/edit_proposal.php;validate:required:[this may be applcable to sakai boot camp and/or the conference]
Presentation of suggestions, guidelines and best practices in the use of data standards, formats and processes designed to;
 provide a more efficient database
 ease integration with other databases
 ease report writing
speed up orientation of new developers
ajax;20070305 09:37:44;/conference/proposals/edit_proposal.php;validate:required:Dan M. McKee
ajax;20070305 09:37:44;/conference/proposals/edit_proposal.php;validate:required:Dan has been the principal DBA for Indiana University's Sakai Implementation (Oncourse) since May 2004. His doctorate in applied statistics and research is from the University of Cincinnati and he has extensive corporate experience designing databases.
ajax;20070305 09:37:44;/conference/proposals/edit_proposal.php;validate:required:lecture
ajax;20070305 09:37:44;/conference/proposals/edit_proposal.php;validate:required:class
ajax;20070305 09:37:44;/conference/proposals/edit_proposal.php;validate:required:60
ajax;20070305 09:37:53;/conference/proposals/index.php;validate:required:presentation
mmmay;20070305 09:40:04;/accounts/login.php;user logged in (ldap):149.166.143.128:https://sakaiproject.org/accounts/login.php?ref=/conference/proposals/index.php&msg=You+must+login+to+register+or+submit+a+proposal+for+the+Sakai+Amsterdam+Conference+-+June+2007+conference.+If+you+do+not+have+an+account%2C+please+create+one.
damckee;20070305 12:13:53;/accounts/login.php;user logged in (ldap):156.56.14.72:https://sakaiproject.org/accounts/login.php
ajax;20070305 12:14:30;/conference/proposals/index.php;validate:required:presentation
shardin;20070305 14:12:22;/accounts/login.php;user logged in (ldap):141.213.120.131:https://sakaiproject.org/accounts/login.php?ref=/accounts/index.php
