ajax;20060924 14:57:03;/accounts/ajax/validate.php;validate:email:tarheelkid102
ajax;20060924 14:57:03;/accounts/ajax/validate.php;return=error|username|Invalid email address
ajax;20060924 14:57:19;/accounts/ajax/validate.php;validate:email:tarheelkid102@yahoo.com
ajax;20060924 14:57:19;/accounts/ajax/validate.php;validate:uniqueuserp:tarheelkid102@yahoo.com
ajax;20060924 14:57:19;/accounts/ajax/validate.php;validate:uniqueuserp:tarheelkid102@yahoo.com
ajax;20060924 14:57:19;/accounts/ajax/validate.php;return=ok|username|
ajax;20060924 14:58:45;/accounts/ajax/validate.php;validate:namespaces:charlotte
ajax;20060924 14:58:45;/accounts/ajax/validate.php;return=ok|city|
ajax;20060924 14:58:50;/accounts/ajax/validate.php;validate:namespaces:NC
ajax;20060924 14:58:50;/accounts/ajax/validate.php;return=ok|state|
ajax;20060924 14:58:56;/accounts/ajax/validate.php;validate:zipcode:28277
ajax;20060924 14:58:56;/accounts/ajax/validate.php;return=ok|zipcode|
ajax;20060924 14:58:58;/accounts/ajax/validate.php;validate:namespaces:EG
ajax;20060924 14:58:58;/accounts/ajax/validate.php;return=ok|country|
ajax;20060924 14:59:09;/accounts/ajax/validate.php;validate:phone:7048465814
ajax;20060924 14:59:09;/accounts/ajax/validate.php;return=ok|phone|
ajax;20060924 14:59:28;/accounts/ajax/validate.php;validate:email:tarheelkid102@yahoo.com
ajax;20060924 14:59:28;/accounts/ajax/validate.php;validate:uniqueuserp:tarheelkid102@yahoo.com
ajax;20060924 14:59:28;/accounts/ajax/validate.php;return=ok|email|
ajax;20060924 14:59:58;/accounts/createaccount.php;validate:required:tarheelkid102@yahoo.com
ajax;20060924 14:59:58;/accounts/createaccount.php;validate:email:tarheelkid102@yahoo.com
ajax;20060924 14:59:58;/accounts/createaccount.php;validate:uniqueuserp:tarheelkid102@yahoo.com
ajax;20060924 14:59:58;/accounts/createaccount.php;validate:uniqueuserp:tarheelkid102@yahoo.com
ajax;20060924 14:59:58;/accounts/createaccount.php;validate:required:run4life
ajax;20060924 14:59:58;/accounts/createaccount.php;validate:password:run4life
ajax;20060924 14:59:58;/accounts/createaccount.php;validate:required:run4life
ajax;20060924 14:59:58;/accounts/createaccount.php;validate:password:run4life
ajax;20060924 14:59:58;/accounts/createaccount.php;validate:match:run4life
ajax;20060924 14:59:58;/accounts/createaccount.php;validate:required:scott
ajax;20060924 14:59:58;/accounts/createaccount.php;validate:required:griffith
ajax;20060924 14:59:58;/accounts/createaccount.php;validate:required:tarheelkid102@yahoo.com
ajax;20060924 14:59:58;/accounts/createaccount.php;validate:email:tarheelkid102@yahoo.com
ajax;20060924 14:59:58;/accounts/createaccount.php;validate:uniqueuserp:tarheelkid102@yahoo.com
ajax;20060924 14:59:58;/accounts/createaccount.php;validate:required:Instructional Technologist
ajax;20060924 14:59:58;/accounts/createaccount.php;validate:required:9
ajax;20060924 14:59:58;/accounts/createaccount.php;validate:namespaces:charlotte
ajax;20060924 14:59:58;/accounts/createaccount.php;validate:namespaces:NC
ajax;20060924 14:59:58;/accounts/createaccount.php;validate:zipcode:28277
ajax;20060924 14:59:58;/accounts/createaccount.php;validate:namespaces:EG
ajax;20060924 14:59:58;/accounts/createaccount.php;validate:phone:7048465814
71.28.92.114;20060924 14:59:58;/accounts/createaccount.php;created account: tarheelkid102@yahoo.com (tarheelkid102@yahoo.com) griffith,scott: inst=9
