ajax;20061129 02:42:12;/accounts/ajax/validate.php;validate:email:andrew.howard@anu.edu.au
ajax;20061129 02:42:13;/accounts/ajax/validate.php;validate:uniqueuserp:andrew.howard@anu.edu.au
ajax;20061129 02:42:13;/accounts/ajax/validate.php;validate:uniqueuserp:andrew.howard@anu.edu.au
ajax;20061129 02:42:13;/accounts/ajax/validate.php;return=ok|username|
ajax;20061129 02:42:29;/accounts/ajax/validate.php;validate:email:andrew.howard@anu.edu.au
ajax;20061129 02:42:29;/accounts/ajax/validate.php;validate:uniqueuserp:andrew.howard@anu.edu.au
ajax;20061129 02:42:29;/accounts/ajax/validate.php;return=ok|email|
ajax;20061129 02:43:49;/accounts/ajax/validate.php;validate:namespaces:Canberra
ajax;20061129 02:43:49;/accounts/ajax/validate.php;return=ok|city|
ajax;20061129 02:44:09;/accounts/ajax/validate.php;validate:namespaces:ACT
ajax;20061129 02:44:09;/accounts/ajax/validate.php;return=ok|stateOther|
ajax;20061129 02:44:10;/accounts/ajax/validate.php;validate:zipcode:0200
ajax;20061129 02:44:10;/accounts/ajax/validate.php;return=error|zipcode|Invalid US zip, must be 5 or 9 digits
ajax;20061129 02:44:17;/accounts/ajax/validate.php;validate:zipcode:00200
ajax;20061129 02:44:17;/accounts/ajax/validate.php;return=ok|zipcode|
ajax;20061129 02:44:26;/accounts/ajax/validate.php;validate:namespaces:AU
ajax;20061129 02:44:26;/accounts/ajax/validate.php;return=ok|country|
ajax;20061129 02:45:07;/accounts/ajax/validate.php;validate:phone: 61 2 619 5495
ajax;20061129 02:45:07;/accounts/ajax/validate.php;return=ok|phone|
ajax;20061129 02:46:17;/accounts/ajax/validate.php;validate:phone: 61 2 6125 9495
ajax;20061129 02:46:17;/accounts/ajax/validate.php;return=ok|phone|
ajax;20061129 02:46:23;/accounts/createaccount.php;validate:required:andrew.howard@anu.edu.au
ajax;20061129 02:46:23;/accounts/createaccount.php;validate:email:andrew.howard@anu.edu.au
ajax;20061129 02:46:23;/accounts/createaccount.php;validate:uniqueuserp:andrew.howard@anu.edu.au
ajax;20061129 02:46:23;/accounts/createaccount.php;validate:uniqueuserp:andrew.howard@anu.edu.au
ajax;20061129 02:46:24;/accounts/createaccount.php;validate:required:harley
ajax;20061129 02:46:24;/accounts/createaccount.php;validate:password:harley
ajax;20061129 02:46:24;/accounts/createaccount.php;validate:required:harley
ajax;20061129 02:46:24;/accounts/createaccount.php;validate:password:harley
ajax;20061129 02:46:24;/accounts/createaccount.php;validate:match:harley
ajax;20061129 02:46:24;/accounts/createaccount.php;validate:required:Andrew
ajax;20061129 02:46:24;/accounts/createaccount.php;validate:required:Howard
ajax;20061129 02:46:24;/accounts/createaccount.php;validate:required:andrew.howard@anu.edu.au
ajax;20061129 02:46:24;/accounts/createaccount.php;validate:email:andrew.howard@anu.edu.au
ajax;20061129 02:46:24;/accounts/createaccount.php;validate:uniqueuserp:andrew.howard@anu.edu.au
ajax;20061129 02:46:24;/accounts/createaccount.php;validate:required:Developer/Programmer
ajax;20061129 02:46:24;/accounts/createaccount.php;validate::Implementor
ajax;20061129 02:46:24;/accounts/createaccount.php;validate:required:4
ajax;20061129 02:46:24;/accounts/createaccount.php;validate::Division of Information
Networks and Communications
Level 2, Leonard Huxley Bld. 
ajax;20061129 02:46:24;/accounts/createaccount.php;validate:namespaces:Canberra
ajax;20061129 02:46:24;/accounts/createaccount.php;validate:namespaces:ACT
ajax;20061129 02:46:24;/accounts/createaccount.php;validate:zipcode:00200
ajax;20061129 02:46:24;/accounts/createaccount.php;validate:namespaces:AU
ajax;20061129 02:46:24;/accounts/createaccount.php;validate:phone:+61 2 6125 9495
andrew.howard@anu.edu.au;20061129 02:46:24;/accounts/createaccount.php;user added (ldap): Andrew Howard (andrew.howard@anu.edu.au) [1041]
59.167.251.17;20061129 02:46:24;/accounts/createaccount.php;created account: andrew.howard@anu.edu.au (andrew.howard@anu.edu.au) Howard,Andrew: inst=4
andrew.howard@anu.edu.au;20061129 02:48:46;/accounts/activate.php;user modified (ldap): Andrew Howard (andrew.howard@anu.edu.au) [1041]
andrew.howard@anu.edu.au;20061129 02:49:08;/accounts/login.php;user logged in (ldap):59.167.251.17:https://sakaiproject.org/accounts/login.php
ajax;20061129 02:49:20;/accounts/ajax/validate.php;validate:namespaces:ACT
ajax;20061129 02:49:20;/accounts/ajax/validate.php;return=ok|state|
ajax;20061129 02:49:20;/accounts/ajax/validate.php;validate:zipcode:00200
ajax;20061129 02:49:20;/accounts/ajax/validate.php;return=ok|zipcode|
ajax;20061129 02:49:20;/accounts/ajax/validate.php;validate:namespaces:AU
ajax;20061129 02:49:20;/accounts/ajax/validate.php;return=ok|country|
ajax;20061129 02:49:20;/accounts/ajax/validate.php;validate:phone: 61 2 6125 9495
ajax;20061129 02:49:20;/accounts/ajax/validate.php;return=ok|phone|
ajax;20061129 02:52:20;/conference/registration/index.php;validate:required:Developer/Programmer
ajax;20061129 02:52:20;/conference/registration/index.php;validate::Implementor
ajax;20061129 02:52:20;/conference/registration/index.php;validate:required:Canberra
ajax;20061129 02:52:20;/conference/registration/index.php;validate:required:ACT
ajax;20061129 02:52:20;/conference/registration/index.php;validate:namespaces:ACT
ajax;20061129 02:52:20;/conference/registration/index.php;validate:zipcode:00200
ajax;20061129 02:52:20;/conference/registration/index.php;validate:required:AU
ajax;20061129 02:52:20;/conference/registration/index.php;validate:namespaces:AU
ajax;20061129 02:52:20;/conference/registration/index.php;validate:required:+61 2 6125 9495
ajax;20061129 02:52:20;/conference/registration/index.php;validate:phone:+61 2 6125 9495
ajax;20061129 02:52:20;/conference/registration/index.php;validate:required:Y
ajax;20061129 02:52:20;/conference/registration/index.php;validate:required:N
ajax;20061129 02:52:20;/conference/registration/index.php;validate:required:Medium
ajax;20061129 02:52:20;/conference/registration/index.php;validate:required:TUE
ajax;20061129 02:52:20;/conference/registration/index.php;validate:required:WED
ajax;20061129 02:52:20;/conference/registration/index.php;validate:required:THU
ajax;20061129 02:52:20;/conference/registration/index.php;validate:required:FRI
andrew.howard@anu.edu.au;20061129 02:52:21;/conference/registration/index.php;user modified (ldap): Andrew Howard (andrew.howard@anu.edu.au) [1041]
ajax;20061129 04:58:57;/accounts/ajax/validate.php;validate:email:arpitjain.iec
ajax;20061129 04:58:57;/accounts/ajax/validate.php;return=error|username|Invalid email address
ajax;20061129 04:58:58;/accounts/ajax/validate.php;validate:email:arpit
ajax;20061129 04:58:58;/accounts/ajax/validate.php;return=error|email|Invalid email address
ajax;20061129 04:58:58;/accounts/ajax/validate.php;validate:email:arpitjain.iecjain
ajax;20061129 04:58:58;/accounts/ajax/validate.php;return=error|username|Invalid email address
ajax;20061129 04:59:06;/accounts/ajax/validate.php;validate:email:arpitjain.iec
ajax;20061129 04:59:06;/accounts/ajax/validate.php;return=error|username|Invalid email address
ajax;20061129 04:59:15;/accounts/ajax/validate.php;validate:email:arpitjain.iec@gmail.com
ajax;20061129 04:59:15;/accounts/ajax/validate.php;validate:uniqueuserp:arpitjain.iec@gmail.com
ajax;20061129 04:59:15;/accounts/ajax/validate.php;validate:uniqueuserp:arpitjain.iec@gmail.com
ajax;20061129 04:59:15;/accounts/ajax/validate.php;return=ok|username|
ajax;20061129 04:59:25;/accounts/ajax/validate.php;validate:email:arpitjain.iec@gmail.com
ajax;20061129 04:59:25;/accounts/ajax/validate.php;validate:uniqueuserp:arpitjain.iec@gmail.com
ajax;20061129 04:59:25;/accounts/ajax/validate.php;return=ok|email|
ajax;20061129 05:00:32;/accounts/ajax/validate.php;validate:namespaces:noida
ajax;20061129 05:00:32;/accounts/ajax/validate.php;return=ok|city|
ajax;20061129 05:00:35;/accounts/ajax/validate.php;validate:namespaces:OH
ajax;20061129 05:00:35;/accounts/ajax/validate.php;return=ok|state|
ajax;20061129 05:00:43;/accounts/ajax/validate.php;validate:zipcode:201301
ajax;20061129 05:00:43;/accounts/ajax/validate.php;return=error|zipcode|Invalid US zip, must be 5 or 9 digits
ajax;20061129 05:00:55;/accounts/ajax/validate.php;validate:namespaces:IN
ajax;20061129 05:00:55;/accounts/ajax/validate.php;return=ok|country|
ajax;20061129 05:01:19;/accounts/ajax/validate.php;validate:zipcode:20130
ajax;20061129 05:01:19;/accounts/ajax/validate.php;return=ok|zipcode|
ajax;20061129 05:01:28;/accounts/createaccount.php;validate:required:arpitjain.iec@gmail.com
ajax;20061129 05:01:28;/accounts/createaccount.php;validate:email:arpitjain.iec@gmail.com
ajax;20061129 05:01:28;/accounts/createaccount.php;validate:uniqueuserp:arpitjain.iec@gmail.com
ajax;20061129 05:01:28;/accounts/createaccount.php;validate:uniqueuserp:arpitjain.iec@gmail.com
ajax;20061129 05:01:28;/accounts/createaccount.php;validate:required:rapchick
ajax;20061129 05:01:28;/accounts/createaccount.php;validate:password:rapchick
ajax;20061129 05:01:28;/accounts/createaccount.php;validate:required:rapchick
ajax;20061129 05:01:28;/accounts/createaccount.php;validate:password:rapchick
ajax;20061129 05:01:28;/accounts/createaccount.php;validate:match:rapchick
ajax;20061129 05:01:28;/accounts/createaccount.php;validate:required:Arpit
ajax;20061129 05:01:28;/accounts/createaccount.php;validate:required:Jain
ajax;20061129 05:01:28;/accounts/createaccount.php;validate:required:arpitjain.iec@gmail.com
ajax;20061129 05:01:28;/accounts/createaccount.php;validate:email:arpitjain.iec@gmail.com
ajax;20061129 05:01:28;/accounts/createaccount.php;validate:uniqueuserp:arpitjain.iec@gmail.com
ajax;20061129 05:01:29;/accounts/createaccount.php;validate:required:Developer/Programmer
ajax;20061129 05:01:29;/accounts/createaccount.php;validate:required:IEC College og engg and tech
ajax;20061129 05:01:29;/accounts/createaccount.php;validate::noida
ajax;20061129 05:01:29;/accounts/createaccount.php;validate:namespaces:noida
ajax;20061129 05:01:29;/accounts/createaccount.php;validate:zipcode:20130
ajax;20061129 05:01:29;/accounts/createaccount.php;validate:namespaces:IN
ajax;20061129 05:01:29;/accounts/createaccount.php;validate:phone:9891589414
arpitjain.iec@gmail.com;20061129 05:01:29;/accounts/createaccount.php;user added (ldap): Arpit Jain (arpitjain.iec@gmail.com) [1042]
220.227.149.194;20061129 05:01:29;/accounts/createaccount.php;created account: arpitjain.iec@gmail.com (arpitjain.iec@gmail.com) Jain,Arpit: inst=1
jmingsun@unisa.ac.za;20061129 05:45:04;/accounts/login.php;user logged in (internal):163.200.81.4:https://sakaiproject.org/accounts/login.php?ref=/conference/proposals/index.php&msg=You+must+login+to+register+or+submit+a+proposal+for+the+Sakai+Atlanta+conference.+If+you+do+not+have+an+account%2C+please+create+one.
jmingsun@unisa.ac.za;20061129 05:45:05;/accounts/login.php;user added (ldap): Jason Ming Sun (jmingsun@unisa.ac.za) [766]
ajax;20061129 05:45:32;/conference/proposals/index.php;validate:required:poster
ajax;20061129 05:54:37;/conference/proposals/edit_proposal.php;validate:required:myUnisa : Powered By Sakai
ajax;20061129 05:54:37;/conference/proposals/edit_proposal.php;validate:required:myUnisa's set of tools include both Sakai and Unisa-specific tools. Here, we showcase some of the most used tools and describe how they are implemented.
ajax;20061129 05:54:37;/conference/proposals/edit_proposal.php;validate:required:1
ajax;20061129 05:54:37;/conference/proposals/edit_proposal.php;validate:required:Jason Ming Sun
ajax;20061129 05:54:37;/conference/proposals/edit_proposal.php;validate:required:poster
ajax;20061129 06:11:16;/accounts/ajax/validate.php;validate:email:karen.visser@anu.edu.au
ajax;20061129 06:11:16;/accounts/ajax/validate.php;validate:uniqueuserp:karen.visser@anu.edu.au
ajax;20061129 06:11:16;/accounts/ajax/validate.php;validate:uniqueuserp:karen.visser@anu.edu.au
ajax;20061129 06:11:16;/accounts/ajax/validate.php;return=ok|username|
ajax;20061129 06:11:36;/accounts/ajax/validate.php;validate:email:karen.visser@anu.edu.au
ajax;20061129 06:11:36;/accounts/ajax/validate.php;validate:uniqueuserp:karen.visser@anu.edu.au
ajax;20061129 06:11:36;/accounts/ajax/validate.php;return=ok|email|
ajax;20061129 06:12:18;/accounts/ajax/validate.php;validate:namespaces:AU
ajax;20061129 06:12:18;/accounts/ajax/validate.php;return=ok|country|
ajax;20061129 06:12:25;/accounts/ajax/validate.php;validate:zipcode:2617
ajax;20061129 06:12:25;/accounts/ajax/validate.php;return=error|zipcode|Invalid US zip, must be 5 or 9 digits
ajax;20061129 06:13:14;/accounts/createaccount.php;validate:required:karen.visser@anu.edu.au
ajax;20061129 06:13:14;/accounts/createaccount.php;validate:email:karen.visser@anu.edu.au
ajax;20061129 06:13:14;/accounts/createaccount.php;validate:uniqueuserp:karen.visser@anu.edu.au
ajax;20061129 06:13:14;/accounts/createaccount.php;validate:uniqueuserp:karen.visser@anu.edu.au
ajax;20061129 06:13:15;/accounts/createaccount.php;validate:required:polly1
ajax;20061129 06:13:15;/accounts/createaccount.php;validate:password:polly1
ajax;20061129 06:13:15;/accounts/createaccount.php;validate:required:polly1
ajax;20061129 06:13:15;/accounts/createaccount.php;validate:password:polly1
ajax;20061129 06:13:15;/accounts/createaccount.php;validate:match:polly1
ajax;20061129 06:13:15;/accounts/createaccount.php;validate:required:Karen
ajax;20061129 06:13:15;/accounts/createaccount.php;validate:required:Visser
ajax;20061129 06:13:15;/accounts/createaccount.php;validate:required:karen.visser@anu.edu.au
ajax;20061129 06:13:15;/accounts/createaccount.php;validate:email:karen.visser@anu.edu.au
ajax;20061129 06:13:15;/accounts/createaccount.php;validate:uniqueuserp:karen.visser@anu.edu.au
ajax;20061129 06:13:15;/accounts/createaccount.php;validate:required:User Support
ajax;20061129 06:13:15;/accounts/createaccount.php;validate::Librarian
ajax;20061129 06:13:15;/accounts/createaccount.php;validate:required:4
ajax;20061129 06:13:15;/accounts/createaccount.php;validate::RG Menzies Building @2
Fellow Rd
Acton  ACT 0200
Australia
ajax;20061129 06:13:15;/accounts/createaccount.php;validate:namespaces:AU
karen.visser@anu.edu.au;20061129 06:13:15;/accounts/createaccount.php;user added (ldap): Karen Visser (karen.visser@anu.edu.au) [1043]
203.173.2.98;20061129 06:13:15;/accounts/createaccount.php;created account: karen.visser@anu.edu.au (karen.visser@anu.edu.au) Visser,Karen: inst=4
karen.visser@anu.edu.au;20061129 06:14:04;/accounts/activate.php;user modified (ldap): Karen Visser (karen.visser@anu.edu.au) [1043]
karen.visser@anu.edu.au;20061129 06:14:41;/accounts/login.php;user logged in (ldap):203.173.2.98:https://sakaiproject.org/accounts/login.php
ajax;20061129 06:14:54;/accounts/ajax/validate.php;validate:namespaces:AU
ajax;20061129 06:14:54;/accounts/ajax/validate.php;return=ok|country|
ajax;20061129 06:15:45;/accounts/ajax/validate.php;validate:phone:0011 1 2 6125 8279
ajax;20061129 06:15:45;/accounts/ajax/validate.php;return=ok|phone|
ajax;20061129 06:16:52;/accounts/ajax/validate.php;validate:namespaces:ACT
ajax;20061129 06:16:52;/accounts/ajax/validate.php;return=ok|stateOther|
ajax;20061129 06:16:56;/conference/registration/index.php;validate:required:User Support
ajax;20061129 06:16:56;/conference/registration/index.php;validate::Librarian
ajax;20061129 06:16:56;/conference/registration/index.php;validate:required:Canberra
ajax;20061129 06:16:56;/conference/registration/index.php;validate:required:ACT
ajax;20061129 06:16:56;/conference/registration/index.php;validate:namespaces:ACT
ajax;20061129 06:16:56;/conference/registration/index.php;validate:required:AU
ajax;20061129 06:16:56;/conference/registration/index.php;validate:namespaces:AU
ajax;20061129 06:16:56;/conference/registration/index.php;validate:required:0011 1 2 6125 8279
ajax;20061129 06:16:56;/conference/registration/index.php;validate:phone:0011 1 2 6125 8279
ajax;20061129 06:16:56;/conference/registration/index.php;validate:required:Y
ajax;20061129 06:16:56;/conference/registration/index.php;validate:required:N
ajax;20061129 06:16:56;/conference/registration/index.php;validate:required:Medium
ajax;20061129 06:16:56;/conference/registration/index.php;validate:required:TUE
ajax;20061129 06:16:56;/conference/registration/index.php;validate:required:WED
ajax;20061129 06:16:56;/conference/registration/index.php;validate:required:THU
ajax;20061129 06:16:56;/conference/registration/index.php;validate:required: 
karen.visser@anu.edu.au;20061129 06:16:56;/conference/registration/index.php;user modified (ldap): Karen Visser (karen.visser@anu.edu.au) [1043]
anthony.atkins@vt.edu;20061129 06:52:08;/accounts/login.php;user logged in (ldap):128.173.38.145:https://sakaiproject.org/accounts/login.php
mmiles@umich.edu;20061129 07:56:54;/accounts/login.php;user logged in (internal):70.106.235.177:https://sakaiproject.org/accounts/login.php?ref=/conference/admin/proposals_results.php
mmiles@umich.edu;20061129 07:56:54;/accounts/login.php;user modified (ldap): Mary Miles (mmiles@umich.edu) [184]
ajax;20061129 08:40:32;/accounts/ajax/validate.php;validate:namespaces:Kennesaw
ajax;20061129 08:40:32;/accounts/ajax/validate.php;return=ok|city|
ajax;20061129 08:40:33;/accounts/ajax/validate.php;validate:namespaces:GA
ajax;20061129 08:40:33;/accounts/ajax/validate.php;return=ok|state|
ajax;20061129 08:40:37;/accounts/ajax/validate.php;validate:zipcode:30144
ajax;20061129 08:40:37;/accounts/ajax/validate.php;return=ok|zipcode|
ajax;20061129 08:40:39;/accounts/ajax/validate.php;validate:namespaces:US
ajax;20061129 08:40:39;/accounts/ajax/validate.php;return=ok|country|
ajax;20061129 08:40:51;/accounts/ajax/validate.php;validate:phone:770-423-6670
ajax;20061129 08:40:51;/accounts/ajax/validate.php;return=ok|phone|
ajax;20061129 08:41:00;/accounts/ajax/validate.php;validate:email:sakai@kiva.kennesawa.edu
ajax;20061129 08:41:00;/accounts/ajax/validate.php;validate:uniqueuserp:sakai@kiva.kennesawa.edu
ajax;20061129 08:41:00;/accounts/ajax/validate.php;validate:uniqueuserp:sakai@kiva.kennesawa.edu
ajax;20061129 08:41:00;/accounts/ajax/validate.php;return=ok|username|
ajax;20061129 08:41:24;/accounts/ajax/validate.php;validate:email:glewis
ajax;20061129 08:41:24;/accounts/ajax/validate.php;return=error|username|Invalid email address
ajax;20061129 08:41:49;/accounts/ajax/validate.php;validate:email:glewis@kennesaw.edu
ajax;20061129 08:41:49;/accounts/ajax/validate.php;validate:uniqueuserp:glewis@kennesaw.edu
ajax;20061129 08:41:49;/accounts/ajax/validate.php;validate:uniqueuserp:glewis@kennesaw.edu
ajax;20061129 08:41:49;/accounts/ajax/validate.php;return=ok|username|
ajax;20061129 08:42:08;/accounts/ajax/validate.php;validate:email:glewis@kennesaw.edu
ajax;20061129 08:42:08;/accounts/ajax/validate.php;validate:uniqueuserp:glewis@kennesaw.edu
ajax;20061129 08:42:08;/accounts/ajax/validate.php;return=ok|email|
ajax;20061129 08:42:17;/accounts/createaccount.php;validate:required:glewis@kennesaw.edu
ajax;20061129 08:42:17;/accounts/createaccount.php;validate:email:glewis@kennesaw.edu
ajax;20061129 08:42:17;/accounts/createaccount.php;validate:uniqueuserp:glewis@kennesaw.edu
ajax;20061129 08:42:17;/accounts/createaccount.php;validate:uniqueuserp:glewis@kennesaw.edu
ajax;20061129 08:42:18;/accounts/createaccount.php;validate:required:saksak
ajax;20061129 08:42:18;/accounts/createaccount.php;validate:password:saksak
ajax;20061129 08:42:18;/accounts/createaccount.php;validate:required:saksak
ajax;20061129 08:42:18;/accounts/createaccount.php;validate:password:saksak
ajax;20061129 08:42:18;/accounts/createaccount.php;validate:match:saksak
ajax;20061129 08:42:18;/accounts/createaccount.php;validate:required:Gary
ajax;20061129 08:42:18;/accounts/createaccount.php;validate:required:Lewis
ajax;20061129 08:42:18;/accounts/createaccount.php;validate:required:glewis@kennesaw.edu
ajax;20061129 08:42:18;/accounts/createaccount.php;validate:email:glewis@kennesaw.edu
ajax;20061129 08:42:18;/accounts/createaccount.php;validate:uniqueuserp:glewis@kennesaw.edu
ajax;20061129 08:42:18;/accounts/createaccount.php;validate:required:University Administration
ajax;20061129 08:42:18;/accounts/createaccount.php;validate::Developer/Programmer
ajax;20061129 08:42:18;/accounts/createaccount.php;validate:required:Kennesaw State University
ajax;20061129 08:42:18;/accounts/createaccount.php;validate::1000 Chastain Road
ajax;20061129 08:42:18;/accounts/createaccount.php;validate:namespaces:Kennesaw
ajax;20061129 08:42:18;/accounts/createaccount.php;validate:namespaces:GA
ajax;20061129 08:42:18;/accounts/createaccount.php;validate:zipcode:30144
ajax;20061129 08:42:18;/accounts/createaccount.php;validate:namespaces:US
ajax;20061129 08:42:18;/accounts/createaccount.php;validate:phone:770-423-6670
glewis@kennesaw.edu;20061129 08:42:18;/accounts/createaccount.php;user added (ldap): Gary Lewis (glewis@kennesaw.edu) [1044]
130.218.124.247;20061129 08:42:18;/accounts/createaccount.php;created account: glewis@kennesaw.edu (glewis@kennesaw.edu) Lewis,Gary: inst=1
glewis@kennesaw.edu;20061129 08:43:25;/accounts/activate.php;user modified (ldap): Gary Lewis (glewis@kennesaw.edu) [1044]
glewis@kennesaw.edu;20061129 08:43:36;/accounts/login.php;user logged in (ldap):130.218.124.247:https://sakaiproject.org/accounts/login.php
ajax;20061129 08:43:46;/accounts/ajax/validate.php;validate:namespaces:GA
ajax;20061129 08:43:46;/accounts/ajax/validate.php;validate:zipcode:30144
ajax;20061129 08:43:46;/accounts/ajax/validate.php;return=ok|state|
ajax;20061129 08:43:46;/accounts/ajax/validate.php;return=ok|zipcode|
ajax;20061129 08:43:46;/accounts/ajax/validate.php;validate:namespaces:US
ajax;20061129 08:43:46;/accounts/ajax/validate.php;validate:phone:770-423-6670
ajax;20061129 08:43:46;/accounts/ajax/validate.php;return=ok|country|
ajax;20061129 08:43:46;/accounts/ajax/validate.php;return=ok|phone|
ajax;20061129 08:44:40;/conference/registration/index.php;validate:required:University Administration
ajax;20061129 08:44:40;/conference/registration/index.php;validate::Developer/Programmer
ajax;20061129 08:44:40;/conference/registration/index.php;validate:required:Kennesaw State University
ajax;20061129 08:44:40;/conference/registration/index.php;validate:required:Kennesaw
ajax;20061129 08:44:40;/conference/registration/index.php;validate:required:GA
ajax;20061129 08:44:40;/conference/registration/index.php;validate:namespaces:GA
ajax;20061129 08:44:40;/conference/registration/index.php;validate:zipcode:30144
ajax;20061129 08:44:40;/conference/registration/index.php;validate:required:US
ajax;20061129 08:44:40;/conference/registration/index.php;validate:namespaces:US
ajax;20061129 08:44:40;/conference/registration/index.php;validate:required:770-423-6670
ajax;20061129 08:44:40;/conference/registration/index.php;validate:phone:770-423-6670
ajax;20061129 08:44:40;/conference/registration/index.php;validate:required:N
ajax;20061129 08:44:40;/conference/registration/index.php;validate:required:N
ajax;20061129 08:44:40;/conference/registration/index.php;validate:required:XXX-Large
ajax;20061129 08:44:40;/conference/registration/index.php;validate:required:TUE
ajax;20061129 08:44:40;/conference/registration/index.php;validate:required:WED
ajax;20061129 08:44:40;/conference/registration/index.php;validate:required:THU
ajax;20061129 08:44:40;/conference/registration/index.php;validate:required:FRI
glewis@kennesaw.edu;20061129 08:44:40;/conference/registration/index.php;user modified (ldap): Gary Lewis (glewis@kennesaw.edu) [1044]
ajax;20061129 08:44:59;/accounts/ajax/validate.php;validate:namespaces:GA
ajax;20061129 08:44:59;/accounts/ajax/validate.php;return=ok|state|
ajax;20061129 08:44:59;/accounts/ajax/validate.php;validate:namespaces:US
ajax;20061129 08:44:59;/accounts/ajax/validate.php;return=ok|country|
ajax;20061129 08:44:59;/accounts/ajax/validate.php;validate:zipcode:30144
ajax;20061129 08:44:59;/accounts/ajax/validate.php;return=ok|zipcode|
ajax;20061129 08:44:59;/accounts/ajax/validate.php;validate:phone:770-423-6670
ajax;20061129 08:44:59;/accounts/ajax/validate.php;return=ok|phone|
tcamilli@lagcc.cuny.edu;20061129 08:56:24;/accounts/login.php;user logged in (ldap):199.219.155.83:https://sakaiproject.org/accounts/login.php
abcassidy;20061129 08:58:34;/accounts/login.php;user logged in (ldap):71.248.160.33:https://sakaiproject.org/accounts/login.php?ref=/conference/admin/proposals.php
mmiles@umich.edu;20061129 09:21:10;/accounts/login.php;user logged in (ldap):141.211.4.36:https://sakaiproject.org/accounts/login.php?ref=/conference/admin/proposals_results.php
ajax;20061129 09:35:45;/accounts/ajax/validate.php;validate:namespaces:MI
ajax;20061129 09:35:45;/accounts/ajax/validate.php;return=ok|state|
ajax;20061129 09:35:57;/accounts/ajax/validate.php;validate:zipcode:48109-1234
ajax;20061129 09:35:57;/accounts/ajax/validate.php;return=ok|zipcode|
ajax;20061129 09:35:58;/accounts/ajax/validate.php;validate:namespaces:US
ajax;20061129 09:35:58;/accounts/ajax/validate.php;return=ok|country|
ajax;20061129 09:36:07;/accounts/ajax/validate.php;validate:phone:734-764-5222
ajax;20061129 09:36:07;/accounts/ajax/validate.php;return=ok|phone|
ajax;20061129 09:37:22;/accounts/ajax/validate.php;validate:email:buchanan
ajax;20061129 09:37:22;/accounts/ajax/validate.php;return=error|username|Invalid email address
ajax;20061129 09:37:31;/accounts/ajax/validate.php;validate:email:buchanan@umich.edu
ajax;20061129 09:37:31;/accounts/ajax/validate.php;validate:uniqueuserp:buchanan@umich.edu
ajax;20061129 09:37:31;/accounts/ajax/validate.php;validate:uniqueuserp:buchanan@umich.edu
ajax;20061129 09:37:32;/accounts/ajax/validate.php;return=ok|username|
ajax;20061129 09:38:05;/accounts/ajax/validate.php;validate:email:buchanan@bus.umich.edu
ajax;20061129 09:38:05;/accounts/ajax/validate.php;validate:uniqueuserp:buchanan@bus.umich.edu
ajax;20061129 09:38:05;/accounts/ajax/validate.php;return=ok|email|
ajax;20061129 09:38:12;/accounts/createaccount.php;validate:required:buchanan@umich.edu
ajax;20061129 09:38:12;/accounts/createaccount.php;validate:email:buchanan@umich.edu
ajax;20061129 09:38:12;/accounts/createaccount.php;validate:uniqueuserp:buchanan@umich.edu
ajax;20061129 09:38:12;/accounts/createaccount.php;validate:uniqueuserp:buchanan@umich.edu
ajax;20061129 09:38:12;/accounts/createaccount.php;validate:required:mitsui
ajax;20061129 09:38:12;/accounts/createaccount.php;validate:password:mitsui
ajax;20061129 09:38:12;/accounts/createaccount.php;validate:required:mitsui
ajax;20061129 09:38:12;/accounts/createaccount.php;validate:password:mitsui
ajax;20061129 09:38:12;/accounts/createaccount.php;validate:match:mitsui
ajax;20061129 09:38:12;/accounts/createaccount.php;validate:required:Joyce
ajax;20061129 09:38:12;/accounts/createaccount.php;validate:required:Buchanan
ajax;20061129 09:38:12;/accounts/createaccount.php;validate:required:buchanan@bus.umich.edu
ajax;20061129 09:38:12;/accounts/createaccount.php;validate:email:buchanan@bus.umich.edu
ajax;20061129 09:38:12;/accounts/createaccount.php;validate:uniqueuserp:buchanan@bus.umich.edu
ajax;20061129 09:38:13;/accounts/createaccount.php;validate:required:University Administration
ajax;20061129 09:38:13;/accounts/createaccount.php;validate:required:76
ajax;20061129 09:38:13;/accounts/createaccount.php;validate::701 Tappan E2600
ajax;20061129 09:38:13;/accounts/createaccount.php;validate:namespaces:Ann Arbor
ajax;20061129 09:38:13;/accounts/createaccount.php;validate:namespaces:MI
ajax;20061129 09:38:13;/accounts/createaccount.php;validate:zipcode:48109-1234
ajax;20061129 09:38:13;/accounts/createaccount.php;validate:namespaces:US
ajax;20061129 09:38:13;/accounts/createaccount.php;validate:phone:734-764-5222
buchanan@umich.edu;20061129 09:38:13;/accounts/createaccount.php;user added (ldap): Joyce Buchanan (buchanan@bus.umich.edu) [1045]
141.211.31.159;20061129 09:38:13;/accounts/createaccount.php;created account: buchanan@umich.edu (buchanan@bus.umich.edu) Buchanan,Joyce: inst=76
buchanan@umich.edu;20061129 09:38:36;/accounts/activate.php;user modified (ldap): Joyce Buchanan (buchanan@bus.umich.edu) [1045]
buchanan@umich.edu;20061129 09:39:05;/accounts/login.php;user logged in (ldap):141.211.31.159:https://sakaiproject.org/accounts/login.php
ajax;20061129 09:59:20;/accounts/ajax/validate.php;validate:namespaces:MI
ajax;20061129 09:59:20;/accounts/ajax/validate.php;validate:zipcode:48109-1234
ajax;20061129 09:59:20;/accounts/ajax/validate.php;return=ok|state|
ajax;20061129 09:59:20;/accounts/ajax/validate.php;return=ok|zipcode|
ajax;20061129 09:59:21;/accounts/ajax/validate.php;validate:namespaces:US
ajax;20061129 09:59:21;/accounts/ajax/validate.php;return=ok|country|
ajax;20061129 09:59:21;/accounts/ajax/validate.php;validate:phone:734-764-5222
ajax;20061129 09:59:21;/accounts/ajax/validate.php;return=ok|phone|
ajax;20061129 10:19:19;/conference/proposals/index.php;validate:required:presentation
hal@uga.edu;20061129 10:33:02;/accounts/login.php;user logged in (ldap):128.192.115.226:https://sakaiproject.org/accounts/login.php?ref=/conference/registration/index.php&msg=You+must+login+to+register+or+submit+a+proposal+for+the+Sakai+Atlanta+conference.+If+you+do+not+have+an+account%2C+please+create+one.
ajax;20061129 10:33:04;/accounts/ajax/validate.php;validate:namespaces:GA
ajax;20061129 10:33:04;/accounts/ajax/validate.php;return=ok|state|
ajax;20061129 10:33:04;/accounts/ajax/validate.php;validate:namespaces:US
ajax;20061129 10:33:04;/accounts/ajax/validate.php;validate:zipcode:30602
ajax;20061129 10:33:04;/accounts/ajax/validate.php;return=ok|country|
ajax;20061129 10:33:04;/accounts/ajax/validate.php;return=ok|zipcode|
ajax;20061129 10:33:04;/accounts/ajax/validate.php;validate:phone:706.542.1157
ajax;20061129 10:33:04;/accounts/ajax/validate.php;return=ok|phone|
lmarfoglio@sgu.edu;20061129 10:33:55;/accounts/login.php;user logged in (internal):216.255.120.222:https://sakaiproject.org/accounts/login.php
lmarfoglio@sgu.edu;20061129 10:33:55;/accounts/login.php;user added (ldap): Linda Marfoglio (lmarfoglio@sgu.edu) [780]
ajax;20061129 10:34:27;/conference/registration/index.php;validate:required:System Administrator
ajax;20061129 10:34:27;/conference/registration/index.php;validate::Developer/Programmer
ajax;20061129 10:34:27;/conference/registration/index.php;validate:required:University of Georgia
ajax;20061129 10:34:27;/conference/registration/index.php;validate:required:Athens
ajax;20061129 10:34:27;/conference/registration/index.php;validate:required:GA
ajax;20061129 10:34:27;/conference/registration/index.php;validate:namespaces:GA
ajax;20061129 10:34:27;/conference/registration/index.php;validate:zipcode:30602
ajax;20061129 10:34:27;/conference/registration/index.php;validate:required:US
ajax;20061129 10:34:27;/conference/registration/index.php;validate:namespaces:US
ajax;20061129 10:34:27;/conference/registration/index.php;validate:required:706.542.1157
ajax;20061129 10:34:27;/conference/registration/index.php;validate:phone:706.542.1157
ajax;20061129 10:34:27;/conference/registration/index.php;validate:required:N
ajax;20061129 10:34:27;/conference/registration/index.php;validate:required:N
ajax;20061129 10:34:27;/conference/registration/index.php;validate:required:Large
ajax;20061129 10:34:27;/conference/registration/index.php;validate:required:TUE
ajax;20061129 10:34:27;/conference/registration/index.php;validate:required:WED
ajax;20061129 10:34:27;/conference/registration/index.php;validate:required:THU
ajax;20061129 10:34:27;/conference/registration/index.php;validate:required:FRI
hal@uga.edu;20061129 10:34:27;/conference/registration/index.php;user modified (ldap): Hal Brooks (hal@uga.edu) [1034]
lmarfoglio@sgu.edu;20061129 10:34:46;/accounts/login.php;user logged in (ldap):216.255.120.222:https://sakaiproject.org/accounts/login.php
ajax;20061129 10:35:18;/accounts/ajax/validate.php;validate:email:rsinger
ajax;20061129 10:35:18;/accounts/ajax/validate.php;return=error|username|Invalid email address
ajax;20061129 10:35:28;/accounts/ajax/validate.php;validate:email:ross.singer@library.gatech.edu
ajax;20061129 10:35:28;/accounts/ajax/validate.php;validate:uniqueuserp:ross.singer@library.gatech.edu
ajax;20061129 10:35:28;/accounts/ajax/validate.php;validate:uniqueuserp:ross.singer@library.gatech.edu
ajax;20061129 10:35:28;/accounts/ajax/validate.php;return=ok|username|
ajax;20061129 10:35:45;/accounts/ajax/validate.php;validate:email:ross.singer@library.gatech.edu
ajax;20061129 10:35:45;/accounts/ajax/validate.php;validate:uniqueuserp:ross.singer@library.gatech.edu
ajax;20061129 10:35:45;/accounts/ajax/validate.php;return=ok|email|
ajax;20061129 10:36:58;/accounts/ajax/validate.php;validate:namespaces:Atlanta
ajax;20061129 10:36:58;/accounts/ajax/validate.php;return=ok|city|
ajax;20061129 10:36:59;/accounts/ajax/validate.php;validate:namespaces:GA
ajax;20061129 10:36:59;/accounts/ajax/validate.php;return=ok|state|
ajax;20061129 10:37:02;/accounts/ajax/validate.php;validate:zipcode:30332
ajax;20061129 10:37:02;/accounts/ajax/validate.php;return=ok|zipcode|
ajax;20061129 10:37:08;/accounts/ajax/validate.php;validate:namespaces:US
ajax;20061129 10:37:08;/accounts/ajax/validate.php;return=ok|country|
ajax;20061129 10:37:16;/accounts/ajax/validate.php;validate:phone:404.894.6062
ajax;20061129 10:37:16;/accounts/ajax/validate.php;return=ok|phone|
ajax;20061129 10:37:30;/accounts/createaccount.php;validate:required:ross.singer@library.gatech.edu
ajax;20061129 10:37:30;/accounts/createaccount.php;validate:email:ross.singer@library.gatech.edu
ajax;20061129 10:37:30;/accounts/createaccount.php;validate:uniqueuserp:ross.singer@library.gatech.edu
ajax;20061129 10:37:30;/accounts/createaccount.php;validate:uniqueuserp:ross.singer@library.gatech.edu
ajax;20061129 10:37:30;/accounts/createaccount.php;validate:required:7ink2
ajax;20061129 10:37:30;/accounts/createaccount.php;validate:password:7ink2
ajax;20061129 10:37:30;/accounts/createaccount.php;validate:required:7ink2
ajax;20061129 10:37:30;/accounts/createaccount.php;validate:password:7ink2
ajax;20061129 10:37:30;/accounts/createaccount.php;validate:match:7ink2
ajax;20061129 10:37:30;/accounts/createaccount.php;validate:required:Ross
ajax;20061129 10:37:30;/accounts/createaccount.php;validate:required:Singer
ajax;20061129 10:37:30;/accounts/createaccount.php;validate:required:ross.singer@library.gatech.edu
ajax;20061129 10:37:30;/accounts/createaccount.php;validate:email:ross.singer@library.gatech.edu
ajax;20061129 10:37:30;/accounts/createaccount.php;validate:uniqueuserp:ross.singer@library.gatech.edu
ajax;20061129 10:37:31;/accounts/createaccount.php;validate:required:Developer/Programmer
ajax;20061129 10:37:31;/accounts/createaccount.php;validate:required:116
ajax;20061129 10:37:31;/accounts/createaccount.php;validate::704 Cherry Street

ajax;20061129 10:37:31;/accounts/createaccount.php;validate:namespaces:Atlanta
ajax;20061129 10:37:31;/accounts/createaccount.php;validate:namespaces:GA
ajax;20061129 10:37:31;/accounts/createaccount.php;validate:zipcode:30332
ajax;20061129 10:37:31;/accounts/createaccount.php;validate:namespaces:US
ajax;20061129 10:37:31;/accounts/createaccount.php;validate:phone:404.894.6062
ross.singer@library.gatech.edu;20061129 10:37:31;/accounts/createaccount.php;user added (ldap): Ross Singer (ross.singer@library.gatech.edu) [1046]
68.155.177.69;20061129 10:37:31;/accounts/createaccount.php;created account: ross.singer@library.gatech.edu (ross.singer@library.gatech.edu) Singer,Ross: inst=116
ross.singer@library.gatech.edu;20061129 10:39:26;/accounts/activate.php;user modified (ldap): Ross Singer (ross.singer@library.gatech.edu) [1046]
ross.singer@library.gatech.edu;20061129 10:39:42;/accounts/login.php;user logged in (ldap):68.155.177.69:https://sakaiproject.org/accounts/login.php
ajax;20061129 10:39:50;/accounts/ajax/validate.php;validate:namespaces:GA
ajax;20061129 10:39:50;/accounts/ajax/validate.php;return=ok|state|
ajax;20061129 10:39:50;/accounts/ajax/validate.php;validate:zipcode:30332
ajax;20061129 10:39:50;/accounts/ajax/validate.php;return=ok|zipcode|
ajax;20061129 10:39:50;/accounts/ajax/validate.php;validate:namespaces:US
ajax;20061129 10:39:50;/accounts/ajax/validate.php;return=ok|country|
ajax;20061129 10:39:50;/accounts/ajax/validate.php;validate:phone:404.894.6062
ajax;20061129 10:39:50;/accounts/ajax/validate.php;return=ok|phone|
ajax;20061129 10:51:31;/conference/registration/index.php;validate:required:Developer/Programmer
ajax;20061129 10:51:31;/conference/registration/index.php;validate:required:Atlanta
ajax;20061129 10:51:31;/conference/registration/index.php;validate:required:GA
ajax;20061129 10:51:31;/conference/registration/index.php;validate:namespaces:GA
ajax;20061129 10:51:31;/conference/registration/index.php;validate:zipcode:30332
ajax;20061129 10:51:31;/conference/registration/index.php;validate:required:US
ajax;20061129 10:51:31;/conference/registration/index.php;validate:namespaces:US
ajax;20061129 10:51:31;/conference/registration/index.php;validate:required:404.894.6062
ajax;20061129 10:51:31;/conference/registration/index.php;validate:phone:404.894.6062
ajax;20061129 10:51:31;/conference/registration/index.php;validate:required:N
ajax;20061129 10:51:31;/conference/registration/index.php;validate:required:N
ajax;20061129 10:51:31;/conference/registration/index.php;validate:required:Large
ajax;20061129 10:51:31;/conference/registration/index.php;validate:required:TUE
ajax;20061129 10:51:31;/conference/registration/index.php;validate:required:WED
ajax;20061129 10:51:31;/conference/registration/index.php;validate:required:THU
ajax;20061129 10:51:31;/conference/registration/index.php;validate:required:FRI
ross.singer@library.gatech.edu;20061129 10:51:31;/conference/registration/index.php;user modified (ldap): Ross Singer (ross.singer@library.gatech.edu) [1046]
ajax;20061129 10:55:51;/accounts/ajax/validate.php;validate:email:ljprince@charter.net
ajax;20061129 10:55:51;/accounts/ajax/validate.php;validate:uniqueuserp:ljprince@charter.net
ajax;20061129 10:55:51;/accounts/ajax/validate.php;validate:uniqueuserp:ljprince@charter.net
ajax;20061129 10:55:51;/accounts/ajax/validate.php;return=ok|username|
ajax;20061129 10:56:02;/accounts/ajax/validate.php;validate:email:ljprince@charter.net
ajax;20061129 10:56:02;/accounts/ajax/validate.php;validate:uniqueuserp:ljprince@charter.net
ajax;20061129 10:56:03;/accounts/ajax/validate.php;return=ok|email|
ajax;20061129 10:57:17;/accounts/createaccount.php;validate:required:ljprince@charter.net
ajax;20061129 10:57:17;/accounts/createaccount.php;validate:email:ljprince@charter.net
ajax;20061129 10:57:17;/accounts/createaccount.php;validate:uniqueuserp:ljprince@charter.net
ajax;20061129 10:57:17;/accounts/createaccount.php;validate:uniqueuserp:ljprince@charter.net
ajax;20061129 10:57:17;/accounts/createaccount.php;validate:required:jordan
ajax;20061129 10:57:17;/accounts/createaccount.php;validate:password:jordan
ajax;20061129 10:57:17;/accounts/createaccount.php;validate:required:jordan
ajax;20061129 10:57:17;/accounts/createaccount.php;validate:password:jordan
ajax;20061129 10:57:17;/accounts/createaccount.php;validate:match:jordan
ajax;20061129 10:57:17;/accounts/createaccount.php;validate:required:Lisa
ajax;20061129 10:57:17;/accounts/createaccount.php;validate:required:Prince
ajax;20061129 10:57:17;/accounts/createaccount.php;validate:required:ljprince@charter.net
ajax;20061129 10:57:17;/accounts/createaccount.php;validate:email:ljprince@charter.net
ajax;20061129 10:57:17;/accounts/createaccount.php;validate:uniqueuserp:ljprince@charter.net
ajax;20061129 10:57:17;/accounts/createaccount.php;validate:required:Implementor
ajax;20061129 10:57:17;/accounts/createaccount.php;validate:required:Professional Career Development Institute
ljprince@charter.net;20061129 10:57:18;/accounts/createaccount.php;user added (ldap): Lisa Prince (ljprince@charter.net) [1047]
24.159.102.65;20061129 10:57:18;/accounts/createaccount.php;created account: ljprince@charter.net (ljprince@charter.net) Prince,Lisa: inst=1
ljprince@charter.net;20061129 10:58:54;/accounts/activate.php;user modified (ldap): Lisa Prince (ljprince@charter.net) [1047]
ljprince@charter.net;20061129 10:59:14;/accounts/login.php;user logged in (ldap):24.159.102.65:https://sakaiproject.org/accounts/login.php
mmiles@umich.edu;20061129 11:10:25;/accounts/login.php;user logged in (ldap):141.211.4.36:https://sakaiproject.org/accounts/login.php?ref=/conference/registration/index.php&msg=You+must+login+to+register+or+submit+a+proposal+for+the+Sakai+Vancouver+conference.+If+you+do+not+have+an+account%2C+please+create+one.
ajax;20061129 11:18:38;/accounts/ajax/validate.php;validate:namespaces:GA
ajax;20061129 11:18:38;/accounts/ajax/validate.php;return=ok|state|
ajax;20061129 11:18:43;/accounts/ajax/validate.php;validate:namespaces:US
ajax;20061129 11:18:43;/accounts/ajax/validate.php;return=ok|country|
ajax;20061129 11:18:58;/accounts/ajax/validate.php;validate:phone:404-664-5346
ajax;20061129 11:18:58;/accounts/ajax/validate.php;return=ok|phone|
ajax;20061129 11:19:56;/conference/registration/index.php;validate:required:Implementor
ajax;20061129 11:19:56;/conference/registration/index.php;validate:required:Professional Career Development Institute
ajax;20061129 11:19:56;/conference/registration/index.php;validate:required:Norcross
ajax;20061129 11:19:56;/conference/registration/index.php;validate:required:GA
ajax;20061129 11:19:56;/conference/registration/index.php;validate:namespaces:GA
ajax;20061129 11:19:56;/conference/registration/index.php;validate:required:US
ajax;20061129 11:19:56;/conference/registration/index.php;validate:namespaces:US
ajax;20061129 11:19:56;/conference/registration/index.php;validate:required:404-664-5346
ajax;20061129 11:19:56;/conference/registration/index.php;validate:phone:404-664-5346
ajax;20061129 11:19:56;/conference/registration/index.php;validate:required:N
ajax;20061129 11:19:56;/conference/registration/index.php;validate:required:N
ajax;20061129 11:19:56;/conference/registration/index.php;validate:required:Large
ajax;20061129 11:19:56;/conference/registration/index.php;validate:required: 
ajax;20061129 11:19:56;/conference/registration/index.php;validate:required:WED
ajax;20061129 11:19:56;/conference/registration/index.php;validate:required:THU
ajax;20061129 11:19:56;/conference/registration/index.php;validate:required: 
ljprince@charter.net;20061129 11:19:56;/conference/registration/index.php;user modified (ldap): Lisa Prince (ljprince@charter.net) [1047]
rigolen@monroe.k12.ga.us;20061129 11:21:36;/accounts/forgot_password.php;user added (ldap): Neil Rigole (rigolen@monroe.k12.ga.us) [754]
12.178.20.231;20061129 11:21:36;/accounts/forgot_password.php;password reset: rigolen@monroe.k12.ga.us
ajax;20061129 11:38:28;/accounts/ajax/validate.php;validate:email:mdking@us.ibm.com
ajax;20061129 11:38:28;/accounts/ajax/validate.php;validate:uniqueuserp:mdking@us.ibm.com
ajax;20061129 11:38:28;/accounts/ajax/validate.php;validate:uniqueuserp:mdking@us.ibm.com
ajax;20061129 11:38:29;/accounts/ajax/validate.php;return=error|username|username already used
ajax;20061129 11:40:06;/accounts/ajax/validate.php;validate:email:mdking@us.ibm.com
ajax;20061129 11:40:06;/accounts/ajax/validate.php;validate:uniqueuserp:mdking@us.ibm.com
ajax;20061129 11:40:07;/accounts/ajax/validate.php;return=error|email|email already used
abcassidy;20061129 11:51:19;/accounts/login.php;user logged in (ldap):216.41.41.146:https://sakaiproject.org/accounts/login.php?ref=/conference/admin/proposals.php
ajax;20061129 12:02:46;/accounts/ajax/validate.php;validate:email:mustansar@rice.edu
ajax;20061129 12:02:46;/accounts/ajax/validate.php;validate:uniqueuserp:mustansar@rice.edu
ajax;20061129 12:02:47;/accounts/ajax/validate.php;validate:uniqueuserp:mustansar@rice.edu
ajax;20061129 12:02:47;/accounts/ajax/validate.php;return=ok|username|
ajax;20061129 12:03:51;/accounts/ajax/validate.php;validate:namespaces:Houston
ajax;20061129 12:03:51;/accounts/ajax/validate.php;return=ok|city|
ajax;20061129 12:03:54;/accounts/ajax/validate.php;validate:namespaces:TX
ajax;20061129 12:03:54;/accounts/ajax/validate.php;return=ok|state|
ajax;20061129 12:04:01;/accounts/ajax/validate.php;validate:zipcode:77005
ajax;20061129 12:04:01;/accounts/ajax/validate.php;return=ok|zipcode|
ajax;20061129 12:04:05;/accounts/ajax/validate.php;validate:namespaces:US
ajax;20061129 12:04:05;/accounts/ajax/validate.php;return=ok|country|
ajax;20061129 12:04:18;/accounts/ajax/validate.php;validate:phone:713-348-2523
ajax;20061129 12:04:18;/accounts/ajax/validate.php;return=ok|phone|
ajax;20061129 12:05:00;/accounts/ajax/validate.php;validate:email:mustansar
ajax;20061129 12:05:00;/accounts/ajax/validate.php;return=error|username|Invalid email address
ajax;20061129 12:05:15;/accounts/ajax/validate.php;validate:email:mustansar@rice.edu
ajax;20061129 12:05:15;/accounts/ajax/validate.php;validate:uniqueuserp:mustansar@rice.edu
ajax;20061129 12:05:15;/accounts/ajax/validate.php;validate:uniqueuserp:mustansar@rice.edu
ajax;20061129 12:05:15;/accounts/ajax/validate.php;return=ok|username|
ajax;20061129 12:05:41;/accounts/ajax/validate.php;validate:email:mm3@rice.edu
ajax;20061129 12:05:41;/accounts/ajax/validate.php;validate:uniqueuserp:mm3@rice.edu
ajax;20061129 12:05:41;/accounts/ajax/validate.php;return=ok|email|
ajax;20061129 12:06:11;/accounts/createaccount.php;validate:required:mustansar@rice.edu
ajax;20061129 12:06:11;/accounts/createaccount.php;validate:email:mustansar@rice.edu
ajax;20061129 12:06:11;/accounts/createaccount.php;validate:uniqueuserp:mustansar@rice.edu
ajax;20061129 12:06:11;/accounts/createaccount.php;validate:uniqueuserp:mustansar@rice.edu
ajax;20061129 12:06:11;/accounts/createaccount.php;validate:required:mehr6160
ajax;20061129 12:06:11;/accounts/createaccount.php;validate:password:mehr6160
ajax;20061129 12:06:11;/accounts/createaccount.php;validate:required:mehr6160
ajax;20061129 12:06:11;/accounts/createaccount.php;validate:password:mehr6160
ajax;20061129 12:06:11;/accounts/createaccount.php;validate:match:mehr6160
ajax;20061129 12:06:11;/accounts/createaccount.php;validate:required:Mustansar 
ajax;20061129 12:06:11;/accounts/createaccount.php;validate:required:Mehmood
ajax;20061129 12:06:11;/accounts/createaccount.php;validate:required:mm3@rice.edu
ajax;20061129 12:06:11;/accounts/createaccount.php;validate:email:mm3@rice.edu
ajax;20061129 12:06:11;/accounts/createaccount.php;validate:uniqueuserp:mm3@rice.edu
ajax;20061129 12:06:11;/accounts/createaccount.php;validate:required:Developer/Programmer
ajax;20061129 12:06:11;/accounts/createaccount.php;validate::User Support
ajax;20061129 12:06:11;/accounts/createaccount.php;validate:required:41
ajax;20061129 12:06:11;/accounts/createaccount.php;validate::6100 Main Street MS119
ajax;20061129 12:06:11;/accounts/createaccount.php;validate:namespaces:Houston
ajax;20061129 12:06:11;/accounts/createaccount.php;validate:namespaces:TX
ajax;20061129 12:06:11;/accounts/createaccount.php;validate:zipcode:77005
ajax;20061129 12:06:11;/accounts/createaccount.php;validate:namespaces:US
ajax;20061129 12:06:11;/accounts/createaccount.php;validate:phone:713-348-2523
mustansar@rice.edu;20061129 12:06:12;/accounts/createaccount.php;user added (ldap): Mustansar  Mehmood (mm3@rice.edu) [1048]
128.42.30.54;20061129 12:06:12;/accounts/createaccount.php;created account: mustansar@rice.edu (mm3@rice.edu) Mehmood,Mustansar : inst=41
mustansar@rice.edu;20061129 12:12:44;/accounts/activate.php;user modified (ldap): Mustansar  Mehmood (mm3@rice.edu) [1048]
mustansar@rice.edu;20061129 12:13:08;/accounts/login.php;user logged in (ldap):128.42.95.253:https://sakaiproject.org/accounts/login.php
ajax;20061129 12:13:15;/accounts/ajax/validate.php;validate:namespaces:TX
ajax;20061129 12:13:15;/accounts/ajax/validate.php;return=ok|state|
ajax;20061129 12:13:15;/accounts/ajax/validate.php;validate:zipcode:77005
ajax;20061129 12:13:15;/accounts/ajax/validate.php;return=ok|zipcode|
ajax;20061129 12:13:15;/accounts/ajax/validate.php;validate:namespaces:US
ajax;20061129 12:13:15;/accounts/ajax/validate.php;return=ok|country|
ajax;20061129 12:13:15;/accounts/ajax/validate.php;validate:phone:713-348-2523
ajax;20061129 12:13:15;/accounts/ajax/validate.php;return=ok|phone|
ajax;20061129 12:14:16;/conference/registration/index.php;validate:required:Developer/Programmer
ajax;20061129 12:14:16;/conference/registration/index.php;validate::User Support
ajax;20061129 12:14:16;/conference/registration/index.php;validate:required:Houston
ajax;20061129 12:14:16;/conference/registration/index.php;validate:required:TX
ajax;20061129 12:14:16;/conference/registration/index.php;validate:namespaces:TX
ajax;20061129 12:14:16;/conference/registration/index.php;validate:zipcode:77005
ajax;20061129 12:14:16;/conference/registration/index.php;validate:required:US
ajax;20061129 12:14:16;/conference/registration/index.php;validate:namespaces:US
ajax;20061129 12:14:16;/conference/registration/index.php;validate:required:713-348-2523
ajax;20061129 12:14:16;/conference/registration/index.php;validate:phone:713-348-2523
ajax;20061129 12:14:16;/conference/registration/index.php;validate:required:Y
ajax;20061129 12:14:16;/conference/registration/index.php;validate:required:N
ajax;20061129 12:14:16;/conference/registration/index.php;validate:required:Medium
ajax;20061129 12:14:16;/conference/registration/index.php;validate:required:TUE
ajax;20061129 12:14:16;/conference/registration/index.php;validate:required:WED
ajax;20061129 12:14:16;/conference/registration/index.php;validate:required:THU
ajax;20061129 12:14:16;/conference/registration/index.php;validate:required:FRI
mustansar@rice.edu;20061129 12:14:16;/conference/registration/index.php;user modified (ldap): Mustansar Mehmood (mm3@rice.edu) [1048]
ajax;20061129 12:37:39;/accounts/ajax/validate.php;validate:email:glewis@kennesaw.edu
ajax;20061129 12:37:39;/accounts/ajax/validate.php;validate:uniquesql:glewis@kennesaw.edu
ajax;20061129 12:37:39;/accounts/ajax/validate.php;return=ok|email|
ajax;20061129 12:37:39;/accounts/ajax/validate.php;validate:namespaces:Kennesaw
ajax;20061129 12:37:39;/accounts/ajax/validate.php;return=ok|city|
ajax;20061129 12:37:40;/accounts/ajax/validate.php;validate:namespaces:GA
ajax;20061129 12:37:40;/accounts/ajax/validate.php;return=ok|state|
ajax;20061129 12:37:40;/accounts/ajax/validate.php;validate:zipcode:30144
ajax;20061129 12:37:40;/accounts/ajax/validate.php;return=ok|zipcode|
ajax;20061129 12:37:40;/accounts/ajax/validate.php;validate:namespaces:US
ajax;20061129 12:37:40;/accounts/ajax/validate.php;return=ok|country|
ajax;20061129 12:37:40;/accounts/ajax/validate.php;validate:phone:770-423-6670
ajax;20061129 12:37:40;/accounts/ajax/validate.php;return=ok|phone|
glewis@kennesaw.edu;20061129 12:40:03;/accounts/login.php;user logged in (ldap):130.218.124.94:https://sakaiproject.org/accounts/login.php?ref=/conference/registration/index.php&msg=You+must+login+to+register+or+submit+a+proposal+for+the+Sakai+Atlanta+conference.+If+you+do+not+have+an+account%2C+please+create+one.
glewis@kennesaw.edu;20061129 12:51:11;/accounts/login.php;user logged in (ldap):130.218.124.247:https://sakaiproject.org/accounts/login.php?ref=/conference/registration/index.php&msg=You+must+login+to+register+or+submit+a+proposal+for+the+Sakai+Atlanta+conference.+If+you+do+not+have+an+account%2C+please+create+one.
cjdavia;20061129 12:55:12;/accounts/login.php;user logged in (ldap):74.224.106.19:https://sakaiproject.org/accounts/login.php?ref=/conference/registration/index.php&msg=You+must+login+to+register+or+submit+a+proposal+for+the+Sakai+Atlanta+conference.+If+you+do+not+have+an+account%2C+please+create+one.
gbhatnag;20061129 13:02:32;/accounts/login.php;user logged in (ldap):141.211.43.176:https://sakaiproject.org/accounts/login.php?ref=/conference/proposals/index.php&msg=You+must+login+to+register+or+submit+a+proposal+for+the+Sakai+Atlanta+conference.+If+you+do+not+have+an+account%2C+please+create+one.
ajax;20061129 13:02:42;/conference/proposals/index.php;validate:required:presentation
ajax;20061129 13:04:02;/conference/proposals/edit_proposal.php;validate:required:The OKI Repository OSID in Sakai: where can we go from here?
ajax;20061129 13:04:02;/conference/proposals/edit_proposal.php;validate:required:The Sakaibrary Project has implemented the OKI Repository OSID to interface commercial metasearch engines with Sakaibrary's re-purposed version of the "Twin Peaks" Repository OSID searching tool.  How does this work lend itself to existing and future ideas of Repository OSID use within Sakai?
ajax;20061129 13:04:02;/conference/proposals/edit_proposal.php;validate:required:Gaurav Bhatnagar
ajax;20061129 13:04:02;/conference/proposals/edit_proposal.php;validate:required:Gaurav is an Application Programmer-Analyst at the University of Michigan Library working on the Sakaibrary Project. He has been a part of the development team implementing the OKI Repository OSID to interface commercial metasearch engines with Sakaibrary's re-purposed version of the "Twin Peaks" OKI Repository OSID searching tool.
gbhatnag;20061129 13:10:05;/accounts/login.php;user logged in (ldap):141.211.43.176:https://sakaiproject.org/accounts/login.php?ref=/conference/proposals/index.php&msg=You+must+login+to+register+or+submit+a+proposal+for+the+Sakai+Atlanta+conference.+If+you+do+not+have+an+account%2C+please+create+one.
gbhatnag;20061129 13:16:12;/accounts/login.php;user logged in (ldap):141.211.43.176:https://sakaiproject.org/accounts/login.php?ref=/conference/proposals/index.php&msg=You+must+login+to+register+or+submit+a+proposal+for+the+Sakai+Atlanta+conference.+If+you+do+not+have+an+account%2C+please+create+one.
ajax;20061129 13:16:16;/conference/proposals/index.php;validate:required:presentation
kreister;20061129 13:48:55;/accounts/login.php;user logged in (ldap):141.213.32.93:https://sakaiproject.org/accounts/login.php?ref=/conference/admin/attendees.php
dbarber;20061129 14:10:46;/accounts/login.php;user logged in (ldap):67.132.153.34:https://sakaiproject.org/accounts/login.php?ref=/conference/proposals/index.php&msg=You+must+login+to+register+or+submit+a+proposal+for+the+Sakai+Atlanta+conference.+If+you+do+not+have+an+account%2C+please+create+one.
mdking;20061129 14:33:32;/accounts/forgot_password.php;user added (ldap): Michael King (mdking@us.ibm.com) [364]
32.97.110.142;20061129 14:33:32;/accounts/forgot_password.php;password reset: mdking@us.ibm.com
mmiles@umich.edu;20061129 14:40:21;/accounts/login.php;user logged in (ldap):141.211.4.36:https://sakaiproject.org/accounts/login.php?ref=/conference/admin/proposals_results.php
kreister;20061129 15:05:23;/accounts/login.php;user logged in (ldap):141.213.32.93:https://sakaiproject.org/accounts/login.php?ref=/conference/admin/attendees.php
abrainerd;20061129 15:56:17;/accounts/login.php;user logged in (ldap):128.220.160.1:https://sakaiproject.org/accounts/login.php
mdking;20061129 16:20:05;/accounts/login.php;user logged in (ldap):32.97.110.142:https://sakaiproject.org/accounts/login.php
ajax;20061129 16:20:36;/accounts/ajax/validate.php;validate:email:mdking@us.ibm.com
ajax;20061129 16:20:36;/accounts/ajax/validate.php;validate:uniquesql:mdking@us.ibm.com
ajax;20061129 16:20:36;/accounts/ajax/validate.php;return=ok|email|
ajax;20061129 16:20:36;/accounts/ajax/validate.php;validate:namespaces:Gardena
ajax;20061129 16:20:36;/accounts/ajax/validate.php;return=ok|city|
ajax;20061129 16:20:37;/accounts/ajax/validate.php;validate:namespaces:CA
ajax;20061129 16:20:37;/accounts/ajax/validate.php;return=ok|state|
ajax;20061129 16:20:37;/accounts/ajax/validate.php;validate:zipcode:90266
ajax;20061129 16:20:37;/accounts/ajax/validate.php;return=ok|zipcode|
ajax;20061129 16:20:37;/accounts/ajax/validate.php;validate:namespaces:US
ajax;20061129 16:20:37;/accounts/ajax/validate.php;return=ok|country|
ajax;20061129 16:20:37;/accounts/ajax/validate.php;validate:phone:310 768-4242
ajax;20061129 16:20:37;/accounts/ajax/validate.php;return=ok|phone|
ajax;20061129 16:21:20;/accounts/myaccount.php;validate:password:emma1k
ajax;20061129 16:21:20;/accounts/myaccount.php;validate:password:emma1k
ajax;20061129 16:21:20;/accounts/myaccount.php;validate:match:emma1k
ajax;20061129 16:21:20;/accounts/myaccount.php;validate:required:Michael
ajax;20061129 16:21:20;/accounts/myaccount.php;validate:required:King
ajax;20061129 16:21:20;/accounts/myaccount.php;validate:required:mdking@us.ibm.com
ajax;20061129 16:21:20;/accounts/myaccount.php;validate:email:mdking@us.ibm.com
ajax;20061129 16:21:20;/accounts/myaccount.php;validate:uniquesql:mdking@us.ibm.com
ajax;20061129 16:21:20;/accounts/myaccount.php;validate:required:Manager
ajax;20061129 16:21:20;/accounts/myaccount.php;validate:required:IBM
ajax;20061129 16:21:20;/accounts/myaccount.php;validate::879 W. 190th St
ajax;20061129 16:21:20;/accounts/myaccount.php;validate:namespaces:Gardena
ajax;20061129 16:21:20;/accounts/myaccount.php;validate:namespaces:CA
ajax;20061129 16:21:20;/accounts/myaccount.php;validate:zipcode:90266
ajax;20061129 16:21:20;/accounts/myaccount.php;validate:namespaces:US
ajax;20061129 16:21:20;/accounts/myaccount.php;validate:phone:310 768-4242
mdking;20061129 16:21:20;/accounts/myaccount.php;user modified (ldap): Michael King (mdking@us.ibm.com) [364]
cjdavia;20061129 16:32:05;/accounts/login.php;user logged in (ldap):74.224.106.19:https://sakaiproject.org/accounts/login.php?ref=/conference/registration/index.php&msg=You+must+login+to+register+or+submit+a+proposal+for+the+Sakai+Atlanta+conference.+If+you+do+not+have+an+account%2C+please+create+one.
jmchowus;20061129 16:32:07;/accounts/login.php;user logged in (ldap):67.191.160.23:https://sakaiproject.org/accounts/login.php?ref=/conference/registration/index.php&msg=You+must+login+to+register+or+submit+a+proposal+for+the+Sakai+Atlanta+conference.+If+you+do+not+have+an+account%2C+please+create+one.
shardin;20061129 17:42:06;/accounts/login.php;user logged in (ldap):72.169.226.59:https://sakaiproject.org/accounts/login.php?ref=/conference/admin/proposals_results.php
ajax;20061129 17:44:08;/accounts/ajax/validate.php;validate:email:heather@nmcl.org
ajax;20061129 17:44:08;/accounts/ajax/validate.php;validate:uniqueuserp:heather@nmcl.org
ajax;20061129 17:44:08;/accounts/ajax/validate.php;validate:uniqueuserp:heather@nmcl.org
ajax;20061129 17:44:08;/accounts/ajax/validate.php;return=ok|username|
ajax;20061129 17:44:31;/accounts/ajax/validate.php;validate:email:heather@nmcl.org
ajax;20061129 17:44:31;/accounts/ajax/validate.php;validate:uniqueuserp:heather@nmcl.org
ajax;20061129 17:44:31;/accounts/ajax/validate.php;return=ok|email|
ajax;20061129 17:45:44;/accounts/ajax/validate.php;validate:namespaces:Santa Fe
ajax;20061129 17:45:44;/accounts/ajax/validate.php;return=ok|city|
ajax;20061129 17:45:47;/accounts/ajax/validate.php;validate:namespaces:NM
ajax;20061129 17:45:47;/accounts/ajax/validate.php;return=ok|state|
ajax;20061129 17:45:57;/accounts/ajax/validate.php;validate:zipcode:87507
ajax;20061129 17:45:57;/accounts/ajax/validate.php;return=ok|zipcode|
ajax;20061129 17:45:58;/accounts/ajax/validate.php;validate:namespaces:US
ajax;20061129 17:45:58;/accounts/ajax/validate.php;return=ok|country|
ajax;20061129 17:46:04;/accounts/ajax/validate.php;validate:phone:505-982-3997
ajax;20061129 17:46:04;/accounts/ajax/validate.php;return=ok|phone|
ajax;20061129 17:46:12;/accounts/createaccount.php;validate:required:heather@nmcl.org
ajax;20061129 17:46:12;/accounts/createaccount.php;validate:email:heather@nmcl.org
ajax;20061129 17:46:12;/accounts/createaccount.php;validate:uniqueuserp:heather@nmcl.org
ajax;20061129 17:46:12;/accounts/createaccount.php;validate:uniqueuserp:heather@nmcl.org
ajax;20061129 17:46:12;/accounts/createaccount.php;validate:required:nmcl2006
ajax;20061129 17:46:12;/accounts/createaccount.php;validate:password:nmcl2006
ajax;20061129 17:46:12;/accounts/createaccount.php;validate:required:nmcl2006
ajax;20061129 17:46:12;/accounts/createaccount.php;validate:password:nmcl2006
ajax;20061129 17:46:12;/accounts/createaccount.php;validate:match:nmcl2006
ajax;20061129 17:46:12;/accounts/createaccount.php;validate:required:Heather
ajax;20061129 17:46:12;/accounts/createaccount.php;validate:required:Heunermund
ajax;20061129 17:46:12;/accounts/createaccount.php;validate:required:heather@nmcl.org
ajax;20061129 17:46:12;/accounts/createaccount.php;validate:email:heather@nmcl.org
ajax;20061129 17:46:12;/accounts/createaccount.php;validate:uniqueuserp:heather@nmcl.org
ajax;20061129 17:46:12;/accounts/createaccount.php;validate:required:User Support
ajax;20061129 17:46:12;/accounts/createaccount.php;validate:required:New Mexico Coalition for Literacy
ajax;20061129 17:46:12;/accounts/createaccount.php;validate::3209 Mercantile Ct. Ste. B
ajax;20061129 17:46:12;/accounts/createaccount.php;validate:namespaces:Santa Fe
ajax;20061129 17:46:12;/accounts/createaccount.php;validate:namespaces:NM
ajax;20061129 17:46:12;/accounts/createaccount.php;validate:zipcode:87507
ajax;20061129 17:46:12;/accounts/createaccount.php;validate:namespaces:US
ajax;20061129 17:46:12;/accounts/createaccount.php;validate:phone:505-982-3997
ajax;20061129 17:46:12;/accounts/createaccount.php;validate:phone:505-982-4095
heather@nmcl.org;20061129 17:46:13;/accounts/createaccount.php;user added (ldap): Heather Heunermund (heather@nmcl.org) [1049]
69.49.164.25;20061129 17:46:13;/accounts/createaccount.php;created account: heather@nmcl.org (heather@nmcl.org) Heunermund,Heather: inst=1
heather@nmcl.org;20061129 17:47:15;/accounts/activate.php;user modified (ldap): Heather Heunermund (heather@nmcl.org) [1049]
heather@nmcl.org;20061129 17:47:30;/accounts/login.php;user logged in (ldap):69.49.164.25:https://sakaiproject.org/accounts/login.php
ajax;20061129 17:49:53;/accounts/ajax/validate.php;validate:email:heather@nmcl.org
ajax;20061129 17:49:53;/accounts/ajax/validate.php;validate:uniquesql:heather@nmcl.org
ajax;20061129 17:49:53;/accounts/ajax/validate.php;return=ok|email|
ajax;20061129 17:49:54;/accounts/ajax/validate.php;validate:namespaces:US
ajax;20061129 17:49:54;/accounts/ajax/validate.php;return=ok|country|
ajax;20061129 17:49:54;/accounts/ajax/validate.php;validate:zipcode:87507
ajax;20061129 17:49:54;/accounts/ajax/validate.php;return=ok|zipcode|
ajax;20061129 17:49:54;/accounts/ajax/validate.php;validate:namespaces:Santa Fe
ajax;20061129 17:49:54;/accounts/ajax/validate.php;return=ok|city|
ajax;20061129 17:49:54;/accounts/ajax/validate.php;validate:namespaces:NM
ajax;20061129 17:49:54;/accounts/ajax/validate.php;return=ok|state|
ajax;20061129 17:49:54;/accounts/ajax/validate.php;validate:phone:505-982-3997
ajax;20061129 17:49:54;/accounts/ajax/validate.php;return=ok|phone|
ajax;20061129 17:49:54;/accounts/ajax/validate.php;validate:phone:505-982-4095
ajax;20061129 17:49:54;/accounts/ajax/validate.php;return=ok|fax|
shardin;20061129 17:54:18;/accounts/login.php;user logged in (ldap):72.169.226.59:https://sakaiproject.org/accounts/login.php
colin.clark@utoronto.ca;20061129 17:54:20;/accounts/login.php;user logged in (ldap):142.150.154.149:https://sakaiproject.org/accounts/login.php?ref=/conference/admin/proposals_results.php
ajax;20061129 17:55:51;/conference/proposals/edit_proposal.php;validate:required:Featured UX Speaker:
ajax;20061129 17:55:51;/conference/proposals/edit_proposal.php;validate:required:Ever since transparency was articulated as a goal of user interfaces, and ubiquitous computing hailed as an emblem of our technological future, an unanswered question has lurked beneath the surface. What will we think about, instead, when information systems cease to arrest our attention? In this talk I will explore this question in the context of Sakai.
ajax;20061129 17:55:51;/conference/proposals/edit_proposal.php;validate:required:Brian Cantwell Smith
ajax;20061129 17:55:51;/conference/proposals/edit_proposal.php;validate:required:Brian Cantwell Smith is Dean of the Faculty of Information Studies, Professor of Philosophy and of Computer Science, and Canada Research Chair in the Foundations of Information at the University of Toronto. Since his freshman year at Oberlin College almost 40 years ago, Smith has been struggling to understand the conceptual foundations of computing. At Xerox PARC, Stanford, Indiana, Duke, and Toronto, in courses ranging through AI, computer science, cognitive science, and philosophy, Smith has disinterred such notions as formality, digitality, information, and effectiveness. The inquiry has led him into fundamental issues in metaphysics, epistemology, and subjectivity. A sketch of his ideas is presented in On the Origin of Objects (MIT Press, 1996). Rumours circulate about a forthcoming 7-volume series entitled The Age of Significance: An Essay on the Origins of Computation and Intentionality.
ajax;20061129 17:56:53;/conference/proposals/edit_proposal.php;validate:required:TransformAble and Sakai
ajax;20061129 17:56:53;/conference/proposals/edit_proposal.php;validate:required:The TransformAble project is a set of Web services developed at the University of Toronto which help to deliver a more accessible and customizable user experience. This presentation will provide an overview and update on the TransformAble project and the integration of these accessibility services into Sakai.
ajax;20061129 17:56:53;/conference/proposals/edit_proposal.php;validate:required:Jutta Treviranus
ajax;20061129 17:56:53;/conference/proposals/edit_proposal.php;validate:required:Jutta Treviranus established and directs the Adaptive Technology Resource Centre at the University of Toronto, an internationally recognized centre of expertise on barrier-free access to information technology. She has more than 25 years of research, clinical and management experience in the field of access technology.
ajax;20061129 18:50:25;/accounts/ajax/validate.php;validate:email:blakley@unicon.net
ajax;20061129 18:50:25;/accounts/ajax/validate.php;validate:uniqueuserp:blakley@unicon.net
ajax;20061129 18:50:25;/accounts/ajax/validate.php;validate:uniqueuserp:blakley@unicon.net
ajax;20061129 18:50:26;/accounts/ajax/validate.php;return=ok|username|
ajax;20061129 18:50:37;/accounts/ajax/validate.php;validate:email:blakley@unicon.net
ajax;20061129 18:50:37;/accounts/ajax/validate.php;validate:uniqueuserp:blakley@unicon.net
ajax;20061129 18:50:37;/accounts/ajax/validate.php;return=ok|email|
ajax;20061129 18:51:01;/accounts/ajax/validate.php;validate:namespaces:Chandler
ajax;20061129 18:51:01;/accounts/ajax/validate.php;return=ok|city|
ajax;20061129 18:51:01;/accounts/ajax/validate.php;validate:namespaces:AL
ajax;20061129 18:51:01;/accounts/ajax/validate.php;return=ok|state|
ajax;20061129 18:51:02;/accounts/ajax/validate.php;validate:namespaces:AK
ajax;20061129 18:51:02;/accounts/ajax/validate.php;return=ok|state|
ajax;20061129 18:51:02;/accounts/ajax/validate.php;validate:namespaces:AZ
ajax;20061129 18:51:02;/accounts/ajax/validate.php;return=ok|state|
ajax;20061129 18:51:04;/accounts/ajax/validate.php;validate:zipcode:85225
ajax;20061129 18:51:04;/accounts/ajax/validate.php;return=ok|zipcode|
ajax;20061129 18:51:12;/accounts/ajax/validate.php;validate:phone:480-926-2368
ajax;20061129 18:51:12;/accounts/ajax/validate.php;return=ok|phone|
ajax;20061129 18:51:12;/accounts/createaccount.php;validate:required:blakley@unicon.net
ajax;20061129 18:51:12;/accounts/createaccount.php;validate:email:blakley@unicon.net
ajax;20061129 18:51:12;/accounts/createaccount.php;validate:uniqueuserp:blakley@unicon.net
ajax;20061129 18:51:12;/accounts/createaccount.php;validate:uniqueuserp:blakley@unicon.net
ajax;20061129 18:51:12;/accounts/createaccount.php;validate:required:academus
ajax;20061129 18:51:12;/accounts/createaccount.php;validate:password:academus
ajax;20061129 18:51:12;/accounts/createaccount.php;validate:required:academus
ajax;20061129 18:51:12;/accounts/createaccount.php;validate:password:academus
ajax;20061129 18:51:12;/accounts/createaccount.php;validate:match:academus
ajax;20061129 18:51:12;/accounts/createaccount.php;validate:required:John
ajax;20061129 18:51:12;/accounts/createaccount.php;validate:required:Blakley
ajax;20061129 18:51:12;/accounts/createaccount.php;validate:required:blakley@unicon.net
ajax;20061129 18:51:12;/accounts/createaccount.php;validate:email:blakley@unicon.net
ajax;20061129 18:51:12;/accounts/createaccount.php;validate:uniqueuserp:blakley@unicon.net
ajax;20061129 18:51:12;/accounts/createaccount.php;validate:required:Manager
ajax;20061129 18:51:12;/accounts/createaccount.php;validate:required:95
ajax;20061129 18:51:12;/accounts/createaccount.php;validate::3140 N Arizona Avenue #113
ajax;20061129 18:51:12;/accounts/createaccount.php;validate:namespaces:Chandler
ajax;20061129 18:51:12;/accounts/createaccount.php;validate:namespaces:AZ
ajax;20061129 18:51:12;/accounts/createaccount.php;validate:zipcode:85225
ajax;20061129 18:51:12;/accounts/createaccount.php;validate:namespaces:US
ajax;20061129 18:51:12;/accounts/createaccount.php;validate:phone:480-926-2368
blakley@unicon.net;20061129 18:51:13;/accounts/createaccount.php;user added (ldap): John Blakley (blakley@unicon.net) [1050]
12.164.139.3;20061129 18:51:13;/accounts/createaccount.php;created account: blakley@unicon.net (blakley@unicon.net) Blakley,John: inst=95
blakley@unicon.net;20061129 18:53:59;/accounts/activate.php;user modified (ldap): John Blakley (blakley@unicon.net) [1050]
blakley@unicon.net;20061129 18:54:42;/accounts/login.php;user logged in (ldap):12.164.139.3:https://sakaiproject.org/accounts/login.php
ajax;20061129 18:54:52;/accounts/ajax/validate.php;validate:zipcode:85225
ajax;20061129 18:54:52;/accounts/ajax/validate.php;validate:namespaces:AZ
ajax;20061129 18:54:52;/accounts/ajax/validate.php;return=ok|zipcode|
ajax;20061129 18:54:52;/accounts/ajax/validate.php;return=ok|state|
ajax;20061129 18:54:52;/accounts/ajax/validate.php;validate:namespaces:US
ajax;20061129 18:54:52;/accounts/ajax/validate.php;return=ok|country|
ajax;20061129 18:54:52;/accounts/ajax/validate.php;validate:phone:480-926-2368
ajax;20061129 18:54:52;/accounts/ajax/validate.php;return=ok|phone|
ajax;20061129 18:56:24;/conference/registration/index.php;validate:required:Manager
ajax;20061129 18:56:24;/conference/registration/index.php;validate:required:Chandler
ajax;20061129 18:56:24;/conference/registration/index.php;validate:required:AZ
ajax;20061129 18:56:24;/conference/registration/index.php;validate:namespaces:AZ
ajax;20061129 18:56:24;/conference/registration/index.php;validate:zipcode:85225
ajax;20061129 18:56:24;/conference/registration/index.php;validate:required:US
ajax;20061129 18:56:24;/conference/registration/index.php;validate:namespaces:US
ajax;20061129 18:56:24;/conference/registration/index.php;validate:required:480-926-2368
ajax;20061129 18:56:24;/conference/registration/index.php;validate:phone:480-926-2368
ajax;20061129 18:56:24;/conference/registration/index.php;validate:required:Y
ajax;20061129 18:56:24;/conference/registration/index.php;validate:required:N
ajax;20061129 18:56:24;/conference/registration/index.php;validate:required:X-Large
ajax;20061129 18:56:24;/conference/registration/index.php;validate:required:TUE
ajax;20061129 18:56:24;/conference/registration/index.php;validate:required:WED
ajax;20061129 18:56:24;/conference/registration/index.php;validate:required:THU
ajax;20061129 18:56:24;/conference/registration/index.php;validate:required: 
blakley@unicon.net;20061129 18:56:25;/conference/registration/index.php;user modified (ldap): John Blakley (blakley@unicon.net) [1050]
vsinou;20061129 19:13:56;/accounts/login.php;user logged in (ldap):153.18.144.238:https://sakaiproject.org/accounts/login.php?ref=/conference/proposals/index.php&msg=You+must+login+to+register+or+submit+a+proposal+for+the+Sakai+Atlanta+conference.+If+you+do+not+have+an+account%2C+please+create+one.
galpert@huc.edu;20061129 20:14:45;/accounts/forgot_password.php;user modified (ldap): Gregg Alpert (galpert@huc.edu) [929]
206.117.15.4;20061129 20:14:45;/accounts/forgot_password.php;password reset: galpert@huc.edu
galpert@huc.edu;20061129 20:15:44;/accounts/login.php;user logged in (ldap):206.117.15.4:https://sakaiproject.org/accounts/login.php
ajax;20061129 20:15:53;/accounts/ajax/validate.php;validate:namespaces:Los Angeles
ajax;20061129 20:15:53;/accounts/ajax/validate.php;validate:email:galpert@huc.edu
ajax;20061129 20:15:53;/accounts/ajax/validate.php;return=ok|city|
ajax;20061129 20:15:53;/accounts/ajax/validate.php;validate:uniquesql:galpert@huc.edu
ajax;20061129 20:15:53;/accounts/ajax/validate.php;return=ok|email|
ajax;20061129 20:15:53;/accounts/ajax/validate.php;validate:namespaces:CA
ajax;20061129 20:15:53;/accounts/ajax/validate.php;return=ok|state|
ajax;20061129 20:15:53;/accounts/ajax/validate.php;validate:zipcode:90007
ajax;20061129 20:15:53;/accounts/ajax/validate.php;return=ok|zipcode|
ajax;20061129 20:15:53;/accounts/ajax/validate.php;validate:namespaces:US
ajax;20061129 20:15:53;/accounts/ajax/validate.php;return=ok|country|
ajax;20061129 20:15:53;/accounts/ajax/validate.php;validate:phone:2137493424
ajax;20061129 20:15:53;/accounts/ajax/validate.php;return=ok|phone|
ajax;20061129 20:16:15;/accounts/myaccount.php;validate:password:bigabba
ajax;20061129 20:16:15;/accounts/myaccount.php;validate:password:bigabba
ajax;20061129 20:16:15;/accounts/myaccount.php;validate:match:bigabba
ajax;20061129 20:16:15;/accounts/myaccount.php;validate:required:Gregg
ajax;20061129 20:16:15;/accounts/myaccount.php;validate:required:Alpert
ajax;20061129 20:16:15;/accounts/myaccount.php;validate:required:galpert@huc.edu
ajax;20061129 20:16:15;/accounts/myaccount.php;validate:email:galpert@huc.edu
ajax;20061129 20:16:15;/accounts/myaccount.php;validate:uniquesql:galpert@huc.edu
ajax;20061129 20:16:15;/accounts/myaccount.php;validate:required:University Administration
ajax;20061129 20:16:15;/accounts/myaccount.php;validate:required:Hebrew Union College - Jewish
ajax;20061129 20:16:15;/accounts/myaccount.php;validate::3077 University Ave
ajax;20061129 20:16:15;/accounts/myaccount.php;validate:namespaces:Los Angeles
ajax;20061129 20:16:15;/accounts/myaccount.php;validate:namespaces:CA
ajax;20061129 20:16:15;/accounts/myaccount.php;validate:zipcode:90007
ajax;20061129 20:16:15;/accounts/myaccount.php;validate:namespaces:US
ajax;20061129 20:16:15;/accounts/myaccount.php;validate:phone:2137493424
galpert@huc.edu;20061129 20:16:15;/accounts/myaccount.php;user modified (ldap): Gregg Alpert (galpert@huc.edu) [929]
jxf;20061129 20:16:33;/accounts/login.php;user logged in (internal):141.156.110.206:https://sakaiproject.org/accounts/login.php?ref=/conference/registration/index.php&msg=You+must+login+to+register+or+submit+a+proposal+for+the+Sakai+Atlanta+conference.+If+you+do+not+have+an+account%2C+please+create+one.
jxf;20061129 20:16:33;/accounts/login.php;user added (ldap): Jim Farmer (jxf@immagic.com) [665]
ajax;20061129 20:16:38;/accounts/ajax/validate.php;validate:namespaces:DC
ajax;20061129 20:16:38;/accounts/ajax/validate.php;return=ok|state|
ajax;20061129 20:16:38;/accounts/ajax/validate.php;validate:zipcode:20005
ajax;20061129 20:16:38;/accounts/ajax/validate.php;return=ok|zipcode|
ajax;20061129 20:16:38;/accounts/ajax/validate.php;validate:namespaces:US
ajax;20061129 20:16:38;/accounts/ajax/validate.php;return=ok|country|
ajax;20061129 20:16:38;/accounts/ajax/validate.php;validate:phone:2022962807
ajax;20061129 20:16:38;/accounts/ajax/validate.php;return=ok|phone|
ajax;20061129 20:17:48;/conference/registration/index.php;validate:required:Instructional Technologist
ajax;20061129 20:17:48;/conference/registration/index.php;validate:required:Washington
ajax;20061129 20:17:48;/conference/registration/index.php;validate:required:DC
ajax;20061129 20:17:48;/conference/registration/index.php;validate:namespaces:DC
ajax;20061129 20:17:48;/conference/registration/index.php;validate:zipcode:20005
ajax;20061129 20:17:48;/conference/registration/index.php;validate:required:US
ajax;20061129 20:17:48;/conference/registration/index.php;validate:namespaces:US
ajax;20061129 20:17:48;/conference/registration/index.php;validate:required:2022962807
ajax;20061129 20:17:48;/conference/registration/index.php;validate:phone:2022962807
ajax;20061129 20:17:48;/conference/registration/index.php;validate:required:N
ajax;20061129 20:17:48;/conference/registration/index.php;validate:required:Y
ajax;20061129 20:17:48;/conference/registration/index.php;validate:required:Medium
ajax;20061129 20:17:48;/conference/registration/index.php;validate:required: 
ajax;20061129 20:17:48;/conference/registration/index.php;validate:required:WED
ajax;20061129 20:17:48;/conference/registration/index.php;validate:required: 
ajax;20061129 20:17:48;/conference/registration/index.php;validate:required: 
jxf;20061129 20:17:48;/conference/registration/index.php;user modified (ldap): Jim Farmer (jxf@immagic.com) [665]
abcassidy;20061129 21:48:37;/accounts/login.php;user logged in (ldap):71.248.160.33:https://sakaiproject.org/accounts/login.php?ref=/conference/admin/proposals.php
