ajax;20060612 05:38:45;/accounts/ajax/validate.php;validate:email:markomaki
ajax;20060612 05:38:45;/accounts/ajax/validate.php;return=error|username|Invalid email address
ajax;20060612 05:39:01;/accounts/ajax/validate.php;validate:email:marko.maki@upm-kymmene.com
ajax;20060612 05:39:01;/accounts/ajax/validate.php;validate:uniqueuserp:marko.maki@upm-kymmene.com
ajax;20060612 05:39:01;/accounts/ajax/validate.php;return=ok|email|
ajax;20060612 05:40:22;/accounts/ajax/validate.php;validate:email:marko.maki@upm-kymmene.com
ajax;20060612 05:40:22;/accounts/ajax/validate.php;validate:uniqueuserp:marko.maki@upm-kymmene.com
ajax;20060612 05:40:22;/accounts/ajax/validate.php;validate:uniqueuserp:marko.maki@upm-kymmene.com
ajax;20060612 05:40:23;/accounts/ajax/validate.php;return=ok|username|
shardin;20060612 09:53:35;/accounts/login.php;user logged in (ldap):64.235.110.195:https://sakaiproject.org/accounts/login.php
ajax;20060612 09:54:31;/accounts/ajax/validate.php;validate:uniqueuserp:bdie001
ajax;20060612 09:54:31;/accounts/ajax/validate.php;validate:email:s.diener@auckland.ac.nz
ajax;20060612 09:54:31;/accounts/ajax/validate.php;validate:uniqueuserp:s.diener@auckland.ac.nz
ajax;20060612 09:54:31;/accounts/ajax/validate.php;return=ok|username|
ajax;20060612 09:54:32;/accounts/ajax/validate.php;return=ok|email|
ajax;20060612 09:54:32;/accounts/ajax/validate.php;validate:namespaces:Auckland
ajax;20060612 09:54:32;/accounts/ajax/validate.php;return=ok|city|
ajax;20060612 09:54:32;/accounts/ajax/validate.php;validate:namespaces:New Zealand
ajax;20060612 09:54:32;/accounts/ajax/validate.php;return=ok|state|
ajax;20060612 09:54:32;/accounts/ajax/validate.php;validate:namespaces:NZ
ajax;20060612 09:54:32;/accounts/ajax/validate.php;return=ok|country|
ajax;20060612 09:54:32;/accounts/ajax/validate.php;validate:phone:64 9 373-7599
ajax;20060612 09:54:32;/accounts/ajax/validate.php;return=ok|phone|
kreister;20060612 10:30:10;/accounts/login.php;user logged in (ldap):141.213.32.93:https://sakaiproject.org/accounts/login.php?ref=/accounts/admin/admin_users.php
ajax;20060612 10:30:36;/accounts/ajax/validate.php;validate:uniqueuserp:rami_ghorab
ajax;20060612 10:30:36;/accounts/ajax/validate.php;validate:email:moghorab@iti.net.eg
ajax;20060612 10:30:36;/accounts/ajax/validate.php;validate:uniqueuserp:moghorab@iti.net.eg
ajax;20060612 10:30:36;/accounts/ajax/validate.php;validate:zipcode:12111
ajax;20060612 10:30:36;/accounts/ajax/validate.php;return=ok|zipcode|
ajax;20060612 10:30:36;/accounts/ajax/validate.php;validate:namespaces:Egypt
ajax;20060612 10:30:36;/accounts/ajax/validate.php;return=ok|state|
ajax;20060612 10:30:36;/accounts/ajax/validate.php;validate:namespaces:Cairo
ajax;20060612 10:30:36;/accounts/ajax/validate.php;return=ok|city|
ajax;20060612 10:30:36;/accounts/ajax/validate.php;validate:namespaces:EG
ajax;20060612 10:30:36;/accounts/ajax/validate.php;return=ok|country|
ajax;20060612 10:30:36;/accounts/ajax/validate.php;return=ok|username|
ajax;20060612 10:30:36;/accounts/ajax/validate.php;return=ok|email|
ajax;20060612 10:30:36;/accounts/ajax/validate.php;validate:phone:2023868420
ajax;20060612 10:30:36;/accounts/ajax/validate.php;return=ok|phone|
ajax;20060612 10:30:37;/accounts/ajax/validate.php;validate:phone:2023868429
ajax;20060612 10:30:37;/accounts/ajax/validate.php;return=ok|fax|
gbhatnag;20060612 14:54:17;/accounts/login.php;user logged in (ldap):141.211.43.176:https://sakaiproject.org/accounts/login.php?ref=/facebook/index.php
kreister;20060612 15:24:35;/accounts/login.php;user logged in (ldap):141.213.32.93:https://sakaiproject.org/accounts/login.php?ref=/accounts/admin/admin_users.php
ajax;20060612 15:27:15;/accounts/ajax/validate.php;validate:uniqueuserp:yangb
ajax;20060612 15:27:15;/accounts/ajax/validate.php;validate:email:yangb@ecu.edu
ajax;20060612 15:27:15;/accounts/ajax/validate.php;validate:uniqueuserp:yangb@ecu.edu
ajax;20060612 15:27:16;/accounts/ajax/validate.php;return=ok|username|
ajax;20060612 15:27:16;/accounts/ajax/validate.php;return=ok|email|
ajax;20060612 15:27:16;/accounts/ajax/validate.php;validate:namespaces:NC
ajax;20060612 15:27:16;/accounts/ajax/validate.php;validate:namespaces:Greenville
ajax;20060612 15:27:16;/accounts/ajax/validate.php;return=ok|state|
ajax;20060612 15:27:16;/accounts/ajax/validate.php;return=ok|city|
ajax;20060612 15:27:16;/accounts/ajax/validate.php;validate:phone:252-328-9072
ajax;20060612 15:27:16;/accounts/ajax/validate.php;return=ok|phone|
ajax;20060612 15:27:16;/accounts/ajax/validate.php;validate:zipcode:27858
ajax;20060612 15:27:16;/accounts/ajax/validate.php;return=ok|zipcode|
ajax;20060612 15:27:16;/accounts/ajax/validate.php;validate:namespaces:US
ajax;20060612 15:27:16;/accounts/ajax/validate.php;return=ok|country|
ajax;20060612 15:27:16;/accounts/ajax/validate.php;validate:phone:252-328-9417
ajax;20060612 15:27:16;/accounts/ajax/validate.php;return=ok|fax|
ajax;20060612 15:33:25;/accounts/ajax/validate.php;validate:uniqueuserp:dds007
ajax;20060612 15:33:26;/accounts/ajax/validate.php;validate:email:daniel.duseuil@arteveldehs.be
ajax;20060612 15:33:26;/accounts/ajax/validate.php;validate:uniqueuserp:daniel.duseuil@arteveldehs.be
ajax;20060612 15:33:26;/accounts/ajax/validate.php;return=ok|username|
ajax;20060612 15:33:26;/accounts/ajax/validate.php;validate:namespaces:Ghent
ajax;20060612 15:33:26;/accounts/ajax/validate.php;return=ok|city|
ajax;20060612 15:33:26;/accounts/ajax/validate.php;return=ok|email|
ajax;20060612 15:33:26;/accounts/ajax/validate.php;validate:namespaces:BE
ajax;20060612 15:33:26;/accounts/ajax/validate.php;return=ok|country|
kreister;20060612 17:00:22;/accounts/login.php;user logged in (ldap):141.213.32.93:https://sakaiproject.org/accounts/login.php?ref=/accounts/admin/admin_users.php
ajax;20060612 17:05:46;/accounts/ajax/validate.php;validate:uniqueuserp:rdahl
ajax;20060612 17:05:46;/accounts/ajax/validate.php;validate:email:r.dahl@uwinnipeg.ca
ajax;20060612 17:05:46;/accounts/ajax/validate.php;validate:uniqueuserp:r.dahl@uwinnipeg.ca
ajax;20060612 17:05:46;/accounts/ajax/validate.php;return=ok|username|
ajax;20060612 17:05:46;/accounts/ajax/validate.php;validate:namespaces:Winnipeg
ajax;20060612 17:05:46;/accounts/ajax/validate.php;return=ok|city|
ajax;20060612 17:05:46;/accounts/ajax/validate.php;return=ok|email|
ajax;20060612 17:05:46;/accounts/ajax/validate.php;validate:namespaces:CA
ajax;20060612 17:05:46;/accounts/ajax/validate.php;validate:namespaces:MB
ajax;20060612 17:05:46;/accounts/ajax/validate.php;return=ok|country|
ajax;20060612 17:05:46;/accounts/ajax/validate.php;return=ok|state|
ajax;20060612 17:05:46;/accounts/ajax/validate.php;validate:phone:2047869050
ajax;20060612 17:05:46;/accounts/ajax/validate.php;return=ok|phone|
ajax;20060612 17:05:46;/accounts/ajax/validate.php;validate:phone:2047838910
ajax;20060612 17:05:46;/accounts/ajax/validate.php;return=ok|fax|
ajax;20060612 17:06:03;/accounts/ajax/validate.php;validate:uniqueuserp:ruthdahl
ajax;20060612 17:06:03;/accounts/ajax/validate.php;validate:email:ruth.dahl@uwinnipeg.ca
ajax;20060612 17:06:03;/accounts/ajax/validate.php;validate:uniqueuserp:ruth.dahl@uwinnipeg.ca
ajax;20060612 17:06:03;/accounts/ajax/validate.php;return=ok|username|
ajax;20060612 17:06:03;/accounts/ajax/validate.php;validate:zipcode:R3B 2E9
ajax;20060612 17:06:03;/accounts/ajax/validate.php;return=ok|zipcode|
ajax;20060612 17:06:03;/accounts/ajax/validate.php;return=ok|email|
ajax;20060612 17:06:03;/accounts/ajax/validate.php;validate:phone:204-786-9050
ajax;20060612 17:06:03;/accounts/ajax/validate.php;return=ok|phone|
ajax;20060612 17:06:03;/accounts/ajax/validate.php;validate:phone:204-783-8910
ajax;20060612 17:06:03;/accounts/ajax/validate.php;return=ok|fax|
johniglesia;20060612 21:23:21;/accounts/login.php;user logged in (ldap):200.61.40.3:https://sakaiproject.org/accounts/login.php
