ajax;20070105 08:19:37;/accounts/ajax/validate.php;validate:namespaces:shanghai
ajax;20070105 08:19:38;/accounts/ajax/validate.php;return=ok|city|
ajax;20070105 08:19:52;/accounts/ajax/validate.php;validate:namespaces:shanghai
ajax;20070105 08:19:52;/accounts/ajax/validate.php;return=ok|stateOther|
ajax;20070105 08:20:12;/accounts/ajax/validate.php;validate:zipcode:200240
ajax;20070105 08:20:12;/accounts/ajax/validate.php;return=error|zipcode|Invalid US zip, must be 5 or 9 digits
ajax;20070105 08:20:16;/accounts/ajax/validate.php;validate:namespaces:CN
ajax;20070105 08:20:16;/accounts/ajax/validate.php;return=ok|country|
ajax;20070105 08:20:25;/accounts/ajax/validate.php;validate:zipcode:86200240
ajax;20070105 08:20:25;/accounts/ajax/validate.php;return=error|zipcode|Invalid US zip, must be 5 or 9 digits
ajax;20070105 08:22:49;/accounts/ajax/validate.php;validate:email:jackwilson
ajax;20070105 08:22:49;/accounts/ajax/validate.php;return=error|username|Invalid email address
ajax;20070105 08:23:04;/accounts/ajax/validate.php;validate:email:mailtosnowwhite@yahoo.com.cn
ajax;20070105 08:23:04;/accounts/ajax/validate.php;validate:uniqueuserp:mailtosnowwhite@yahoo.com.cn
ajax;20070105 08:23:04;/accounts/ajax/validate.php;validate:uniqueuserp:mailtosnowwhite@yahoo.com.cn
ajax;20070105 08:23:04;/accounts/ajax/validate.php;return=ok|username|
ajax;20070105 08:23:47;/accounts/ajax/validate.php;validate:zipcode:086200240
ajax;20070105 08:23:47;/accounts/ajax/validate.php;return=ok|zipcode|
ajax;20070105 08:24:34;/accounts/ajax/validate.php;validate:email:mailtosnowwhite@yahoo.com
ajax;20070105 08:24:34;/accounts/ajax/validate.php;validate:uniqueuserp:mailtosnowwhite@yahoo.com
ajax;20070105 08:24:34;/accounts/ajax/validate.php;return=ok|email|
ajax;20070105 08:24:42;/accounts/createaccount.php;validate:required:mailtosnowwhite@yahoo.com.cn
ajax;20070105 08:24:42;/accounts/createaccount.php;validate:email:mailtosnowwhite@yahoo.com.cn
ajax;20070105 08:24:42;/accounts/createaccount.php;validate:uniqueuserp:mailtosnowwhite@yahoo.com.cn
ajax;20070105 08:24:42;/accounts/createaccount.php;validate:uniqueuserp:mailtosnowwhite@yahoo.com.cn
ajax;20070105 08:24:42;/accounts/createaccount.php;validate:required:bruce12345billy
ajax;20070105 08:24:42;/accounts/createaccount.php;validate:password:bruce12345billy
ajax;20070105 08:24:42;/accounts/createaccount.php;validate:required:bruce12345billy
ajax;20070105 08:24:42;/accounts/createaccount.php;validate:password:bruce12345billy
ajax;20070105 08:24:42;/accounts/createaccount.php;validate:match:bruce12345billy
ajax;20070105 08:24:42;/accounts/createaccount.php;validate:required:jack
ajax;20070105 08:24:42;/accounts/createaccount.php;validate:required:wilson
ajax;20070105 08:24:42;/accounts/createaccount.php;validate:required:mailtosnowwhite@yahoo.com
ajax;20070105 08:24:42;/accounts/createaccount.php;validate:email:mailtosnowwhite@yahoo.com
ajax;20070105 08:24:42;/accounts/createaccount.php;validate:uniqueuserp:mailtosnowwhite@yahoo.com
ajax;20070105 08:24:42;/accounts/createaccount.php;validate:required:Developer/Programmer
ajax;20070105 08:24:42;/accounts/createaccount.php;validate::Faculty
ajax;20070105 08:24:42;/accounts/createaccount.php;validate:required:shanghai jiaotong univ
ajax;20070105 08:24:42;/accounts/createaccount.php;validate::shanghai,china
ajax;20070105 08:24:42;/accounts/createaccount.php;validate:namespaces:shanghai
ajax;20070105 08:24:42;/accounts/createaccount.php;validate:namespaces:shanghai
ajax;20070105 08:24:42;/accounts/createaccount.php;validate:zipcode:086200240
ajax;20070105 08:24:42;/accounts/createaccount.php;validate:namespaces:CN
mailtosnowwhite@yahoo.com.cn;20070105 08:24:43;/accounts/createaccount.php;user added (ldap): jack wilson (mailtosnowwhite@yahoo.com) [1092]
202.120.38.3;20070105 08:24:43;/accounts/createaccount.php;created account: mailtosnowwhite@yahoo.com.cn (mailtosnowwhite@yahoo.com) wilson,jack: inst=1
