ajax;20060419 00:09:54;/accounts/ajax/validate.php;validate:namespaces:Unisys
ajax;20060419 00:09:55;/accounts/ajax/validate.php;validate:uniqueinstp:Unisys
ajax;20060419 00:09:55;/accounts/ajax/validate.php;return=ok|name|
ajax;20060419 00:10:22;/accounts/admin/admin_inst.php;validate:required:Unisys
ajax;20060419 00:10:22;/accounts/admin/admin_inst.php;validate:namespaces:Unisys
ajax;20060419 00:10:22;/accounts/admin/admin_inst.php;validate:uniqueinstp:Unisys
ajax;20060419 00:10:22;/accounts/admin/admin_inst.php;validate:required:commercial
;20060419 00:10:22;/accounts/admin/admin_inst.php;inst added (ldap): Unisys (commercial) [108]
ajax;20060419 00:10:24;/accounts/ajax/validate.php;validate:namespaces:Unisys
ajax;20060419 00:10:24;/accounts/ajax/validate.php;validate:uniqueinstp:Unisys
ajax;20060419 00:10:24;/accounts/ajax/validate.php;return=ok|name|
ajax;20060419 00:14:32;/accounts/ajax/validate.php;validate:uniqueuserp:hardin
ajax;20060419 00:14:32;/accounts/ajax/validate.php;return=ok|username|
ajax;20060419 00:14:33;/accounts/ajax/validate.php;validate:email:hardin@umich.edu
ajax;20060419 00:14:33;/accounts/ajax/validate.php;validate:uniqueuserp:hardin@umich.edu
ajax;20060419 00:14:33;/accounts/ajax/validate.php;return=ok|email|
ajax;20060419 00:14:36;/accounts/ajax/validate.php;validate:namespaces:Annd Arbor
ajax;20060419 00:14:36;/accounts/ajax/validate.php;return=ok|city|
ajax;20060419 00:14:36;/accounts/ajax/validate.php;validate:zipcode:48109
ajax;20060419 00:14:36;/accounts/ajax/validate.php;return=ok|zipcode|
ajax;20060419 00:14:36;/accounts/ajax/validate.php;validate:namespaces:MI
ajax;20060419 00:14:36;/accounts/ajax/validate.php;return=ok|state|
ajax;20060419 00:14:36;/accounts/ajax/validate.php;validate:phone:734 763-3266
ajax;20060419 00:14:36;/accounts/ajax/validate.php;return=ok|phone|
ajax;20060419 00:14:38;/accounts/ajax/validate.php;validate:namespaces:Ann Arbor
ajax;20060419 00:14:38;/accounts/ajax/validate.php;return=ok|city|
ajax;20060419 00:14:39;/accounts/ajax/validate.php;validate:namespaces:US
ajax;20060419 00:14:39;/accounts/ajax/validate.php;return=ok|country|
ajax;20060419 00:14:48;/accounts/admin/admin_user.php;validate:required:hardin
ajax;20060419 00:14:48;/accounts/admin/admin_user.php;validate:nospaces:hardin
ajax;20060419 00:14:48;/accounts/admin/admin_user.php;validate:uniqueuserp:hardin
ajax;20060419 00:14:48;/accounts/admin/admin_user.php;validate:required:Joseph
ajax;20060419 00:14:48;/accounts/admin/admin_user.php;validate:required:Hardin
ajax;20060419 00:14:48;/accounts/admin/admin_user.php;validate:required:hardin@umich.edu
ajax;20060419 00:14:48;/accounts/admin/admin_user.php;validate:email:hardin@umich.edu
ajax;20060419 00:14:48;/accounts/admin/admin_user.php;validate:uniqueuserp:hardin@umich.edu
ajax;20060419 00:14:48;/accounts/admin/admin_user.php;validate:required:Manager
ajax;20060419 00:14:48;/accounts/admin/admin_user.php;validate:required:76
ajax;20060419 00:14:48;/accounts/admin/admin_user.php;validate::Duderstadt Center
ajax;20060419 00:14:48;/accounts/admin/admin_user.php;validate:namespaces:Ann Arbor
ajax;20060419 00:14:48;/accounts/admin/admin_user.php;validate:namespaces:MI
ajax;20060419 00:14:48;/accounts/admin/admin_user.php;validate:zipcode:48109
ajax;20060419 00:14:48;/accounts/admin/admin_user.php;validate:namespaces:US
ajax;20060419 00:14:48;/accounts/admin/admin_user.php;validate:phone:734 763-3266
;20060419 00:14:49;/accounts/admin/admin_user.php;inst modified (ldap): University of Michigan (educational) [76]
;20060419 00:14:49;/accounts/admin/admin_user.php;inst modified (ldap): University of Michigan (educational) [76]
hardin;20060419 00:14:50;/accounts/admin/admin_user.php;user modified (ldap): Joseph Hardin (hardin@umich.edu) [191]
ajax;20060419 00:14:53;/accounts/ajax/validate.php;validate:email:hardin@umich.edu
ajax;20060419 00:14:53;/accounts/ajax/validate.php;validate:uniqueuserp:hardin@umich.edu
ajax;20060419 00:14:53;/accounts/ajax/validate.php;return=ok|email|
ajax;20060419 00:14:53;/accounts/ajax/validate.php;validate:namespaces:Ann Arbor
ajax;20060419 00:14:53;/accounts/ajax/validate.php;return=ok|city|
ajax;20060419 00:14:53;/accounts/ajax/validate.php;validate:namespaces:MI
ajax;20060419 00:14:53;/accounts/ajax/validate.php;return=ok|state|
ajax;20060419 00:14:54;/accounts/ajax/validate.php;validate:zipcode:48109
ajax;20060419 00:14:54;/accounts/ajax/validate.php;return=ok|zipcode|
ajax;20060419 00:14:54;/accounts/ajax/validate.php;validate:namespaces:US
ajax;20060419 00:14:54;/accounts/ajax/validate.php;return=ok|country|
ajax;20060419 00:14:55;/accounts/ajax/validate.php;validate:phone:734 763-3266
ajax;20060419 00:14:55;/accounts/ajax/validate.php;return=ok|phone|
ajax;20060419 00:14:55;/accounts/ajax/validate.php;validate:uniqueuserp:hardin
ajax;20060419 00:14:55;/accounts/ajax/validate.php;return=ok|username|
ajax;20060419 00:16:09;/accounts/ajax/validate.php;validate:uniqueuserp:wendemm
ajax;20060419 00:16:09;/accounts/ajax/validate.php;return=ok|username|
ajax;20060419 00:16:09;/accounts/ajax/validate.php;validate:namespaces:Portland
ajax;20060419 00:16:09;/accounts/ajax/validate.php;return=ok|city|
ajax;20060419 00:16:12;/accounts/ajax/validate.php;validate:email:wendemm@gmail.com
ajax;20060419 00:16:12;/accounts/ajax/validate.php;validate:uniqueuserp:wendemm@gmail.com
ajax;20060419 00:16:12;/accounts/ajax/validate.php;validate:namespaces:OR
ajax;20060419 00:16:12;/accounts/ajax/validate.php;return=ok|state|
ajax;20060419 00:16:12;/accounts/ajax/validate.php;return=ok|email|
ajax;20060419 00:16:13;/accounts/ajax/validate.php;validate:zipcode:97201
ajax;20060419 00:16:13;/accounts/ajax/validate.php;return=ok|zipcode|
ajax;20060419 00:16:13;/accounts/ajax/validate.php;validate:namespaces:US
ajax;20060419 00:16:13;/accounts/ajax/validate.php;return=ok|country|
ajax;20060419 00:16:13;/accounts/ajax/validate.php;validate:phone:(503)577-7712
ajax;20060419 00:16:13;/accounts/ajax/validate.php;return=ok|phone|
ajax;20060419 00:16:17;/accounts/admin/admin_user.php;validate:required:wendemm
ajax;20060419 00:16:17;/accounts/admin/admin_user.php;validate:nospaces:wendemm
ajax;20060419 00:16:17;/accounts/admin/admin_user.php;validate:uniqueuserp:wendemm
ajax;20060419 00:16:17;/accounts/admin/admin_user.php;validate:required:Wende
ajax;20060419 00:16:17;/accounts/admin/admin_user.php;validate:required:Morgaine
ajax;20060419 00:16:17;/accounts/admin/admin_user.php;validate:required:wendemm@gmail.com
ajax;20060419 00:16:17;/accounts/admin/admin_user.php;validate:email:wendemm@gmail.com
ajax;20060419 00:16:17;/accounts/admin/admin_user.php;validate:uniqueuserp:wendemm@gmail.com
ajax;20060419 00:16:18;/accounts/admin/admin_user.php;validate:required:Implementor
ajax;20060419 00:16:18;/accounts/admin/admin_user.php;validate:required:39
ajax;20060419 00:16:18;/accounts/admin/admin_user.php;validate::PSU
ajax;20060419 00:16:18;/accounts/admin/admin_user.php;validate:namespaces:Portland
ajax;20060419 00:16:18;/accounts/admin/admin_user.php;validate:namespaces:OR
ajax;20060419 00:16:18;/accounts/admin/admin_user.php;validate:zipcode:97201
ajax;20060419 00:16:18;/accounts/admin/admin_user.php;validate:namespaces:US
ajax;20060419 00:16:18;/accounts/admin/admin_user.php;validate:phone:(503)577-7712
;20060419 00:16:18;/accounts/admin/admin_user.php;inst modified (ldap): Portand State University (educational) [39]
;20060419 00:16:19;/accounts/admin/admin_user.php;inst modified (ldap): Portand State University (educational) [39]
wendemm;20060419 00:16:19;/accounts/admin/admin_user.php;user modified (ldap): Wende Morgaine (wendemm@gmail.com) [56]
ajax;20060419 00:16:22;/accounts/ajax/validate.php;validate:uniqueuserp:wendemm
ajax;20060419 00:16:22;/accounts/ajax/validate.php;return=ok|username|
ajax;20060419 00:16:22;/accounts/ajax/validate.php;validate:namespaces:Portland
ajax;20060419 00:16:22;/accounts/ajax/validate.php;return=ok|city|
ajax;20060419 00:16:22;/accounts/ajax/validate.php;validate:email:wendemm@gmail.com
ajax;20060419 00:16:22;/accounts/ajax/validate.php;validate:uniqueuserp:wendemm@gmail.com
ajax;20060419 00:16:22;/accounts/ajax/validate.php;validate:namespaces:OR
ajax;20060419 00:16:22;/accounts/ajax/validate.php;return=ok|state|
ajax;20060419 00:16:22;/accounts/ajax/validate.php;return=ok|email|
ajax;20060419 00:16:23;/accounts/ajax/validate.php;validate:zipcode:97201
ajax;20060419 00:16:23;/accounts/ajax/validate.php;return=ok|zipcode|
ajax;20060419 00:16:23;/accounts/ajax/validate.php;validate:namespaces:US
ajax;20060419 00:16:23;/accounts/ajax/validate.php;return=ok|country|
ajax;20060419 00:16:23;/accounts/ajax/validate.php;validate:phone:(503)577-7712
ajax;20060419 00:16:23;/accounts/ajax/validate.php;return=ok|phone|
ajax;20060419 00:17:54;/accounts/ajax/validate.php;validate:uniqueuserp:bwheeler@indiana.edu
ajax;20060419 00:17:54;/accounts/ajax/validate.php;return=ok|username|
ajax;20060419 00:17:54;/accounts/ajax/validate.php;validate:namespaces:Bloomington
ajax;20060419 00:17:54;/accounts/ajax/validate.php;return=ok|city|
ajax;20060419 00:17:55;/accounts/ajax/validate.php;validate:email:bwheeler@indiana.edu
ajax;20060419 00:17:55;/accounts/ajax/validate.php;validate:uniqueuserp:bwheeler@indiana.edu
ajax;20060419 00:17:55;/accounts/ajax/validate.php;return=ok|email|
ajax;20060419 00:17:55;/accounts/ajax/validate.php;validate:namespaces:IN
ajax;20060419 00:17:55;/accounts/ajax/validate.php;return=ok|state|
ajax;20060419 00:17:55;/accounts/ajax/validate.php;validate:zipcode:47405
ajax;20060419 00:17:55;/accounts/ajax/validate.php;return=ok|zipcode|
ajax;20060419 00:17:55;/accounts/ajax/validate.php;validate:namespaces:US
ajax;20060419 00:17:55;/accounts/ajax/validate.php;return=ok|country|
ajax;20060419 00:17:55;/accounts/ajax/validate.php;validate:phone:8128553478
ajax;20060419 00:17:55;/accounts/ajax/validate.php;return=ok|phone|
ajax;20060419 00:18:03;/accounts/admin/admin_user.php;validate:required:bwheeler@indiana.edu
ajax;20060419 00:18:03;/accounts/admin/admin_user.php;validate:nospaces:bwheeler@indiana.edu
ajax;20060419 00:18:03;/accounts/admin/admin_user.php;validate:uniqueuserp:bwheeler@indiana.edu
ajax;20060419 00:18:03;/accounts/admin/admin_user.php;validate:required:Brad
ajax;20060419 00:18:03;/accounts/admin/admin_user.php;validate:required:Wheeler
ajax;20060419 00:18:03;/accounts/admin/admin_user.php;validate:required:bwheeler@indiana.edu
ajax;20060419 00:18:03;/accounts/admin/admin_user.php;validate:email:bwheeler@indiana.edu
ajax;20060419 00:18:03;/accounts/admin/admin_user.php;validate:uniqueuserp:bwheeler@indiana.edu
ajax;20060419 00:18:03;/accounts/admin/admin_user.php;validate:required:University Administration
ajax;20060419 00:18:03;/accounts/admin/admin_user.php;validate::Faculty
ajax;20060419 00:18:03;/accounts/admin/admin_user.php;validate:required:23
ajax;20060419 00:18:03;/accounts/admin/admin_user.php;validate::601 E Kirkwood Ave
ajax;20060419 00:18:03;/accounts/admin/admin_user.php;validate:namespaces:Bloomington
ajax;20060419 00:18:03;/accounts/admin/admin_user.php;validate:namespaces:IN
ajax;20060419 00:18:03;/accounts/admin/admin_user.php;validate:zipcode:47405
ajax;20060419 00:18:03;/accounts/admin/admin_user.php;validate:namespaces:US
ajax;20060419 00:18:03;/accounts/admin/admin_user.php;validate:phone:8128553478
;20060419 00:18:04;/accounts/admin/admin_user.php;inst modified (ldap): Indiana University (educational) [23]
;20060419 00:18:04;/accounts/admin/admin_user.php;inst modified (ldap): Indiana University (educational) [23]
bwheeler@indiana.edu;20060419 00:18:05;/accounts/admin/admin_user.php;user modified (ldap): Brad Wheeler (bwheeler@indiana.edu) [165]
ajax;20060419 00:18:06;/accounts/ajax/validate.php;validate:uniqueuserp:bwheeler@indiana.edu
ajax;20060419 00:18:06;/accounts/ajax/validate.php;return=ok|username|
ajax;20060419 00:18:07;/accounts/ajax/validate.php;validate:namespaces:Bloomington
ajax;20060419 00:18:07;/accounts/ajax/validate.php;return=ok|city|
ajax;20060419 00:18:07;/accounts/ajax/validate.php;validate:email:bwheeler@indiana.edu
ajax;20060419 00:18:07;/accounts/ajax/validate.php;validate:uniqueuserp:bwheeler@indiana.edu
ajax;20060419 00:18:07;/accounts/ajax/validate.php;return=ok|email|
ajax;20060419 00:18:07;/accounts/ajax/validate.php;validate:namespaces:IN
ajax;20060419 00:18:07;/accounts/ajax/validate.php;return=ok|state|
ajax;20060419 00:18:07;/accounts/ajax/validate.php;validate:zipcode:47405
ajax;20060419 00:18:07;/accounts/ajax/validate.php;return=ok|zipcode|
ajax;20060419 00:18:08;/accounts/ajax/validate.php;validate:phone:8128553478
ajax;20060419 00:18:08;/accounts/ajax/validate.php;return=ok|phone|
ajax;20060419 00:18:09;/accounts/ajax/validate.php;validate:namespaces:US
ajax;20060419 00:18:09;/accounts/ajax/validate.php;return=ok|country|
ajax;20060419 00:18:48;/accounts/ajax/validate.php;validate:uniqueuserp:bwheeler@indiana.edu
ajax;20060419 00:18:48;/accounts/ajax/validate.php;return=ok|username|
ajax;20060419 00:18:52;/accounts/ajax/validate.php;validate:email:bwheeler@indiana.edu
ajax;20060419 00:18:52;/accounts/ajax/validate.php;validate:uniqueuserp:bwheeler@indiana.edu
ajax;20060419 00:18:52;/accounts/ajax/validate.php;validate:namespaces:Bloomington
ajax;20060419 00:18:52;/accounts/ajax/validate.php;return=ok|city|
ajax;20060419 00:18:52;/accounts/ajax/validate.php;return=ok|email|
ajax;20060419 00:18:52;/accounts/ajax/validate.php;validate:namespaces:IN
ajax;20060419 00:18:52;/accounts/ajax/validate.php;return=ok|state|
ajax;20060419 00:18:52;/accounts/ajax/validate.php;validate:zipcode:47405
ajax;20060419 00:18:52;/accounts/ajax/validate.php;return=ok|zipcode|
ajax;20060419 00:18:52;/accounts/ajax/validate.php;validate:namespaces:US
ajax;20060419 00:18:52;/accounts/ajax/validate.php;return=ok|country|
ajax;20060419 00:18:55;/accounts/ajax/validate.php;validate:phone:8128553478
ajax;20060419 00:18:55;/accounts/ajax/validate.php;return=ok|phone|
hallgerb;20060419 07:00:11;/accounts/activate.php;user modified (ldap): Hallgerd Benan (hallgerd.benan@usit.uio.no) [474]
hallgerb;20060419 07:00:18;/accounts/login.php;user logged in (ldap):129.240.200.184:https://sakaiproject.org/accounts/login.php
ajax;20060419 07:00:23;/accounts/ajax/validate.php;validate:phone: 47 97175310
ajax;20060419 07:00:23;/accounts/ajax/validate.php;return=ok|phone|
ajax;20060419 07:00:23;/accounts/ajax/validate.php;validate:phone: 47 22852730
ajax;20060419 07:00:23;/accounts/ajax/validate.php;return=ok|fax|
ajax;20060419 07:01:01;/accounts/ajax/validate.php;validate:phone: 47 97175310
ajax;20060419 07:01:01;/accounts/ajax/validate.php;return=ok|phone|
ajax;20060419 07:01:01;/accounts/ajax/validate.php;validate:phone: 47 22852730
ajax;20060419 07:01:01;/accounts/ajax/validate.php;return=ok|fax|
ajax;20060419 07:01:10;/accounts/ajax/validate.php;validate:email:hallgerd.benan@usit.uio.no
ajax;20060419 07:01:10;/accounts/ajax/validate.php;validate:namespaces:Oslo
ajax;20060419 07:01:10;/accounts/ajax/validate.php;validate:uniquesql:hallgerd.benan@usit.uio.no
ajax;20060419 07:01:10;/accounts/ajax/validate.php;return=ok|city|
ajax;20060419 07:01:10;/accounts/ajax/validate.php;return=ok|email|
ajax;20060419 07:01:10;/accounts/ajax/validate.php;validate:phone: 47 97175310
ajax;20060419 07:01:10;/accounts/ajax/validate.php;validate:phone: 47 22852730
ajax;20060419 07:01:10;/accounts/ajax/validate.php;return=ok|phone|
ajax;20060419 07:01:10;/accounts/ajax/validate.php;return=ok|fax|
ajax;20060419 07:01:53;/accounts/myaccount.php;validate:required:Hallgerd
ajax;20060419 07:01:53;/accounts/myaccount.php;validate:required:Benan
ajax;20060419 07:01:53;/accounts/myaccount.php;validate:required:hallgerd.benan@usit.uio.no
ajax;20060419 07:01:53;/accounts/myaccount.php;validate:email:hallgerd.benan@usit.uio.no
ajax;20060419 07:01:53;/accounts/myaccount.php;validate:uniquesql:hallgerd.benan@usit.uio.no
ajax;20060419 07:01:53;/accounts/myaccount.php;validate:required:Manager
ajax;20060419 07:01:53;/accounts/myaccount.php;validate::Implementor
ajax;20060419 07:01:53;/accounts/myaccount.php;validate:required:109
ajax;20060419 07:01:53;/accounts/myaccount.php;validate::University of Oslo
Center for Information Technology Services
P.O. Box 1059 Blindern
NO-0316 Oslo, Norway
ajax;20060419 07:01:53;/accounts/myaccount.php;validate:namespaces:Oslo
ajax;20060419 07:01:53;/accounts/myaccount.php;validate:phone:+47 97175310
ajax;20060419 07:01:53;/accounts/myaccount.php;validate:phone:+47 22852730
hallgerb;20060419 07:01:54;/accounts/myaccount.php;user modified (ldap): Hallgerd Benan (hallgerd.benan@usit.uio.no) [474]
ajax;20060419 07:01:55;/accounts/ajax/validate.php;validate:email:hallgerd.benan@usit.uio.no
ajax;20060419 07:01:55;/accounts/ajax/validate.php;validate:uniquesql:hallgerd.benan@usit.uio.no
ajax;20060419 07:01:55;/accounts/ajax/validate.php;return=ok|email|
ajax;20060419 07:01:55;/accounts/ajax/validate.php;validate:phone: 47 97175310
ajax;20060419 07:01:55;/accounts/ajax/validate.php;return=ok|phone|
ajax;20060419 07:01:55;/accounts/ajax/validate.php;validate:namespaces:Oslo
ajax;20060419 07:01:55;/accounts/ajax/validate.php;return=ok|city|
ajax;20060419 07:01:55;/accounts/ajax/validate.php;validate:phone: 47 22852730
ajax;20060419 07:01:55;/accounts/ajax/validate.php;return=ok|fax|
ajax;20060419 07:02:07;/accounts/ajax/validate.php;validate:phone: 47 97175310
ajax;20060419 07:02:07;/accounts/ajax/validate.php;return=ok|phone|
ajax;20060419 07:02:07;/accounts/ajax/validate.php;validate:phone: 47 22852730
ajax;20060419 07:02:07;/accounts/ajax/validate.php;return=ok|fax|
ajax;20060419 07:03:00;/accounts/ajax/validate.php;validate:namespaces:Norway
ajax;20060419 07:03:00;/accounts/ajax/validate.php;return=ok|stateOther|
ajax;20060419 07:03:06;/accounts/ajax/validate.php;validate:namespaces:NO
ajax;20060419 07:03:06;/accounts/ajax/validate.php;return=ok|country|
ajax;20060419 07:06:58;/conference/registration/index.php;validate:required:Manager
ajax;20060419 07:06:58;/conference/registration/index.php;validate::Implementor
ajax;20060419 07:06:58;/conference/registration/index.php;validate:required:Oslo
ajax;20060419 07:06:59;/conference/registration/index.php;validate:required:Norway
ajax;20060419 07:06:59;/conference/registration/index.php;validate:namespaces:Norway
ajax;20060419 07:06:59;/conference/registration/index.php;validate:required:NO
ajax;20060419 07:06:59;/conference/registration/index.php;validate:namespaces:NO
ajax;20060419 07:06:59;/conference/registration/index.php;validate:required:+47 97175310
ajax;20060419 07:06:59;/conference/registration/index.php;validate:phone:+47 97175310
ajax;20060419 07:06:59;/conference/registration/index.php;validate:phone:+47 22852730
ajax;20060419 07:06:59;/conference/registration/index.php;validate:required:Y
ajax;20060419 07:06:59;/conference/registration/index.php;validate:required:N
ajax;20060419 07:06:59;/conference/registration/index.php;validate:required:Small
hallgerb;20060419 07:06:59;/conference/registration/index.php;user modified (ldap): Hallgerd Benan (hallgerd.benan@usit.uio.no) [474]
ajax;20060419 07:09:05;/accounts/ajax/validate.php;validate:email:hallgerd.benan@usit.uio.no
ajax;20060419 07:09:05;/accounts/ajax/validate.php;validate:uniquesql:hallgerd.benan@usit.uio.no
ajax;20060419 07:09:05;/accounts/ajax/validate.php;return=ok|email|
ajax;20060419 07:09:05;/accounts/ajax/validate.php;validate:namespaces:Norway
ajax;20060419 07:09:05;/accounts/ajax/validate.php;return=ok|state|
ajax;20060419 07:09:05;/accounts/ajax/validate.php;validate:namespaces:Oslo
ajax;20060419 07:09:05;/accounts/ajax/validate.php;return=ok|city|
ajax;20060419 07:09:05;/accounts/ajax/validate.php;validate:namespaces:NO
ajax;20060419 07:09:05;/accounts/ajax/validate.php;return=ok|country|
ajax;20060419 07:09:05;/accounts/ajax/validate.php;validate:phone: 47 97175310
ajax;20060419 07:09:05;/accounts/ajax/validate.php;return=ok|phone|
ajax;20060419 07:09:05;/accounts/ajax/validate.php;validate:phone: 47 22852730
ajax;20060419 07:09:05;/accounts/ajax/validate.php;return=ok|fax|
ajax;20060419 07:09:20;/accounts/ajax/validate.php;validate:email:hallgerd.benan@usit.uio.no
ajax;20060419 07:09:20;/accounts/ajax/validate.php;validate:namespaces:Oslo
ajax;20060419 07:09:35;/accounts/ajax/validate.php;validate:uniquesql:hallgerd.benan@usit.uio.no
ajax;20060419 07:09:35;/accounts/ajax/validate.php;return=ok|city|
ajax;20060419 07:09:35;/accounts/ajax/validate.php;return=ok|email|
ajax;20060419 07:59:06;/accounts/ajax/validate.php;validate:uniqueuserp:iandolphin
ajax;20060419 07:59:06;/accounts/ajax/validate.php;return=ok|username|
ajax;20060419 07:59:30;/accounts/ajax/validate.php;validate:email:i.dolphin@hull.ac.uk
ajax;20060419 07:59:30;/accounts/ajax/validate.php;validate:uniqueuserp:i.dolphin@hull.ac.uk
ajax;20060419 07:59:30;/accounts/ajax/validate.php;return=ok|email|
ajax;20060419 07:59:44;/accounts/createaccount.php;validate:required:iandolphin
ajax;20060419 07:59:44;/accounts/createaccount.php;validate:nospaces:iandolphin
ajax;20060419 07:59:44;/accounts/createaccount.php;validate:uniqueuserp:iandolphin
ajax;20060419 07:59:44;/accounts/createaccount.php;validate:required:surbiton
ajax;20060419 07:59:44;/accounts/createaccount.php;validate:password:surbiton
ajax;20060419 07:59:44;/accounts/createaccount.php;validate:required:surbiton
ajax;20060419 07:59:44;/accounts/createaccount.php;validate:password:surbiton
ajax;20060419 07:59:44;/accounts/createaccount.php;validate:match:surbiton
ajax;20060419 07:59:44;/accounts/createaccount.php;validate:required:Ian
ajax;20060419 07:59:44;/accounts/createaccount.php;validate:required:Dolphin
ajax;20060419 07:59:44;/accounts/createaccount.php;validate:required:i.dolphin@hull.ac.uk
ajax;20060419 07:59:44;/accounts/createaccount.php;validate:email:i.dolphin@hull.ac.uk
ajax;20060419 07:59:44;/accounts/createaccount.php;validate:uniqueuserp:i.dolphin@hull.ac.uk
ajax;20060419 07:59:44;/accounts/createaccount.php;validate:required:Manager
ajax;20060419 07:59:44;/accounts/createaccount.php;validate:required:72
iandolphin;20060419 07:59:44;/accounts/createaccount.php;user added (ldap): Ian Dolphin (i.dolphin@hull.ac.uk) [487]
150.237.47.2;20060419 07:59:44;/accounts/createaccount.php;created account: iandolphin (i.dolphin@hull.ac.uk) Dolphin,Ian: inst=72
iandolphin;20060419 08:15:13;/accounts/activate.php;user modified (ldap): Ian Dolphin (i.dolphin@hull.ac.uk) [487]
dtyger@svsu.edu;20060419 08:48:20;/accounts/login.php;user logged in (internal):155.138.36.57:https://sakaiproject.org/accounts/login.php?ref=/conference/registration/index.php&msg=You+must+login+to+register+or+submit+a+proposal+for+the+Sakai+Vancouver+conference.+If+you+do+not+have+an+account%2C+please+create+one.
dtyger@svsu.edu;20060419 08:48:20;/accounts/login.php;user modified (ldap): Daniel Tyger (dtyger@svsu.edu) [339]
aaronz;20060419 08:50:49;/accounts/login.php;user logged in (ldap):65.200.183.126:https://sakaiproject.org/accounts/login.php?ref=/accounts/index.php
ajax;20060419 08:51:12;/accounts/ajax/validate.php;validate:uniqueuserp:jmoore1
ajax;20060419 08:51:13;/accounts/ajax/validate.php;validate:email:jmoore1@vt.edu
ajax;20060419 08:51:13;/accounts/ajax/validate.php;validate:uniqueuserp:jmoore1@vt.edu
ajax;20060419 08:51:13;/accounts/ajax/validate.php;return=ok|username|
ajax;20060419 08:51:13;/accounts/ajax/validate.php;return=ok|email|
ajax;20060419 08:51:13;/accounts/ajax/validate.php;validate:namespaces:Blacksburg
ajax;20060419 08:51:13;/accounts/ajax/validate.php;return=ok|city|
ajax;20060419 08:51:13;/accounts/ajax/validate.php;validate:namespaces:VA
ajax;20060419 08:51:13;/accounts/ajax/validate.php;return=ok|state|
ajax;20060419 08:51:13;/accounts/ajax/validate.php;validate:zipcode:24061
ajax;20060419 08:51:13;/accounts/ajax/validate.php;return=ok|zipcode|
ajax;20060419 08:51:13;/accounts/ajax/validate.php;validate:namespaces:US
ajax;20060419 08:51:13;/accounts/ajax/validate.php;return=ok|country|
ajax;20060419 08:51:13;/accounts/ajax/validate.php;validate:phone:540-231-8991
ajax;20060419 08:51:13;/accounts/ajax/validate.php;return=ok|phone|
ajax;20060419 08:51:13;/accounts/ajax/validate.php;validate:phone:540-231-5922
ajax;20060419 08:51:13;/accounts/ajax/validate.php;return=ok|fax|
ajax;20060419 08:51:19;/accounts/admin/admin_user.php;validate:required:jmoore1
ajax;20060419 08:51:19;/accounts/admin/admin_user.php;validate:nospaces:jmoore1
ajax;20060419 08:51:20;/accounts/admin/admin_user.php;validate:uniqueuserp:jmoore1
ajax;20060419 08:51:20;/accounts/admin/admin_user.php;validate:required:John
ajax;20060419 08:51:20;/accounts/admin/admin_user.php;validate:required:Moore
ajax;20060419 08:51:20;/accounts/admin/admin_user.php;validate:required:jmoore1@vt.edu
ajax;20060419 08:51:20;/accounts/admin/admin_user.php;validate:email:jmoore1@vt.edu
ajax;20060419 08:51:20;/accounts/admin/admin_user.php;validate:uniqueuserp:jmoore1@vt.edu
ajax;20060419 08:51:20;/accounts/admin/admin_user.php;validate:required:Manager
ajax;20060419 08:51:20;/accounts/admin/admin_user.php;validate::Faculty Development
ajax;20060419 08:51:20;/accounts/admin/admin_user.php;validate:required:88
ajax;20060419 08:51:20;/accounts/admin/admin_user.php;validate::3004 Torgersen Hall
Mail Stop 0232
ajax;20060419 08:51:20;/accounts/admin/admin_user.php;validate:namespaces:Blacksburg
ajax;20060419 08:51:20;/accounts/admin/admin_user.php;validate:namespaces:VA
ajax;20060419 08:51:20;/accounts/admin/admin_user.php;validate:zipcode:24061
ajax;20060419 08:51:20;/accounts/admin/admin_user.php;validate:namespaces:US
ajax;20060419 08:51:20;/accounts/admin/admin_user.php;validate:phone:540-231-8991
ajax;20060419 08:51:20;/accounts/admin/admin_user.php;validate:phone:540-231-5922
;20060419 08:51:20;/accounts/admin/admin_user.php;inst modified (ldap): Virginia Tech (educational) [88]
;20060419 08:51:21;/accounts/admin/admin_user.php;inst modified (ldap): Virginia Tech (educational) [88]
jmoore1;20060419 08:51:21;/accounts/admin/admin_user.php;user modified (ldap): John Moore (jmoore1@vt.edu) [78]
ajax;20060419 08:51:22;/accounts/ajax/validate.php;validate:uniqueuserp:jmoore1
ajax;20060419 08:51:22;/accounts/ajax/validate.php;validate:email:jmoore1@vt.edu
ajax;20060419 08:51:22;/accounts/ajax/validate.php;validate:uniqueuserp:jmoore1@vt.edu
ajax;20060419 08:51:22;/accounts/ajax/validate.php;return=ok|username|
ajax;20060419 08:51:22;/accounts/ajax/validate.php;validate:namespaces:Blacksburg
ajax;20060419 08:51:22;/accounts/ajax/validate.php;return=ok|city|
ajax;20060419 08:51:23;/accounts/ajax/validate.php;return=ok|email|
ajax;20060419 08:51:23;/accounts/ajax/validate.php;validate:namespaces:VA
ajax;20060419 08:51:23;/accounts/ajax/validate.php;return=ok|state|
ajax;20060419 08:51:23;/accounts/ajax/validate.php;validate:zipcode:24061
ajax;20060419 08:51:23;/accounts/ajax/validate.php;return=ok|zipcode|
ajax;20060419 08:51:23;/accounts/ajax/validate.php;validate:namespaces:US
ajax;20060419 08:51:23;/accounts/ajax/validate.php;return=ok|country|
ajax;20060419 08:51:23;/accounts/ajax/validate.php;validate:phone:540-231-8991
ajax;20060419 08:51:23;/accounts/ajax/validate.php;return=ok|phone|
ajax;20060419 08:51:23;/accounts/ajax/validate.php;validate:phone:540-231-5922
ajax;20060419 08:51:23;/accounts/ajax/validate.php;return=ok|fax|
ajax;20060419 08:56:54;/accounts/ajax/validate.php;validate:uniqueuserp:lbrooks@stanford.edu
ajax;20060419 08:56:54;/accounts/ajax/validate.php;validate:email:lbrooks@stanford.edu
ajax;20060419 08:56:54;/accounts/ajax/validate.php;validate:uniqueuserp:lbrooks@stanford.edu
ajax;20060419 08:56:54;/accounts/ajax/validate.php;return=ok|username|
ajax;20060419 08:56:54;/accounts/ajax/validate.php;validate:namespaces:Stanford
ajax;20060419 08:56:54;/accounts/ajax/validate.php;return=ok|city|
ajax;20060419 08:56:54;/accounts/ajax/validate.php;return=ok|email|
ajax;20060419 08:56:54;/accounts/ajax/validate.php;validate:namespaces:CA
ajax;20060419 08:56:54;/accounts/ajax/validate.php;return=ok|state|
ajax;20060419 08:56:54;/accounts/ajax/validate.php;validate:zipcode:94305-3101
ajax;20060419 08:56:54;/accounts/ajax/validate.php;return=ok|zipcode|
ajax;20060419 08:56:54;/accounts/ajax/validate.php;validate:namespaces:US
ajax;20060419 08:56:54;/accounts/ajax/validate.php;return=ok|country|
ajax;20060419 08:56:54;/accounts/ajax/validate.php;validate:phone:650-723-3064
ajax;20060419 08:56:54;/accounts/ajax/validate.php;return=ok|phone|
ajax;20060419 08:56:56;/accounts/admin/admin_user.php;validate:required:lbrooks@stanford.edu
ajax;20060419 08:56:56;/accounts/admin/admin_user.php;validate:nospaces:lbrooks@stanford.edu
ajax;20060419 08:56:56;/accounts/admin/admin_user.php;validate:uniqueuserp:lbrooks@stanford.edu
ajax;20060419 08:56:57;/accounts/admin/admin_user.php;validate:required:Lois
ajax;20060419 08:56:57;/accounts/admin/admin_user.php;validate:required:Brooks
ajax;20060419 08:56:57;/accounts/admin/admin_user.php;validate:required:lbrooks@stanford.edu
ajax;20060419 08:56:57;/accounts/admin/admin_user.php;validate:email:lbrooks@stanford.edu
ajax;20060419 08:56:57;/accounts/admin/admin_user.php;validate:uniqueuserp:lbrooks@stanford.edu
ajax;20060419 08:56:57;/accounts/admin/admin_user.php;validate:required:University Administration
ajax;20060419 08:56:57;/accounts/admin/admin_user.php;validate:required:46
ajax;20060419 08:56:57;/accounts/admin/admin_user.php;validate::Academic Computing
Meyer Memorial Library
560 Escondido Mall, Room 242
ajax;20060419 08:56:57;/accounts/admin/admin_user.php;validate:namespaces:Stanford
ajax;20060419 08:56:57;/accounts/admin/admin_user.php;validate:namespaces:CA
ajax;20060419 08:56:57;/accounts/admin/admin_user.php;validate:zipcode:94305-3101
ajax;20060419 08:56:57;/accounts/admin/admin_user.php;validate:namespaces:US
ajax;20060419 08:56:57;/accounts/admin/admin_user.php;validate:phone:650-723-3064
;20060419 08:56:57;/accounts/admin/admin_user.php;inst modified (ldap): Stanford University (educational) [46]
;20060419 08:56:58;/accounts/admin/admin_user.php;inst modified (ldap): Stanford University (educational) [46]
lbrooks@stanford.edu;20060419 08:56:58;/accounts/admin/admin_user.php;user modified (ldap): Lois Brooks (lbrooks@stanford.edu) [116]
ajax;20060419 08:56:59;/accounts/ajax/validate.php;validate:uniqueuserp:lbrooks@stanford.edu
ajax;20060419 08:56:59;/accounts/ajax/validate.php;validate:email:lbrooks@stanford.edu
ajax;20060419 08:56:59;/accounts/ajax/validate.php;validate:uniqueuserp:lbrooks@stanford.edu
ajax;20060419 08:56:59;/accounts/ajax/validate.php;return=ok|username|
ajax;20060419 08:56:59;/accounts/ajax/validate.php;return=ok|email|
ajax;20060419 08:56:59;/accounts/ajax/validate.php;validate:namespaces:Stanford
ajax;20060419 08:56:59;/accounts/ajax/validate.php;return=ok|city|
ajax;20060419 08:56:59;/accounts/ajax/validate.php;validate:namespaces:CA
ajax;20060419 08:56:59;/accounts/ajax/validate.php;return=ok|state|
ajax;20060419 08:56:59;/accounts/ajax/validate.php;validate:zipcode:94305-3101
ajax;20060419 08:56:59;/accounts/ajax/validate.php;return=ok|zipcode|
ajax;20060419 08:56:59;/accounts/ajax/validate.php;validate:namespaces:US
ajax;20060419 08:56:59;/accounts/ajax/validate.php;return=ok|country|
ajax;20060419 08:56:59;/accounts/ajax/validate.php;validate:phone:650-723-3064
ajax;20060419 08:56:59;/accounts/ajax/validate.php;return=ok|phone|
ajax;20060419 09:01:30;/accounts/ajax/validate.php;validate:uniqueuserp:chris.coppola@rsmart.com
ajax;20060419 09:01:30;/accounts/ajax/validate.php;return=ok|username|
ajax;20060419 09:01:30;/accounts/ajax/validate.php;validate:namespaces:Phoenix
ajax;20060419 09:01:30;/accounts/ajax/validate.php;validate:email:chris.coppola@rsmart.com
ajax;20060419 09:01:30;/accounts/ajax/validate.php;return=ok|city|
ajax;20060419 09:01:30;/accounts/ajax/validate.php;validate:uniqueuserp:chris.coppola@rsmart.com
ajax;20060419 09:01:30;/accounts/ajax/validate.php;validate:namespaces:AZ
ajax;20060419 09:01:30;/accounts/ajax/validate.php;return=ok|state|
ajax;20060419 09:01:30;/accounts/ajax/validate.php;return=ok|email|
ajax;20060419 09:01:30;/accounts/ajax/validate.php;validate:zipcode:85018
ajax;20060419 09:01:30;/accounts/ajax/validate.php;validate:namespaces:US
ajax;20060419 09:01:30;/accounts/ajax/validate.php;return=ok|zipcode|
ajax;20060419 09:01:30;/accounts/ajax/validate.php;return=ok|country|
ajax;20060419 09:01:31;/accounts/ajax/validate.php;validate:phone:602-369-8931
ajax;20060419 09:01:31;/accounts/ajax/validate.php;return=ok|phone|
ajax;20060419 09:02:23;/accounts/ajax/validate.php;validate:uniqueuserp:chuck_powell
ajax;20060419 09:02:23;/accounts/ajax/validate.php;return=ok|username|
ajax;20060419 09:02:25;/accounts/ajax/validate.php;validate:email:charles.powell@yale.edu
ajax;20060419 09:02:25;/accounts/ajax/validate.php;validate:uniqueuserp:charles.powell@yale.edu
ajax;20060419 09:02:25;/accounts/ajax/validate.php;return=ok|email|
ajax;20060419 09:02:25;/accounts/ajax/validate.php;validate:namespaces:New Haven
ajax;20060419 09:02:25;/accounts/ajax/validate.php;return=ok|city|
ajax;20060419 11:01:26;/accounts/createaccount.php;validate:required:dueberb
ajax;20060419 11:01:27;/accounts/createaccount.php;validate:nospaces:dueberb
ajax;20060419 11:01:27;/accounts/createaccount.php;validate:uniqueuserp:dueberb
ajax;20060419 11:01:27;/accounts/createaccount.php;validate:required:schlepp
ajax;20060419 11:01:27;/accounts/createaccount.php;validate:password:schlepp
ajax;20060419 11:01:27;/accounts/createaccount.php;validate:required:schlepp
ajax;20060419 11:01:27;/accounts/createaccount.php;validate:password:schlepp
ajax;20060419 11:01:27;/accounts/createaccount.php;validate:match:schlepp
ajax;20060419 11:01:27;/accounts/createaccount.php;validate:required:Bill
ajax;20060419 11:01:27;/accounts/createaccount.php;validate:required:Dueber
ajax;20060419 11:01:27;/accounts/createaccount.php;validate:required:dueber@umich.edu
ajax;20060419 11:01:27;/accounts/createaccount.php;validate:email:dueber@umich.edu
ajax;20060419 11:01:27;/accounts/createaccount.php;validate:uniqueuserp:dueber@umich.edu
ajax;20060419 11:01:27;/accounts/createaccount.php;validate:required:Librarian
ajax;20060419 11:01:27;/accounts/createaccount.php;validate::Instructional Technologist
ajax;20060419 11:01:27;/accounts/createaccount.php;validate:required:76
ajax;20060419 11:01:27;/accounts/createaccount.php;validate::309 Hatcher North
University of Michigan

ajax;20060419 11:01:27;/accounts/createaccount.php;validate:namespaces:Ann Arbor
ajax;20060419 11:01:27;/accounts/createaccount.php;validate:namespaces:MI
ajax;20060419 11:01:27;/accounts/createaccount.php;validate:zipcode:48014-1205
ajax;20060419 11:01:27;/accounts/createaccount.php;validate:namespaces:US
ajax;20060419 11:01:27;/accounts/createaccount.php;validate:phone:7346150412
ajax;20060419 11:01:27;/accounts/createaccount.php;validate:phone:7346476897
dueberb;20060419 11:01:27;/accounts/createaccount.php;user added (ldap): Bill Dueber (dueber@umich.edu) [488]
141.211.43.192;20060419 11:01:27;/accounts/createaccount.php;created account: dueberb (dueber@umich.edu) Dueber,Bill: inst=76
ajax;20060419 11:01:44;/accounts/createaccount.php;validate:required:dueberb
ajax;20060419 11:01:44;/accounts/createaccount.php;validate:nospaces:dueberb
ajax;20060419 11:01:44;/accounts/createaccount.php;validate:uniqueuserp:dueberb
ajax;20060419 11:01:44;/accounts/createaccount.php;validate:required:schlepp
ajax;20060419 11:01:44;/accounts/createaccount.php;validate:password:schlepp
ajax;20060419 11:01:44;/accounts/createaccount.php;validate:required:schlepp
ajax;20060419 11:01:44;/accounts/createaccount.php;validate:password:schlepp
ajax;20060419 11:01:44;/accounts/createaccount.php;validate:match:schlepp
ajax;20060419 11:01:44;/accounts/createaccount.php;validate:required:Bill
ajax;20060419 11:01:44;/accounts/createaccount.php;validate:required:Dueber
ajax;20060419 11:01:44;/accounts/createaccount.php;validate:required:dueberb@umich.edu
ajax;20060419 11:01:44;/accounts/createaccount.php;validate:email:dueberb@umich.edu
ajax;20060419 11:01:44;/accounts/createaccount.php;validate:uniqueuserp:dueberb@umich.edu
ajax;20060419 11:01:44;/accounts/createaccount.php;validate:required:Librarian
ajax;20060419 11:01:44;/accounts/createaccount.php;validate::Instructional Technologist
ajax;20060419 11:01:44;/accounts/createaccount.php;validate:required:76
ajax;20060419 11:01:44;/accounts/createaccount.php;validate::309 Hatcher North
University of Michigan

ajax;20060419 11:01:44;/accounts/createaccount.php;validate:namespaces:Ann Arbor
ajax;20060419 11:01:44;/accounts/createaccount.php;validate:namespaces:MI
ajax;20060419 11:01:44;/accounts/createaccount.php;validate:zipcode:48014-1205
ajax;20060419 11:01:44;/accounts/createaccount.php;validate:namespaces:US
ajax;20060419 11:01:44;/accounts/createaccount.php;validate:phone:7346150412
ajax;20060419 11:01:44;/accounts/createaccount.php;validate:phone:7346476897
ajax;20060419 11:01:55;/accounts/createaccount.php;validate:required:wdueber
ajax;20060419 11:01:55;/accounts/createaccount.php;validate:nospaces:wdueber
ajax;20060419 11:01:55;/accounts/createaccount.php;validate:uniqueuserp:wdueber
ajax;20060419 11:01:55;/accounts/createaccount.php;validate:required:schlepp
ajax;20060419 11:01:55;/accounts/createaccount.php;validate:password:schlepp
ajax;20060419 11:01:55;/accounts/createaccount.php;validate:required:schlepp
ajax;20060419 11:01:55;/accounts/createaccount.php;validate:password:schlepp
ajax;20060419 11:01:55;/accounts/createaccount.php;validate:match:schlepp
ajax;20060419 11:01:55;/accounts/createaccount.php;validate:required:Bill
ajax;20060419 11:01:55;/accounts/createaccount.php;validate:required:Dueber
ajax;20060419 11:01:55;/accounts/createaccount.php;validate:required:dueberb@umich.edu
ajax;20060419 11:01:55;/accounts/createaccount.php;validate:email:dueberb@umich.edu
ajax;20060419 11:01:55;/accounts/createaccount.php;validate:uniqueuserp:dueberb@umich.edu
ajax;20060419 11:01:55;/accounts/createaccount.php;validate:required:Librarian
ajax;20060419 11:01:55;/accounts/createaccount.php;validate::Instructional Technologist
ajax;20060419 11:01:55;/accounts/createaccount.php;validate:required:76
ajax;20060419 11:01:55;/accounts/createaccount.php;validate::309 Hatcher North
University of Michigan

ajax;20060419 11:01:55;/accounts/createaccount.php;validate:namespaces:Ann Arbor
ajax;20060419 11:01:55;/accounts/createaccount.php;validate:namespaces:MI
ajax;20060419 11:01:55;/accounts/createaccount.php;validate:zipcode:48014-1205
ajax;20060419 11:01:55;/accounts/createaccount.php;validate:namespaces:US
ajax;20060419 11:01:55;/accounts/createaccount.php;validate:phone:7346150412
ajax;20060419 11:01:55;/accounts/createaccount.php;validate:phone:7346476897
wdueber;20060419 11:01:56;/accounts/createaccount.php;user added (ldap): Bill Dueber (dueberb@umich.edu) [489]
141.211.43.192;20060419 11:01:56;/accounts/createaccount.php;created account: wdueber (dueberb@umich.edu) Dueber,Bill: inst=76
wdueber;20060419 11:02:14;/accounts/activate.php;user modified (ldap): Bill Dueber (dueberb@umich.edu) [489]
wdueber;20060419 11:02:26;/accounts/login.php;user logged in (ldap):141.211.43.192:https://sakaiproject.org/accounts/login.php
ajax;20060419 11:03:02;/conference/registration/index.php;validate:required:Librarian
ajax;20060419 11:03:02;/conference/registration/index.php;validate::Instructional Technologist
ajax;20060419 11:03:02;/conference/registration/index.php;validate:required:Ann Arbor
ajax;20060419 11:03:02;/conference/registration/index.php;validate:required:MI
ajax;20060419 11:03:02;/conference/registration/index.php;validate:namespaces:MI
ajax;20060419 11:03:02;/conference/registration/index.php;validate:zipcode:48014-1205
ajax;20060419 11:03:02;/conference/registration/index.php;validate:required:US
ajax;20060419 11:03:02;/conference/registration/index.php;validate:namespaces:US
ajax;20060419 11:03:02;/conference/registration/index.php;validate:required:7346150412
ajax;20060419 11:03:02;/conference/registration/index.php;validate:phone:7346150412
ajax;20060419 11:03:02;/conference/registration/index.php;validate:phone:7346476897
ajax;20060419 11:03:02;/conference/registration/index.php;validate:required:N
ajax;20060419 11:03:02;/conference/registration/index.php;validate:required:N
ajax;20060419 11:03:02;/conference/registration/index.php;validate:required:Large
wdueber;20060419 11:03:02;/conference/registration/index.php;user modified (ldap): Bill Dueber (dueberb@umich.edu) [489]
chris.coppola@rsmart.com;20060419 11:19:48;/accounts/login.php;user logged in (ldap):67.132.153.34:https://sakaiproject.org/accounts/login.php?ref=/conference/admin/proposals.php
ajax;20060419 11:34:01;/accounts/ajax/validate.php;validate:email:dueberb@umich.edu
ajax;20060419 11:34:01;/accounts/ajax/validate.php;validate:uniquesql:dueberb@umich.edu
ajax;20060419 11:34:01;/accounts/ajax/validate.php;return=ok|email|
ajax;20060419 11:34:01;/accounts/ajax/validate.php;validate:phone:7346150412
ajax;20060419 11:34:01;/accounts/ajax/validate.php;validate:zipcode:48014-1205
ajax;20060419 11:34:01;/accounts/ajax/validate.php;validate:namespaces:US
ajax;20060419 11:34:01;/accounts/ajax/validate.php;validate:namespaces:Ann Arbor
ajax;20060419 11:34:01;/accounts/ajax/validate.php;return=ok|phone|
ajax;20060419 11:34:01;/accounts/ajax/validate.php;validate:phone:7346476897
ajax;20060419 11:34:01;/accounts/ajax/validate.php;return=ok|zipcode|
ajax;20060419 11:34:01;/accounts/ajax/validate.php;return=ok|city|
ajax;20060419 11:34:01;/accounts/ajax/validate.php;validate:namespaces:MI
ajax;20060419 11:34:01;/accounts/ajax/validate.php;return=ok|country|
ajax;20060419 11:34:01;/accounts/ajax/validate.php;return=ok|state|
ajax;20060419 11:34:01;/accounts/ajax/validate.php;return=ok|fax|
aaronz;20060419 13:36:33;/accounts/login.php;user logged in (ldap):65.200.183.126:https://sakaiproject.org/accounts/login.php?ref=/accounts/index.php
ajax;20060419 13:55:45;/accounts/ajax/validate.php;validate:uniqueuserp:hedberg
ajax;20060419 13:55:45;/accounts/ajax/validate.php;return=ok|username|
ajax;20060419 13:56:17;/accounts/ajax/validate.php;validate:email:hedberg@svsu.edu
ajax;20060419 13:56:17;/accounts/ajax/validate.php;validate:uniqueuserp:hedberg@svsu.edu
ajax;20060419 13:56:17;/accounts/ajax/validate.php;return=ok|email|
ajax;20060419 13:57:43;/accounts/ajax/validate.php;validate:namespaces:University Center
ajax;20060419 13:57:43;/accounts/ajax/validate.php;return=ok|city|
ajax;20060419 13:57:46;/accounts/ajax/validate.php;validate:namespaces:MI
ajax;20060419 13:57:46;/accounts/ajax/validate.php;return=ok|state|
ajax;20060419 13:57:56;/accounts/ajax/validate.php;validate:zipcode:48710
ajax;20060419 13:57:56;/accounts/ajax/validate.php;return=ok|zipcode|
ajax;20060419 13:57:59;/accounts/ajax/validate.php;validate:namespaces:US
ajax;20060419 13:57:59;/accounts/ajax/validate.php;return=ok|country|
ajax;20060419 13:58:12;/accounts/ajax/validate.php;validate:phone:989-964-7144
ajax;20060419 13:58:12;/accounts/ajax/validate.php;return=ok|phone|
ajax;20060419 13:58:31;/accounts/ajax/validate.php;validate:phone:989-790-7030
ajax;20060419 13:58:31;/accounts/ajax/validate.php;return=ok|fax|
ajax;20060419 13:58:31;/accounts/createaccount.php;validate:required:hedberg
ajax;20060419 13:58:31;/accounts/createaccount.php;validate:nospaces:hedberg
ajax;20060419 13:58:31;/accounts/createaccount.php;validate:uniqueuserp:hedberg
ajax;20060419 13:58:32;/accounts/createaccount.php;validate:required:xip1totec
ajax;20060419 13:58:32;/accounts/createaccount.php;validate:password:xip1totec
ajax;20060419 13:58:32;/accounts/createaccount.php;validate:required:xip1totec
ajax;20060419 13:58:32;/accounts/createaccount.php;validate:password:xip1totec
ajax;20060419 13:58:32;/accounts/createaccount.php;validate:match:xip1totec
ajax;20060419 13:58:32;/accounts/createaccount.php;validate:required:mary
ajax;20060419 13:58:32;/accounts/createaccount.php;validate:required:hedberg
ajax;20060419 13:58:32;/accounts/createaccount.php;validate:required:hedberg@svsu.edu
ajax;20060419 13:58:32;/accounts/createaccount.php;validate:email:hedberg@svsu.edu
ajax;20060419 13:58:32;/accounts/createaccount.php;validate:uniqueuserp:hedberg@svsu.edu
ajax;20060419 13:58:32;/accounts/createaccount.php;validate:required:University Administration
ajax;20060419 13:58:32;/accounts/createaccount.php;validate:required:Saginaw Valley State University
ajax;20060419 13:58:32;/accounts/createaccount.php;validate::7400 Bay Road

ajax;20060419 13:58:32;/accounts/createaccount.php;validate:namespaces:University Center
ajax;20060419 13:58:32;/accounts/createaccount.php;validate:namespaces:MI
ajax;20060419 13:58:32;/accounts/createaccount.php;validate:zipcode:48710
ajax;20060419 13:58:32;/accounts/createaccount.php;validate:namespaces:US
ajax;20060419 13:58:32;/accounts/createaccount.php;validate:phone:989-964-7144
ajax;20060419 13:58:32;/accounts/createaccount.php;validate:phone:989-790-7030
hedberg;20060419 13:58:32;/accounts/createaccount.php;user added (ldap): mary hedberg (hedberg@svsu.edu) [490]
155.138.12.154;20060419 13:58:32;/accounts/createaccount.php;created account: hedberg (hedberg@svsu.edu) hedberg,mary: inst=1
hedberg;20060419 13:59:04;/accounts/activate.php;user modified (ldap): mary hedberg (hedberg@svsu.edu) [490]
hedberg;20060419 13:59:32;/accounts/login.php;user logged in (ldap):155.138.12.154:https://sakaiproject.org/accounts/login.php
ajax;20060419 13:59:41;/accounts/ajax/validate.php;validate:namespaces:MI
ajax;20060419 13:59:41;/accounts/ajax/validate.php;validate:zipcode:48710
ajax;20060419 13:59:41;/accounts/ajax/validate.php;return=ok|state|
ajax;20060419 13:59:41;/accounts/ajax/validate.php;return=ok|zipcode|
ajax;20060419 13:59:41;/accounts/ajax/validate.php;validate:namespaces:US
ajax;20060419 13:59:41;/accounts/ajax/validate.php;return=ok|country|
ajax;20060419 13:59:41;/accounts/ajax/validate.php;validate:phone:989-964-7144
ajax;20060419 13:59:41;/accounts/ajax/validate.php;return=ok|phone|
ajax;20060419 13:59:41;/accounts/ajax/validate.php;validate:phone:989-790-7030
ajax;20060419 13:59:41;/accounts/ajax/validate.php;return=ok|fax|
ajax;20060419 14:11:56;/conference/registration/index.php;validate:required:University Administration
ajax;20060419 14:11:56;/conference/registration/index.php;validate:required:Saginaw Valley State University
ajax;20060419 14:11:56;/conference/registration/index.php;validate:required:University Center
ajax;20060419 14:11:56;/conference/registration/index.php;validate:required:MI
ajax;20060419 14:11:56;/conference/registration/index.php;validate:namespaces:MI
ajax;20060419 14:11:56;/conference/registration/index.php;validate:zipcode:48710
ajax;20060419 14:11:56;/conference/registration/index.php;validate:required:US
ajax;20060419 14:11:56;/conference/registration/index.php;validate:namespaces:US
ajax;20060419 14:11:56;/conference/registration/index.php;validate:required:989-964-7144
ajax;20060419 14:11:56;/conference/registration/index.php;validate:phone:989-964-7144
ajax;20060419 14:11:56;/conference/registration/index.php;validate:phone:989-790-7030
ajax;20060419 14:11:56;/conference/registration/index.php;validate:required:Y
ajax;20060419 14:11:56;/conference/registration/index.php;validate:required:N
ajax;20060419 14:11:56;/conference/registration/index.php;validate:required:Large
hedberg;20060419 14:11:56;/conference/registration/index.php;user modified (ldap): mary hedberg (hedberg@svsu.edu) [490]
jimlesslie;20060419 14:30:30;/accounts/login.php;user logged in (internal):130.15.49.186:https://sakaiproject.org/accounts/login.php?ref=/conference/registration/index.php&msg=You+must+login+to+register+or+submit+a+proposal+for+the+Sakai+Vancouver+conference.+If+you+do+not+have+an+account%2C+please+create+one.
jimlesslie;20060419 14:30:30;/accounts/login.php;user modified (ldap): Jim Lesslie (lesslie@post.queensu.ca) [389]
ajax;20060419 14:30:31;/accounts/ajax/validate.php;validate:namespaces:ON
ajax;20060419 14:30:31;/accounts/ajax/validate.php;validate:zipcode:K7M 4W2
ajax;20060419 14:30:31;/accounts/ajax/validate.php;return=ok|state|
ajax;20060419 14:30:31;/accounts/ajax/validate.php;validate:phone:613-533-2042
ajax;20060419 14:30:31;/accounts/ajax/validate.php;validate:namespaces:CA
ajax;20060419 14:30:31;/accounts/ajax/validate.php;return=ok|zipcode|
ajax;20060419 14:30:31;/accounts/ajax/validate.php;return=ok|country|
ajax;20060419 14:30:31;/accounts/ajax/validate.php;return=ok|phone|
ajax;20060419 14:33:29;/conference/registration/index.php;validate:required:Manager
ajax;20060419 14:33:29;/conference/registration/index.php;validate::User Support
ajax;20060419 14:33:29;/conference/registration/index.php;validate:required:Queen's University
ajax;20060419 14:33:29;/conference/registration/index.php;validate:required:Kingston
ajax;20060419 14:33:29;/conference/registration/index.php;validate:required:ON
ajax;20060419 14:33:29;/conference/registration/index.php;validate:namespaces:ON
ajax;20060419 14:33:29;/conference/registration/index.php;validate:zipcode:K7M 4W2
ajax;20060419 14:33:29;/conference/registration/index.php;validate:required:CA
ajax;20060419 14:33:29;/conference/registration/index.php;validate:namespaces:CA
ajax;20060419 14:33:29;/conference/registration/index.php;validate:required:613-533-2042
ajax;20060419 14:33:29;/conference/registration/index.php;validate:phone:613-533-2042
ajax;20060419 14:33:29;/conference/registration/index.php;validate:required:Y
ajax;20060419 14:33:29;/conference/registration/index.php;validate:required:N
ajax;20060419 14:33:29;/conference/registration/index.php;validate:required:X-Large
jimlesslie;20060419 14:33:29;/conference/registration/index.php;user modified (ldap): Jim Lesslie (lesslie@post.queensu.ca) [389]
kreister;20060419 14:35:09;/accounts/login.php;user logged in (internal):141.213.32.93:https://sakaiproject.org/accounts/login.php?ref=/conference/registration/index.php&msg=You+must+login+to+register+or+submit+a+proposal+for+the+Sakai+Vancouver+conference.+If+you+do+not+have+an+account%2C+please+create+one.
kreister;20060419 14:35:10;/accounts/login.php;user modified (ldap): Kathi Reister (kreister@umich.edu) [297]
ajax;20060419 14:35:56;/accounts/ajax/validate.php;validate:email:kreister@umich.edu
ajax;20060419 14:35:56;/accounts/ajax/validate.php;validate:uniquesql:kreister@umich.edu
ajax;20060419 14:35:56;/accounts/ajax/validate.php;return=ok|email|
ajax;20060419 14:35:56;/accounts/ajax/validate.php;validate:namespaces:Ann Arbor
ajax;20060419 14:35:56;/accounts/ajax/validate.php;return=ok|city|
ajax;20060419 14:35:56;/accounts/ajax/validate.php;validate:zipcode:48109-2094
ajax;20060419 14:35:56;/accounts/ajax/validate.php;return=ok|zipcode|
ajax;20060419 14:35:56;/accounts/ajax/validate.php;validate:namespaces:US
ajax;20060419 14:35:56;/accounts/ajax/validate.php;return=ok|country|
ajax;20060419 14:35:56;/accounts/ajax/validate.php;validate:phone:734-763-0606
ajax;20060419 14:35:56;/accounts/ajax/validate.php;return=ok|phone|
ajax;20060419 14:35:56;/accounts/ajax/validate.php;validate:phone:734-936-3107
ajax;20060419 14:35:56;/accounts/ajax/validate.php;return=ok|fax|
ajax;20060419 14:35:56;/accounts/ajax/validate.php;validate:namespaces:MI
ajax;20060419 14:35:56;/accounts/ajax/validate.php;return=ok|state|
ajax;20060419 14:45:10;/accounts/ajax/validate.php;validate:uniqueuserp:etola
ajax;20060419 14:45:10;/accounts/ajax/validate.php;return=ok|username|
ajax;20060419 14:45:33;/accounts/ajax/validate.php;validate:email:ed.tola@rsmart.com
ajax;20060419 14:45:33;/accounts/ajax/validate.php;validate:uniqueuserp:ed.tola@rsmart.com
ajax;20060419 14:45:33;/accounts/ajax/validate.php;return=ok|email|
ajax;20060419 14:46:11;/accounts/createaccount.php;validate:required:etola
ajax;20060419 14:46:11;/accounts/createaccount.php;validate:nospaces:etola
ajax;20060419 14:46:11;/accounts/createaccount.php;validate:uniqueuserp:etola
ajax;20060419 14:46:11;/accounts/createaccount.php;validate:required:honda130
ajax;20060419 14:46:11;/accounts/createaccount.php;validate:password:honda130
ajax;20060419 14:46:11;/accounts/createaccount.php;validate:required:honda130
ajax;20060419 14:46:11;/accounts/createaccount.php;validate:password:honda130
ajax;20060419 14:46:11;/accounts/createaccount.php;validate:match:honda130
ajax;20060419 14:46:11;/accounts/createaccount.php;validate:required:Ed
ajax;20060419 14:46:11;/accounts/createaccount.php;validate:required:Tola
ajax;20060419 14:46:11;/accounts/createaccount.php;validate:required:ed.tola@rsmart.com
ajax;20060419 14:46:11;/accounts/createaccount.php;validate:email:ed.tola@rsmart.com
ajax;20060419 14:46:11;/accounts/createaccount.php;validate:uniqueuserp:ed.tola@rsmart.com
ajax;20060419 14:46:11;/accounts/createaccount.php;validate:required:Implementor
ajax;20060419 14:46:11;/accounts/createaccount.php;validate:required:93
etola;20060419 14:46:12;/accounts/createaccount.php;user added (ldap): Ed Tola (ed.tola@rsmart.com) [491]
67.132.153.34;20060419 14:46:12;/accounts/createaccount.php;created account: etola (ed.tola@rsmart.com) Tola,Ed: inst=93
ajax;20060419 14:57:01;/accounts/ajax/validate.php;validate:uniqueuserp:colin.clark@utoronto.ca
ajax;20060419 14:57:01;/accounts/ajax/validate.php;return=ok|username|
ajax;20060419 14:57:26;/accounts/ajax/validate.php;validate:email:colin.clark@utoronto.ca
ajax;20060419 14:57:26;/accounts/ajax/validate.php;validate:uniqueuserp:colin.clark@utoronto.ca
ajax;20060419 14:57:26;/accounts/ajax/validate.php;return=ok|email|
ajax;20060419 14:59:50;/accounts/ajax/validate.php;validate:namespaces:Toronto
ajax;20060419 14:59:50;/accounts/ajax/validate.php;return=ok|city|
ajax;20060419 14:59:57;/accounts/ajax/validate.php;validate:namespaces:ON
ajax;20060419 14:59:57;/accounts/ajax/validate.php;return=ok|state|
ajax;20060419 15:00:48;/accounts/ajax/validate.php;validate:zipcode:M5R2L8
ajax;20060419 15:00:48;/accounts/ajax/validate.php;return=error|zipcode|Invalid Canadian zip (e.g. A1B 2C3)
khancock;20060419 15:01:02;/accounts/login.php;user logged in (internal):149.166.143.162:https://sakaiproject.org/accounts/login.php?ref=/conference/admin/proposals.php
khancock;20060419 15:01:02;/accounts/login.php;user modified (ldap): Kristol Hancock (khancock@iu.edu) [221]
ajax;20060419 15:01:07;/accounts/ajax/validate.php;validate:namespaces:CA
ajax;20060419 15:01:07;/accounts/ajax/validate.php;return=ok|country|
ajax;20060419 15:01:24;/accounts/ajax/validate.php;validate:phone:416-978-7728
ajax;20060419 15:01:24;/accounts/ajax/validate.php;return=ok|phone|
ajax;20060419 15:01:28;/accounts/ajax/validate.php;validate:zipcode:M5R 2L8
ajax;20060419 15:01:28;/accounts/ajax/validate.php;return=ok|zipcode|
ajax;20060419 15:01:30;/accounts/createaccount.php;validate:required:colin.clark@utoronto.ca
ajax;20060419 15:01:30;/accounts/createaccount.php;validate:nospaces:colin.clark@utoronto.ca
ajax;20060419 15:01:30;/accounts/createaccount.php;validate:uniqueuserp:colin.clark@utoronto.ca
ajax;20060419 15:01:31;/accounts/createaccount.php;validate:required:colinonchef
ajax;20060419 15:01:31;/accounts/createaccount.php;validate:password:colinonchef
ajax;20060419 15:01:31;/accounts/createaccount.php;validate:required:colinonchef
ajax;20060419 15:01:31;/accounts/createaccount.php;validate:password:colinonchef
ajax;20060419 15:01:31;/accounts/createaccount.php;validate:match:colinonchef
ajax;20060419 15:01:31;/accounts/createaccount.php;validate:required:Colin
ajax;20060419 15:01:31;/accounts/createaccount.php;validate:required:Clark
ajax;20060419 15:01:31;/accounts/createaccount.php;validate:required:colin.clark@utoronto.ca
ajax;20060419 15:01:31;/accounts/createaccount.php;validate:email:colin.clark@utoronto.ca
ajax;20060419 15:01:31;/accounts/createaccount.php;validate:uniqueuserp:colin.clark@utoronto.ca
ajax;20060419 15:01:31;/accounts/createaccount.php;validate:required:Developer/Programmer
ajax;20060419 15:01:31;/accounts/createaccount.php;validate::UI/Interaction Designer
ajax;20060419 15:01:31;/accounts/createaccount.php;validate:required:84
ajax;20060419 15:01:31;/accounts/createaccount.php;validate::Adaptive Technology Resource Centre,
Faculty of Information Studies
140 St. George Street
ajax;20060419 15:01:31;/accounts/createaccount.php;validate:namespaces:Toronto
ajax;20060419 15:01:31;/accounts/createaccount.php;validate:namespaces:ON
ajax;20060419 15:01:31;/accounts/createaccount.php;validate:zipcode:M5R 2L8
ajax;20060419 15:01:31;/accounts/createaccount.php;validate:namespaces:CA
ajax;20060419 15:01:31;/accounts/createaccount.php;validate:phone:416-978-7728
colin.clark@utoronto.ca;20060419 15:01:31;/accounts/createaccount.php;user added (ldap): Colin Clark (colin.clark@utoronto.ca) [492]
142.150.154.149;20060419 15:01:31;/accounts/createaccount.php;created account: colin.clark@utoronto.ca (colin.clark@utoronto.ca) Clark,Colin: inst=84
etola;20060419 15:18:33;/accounts/activate.php;user modified (ldap): Ed Tola (ed.tola@rsmart.com) [491]
etola;20060419 15:18:45;/accounts/login.php;user logged in (ldap):67.132.153.34:https://sakaiproject.org/accounts/login.php
ajax;20060419 15:19:49;/accounts/ajax/validate.php;validate:namespaces:PA
ajax;20060419 15:19:49;/accounts/ajax/validate.php;return=ok|state|
ajax;20060419 15:19:54;/accounts/ajax/validate.php;validate:zipcode:15205
ajax;20060419 15:19:54;/accounts/ajax/validate.php;return=ok|zipcode|
ajax;20060419 15:19:55;/accounts/ajax/validate.php;validate:namespaces:US
ajax;20060419 15:19:55;/accounts/ajax/validate.php;return=ok|country|
ajax;20060419 15:20:05;/accounts/ajax/validate.php;validate:phone:412.956.4575
ajax;20060419 15:20:05;/accounts/ajax/validate.php;return=ok|phone|
ajax;20060419 15:20:39;/conference/registration/index.php;validate:required:Implementor
ajax;20060419 15:20:39;/conference/registration/index.php;validate:required:Pittsburgh
ajax;20060419 15:20:39;/conference/registration/index.php;validate:required:PA
ajax;20060419 15:20:39;/conference/registration/index.php;validate:namespaces:PA
ajax;20060419 15:20:39;/conference/registration/index.php;validate:zipcode:15205
ajax;20060419 15:20:39;/conference/registration/index.php;validate:required:US
ajax;20060419 15:20:39;/conference/registration/index.php;validate:namespaces:US
ajax;20060419 15:20:39;/conference/registration/index.php;validate:required:412.956.4575
ajax;20060419 15:20:39;/conference/registration/index.php;validate:phone:412.956.4575
ajax;20060419 15:20:39;/conference/registration/index.php;validate:required:Y
ajax;20060419 15:20:39;/conference/registration/index.php;validate:required:N
ajax;20060419 15:20:39;/conference/registration/index.php;validate:required:X-Large
etola;20060419 15:20:39;/conference/registration/index.php;user modified (ldap): Ed Tola (ed.tola@rsmart.com) [491]
ajax;20060419 16:05:41;/accounts/ajax/validate.php;validate:uniqueuserp:drrc
ajax;20060419 16:05:42;/accounts/ajax/validate.php;return=ok|username|
ajax;20060419 16:06:11;/accounts/ajax/validate.php;validate:email:drrc@pdx.edu
ajax;20060419 16:06:11;/accounts/ajax/validate.php;validate:uniqueuserp:drrc@pdx.edu
ajax;20060419 16:06:11;/accounts/ajax/validate.php;return=ok|email|
ajax;20060419 16:06:51;/accounts/ajax/validate.php;validate:namespaces:Portland
ajax;20060419 16:06:51;/accounts/ajax/validate.php;return=ok|city|
ajax;20060419 16:06:55;/accounts/ajax/validate.php;validate:namespaces:OR
ajax;20060419 16:06:55;/accounts/ajax/validate.php;return=ok|state|
ajax;20060419 16:07:00;/accounts/ajax/validate.php;validate:zipcode:97297
ajax;20060419 16:07:00;/accounts/ajax/validate.php;return=ok|zipcode|
ajax;20060419 16:07:01;/accounts/ajax/validate.php;validate:namespaces:US
ajax;20060419 16:07:01;/accounts/ajax/validate.php;return=ok|country|
ajax;20060419 16:07:09;/accounts/ajax/validate.php;validate:phone:503 725-4657
ajax;20060419 16:07:09;/accounts/ajax/validate.php;return=ok|phone|
ajax;20060419 16:07:15;/accounts/createaccount.php;validate:required:drrc
ajax;20060419 16:07:15;/accounts/createaccount.php;validate:nospaces:drrc
ajax;20060419 16:07:15;/accounts/createaccount.php;validate:uniqueuserp:drrc
ajax;20060419 16:07:15;/accounts/createaccount.php;validate:required:1qaz2wsx
ajax;20060419 16:07:15;/accounts/createaccount.php;validate:password:1qaz2wsx
ajax;20060419 16:07:15;/accounts/createaccount.php;validate:required:1qaz2wsx
ajax;20060419 16:07:15;/accounts/createaccount.php;validate:password:1qaz2wsx
ajax;20060419 16:07:15;/accounts/createaccount.php;validate:match:1qaz2wsx
ajax;20060419 16:07:15;/accounts/createaccount.php;validate:required:Candyce
ajax;20060419 16:07:15;/accounts/createaccount.php;validate:required:Reynolds
ajax;20060419 16:07:15;/accounts/createaccount.php;validate:required:drrc@pdx.edu
ajax;20060419 16:07:15;/accounts/createaccount.php;validate:email:drrc@pdx.edu
ajax;20060419 16:07:15;/accounts/createaccount.php;validate:uniqueuserp:drrc@pdx.edu
ajax;20060419 16:07:15;/accounts/createaccount.php;validate:required:Faculty
ajax;20060419 16:07:15;/accounts/createaccount.php;validate::Faculty Development
ajax;20060419 16:07:15;/accounts/createaccount.php;validate:required:39
ajax;20060419 16:07:15;/accounts/createaccount.php;validate::University Studies
PO Box 751
ajax;20060419 16:07:15;/accounts/createaccount.php;validate:namespaces:Portland
ajax;20060419 16:07:15;/accounts/createaccount.php;validate:namespaces:OR
ajax;20060419 16:07:15;/accounts/createaccount.php;validate:zipcode:97297
ajax;20060419 16:07:15;/accounts/createaccount.php;validate:namespaces:US
ajax;20060419 16:07:15;/accounts/createaccount.php;validate:phone:503 725-4657
drrc;20060419 16:07:16;/accounts/createaccount.php;user added (ldap): Candyce Reynolds (drrc@pdx.edu) [493]
131.252.195.53;20060419 16:07:16;/accounts/createaccount.php;created account: drrc (drrc@pdx.edu) Reynolds,Candyce: inst=39
drrc;20060419 16:07:44;/accounts/activate.php;user modified (ldap): Candyce Reynolds (drrc@pdx.edu) [493]
drrc;20060419 16:07:59;/accounts/login.php;user logged in (ldap):131.252.195.53:https://sakaiproject.org/accounts/login.php
ajax;20060419 16:08:07;/accounts/ajax/validate.php;validate:namespaces:OR
ajax;20060419 16:08:07;/accounts/ajax/validate.php;validate:zipcode:97297
ajax;20060419 16:08:07;/accounts/ajax/validate.php;return=ok|state|
ajax;20060419 16:08:07;/accounts/ajax/validate.php;return=ok|zipcode|
ajax;20060419 16:08:07;/accounts/ajax/validate.php;validate:namespaces:US
ajax;20060419 16:08:07;/accounts/ajax/validate.php;validate:phone:503 725-4657
ajax;20060419 16:08:07;/accounts/ajax/validate.php;return=ok|country|
ajax;20060419 16:08:07;/accounts/ajax/validate.php;return=ok|phone|
ajax;20060419 16:08:59;/conference/registration/index.php;validate:required:Faculty
ajax;20060419 16:08:59;/conference/registration/index.php;validate::Faculty Development
ajax;20060419 16:08:59;/conference/registration/index.php;validate:required:Portland
ajax;20060419 16:08:59;/conference/registration/index.php;validate:required:OR
ajax;20060419 16:08:59;/conference/registration/index.php;validate:namespaces:OR
ajax;20060419 16:08:59;/conference/registration/index.php;validate:zipcode:97297
ajax;20060419 16:08:59;/conference/registration/index.php;validate:required:US
ajax;20060419 16:08:59;/conference/registration/index.php;validate:namespaces:US
ajax;20060419 16:08:59;/conference/registration/index.php;validate:required:503 725-4657
ajax;20060419 16:08:59;/conference/registration/index.php;validate:phone:503 725-4657
ajax;20060419 16:08:59;/conference/registration/index.php;validate:required:Y
ajax;20060419 16:08:59;/conference/registration/index.php;validate:required:N
ajax;20060419 16:09:00;/conference/registration/index.php;validate:required:XX-Large
drrc;20060419 16:09:00;/conference/registration/index.php;user modified (ldap): Candyce Reynolds (drrc@pdx.edu) [493]
ajax;20060419 17:03:52;/accounts/ajax/validate.php;validate:uniqueuserp:bdie001
ajax;20060419 17:03:52;/accounts/ajax/validate.php;return=ok|username|
ajax;20060419 17:04:12;/accounts/ajax/validate.php;validate:email:s.diener@auckland.ac.nz
ajax;20060419 17:04:12;/accounts/ajax/validate.php;validate:uniqueuserp:s.diener@auckland.ac.nz
ajax;20060419 17:04:12;/accounts/ajax/validate.php;return=ok|email|
ajax;20060419 17:04:58;/accounts/ajax/validate.php;validate:namespaces:Auckland
ajax;20060419 17:04:58;/accounts/ajax/validate.php;return=ok|city|
ajax;20060419 17:05:04;/accounts/ajax/validate.php;validate:zipcode:-
ajax;20060419 17:05:04;/accounts/ajax/validate.php;return=error|zipcode|Invalid US zip, must be 5 or 9 digits
ajax;20060419 17:05:17;/accounts/ajax/validate.php;validate:namespaces:NZ
ajax;20060419 17:05:17;/accounts/ajax/validate.php;return=ok|country|
ajax;20060419 17:05:28;/accounts/ajax/validate.php;validate:phone:64 9 373-7599
ajax;20060419 17:05:28;/accounts/ajax/validate.php;return=ok|phone|
ajax;20060419 17:05:28;/accounts/createaccount.php;validate:required:bdie001
ajax;20060419 17:05:28;/accounts/createaccount.php;validate:nospaces:bdie001
ajax;20060419 17:05:28;/accounts/createaccount.php;validate:uniqueuserp:bdie001
ajax;20060419 17:05:28;/accounts/createaccount.php;validate:required:us5696554
ajax;20060419 17:05:28;/accounts/createaccount.php;validate:password:us5696554
ajax;20060419 17:05:28;/accounts/createaccount.php;validate:required:us5696554
ajax;20060419 17:05:28;/accounts/createaccount.php;validate:password:us5696554
ajax;20060419 17:05:28;/accounts/createaccount.php;validate:match:us5696554
ajax;20060419 17:05:28;/accounts/createaccount.php;validate:required:Scott
ajax;20060419 17:05:28;/accounts/createaccount.php;validate:required:Diener
ajax;20060419 17:05:28;/accounts/createaccount.php;validate:required:s.diener@auckland.ac.nz
ajax;20060419 17:05:28;/accounts/createaccount.php;validate:email:s.diener@auckland.ac.nz
ajax;20060419 17:05:28;/accounts/createaccount.php;validate:uniqueuserp:s.diener@auckland.ac.nz
ajax;20060419 17:05:28;/accounts/createaccount.php;validate:required:University Administration
ajax;20060419 17:05:28;/accounts/createaccount.php;validate::Faculty
ajax;20060419 17:05:28;/accounts/createaccount.php;validate:required:99
ajax;20060419 17:05:28;/accounts/createaccount.php;validate::Private Bag 92019
ajax;20060419 17:05:28;/accounts/createaccount.php;validate:namespaces:Auckland
ajax;20060419 17:05:28;/accounts/createaccount.php;validate:namespaces:NZ
ajax;20060419 17:05:28;/accounts/createaccount.php;validate:phone:64 9 373-7599
bdie001;20060419 17:05:29;/accounts/createaccount.php;user added (ldap): Scott Diener (s.diener@auckland.ac.nz) [494]
130.216.98.232;20060419 17:05:29;/accounts/createaccount.php;created account: bdie001 (s.diener@auckland.ac.nz) Diener,Scott: inst=99
bdie001;20060419 17:06:18;/accounts/activate.php;user modified (ldap): Scott Diener (s.diener@auckland.ac.nz) [494]
bdie001;20060419 17:06:29;/accounts/login.php;user logged in (ldap):130.216.98.232:https://sakaiproject.org/accounts/login.php
ajax;20060419 17:06:40;/accounts/ajax/validate.php;validate:namespaces:NZ
ajax;20060419 17:06:40;/accounts/ajax/validate.php;return=ok|country|
ajax;20060419 17:06:40;/accounts/ajax/validate.php;validate:phone:64 9 373-7599
ajax;20060419 17:06:40;/accounts/ajax/validate.php;return=ok|phone|
ajax;20060419 17:07:47;/accounts/ajax/validate.php;validate:namespaces:New Zealand
ajax;20060419 17:07:47;/accounts/ajax/validate.php;return=ok|stateOther|
ajax;20060419 17:07:51;/conference/registration/index.php;validate:required:University Administration
ajax;20060419 17:07:51;/conference/registration/index.php;validate::Faculty
ajax;20060419 17:07:51;/conference/registration/index.php;validate:required:Auckland
ajax;20060419 17:07:51;/conference/registration/index.php;validate:required:New Zealand
ajax;20060419 17:07:51;/conference/registration/index.php;validate:namespaces:New Zealand
ajax;20060419 17:07:51;/conference/registration/index.php;validate:required:NZ
ajax;20060419 17:07:51;/conference/registration/index.php;validate:namespaces:NZ
ajax;20060419 17:07:51;/conference/registration/index.php;validate:required:64 9 373-7599
ajax;20060419 17:07:51;/conference/registration/index.php;validate:phone:64 9 373-7599
ajax;20060419 17:07:51;/conference/registration/index.php;validate:required:Y
ajax;20060419 17:07:51;/conference/registration/index.php;validate:required:N
ajax;20060419 17:07:51;/conference/registration/index.php;validate:required:XXX-Large
bdie001;20060419 17:07:51;/conference/registration/index.php;user modified (ldap): Scott Diener (s.diener@auckland.ac.nz) [494]
ajax;20060419 17:19:22;/facebook/add_entry.php;validate::Sailing, Classical Guitar
ajax;20060419 17:19:22;/facebook/add_entry.php;validate:required:1
chris.coppola@rsmart.com;20060419 18:46:08;/accounts/login.php;user logged in (ldap):67.132.153.34:https://sakaiproject.org/accounts/login.php?ref=/conference/admin/proposals.php
robino;20060419 19:45:33;/accounts/login.php;user logged in (internal):128.114.30.82:https://sakaiproject.org/accounts/login.php
robino;20060419 19:45:33;/accounts/login.php;user modified (ldap): Robin Ove (robino@ucsc.edu) [445]
jpscheib;20060419 19:51:44;/accounts/login.php;user logged in (ldap):129.219.80.13:https://sakaiproject.org/accounts/login.php?ref=/conference/proposals/index.php&msg=You+must+login+to+register+or+submit+a+proposal+for+the+Sakai+Vancouver+conference.+If+you+do+not+have+an+account%2C+please+create+one.
ajax;20060419 19:51:54;/conference/proposals/index.php;validate:required:demo
ajax;20060419 19:56:28;/conference/proposals/demo.php;validate:required:Tomcat/Java
ajax;20060419 19:56:28;/conference/proposals/demo.php;validate:required:Memory management for tomcat/java on a Linux 2.4/2.6 kernel, both 32-bit and 64-bit. 
Slides will include examples, stats and reports showing memory use (including swapping), garbage collection, heap sizes,  maximum available, etc.
Recommendations will be made. 
ajax;20060419 19:56:28;/conference/proposals/demo.php;validate:required:Jeff Scheib, Systems Administrator at ASU
ajax;20060419 19:56:59;/conference/proposals/next.php;validate:required:presentation
dcottee;20060419 21:25:35;/accounts/login.php;user logged in (internal):137.166.4.130:https://sakaiproject.org/accounts/login.php?ref=/conference/registration/index.php&msg=You+must+login+to+register+or+submit+a+proposal+for+the+Sakai+Vancouver+conference.+If+you+do+not+have+an+account%2C+please+create+one.
dcottee;20060419 21:25:35;/accounts/login.php;user modified (ldap): Dorothy Cottee (dcottee@csu.edu.au) [250]
ajax;20060419 21:25:41;/accounts/ajax/validate.php;validate:namespaces:AU
ajax;20060419 21:25:41;/accounts/ajax/validate.php;return=ok|country|
ajax;20060419 21:25:41;/accounts/ajax/validate.php;validate:namespaces:New South Wales
ajax;20060419 21:25:41;/accounts/ajax/validate.php;return=ok|state|
ajax;20060419 21:26:52;/accounts/ajax/validate.php;validate:phone:6338 4221
ajax;20060419 21:26:52;/accounts/ajax/validate.php;return=ok|phone|
ajax;20060419 21:40:54;/conference/registration/index.php;validate:required:Implementor
ajax;20060419 21:40:54;/conference/registration/index.php;validate:required:Bathurst
ajax;20060419 21:40:54;/conference/registration/index.php;validate:required:New South Wales
ajax;20060419 21:40:54;/conference/registration/index.php;validate:namespaces:New South Wales
ajax;20060419 21:40:54;/conference/registration/index.php;validate:required:AU
ajax;20060419 21:40:54;/conference/registration/index.php;validate:namespaces:AU
ajax;20060419 21:40:54;/conference/registration/index.php;validate:required:6338 4221
ajax;20060419 21:40:54;/conference/registration/index.php;validate:phone:6338 4221
ajax;20060419 21:40:54;/conference/registration/index.php;validate:required:N
ajax;20060419 21:40:54;/conference/registration/index.php;validate:required:N
ajax;20060419 21:40:54;/conference/registration/index.php;validate:required:Medium
dcottee;20060419 21:40:54;/conference/registration/index.php;user modified (ldap): Dorothy Cottee (dcottee@csu.edu.au) [250]
aaronz;20060419 22:09:39;/accounts/login.php;user logged in (ldap):12.16.126.98:https://sakaiproject.org/accounts/login.php?ref=/conference/registration/index.php&msg=You+must+login+to+register+or+submit+a+proposal+for+the+Sakai+Vancouver+conference.+If+you+do+not+have+an+account%2C+please+create+one.
