ajax;20060518 06:37:13;/conference/admin/edit_proposal.php;validate:required:OCW tool for Sakai and eduCommons integration
ajax;20060518 06:37:14;/conference/admin/edit_proposal.php;validate:required:A new OCW tool is designed tightly coupled with eduCommons to support OpenCourseWare. We will discuss the technical features of the tool, and demonstrate how this tool could help ease the conversion from active course site into OCW copy, hence increase the scalability of OCW practice.
ajax;20060518 06:37:14;/conference/admin/edit_proposal.php;validate:required:OpenCourseWare, which has been initiated by MIT, has become a worldwide event. However the high cost of conversion hideres its adoption among many other universities. 

In order to help automating the process of OCW migration and reducing the cost, the new OCW tool in sakai helps to generate a large number of open educational objects as quickly and easily as possible, manage the use of metadata across the system, and exports course materials with IMS CP format. eduCommons tool then uses workflow tool to help finally publish the course.


ajax;20060518 06:37:14;/conference/admin/edit_proposal.php;validate:required:Joseph Hardin
ajax;20060518 06:37:14;/conference/admin/edit_proposal.php;validate:required:Joseph Hardin is the Director of the Collabrative Technologies Lab in Duderstadt Center and a Clinical Assistant Professor in School of Information, University of Michigan. He is also the Chair of the Sakai project.
ajax;20060518 06:37:14;/conference/admin/edit_proposal.php;validate:required:lecture
ajax;20060518 06:37:14;/conference/admin/edit_proposal.php;validate:required:class
ajax;20060518 06:37:14;/conference/admin/edit_proposal.php;validate:required:60
ajax;20060518 07:18:37;/accounts/ajax/validate.php;validate:uniqueuserp:www.given@webmail.co.za
ajax;20060518 07:18:38;/accounts/ajax/validate.php;return=ok|username|
ajax;20060518 07:19:46;/accounts/ajax/validate.php;validate:email:www..giztos@webmail.co.za
ajax;20060518 07:19:46;/accounts/ajax/validate.php;return=error|email|Invalid email address
ajax;20060518 07:20:13;/accounts/ajax/validate.php;validate:email:www.given@webmail.co.za
ajax;20060518 07:20:13;/accounts/ajax/validate.php;validate:uniqueuserp:www.given@webmail.co.za
ajax;20060518 07:20:13;/accounts/ajax/validate.php;return=ok|email|
ajax;20060518 07:21:33;/accounts/ajax/validate.php;validate:uniqueuserp:www.Given@webmail.co.za
ajax;20060518 07:21:34;/accounts/ajax/validate.php;return=ok|username|
ajax;20060518 07:23:48;/accounts/ajax/validate.php;validate:namespaces:PRETORIA
ajax;20060518 07:23:48;/accounts/ajax/validate.php;return=ok|city|
ajax;20060518 07:24:25;/accounts/ajax/validate.php;validate:namespaces:SOUTH AFRICA
ajax;20060518 07:24:25;/accounts/ajax/validate.php;return=ok|stateOther|
ajax;20060518 07:24:39;/accounts/ajax/validate.php;validate:zipcode:RSA
ajax;20060518 07:24:39;/accounts/ajax/validate.php;return=error|zipcode|Invalid Canadian zip (e.g. A1B 2C3)
shardin;20060518 07:24:42;/accounts/login.php;user logged in (ldap):72.169.226.59:https://www.sakaiproject.org/accounts/login.php
ajax;20060518 07:25:06;/accounts/ajax/validate.php;validate:zipcode:DAI 9ON
ajax;20060518 07:25:06;/accounts/ajax/validate.php;return=error|zipcode|Invalid Canadian zip (e.g. A1B 2C3)
ajax;20060518 07:25:52;/accounts/ajax/validate.php;validate:namespaces:CANADIAN
ajax;20060518 07:25:52;/accounts/ajax/validate.php;return=ok|stateOther|
ajax;20060518 07:26:13;/accounts/ajax/validate.php;validate:zipcode:A1B2C3
ajax;20060518 07:26:13;/accounts/ajax/validate.php;return=error|zipcode|Invalid Canadian zip (e.g. A1B 2C3)
ajax;20060518 07:26:28;/accounts/ajax/validate.php;validate:namespaces:CA
ajax;20060518 07:26:28;/accounts/ajax/validate.php;return=ok|country|
mmiles@umich.edu;20060518 08:42:14;/accounts/login.php;user logged in (ldap):141.213.113.215:https://sakaiproject.org/accounts/login.php?ref=/conference/admin/attendees.php
wytzekoopal;20060518 10:44:53;/accounts/login.php;user logged in (ldap):130.89.36.180:https://sakaiproject.org/accounts/login.php?ref=/conference/registration/index.php&msg=You+must+login+to+register+or+submit+a+proposal+for+the+Sakai+Vancouver+conference.+If+you+do+not+have+an+account%2C+please+create+one.
ajax;20060518 10:44:56;/accounts/ajax/validate.php;validate:namespaces:OV
ajax;20060518 10:44:56;/accounts/ajax/validate.php;return=ok|state|
ajax;20060518 10:44:56;/accounts/ajax/validate.php;validate:namespaces:NL
ajax;20060518 10:44:56;/accounts/ajax/validate.php;return=ok|country|
ajax;20060518 10:45:09;/accounts/ajax/validate.php;validate:namespaces:OV
ajax;20060518 10:45:09;/accounts/ajax/validate.php;return=ok|state|
ajax;20060518 10:45:09;/accounts/ajax/validate.php;validate:namespaces:NL
ajax;20060518 10:45:09;/accounts/ajax/validate.php;return=ok|country|
ajax;20060518 10:45:21;/accounts/ajax/validate.php;validate:email:w.y.koopal@utwente.nl
ajax;20060518 10:45:21;/accounts/ajax/validate.php;validate:uniquesql:w.y.koopal@utwente.nl
ajax;20060518 10:45:21;/accounts/ajax/validate.php;return=ok|email|
ajax;20060518 10:45:21;/accounts/ajax/validate.php;validate:namespaces:OV
ajax;20060518 10:45:21;/accounts/ajax/validate.php;return=ok|state|
ajax;20060518 10:45:21;/accounts/ajax/validate.php;validate:namespaces:NL
ajax;20060518 10:45:21;/accounts/ajax/validate.php;return=ok|country|
ajax;20060518 10:45:21;/accounts/ajax/validate.php;validate:namespaces:Enschede
ajax;20060518 10:45:21;/accounts/ajax/validate.php;return=ok|city|
ajax;20060518 11:12:03;/accounts/ajax/validate.php;validate:uniqueuserp:MHudas
ajax;20060518 11:12:04;/accounts/ajax/validate.php;return=ok|username|
ajax;20060518 11:12:23;/accounts/ajax/validate.php;validate:email:mhudas@walsh.edu
ajax;20060518 11:12:23;/accounts/ajax/validate.php;validate:uniqueuserp:mhudas@walsh.edu
ajax;20060518 11:12:23;/accounts/ajax/validate.php;return=ok|email|
ajax;20060518 11:13:31;/accounts/createaccount.php;validate:required:MHudas
ajax;20060518 11:13:31;/accounts/createaccount.php;validate:nospaces:MHudas
ajax;20060518 11:13:31;/accounts/createaccount.php;validate:uniqueuserp:MHudas
ajax;20060518 11:13:31;/accounts/createaccount.php;validate:required:b@seb@11
ajax;20060518 11:13:31;/accounts/createaccount.php;validate:password:b@seb@11
ajax;20060518 11:13:31;/accounts/createaccount.php;validate:required:b@seb@11
ajax;20060518 11:13:31;/accounts/createaccount.php;validate:password:b@seb@11
ajax;20060518 11:13:31;/accounts/createaccount.php;validate:match:b@seb@11
ajax;20060518 11:13:31;/accounts/createaccount.php;validate:required:Matthew
ajax;20060518 11:13:31;/accounts/createaccount.php;validate:required:Hudas
ajax;20060518 11:13:31;/accounts/createaccount.php;validate:required:mhudas@walsh.edu
ajax;20060518 11:13:31;/accounts/createaccount.php;validate:email:mhudas@walsh.edu
ajax;20060518 11:13:31;/accounts/createaccount.php;validate:uniqueuserp:mhudas@walsh.edu
ajax;20060518 11:13:32;/accounts/createaccount.php;validate:required:User Support
ajax;20060518 11:13:32;/accounts/createaccount.php;validate:required:Walsh University
mhudas;20060518 11:13:32;/accounts/createaccount.php;user added (ldap): Matthew Hudas (mhudas@walsh.edu) [656]
206.244.45.215;20060518 11:13:32;/accounts/createaccount.php;created account: mhudas (mhudas@walsh.edu) Hudas,Matthew: inst=1
ajax;20060518 11:15:07;/accounts/ajax/validate.php;validate:uniqueuserp:MHudas
ajax;20060518 11:15:07;/accounts/ajax/validate.php;validate:email:mhudas@walsh.edu
ajax;20060518 11:15:07;/accounts/ajax/validate.php;validate:uniqueuserp:mhudas@walsh.edu
ajax;20060518 11:15:07;/accounts/ajax/validate.php;return=error|username|username already used
ajax;20060518 11:15:07;/accounts/ajax/validate.php;return=error|email|email already used
mhudas;20060518 11:16:25;/accounts/activate.php;user modified (ldap): Matthew Hudas (mhudas@walsh.edu) [656]
mhudas;20060518 11:16:54;/accounts/login.php;user logged in (ldap):206.244.45.215:https://sakaiproject.org/accounts/login.php
ajax;20060518 11:18:30;/accounts/ajax/validate.php;validate:namespaces:OH
ajax;20060518 11:18:30;/accounts/ajax/validate.php;return=ok|state|
ajax;20060518 11:18:32;/accounts/ajax/validate.php;validate:zipcode:44697
ajax;20060518 11:18:32;/accounts/ajax/validate.php;return=ok|zipcode|
ajax;20060518 11:18:36;/accounts/ajax/validate.php;validate:namespaces:US
ajax;20060518 11:18:36;/accounts/ajax/validate.php;return=ok|country|
ajax;20060518 11:18:51;/accounts/ajax/validate.php;validate:phone:(330)-244-4656
ajax;20060518 11:18:51;/accounts/ajax/validate.php;return=ok|phone|
ratana@ic.ucsb.edu;20060518 11:42:42;/accounts/login.php;user logged in (ldap):128.111.151.1:https://www.sakaiproject.org/accounts/login.php
ratana@ic.ucsb.edu;20060518 11:44:09;/accounts/login.php;user logged in (ldap):128.111.151.1:https://www.sakaiproject.org/accounts/login.php
ajax;20060518 11:52:29;/accounts/ajax/validate.php;validate:uniqueuserp:janicenichonail
ajax;20060518 11:52:30;/accounts/ajax/validate.php;return=ok|username|
ajax;20060518 11:52:43;/accounts/ajax/validate.php;validate:email:janice.oconnell@ul.ie
ajax;20060518 11:52:43;/accounts/ajax/validate.php;validate:uniqueuserp:janice.oconnell@ul.ie
ajax;20060518 11:52:43;/accounts/ajax/validate.php;return=ok|email|
aaronz;20060518 11:53:25;/accounts/login.php;user logged in (ldap):128.173.55.214:https://www.sakaiproject.org/accounts/login.php?ref=/skin/index.php
ajax;20060518 11:53:45;/accounts/ajax/validate.php;validate:namespaces:Limerick
ajax;20060518 11:53:45;/accounts/ajax/validate.php;return=ok|city|
ajax;20060518 11:53:57;/accounts/ajax/validate.php;validate:namespaces:IE
ajax;20060518 11:53:57;/accounts/ajax/validate.php;return=ok|country|
ajax;20060518 11:54:04;/accounts/ajax/validate.php;validate:phone: 353-61-234195
ajax;20060518 11:54:04;/accounts/ajax/validate.php;return=ok|phone|
ajax;20060518 11:54:10;/accounts/createaccount.php;validate:required:janicenichonail
ajax;20060518 11:54:10;/accounts/createaccount.php;validate:nospaces:janicenichonail
ajax;20060518 11:54:10;/accounts/createaccount.php;validate:uniqueuserp:janicenichonail
ajax;20060518 11:54:11;/accounts/createaccount.php;validate:required:anneliese
ajax;20060518 11:54:11;/accounts/createaccount.php;validate:password:anneliese
ajax;20060518 11:54:11;/accounts/createaccount.php;validate:required:anneliese
ajax;20060518 11:54:11;/accounts/createaccount.php;validate:password:anneliese
ajax;20060518 11:54:11;/accounts/createaccount.php;validate:match:anneliese
ajax;20060518 11:54:11;/accounts/createaccount.php;validate:required:Janice
ajax;20060518 11:54:11;/accounts/createaccount.php;validate:required:O'Connell
ajax;20060518 11:54:11;/accounts/createaccount.php;validate:required:janice.oconnell@ul.ie
ajax;20060518 11:54:11;/accounts/createaccount.php;validate:email:janice.oconnell@ul.ie
ajax;20060518 11:54:11;/accounts/createaccount.php;validate:uniqueuserp:janice.oconnell@ul.ie
ajax;20060518 11:54:11;/accounts/createaccount.php;validate:required:Manager
ajax;20060518 11:54:11;/accounts/createaccount.php;validate::Instructional Technologist
ajax;20060518 11:54:11;/accounts/createaccount.php;validate:required:74
ajax;20060518 11:54:11;/accounts/createaccount.php;validate::CS1046
Computer Science Department
University of Limerick

ajax;20060518 11:54:11;/accounts/createaccount.php;validate:namespaces:Limerick
ajax;20060518 11:54:11;/accounts/createaccount.php;validate:namespaces:IE
ajax;20060518 11:54:11;/accounts/createaccount.php;validate:phone:+353-61-234195
janicenichonail;20060518 11:54:11;/accounts/createaccount.php;user added (ldap): Janice O'Connell (janice.oconnell@ul.ie) [657]
193.1.100.110;20060518 11:54:11;/accounts/createaccount.php;created account: janicenichonail (janice.oconnell@ul.ie) O'Connell,Janice: inst=74
janicenichonail;20060518 11:55:05;/accounts/activate.php;user modified (ldap): Janice O'Connell (janice.oconnell@ul.ie) [657]
janicenichonail;20060518 11:55:14;/accounts/login.php;user logged in (ldap):193.1.100.110:https://sakaiproject.org/accounts/login.php
ajax;20060518 11:55:39;/accounts/ajax/validate.php;validate:namespaces:Ireland
ajax;20060518 11:55:39;/accounts/ajax/validate.php;return=ok|stateOther|
janicenichonail;20060518 11:57:06;/accounts/login.php;user logged in (ldap):193.1.100.110:https://sakaiproject.org/accounts/login.php?ref=/conference/registration/index.php&msg=You+must+login+to+register+or+submit+a+proposal+for+the+Sakai+Vancouver+conference.+If+you+do+not+have+an+account%2C+please+create+one.
janicenichonail;20060518 11:58:47;/accounts/activate.php;user modified (ldap): Janice O'Connell (janice.oconnell@ul.ie) [657]
janicenichonail;20060518 11:58:55;/accounts/login.php;user logged in (ldap):193.1.100.110:https://sakaiproject.org/accounts/login.php
mmiles@umich.edu;20060518 12:04:44;/accounts/login.php;user logged in (ldap):71.244.159.172:https://sakaiproject.org/accounts/login.php?ref=/accounts/login.php
ajax;20060518 12:27:27;/accounts/ajax/validate.php;validate:namespaces:University College Dublin
ajax;20060518 12:27:27;/accounts/ajax/validate.php;validate:uniqueinstp:University College Dublin
ajax;20060518 12:27:27;/accounts/ajax/validate.php;return=error|name|name already used
ajax;20060518 12:27:38;/accounts/ajax/validate.php;validate:namespaces:University College Dublin
ajax;20060518 12:27:38;/accounts/ajax/validate.php;validate:uniqueinstp:University College Dublin
ajax;20060518 12:27:38;/accounts/ajax/validate.php;return=ok|name|
ajax;20060518 12:27:45;/accounts/ajax/validate.php;validate:namespaces:University College Dublin
ajax;20060518 12:27:45;/accounts/ajax/validate.php;validate:uniqueinstp:University College Dublin
ajax;20060518 12:27:46;/accounts/ajax/validate.php;return=error|name|name already used
ratana@ic.ucsb.edu;20060518 13:08:47;/accounts/login.php;user logged in (ldap):128.111.151.1:https://www.sakaiproject.org/accounts/login.php
aaronz;20060518 13:21:29;/accounts/login.php;user logged in (ldap):128.173.55.214:https://www.sakaiproject.org/accounts/login.php?ref=/skin/index.php
jwilliamson@oid.ucla.edu;20060518 14:20:00;/accounts/login.php;user logged in (internal):164.67.144.248:https://www.sakaiproject.org/accounts/login.php?ref=/skin/index.php
jwilliamson@oid.ucla.edu;20060518 14:20:01;/accounts/login.php;user modified (ldap): James Williamson (jwilliamson@oid.ucla.edu) [62]
mhudas;20060518 14:48:44;/accounts/login.php;user logged in (ldap):206.244.45.215:https://sakaiproject.org/accounts/login.php?ref=/conference/registration/index.php&msg=You+must+login+to+register+or+submit+a+proposal+for+the+Sakai+Vancouver+conference.+If+you+do+not+have+an+account%2C+please+create+one.
ajax;20060518 14:51:07;/accounts/ajax/validate.php;validate:namespaces:OH
ajax;20060518 14:51:07;/accounts/ajax/validate.php;return=ok|state|
ajax;20060518 14:51:10;/accounts/ajax/validate.php;validate:namespaces:US
ajax;20060518 14:51:10;/accounts/ajax/validate.php;return=ok|country|
ajax;20060518 14:51:19;/accounts/ajax/validate.php;validate:phone:330-244-4656
ajax;20060518 14:51:19;/accounts/ajax/validate.php;return=ok|phone|
ajax;20060518 14:51:56;/conference/registration/index.php;validate:required:User Support
ajax;20060518 14:51:56;/conference/registration/index.php;validate:required:Walsh University
ajax;20060518 14:51:56;/conference/registration/index.php;validate:required:Zoar
ajax;20060518 14:51:56;/conference/registration/index.php;validate:required:OH
ajax;20060518 14:51:56;/conference/registration/index.php;validate:namespaces:OH
ajax;20060518 14:51:56;/conference/registration/index.php;validate:required:US
ajax;20060518 14:51:56;/conference/registration/index.php;validate:namespaces:US
ajax;20060518 14:51:56;/conference/registration/index.php;validate:required:330-244-4656
ajax;20060518 14:51:56;/conference/registration/index.php;validate:phone:330-244-4656
ajax;20060518 14:51:56;/conference/registration/index.php;validate:required:Y
ajax;20060518 14:51:56;/conference/registration/index.php;validate:required:N
ajax;20060518 14:51:56;/conference/registration/index.php;validate:required:Large
mhudas;20060518 14:51:56;/conference/registration/index.php;user modified (ldap): Matthew Hudas (mhudas@walsh.edu) [656]
kathleenb;20060518 14:55:21;/accounts/forgot_password.php;user modified (ldap): Kathleen Buttermore (kbuttermore@walsh.edu) [393]
206.244.45.1;20060518 14:55:21;/accounts/forgot_password.php;password reset: kbuttermore@walsh.edu
kathleenb;20060518 14:56:45;/accounts/login.php;user logged in (ldap):206.244.45.1:https://sakaiproject.org/accounts/login.php
aaronz;20060518 15:16:43;/accounts/login.php;user logged in (ldap):128.173.55.214:https://sakaiproject.org/accounts/login.php?ref=/skin/index.php
ajax;20060518 15:19:37;/skin/submit.php;validate:required:Swallows Nest
ajax;20060518 15:20:25;/accounts/ajax/validate.php;validate:uniqueuserp:shaffiq
ajax;20060518 15:20:25;/accounts/ajax/validate.php;return=ok|username|
ajax;20060518 15:20:28;/accounts/ajax/validate.php;validate:uniqueuserp:shaffiqr
ajax;20060518 15:20:29;/accounts/ajax/validate.php;return=ok|username|
ajax;20060518 15:20:54;/accounts/ajax/validate.php;validate:email:shaffiq@mail.arts.ubc.ca
ajax;20060518 15:20:54;/accounts/ajax/validate.php;validate:uniqueuserp:shaffiq@mail.arts.ubc.ca
ajax;20060518 15:20:55;/accounts/ajax/validate.php;return=ok|email|
ajax;20060518 15:22:23;/accounts/ajax/validate.php;validate:namespaces:vancouver
ajax;20060518 15:22:23;/accounts/ajax/validate.php;return=ok|city|
ajax;20060518 15:22:28;/accounts/ajax/validate.php;validate:namespaces:BC
ajax;20060518 15:22:28;/accounts/ajax/validate.php;return=ok|state|
ajax;20060518 15:22:37;/accounts/ajax/validate.php;validate:zipcode:v6t1z1
ajax;20060518 15:22:37;/accounts/ajax/validate.php;return=error|zipcode|Invalid chars, use A-Z, numbers and '-' only
ajax;20060518 15:22:38;/accounts/ajax/validate.php;validate:namespaces:CA
ajax;20060518 15:22:38;/accounts/ajax/validate.php;return=ok|country|
ajax;20060518 15:22:53;/accounts/ajax/validate.php;validate:zipcode:V6T1Z1
ajax;20060518 15:22:53;/accounts/ajax/validate.php;return=error|zipcode|Invalid Canadian zip (e.g. A1B 2C3)
ajax;20060518 15:22:58;/accounts/ajax/validate.php;validate:zipcode:V6T1Z1
ajax;20060518 15:22:58;/accounts/ajax/validate.php;return=error|zipcode|Invalid Canadian zip (e.g. A1B 2C3)
ajax;20060518 15:23:06;/accounts/ajax/validate.php;validate:zipcode:V6T 1Z1
ajax;20060518 15:23:06;/accounts/ajax/validate.php;return=ok|zipcode|
ajax;20060518 15:23:26;/accounts/createaccount.php;validate:required:shaffiqr
ajax;20060518 15:23:26;/accounts/createaccount.php;validate:nospaces:shaffiqr
ajax;20060518 15:23:26;/accounts/createaccount.php;validate:uniqueuserp:shaffiqr
ajax;20060518 15:23:26;/accounts/createaccount.php;validate:required:mombasa4
ajax;20060518 15:23:26;/accounts/createaccount.php;validate:password:mombasa4
ajax;20060518 15:23:26;/accounts/createaccount.php;validate:required:mombasa4
ajax;20060518 15:23:26;/accounts/createaccount.php;validate:password:mombasa4
ajax;20060518 15:23:26;/accounts/createaccount.php;validate:match:mombasa4
ajax;20060518 15:23:26;/accounts/createaccount.php;validate:required:shaffiq
ajax;20060518 15:23:26;/accounts/createaccount.php;validate:required:rahemtulla
ajax;20060518 15:23:26;/accounts/createaccount.php;validate:required:shaffiq@mail.arts.ubc.ca
ajax;20060518 15:23:26;/accounts/createaccount.php;validate:email:shaffiq@mail.arts.ubc.ca
ajax;20060518 15:23:26;/accounts/createaccount.php;validate:uniqueuserp:shaffiq@mail.arts.ubc.ca
ajax;20060518 15:23:27;/accounts/createaccount.php;validate:required:User Support
ajax;20060518 15:23:27;/accounts/createaccount.php;validate:required:58
ajax;20060518 15:23:27;/accounts/createaccount.php;validate::1866 Main Mall
ajax;20060518 15:23:27;/accounts/createaccount.php;validate:namespaces:vancouver
ajax;20060518 15:23:27;/accounts/createaccount.php;validate:namespaces:BC
ajax;20060518 15:23:27;/accounts/createaccount.php;validate:zipcode:V6T 1Z1
ajax;20060518 15:23:27;/accounts/createaccount.php;validate:namespaces:CA
ajax;20060518 15:23:27;/accounts/createaccount.php;validate:phone:604 822-9661
shaffiqr;20060518 15:23:27;/accounts/createaccount.php;user added (ldap): shaffiq rahemtulla (shaffiq@mail.arts.ubc.ca) [658]
137.82.195.120;20060518 15:23:27;/accounts/createaccount.php;created account: shaffiqr (shaffiq@mail.arts.ubc.ca) rahemtulla,shaffiq: inst=58
eckertd;20060518 15:37:41;/accounts/login.php;user logged in (ldap):128.173.53.89:https://www.sakaiproject.org/accounts/login.php?ref=/skin/skin_contest_rules.php
reisdk;20060518 15:57:34;/accounts/login.php;user logged in (ldap):192.63.194.27:https://sakaiproject.org/accounts/login.php?ref=/conference/registration/index.php&msg=You+must+login+to+register+or+submit+a+proposal+for+the+Sakai+Vancouver+conference.+If+you+do+not+have+an+account%2C+please+create+one.
reisdk;20060518 16:02:27;/accounts/login.php;user logged in (ldap):192.63.194.27:https://sakaiproject.org/accounts/login.php?ref=/skin/vote.php
shaffiqr;20060518 18:48:37;/accounts/activate.php;user modified (ldap): shaffiq rahemtulla (shaffiq@mail.arts.ubc.ca) [658]
shaffiqr;20060518 18:48:47;/accounts/login.php;user logged in (ldap):137.82.195.14:https://sakaiproject.org/accounts/login.php
francesatkinson;20060518 18:50:19;/accounts/forgot_password.php;user modified (ldap): Frances Atkinson (frances@sfu.ca) [645]
142.58.1.17;20060518 18:50:19;/accounts/forgot_password.php;password reset: frances@sfu.ca
shaffiqr;20060518 18:56:13;/accounts/activate.php;user modified (ldap): shaffiq rahemtulla (shaffiq@mail.arts.ubc.ca) [658]
shardin;20060518 19:18:44;/accounts/login.php;user logged in (ldap):72.169.226.59:https://sakaiproject.org/accounts/login.php?ref=/conference/proposals/index.php&msg=You+must+login+to+register+or+submit+a+proposal+for+the+Sakai+Vancouver+conference.+If+you+do+not+have+an+account%2C+please+create+one.
ajax;20060518 19:19:05;/conference/proposals/index.php;validate:required:presentation
ajax;20060518 19:31:16;/conference/admin/edit_proposal.php;validate:required:TransformAble and Sakai Interface Flexibility
ajax;20060518 19:31:16;/conference/admin/edit_proposal.php;validate:required:Given the diversity of institutions, disciplines, learners and educators using Sakai, a UI is needed that responds to these diverse needs. This session will present and seek feedback on TransformAble, a Web service that matches the UI and the resource to the needs and preferences of each individual.
ajax;20060518 19:31:16;/conference/admin/edit_proposal.php;validate:required:This session will present the prototype interfaces for the three
TransformAble services: 1) PreferAble: a preference wizard that
allows users to specify preferences or needs by answering easy to
understand questions (implementing the ISO "AccessForAll" standard)
2) StyleAble: a tool that creates and delivers the style sheets and
transformations that create a presentation of the Web site that meets
individual needs and preferences, and
3) SenseAble: a tool that aggregates resources so that they meet
individual needs (e.g., captions of audio content, audio descriptions
of visual content, text descriptions for images).
The presenters will encourage session participants to consider the
use of the services within Sakai, and within other content management
system. We hope to gather input from the potential user community to
shape the development of the services.
ajax;20060518 19:31:16;/conference/admin/edit_proposal.php;validate:required:Jutta Treviranus
ajax;20060518 19:31:16;/conference/admin/edit_proposal.php;validate:required:Jutta Treviranus established and directs the Adaptive Technology Resource Centre at the University of Toronto, an internationally recognized centre of expertise on barrier-free access to information technology. She has more than 25 years of research, clinical and management experience in the field of access technology. 
ajax;20060518 19:31:16;/conference/admin/edit_proposal.php;validate:required:panel
ajax;20060518 19:31:16;/conference/admin/edit_proposal.php;validate:required:class
ajax;20060518 19:31:16;/conference/admin/edit_proposal.php;validate:required:90
ajax;20060518 20:15:01;/accounts/ajax/validate.php;validate:uniqueuserp:sbond
ajax;20060518 20:15:02;/accounts/ajax/validate.php;return=ok|username|
ajax;20060518 20:15:20;/accounts/ajax/validate.php;validate:email:sbond@crim.ca
ajax;20060518 20:15:20;/accounts/ajax/validate.php;validate:uniqueuserp:sbond@crim.ca
ajax;20060518 20:15:20;/accounts/ajax/validate.php;return=ok|email|
ajax;20060518 20:17:29;/accounts/createaccount.php;validate:required:sbond
ajax;20060518 20:17:29;/accounts/createaccount.php;validate:nospaces:sbond
ajax;20060518 20:17:29;/accounts/createaccount.php;validate:uniqueuserp:sbond
ajax;20060518 20:17:30;/accounts/createaccount.php;validate:required:ntc118
ajax;20060518 20:17:30;/accounts/createaccount.php;validate:password:ntc118
ajax;20060518 20:17:30;/accounts/createaccount.php;validate:required:ntc118
ajax;20060518 20:17:30;/accounts/createaccount.php;validate:password:ntc118
ajax;20060518 20:17:30;/accounts/createaccount.php;validate:match:ntc118
ajax;20060518 20:17:30;/accounts/createaccount.php;validate:required:Stephane
ajax;20060518 20:17:30;/accounts/createaccount.php;validate:required:Bond
ajax;20060518 20:17:30;/accounts/createaccount.php;validate:required:sbond@crim.ca
ajax;20060518 20:17:30;/accounts/createaccount.php;validate:email:sbond@crim.ca
ajax;20060518 20:17:30;/accounts/createaccount.php;validate:uniqueuserp:sbond@crim.ca
ajax;20060518 20:17:30;/accounts/createaccount.php;validate:required:Implementor
ajax;20060518 20:17:30;/accounts/createaccount.php;validate::Developer/Programmer
ajax;20060518 20:17:30;/accounts/createaccount.php;validate:required:CRIM
sbond;20060518 20:17:30;/accounts/createaccount.php;user added (ldap): Stephane Bond (sbond@crim.ca) [659]
132.217.33.104;20060518 20:17:30;/accounts/createaccount.php;created account: sbond (sbond@crim.ca) Bond,Stephane: inst=1
sbond;20060518 20:17:41;/accounts/activate.php;user modified (ldap): Stephane Bond (sbond@crim.ca) [659]
sbond;20060518 20:17:51;/accounts/login.php;user logged in (ldap):132.217.33.104:https://sakaiproject.org/accounts/login.php
nordgrle@plu.edu;20060518 23:00:34;/accounts/login.php;user logged in (ldap):69.10.210.162:https://sakaiproject.org/accounts/login.php?ref=/conference/registration/index.php&msg=You+must+login+to+register+or+submit+a+proposal+for+the+Sakai+Vancouver+conference.+If+you+do+not+have+an+account%2C+please+create+one.
ajax;20060518 23:00:36;/accounts/ajax/validate.php;validate:namespaces:WA
ajax;20060518 23:00:36;/accounts/ajax/validate.php;return=ok|state|
ajax;20060518 23:00:37;/accounts/ajax/validate.php;validate:zipcode:98447
ajax;20060518 23:00:37;/accounts/ajax/validate.php;return=ok|zipcode|
ajax;20060518 23:00:37;/accounts/ajax/validate.php;validate:namespaces:US
ajax;20060518 23:00:37;/accounts/ajax/validate.php;return=ok|country|
ajax;20060518 23:00:37;/accounts/ajax/validate.php;validate:phone:253-535-7197
ajax;20060518 23:00:37;/accounts/ajax/validate.php;return=ok|phone|
ajax;20060518 23:00:37;/accounts/ajax/validate.php;validate:phone:253-535-7315
ajax;20060518 23:00:37;/accounts/ajax/validate.php;return=ok|fax|
ajax;20060518 23:01:32;/conference/registration/index.php;validate:required:Instructional Technologist
ajax;20060518 23:01:32;/conference/registration/index.php;validate::Implementor
ajax;20060518 23:01:32;/conference/registration/index.php;validate:required:Pacific Lutheran University
ajax;20060518 23:01:32;/conference/registration/index.php;validate:required:Tacoma
ajax;20060518 23:01:32;/conference/registration/index.php;validate:required:WA
ajax;20060518 23:01:32;/conference/registration/index.php;validate:namespaces:WA
ajax;20060518 23:01:32;/conference/registration/index.php;validate:zipcode:98447
ajax;20060518 23:01:32;/conference/registration/index.php;validate:required:US
ajax;20060518 23:01:32;/conference/registration/index.php;validate:namespaces:US
ajax;20060518 23:01:32;/conference/registration/index.php;validate:required:253-535-7197
ajax;20060518 23:01:32;/conference/registration/index.php;validate:phone:253-535-7197
ajax;20060518 23:01:32;/conference/registration/index.php;validate:phone:253-535-7315
ajax;20060518 23:01:32;/conference/registration/index.php;validate:required:Y
ajax;20060518 23:01:32;/conference/registration/index.php;validate:required:N
ajax;20060518 23:01:32;/conference/registration/index.php;validate:required:Large
nordgrle@plu.edu;20060518 23:01:32;/conference/registration/index.php;user modified (ldap): Layne Nordgren (nordgrle@plu.edu) [606]
