ajax;20060625 08:36:27;/accounts/ajax/validate.php;validate:email:krishnagovind_73
ajax;20060625 08:36:27;/accounts/ajax/validate.php;return=error|username|Invalid email address
ajax;20060625 08:37:00;/accounts/ajax/validate.php;validate:email:gopalakrishna_73
ajax;20060625 08:37:00;/accounts/ajax/validate.php;return=error|username|Invalid email address
ajax;20060625 08:38:10;/accounts/ajax/validate.php;validate:email:dgopal_72@rediffmail.com
ajax;20060625 08:38:10;/accounts/ajax/validate.php;validate:uniqueuserp:dgopal_72@rediffmail.com
ajax;20060625 08:38:10;/accounts/ajax/validate.php;return=ok|email|
ajax;20060625 08:40:55;/accounts/ajax/validate.php;validate:namespaces:kolar gold fields
ajax;20060625 08:40:55;/accounts/ajax/validate.php;return=ok|city|
ajax;20060625 08:41:23;/accounts/ajax/validate.php;validate:namespaces:India
ajax;20060625 08:41:23;/accounts/ajax/validate.php;return=ok|stateOther|
ajax;20060625 08:41:31;/accounts/ajax/validate.php;validate:zipcode:563120
ajax;20060625 08:41:31;/accounts/ajax/validate.php;return=error|zipcode|Invalid US zip, must be 5 or 9 digits
ajax;20060625 08:41:43;/accounts/ajax/validate.php;validate:namespaces:IN
ajax;20060625 08:41:43;/accounts/ajax/validate.php;return=ok|country|
ajax;20060625 08:41:54;/accounts/ajax/validate.php;validate:namespaces:Karnataka
ajax;20060625 08:41:54;/accounts/ajax/validate.php;return=ok|stateOther|
ajax;20060625 08:42:08;/accounts/ajax/validate.php;validate:phone:55122000
ajax;20060625 08:42:08;/accounts/ajax/validate.php;return=ok|phone|
ajax;20060625 08:42:28;/accounts/ajax/validate.php;validate:phone:55122003
ajax;20060625 08:42:28;/accounts/ajax/validate.php;return=ok|fax|
ajax;20060625 08:43:36;/accounts/ajax/validate.php;validate:zipcode:56005
ajax;20060625 08:43:36;/accounts/ajax/validate.php;return=ok|zipcode|
ajax;20060625 08:45:57;/accounts/ajax/validate.php;validate:email:Zifforah_ctrdt@gmail.com
ajax;20060625 08:45:57;/accounts/ajax/validate.php;validate:uniqueuserp:Zifforah_ctrdt@gmail.com
ajax;20060625 08:45:57;/accounts/ajax/validate.php;validate:uniqueuserp:Zifforah_ctrdt@gmail.com
ajax;20060625 08:45:57;/accounts/ajax/validate.php;return=ok|username|
ajax;20060625 08:46:37;/accounts/ajax/validate.php;validate:email:zipporah_ctrdt@gmail.com
ajax;20060625 08:46:37;/accounts/ajax/validate.php;validate:uniqueuserp:zipporah_ctrdt@gmail.com
ajax;20060625 08:46:37;/accounts/ajax/validate.php;validate:uniqueuserp:zipporah_ctrdt@gmail.com
ajax;20060625 08:46:38;/accounts/ajax/validate.php;return=ok|username|
ajax;20060625 08:46:38;/accounts/createaccount.php;validate:required:zipporah_ctrdt@gmail.com
ajax;20060625 08:46:38;/accounts/createaccount.php;validate:email:zipporah_ctrdt@gmail.com
ajax;20060625 08:46:38;/accounts/createaccount.php;validate:uniqueuserp:zipporah_ctrdt@gmail.com
ajax;20060625 08:46:38;/accounts/createaccount.php;validate:uniqueuserp:zipporah_ctrdt@gmail.com
ajax;20060625 08:46:38;/accounts/createaccount.php;validate:required:access
ajax;20060625 08:46:38;/accounts/createaccount.php;validate:password:access
ajax;20060625 08:46:38;/accounts/createaccount.php;validate:required:access
ajax;20060625 08:46:38;/accounts/createaccount.php;validate:password:access
ajax;20060625 08:46:38;/accounts/createaccount.php;validate:match:access
ajax;20060625 08:46:38;/accounts/createaccount.php;validate:required:venu
ajax;20060625 08:46:38;/accounts/createaccount.php;validate:required:gopal
ajax;20060625 08:46:38;/accounts/createaccount.php;validate:required:dgopal_72@rediffmail.com
ajax;20060625 08:46:38;/accounts/createaccount.php;validate:email:dgopal_72@rediffmail.com
ajax;20060625 08:46:38;/accounts/createaccount.php;validate:uniqueuserp:dgopal_72@rediffmail.com
ajax;20060625 08:46:38;/accounts/createaccount.php;validate:required:Librarian
ajax;20060625 08:46:38;/accounts/createaccount.php;validate::Faculty
ajax;20060625 08:46:38;/accounts/createaccount.php;validate:required:33
ajax;20060625 08:46:38;/accounts/createaccount.php;validate::No 47, North Town Block, Oorgaum (post) Kolar Gold fields 
ajax;20060625 08:46:38;/accounts/createaccount.php;validate:namespaces:kolar gold fields
ajax;20060625 08:46:38;/accounts/createaccount.php;validate:namespaces:Karnataka
ajax;20060625 08:46:38;/accounts/createaccount.php;validate:zipcode:56005
ajax;20060625 08:46:38;/accounts/createaccount.php;validate:namespaces:IN
ajax;20060625 08:46:38;/accounts/createaccount.php;validate:phone:55122000
ajax;20060625 08:46:38;/accounts/createaccount.php;validate:phone:55122003
zipporah_ctrdt@gmail.com;20060625 08:46:39;/accounts/createaccount.php;user added (ldap): venu gopal (dgopal_72@rediffmail.com) [741]
203.200.63.125;20060625 08:46:39;/accounts/createaccount.php;created account: zipporah_ctrdt@gmail.com (dgopal_72@rediffmail.com) gopal,venu: inst=33
ajax;20060625 08:49:05;/accounts/ajax/validate.php;validate:email:zipporah_ctrdt@gmail.com
ajax;20060625 08:49:05;/accounts/ajax/validate.php;validate:uniqueuserp:zipporah_ctrdt@gmail.com
ajax;20060625 08:49:05;/accounts/ajax/validate.php;validate:email:dgopal_72@rediffmail.com
ajax;20060625 08:49:05;/accounts/ajax/validate.php;validate:uniqueuserp:dgopal_72@rediffmail.com
ajax;20060625 08:49:05;/accounts/ajax/validate.php;validate:namespaces:kolar gold fields
ajax;20060625 08:49:05;/accounts/ajax/validate.php;return=ok|city|
ajax;20060625 08:49:05;/accounts/ajax/validate.php;validate:namespaces:Karnataka
ajax;20060625 08:49:05;/accounts/ajax/validate.php;return=ok|stateOther|
ajax;20060625 08:49:06;/accounts/ajax/validate.php;return=error|username|username already used
ajax;20060625 08:49:06;/accounts/ajax/validate.php;return=error|email|email already used
ajax;20060625 08:49:07;/accounts/ajax/validate.php;validate:namespaces:Karnataka
ajax;20060625 08:49:07;/accounts/ajax/validate.php;return=ok|state|
ajax;20060625 08:49:07;/accounts/ajax/validate.php;validate:zipcode:56005
ajax;20060625 08:49:07;/accounts/ajax/validate.php;return=ok|zipcode|
ajax;20060625 08:49:07;/accounts/ajax/validate.php;validate:namespaces:IN
ajax;20060625 08:49:07;/accounts/ajax/validate.php;return=ok|country|
ajax;20060625 08:49:07;/accounts/ajax/validate.php;validate:phone:55122000
ajax;20060625 08:49:07;/accounts/ajax/validate.php;return=ok|phone|
ajax;20060625 08:49:08;/accounts/ajax/validate.php;validate:phone:55122003
ajax;20060625 08:49:08;/accounts/ajax/validate.php;return=ok|fax|
tamsler;20060625 18:17:21;/accounts/login.php;user logged in (internal):68.189.80.251:https://sakaiproject.org/accounts/login.php
tamsler;20060625 18:17:21;/accounts/login.php;user modified (ldap): Thomas Amsler (tpamsler@ucdavis.edu) [224]
