ang.lam@ubc.ca;20061028 00:37:32;/accounts/login.php;user logged in (internal):70.79.37.65:https://sakaiproject.org/accounts/login.php?ref=/conference/registration/index.php&msg=You+must+login+to+register+or+submit+a+proposal+for+the+Sakai+Atlanta+conference.+If+you+do+not+have+an+account%2C+please+create+one.
ang.lam@ubc.ca;20061028 00:37:32;/accounts/login.php;user modified (ldap): Angela Lam (ang.lam@ubc.ca) [744]
ajax;20061028 00:37:35;/accounts/ajax/validate.php;validate:namespaces:BC
ajax;20061028 00:37:35;/accounts/ajax/validate.php;return=ok|state|
ajax;20061028 00:37:35;/accounts/ajax/validate.php;validate:namespaces:CA
ajax;20061028 00:37:35;/accounts/ajax/validate.php;return=ok|country|
ajax;20061028 00:37:35;/accounts/ajax/validate.php;validate:phone:604-822-1377
ajax;20061028 00:37:35;/accounts/ajax/validate.php;return=ok|phone|
ajax;20061028 00:42:46;/conference/registration/index.php;validate:required:Instructional Technologist
ajax;20061028 00:42:46;/conference/registration/index.php;validate::Instructional Designer
ajax;20061028 00:42:46;/conference/registration/index.php;validate:required:Vancouver
ajax;20061028 00:42:46;/conference/registration/index.php;validate:required:BC
ajax;20061028 00:42:46;/conference/registration/index.php;validate:namespaces:BC
ajax;20061028 00:42:46;/conference/registration/index.php;validate:required:CA
ajax;20061028 00:42:46;/conference/registration/index.php;validate:namespaces:CA
ajax;20061028 00:42:46;/conference/registration/index.php;validate:required:604-822-1377
ajax;20061028 00:42:46;/conference/registration/index.php;validate:phone:604-822-1377
ajax;20061028 00:42:46;/conference/registration/index.php;validate:required:Y
ajax;20061028 00:42:46;/conference/registration/index.php;validate:required:N
ajax;20061028 00:42:46;/conference/registration/index.php;validate:required:Large
ajax;20061028 00:42:46;/conference/registration/index.php;validate:required: 
ajax;20061028 00:42:46;/conference/registration/index.php;validate:required:WED
ajax;20061028 00:42:46;/conference/registration/index.php;validate:required:THU
ajax;20061028 00:42:46;/conference/registration/index.php;validate:required:FRI
ang.lam@ubc.ca;20061028 00:42:46;/conference/registration/index.php;user modified (ldap): Angela Lam (ang.lam@ubc.ca) [744]
ajax;20061028 11:02:20;/accounts/ajax/validate.php;validate:email:phinsar
ajax;20061028 11:02:20;/accounts/ajax/validate.php;return=error|username|Invalid email address
ajax;20061028 11:02:34;/accounts/ajax/validate.php;validate:email:sphinney@pc.cc.ca.us
ajax;20061028 11:02:34;/accounts/ajax/validate.php;validate:uniqueuserp:sphinney@pc.cc.ca.us
ajax;20061028 11:02:34;/accounts/ajax/validate.php;validate:uniqueuserp:sphinney@pc.cc.ca.us
ajax;20061028 11:02:35;/accounts/ajax/validate.php;return=ok|username|
ajax;20061028 11:03:08;/accounts/ajax/validate.php;validate:email:sphinney@pc.cc.ca.us
ajax;20061028 11:03:08;/accounts/ajax/validate.php;validate:uniqueuserp:sphinney@pc.cc.ca.us
ajax;20061028 11:03:09;/accounts/ajax/validate.php;return=ok|email|
ajax;20061028 11:04:09;/accounts/ajax/validate.php;validate:namespaces:Porterville
ajax;20061028 11:04:09;/accounts/ajax/validate.php;return=ok|city|
ajax;20061028 11:04:11;/accounts/ajax/validate.php;validate:namespaces:CA
ajax;20061028 11:04:11;/accounts/ajax/validate.php;return=ok|state|
ajax;20061028 11:04:18;/accounts/ajax/validate.php;validate:zipcode:93257
ajax;20061028 11:04:18;/accounts/ajax/validate.php;return=ok|zipcode|
ajax;20061028 11:04:20;/accounts/ajax/validate.php;validate:namespaces:US
ajax;20061028 11:04:20;/accounts/ajax/validate.php;return=ok|country|
ajax;20061028 11:04:31;/accounts/ajax/validate.php;validate:phone:559-784-7875
ajax;20061028 11:04:31;/accounts/ajax/validate.php;return=ok|phone|
ajax;20061028 11:04:43;/accounts/createaccount.php;validate:required:sphinney@pc.cc.ca.us
ajax;20061028 11:04:43;/accounts/createaccount.php;validate:email:sphinney@pc.cc.ca.us
ajax;20061028 11:04:43;/accounts/createaccount.php;validate:uniqueuserp:sphinney@pc.cc.ca.us
ajax;20061028 11:04:43;/accounts/createaccount.php;validate:uniqueuserp:sphinney@pc.cc.ca.us
ajax;20061028 11:04:43;/accounts/createaccount.php;validate:required:3roMMy3
ajax;20061028 11:04:43;/accounts/createaccount.php;validate:password:3roMMy3
ajax;20061028 11:04:43;/accounts/createaccount.php;validate:required:3roMMy3
ajax;20061028 11:04:43;/accounts/createaccount.php;validate:password:3roMMy3
ajax;20061028 11:04:43;/accounts/createaccount.php;validate:match:3roMMy3
ajax;20061028 11:04:43;/accounts/createaccount.php;validate:required:Sarah
ajax;20061028 11:04:43;/accounts/createaccount.php;validate:required:Phinney
ajax;20061028 11:04:43;/accounts/createaccount.php;validate:required:sphinney@pc.cc.ca.us
ajax;20061028 11:04:43;/accounts/createaccount.php;validate:email:sphinney@pc.cc.ca.us
ajax;20061028 11:04:43;/accounts/createaccount.php;validate:uniqueuserp:sphinney@pc.cc.ca.us
ajax;20061028 11:04:44;/accounts/createaccount.php;validate:required:Instructional Technologist
ajax;20061028 11:04:44;/accounts/createaccount.php;validate:required:18
ajax;20061028 11:04:44;/accounts/createaccount.php;validate::12202 Rd. 244
ajax;20061028 11:04:44;/accounts/createaccount.php;validate:namespaces:Porterville
ajax;20061028 11:04:44;/accounts/createaccount.php;validate:namespaces:CA
ajax;20061028 11:04:44;/accounts/createaccount.php;validate:zipcode:93257
ajax;20061028 11:04:44;/accounts/createaccount.php;validate:namespaces:US
ajax;20061028 11:04:44;/accounts/createaccount.php;validate:phone:559-784-7875
sphinney@pc.cc.ca.us;20061028 11:04:44;/accounts/createaccount.php;user added (ldap): Sarah Phinney (sphinney@pc.cc.ca.us) [900]
12.146.144.31;20061028 11:04:44;/accounts/createaccount.php;created account: sphinney@pc.cc.ca.us (sphinney@pc.cc.ca.us) Phinney,Sarah: inst=18
sphinney@pc.cc.ca.us;20061028 11:05:16;/accounts/activate.php;user modified (ldap): Sarah Phinney (sphinney@pc.cc.ca.us) [900]
sphinney@pc.cc.ca.us;20061028 11:05:52;/accounts/login.php;user logged in (ldap):12.146.144.31:https://sakaiproject.org/accounts/login.php
ajax;20061028 11:06:00;/accounts/ajax/validate.php;validate:zipcode:93257
ajax;20061028 11:06:00;/accounts/ajax/validate.php;validate:namespaces:CA
ajax;20061028 11:06:00;/accounts/ajax/validate.php;return=ok|zipcode|
ajax;20061028 11:06:00;/accounts/ajax/validate.php;return=ok|state|
ajax;20061028 11:06:00;/accounts/ajax/validate.php;validate:namespaces:US
ajax;20061028 11:06:00;/accounts/ajax/validate.php;return=ok|country|
ajax;20061028 11:06:00;/accounts/ajax/validate.php;validate:phone:559-784-7875
ajax;20061028 11:06:00;/accounts/ajax/validate.php;return=ok|phone|
sphinney@pc.cc.ca.us;20061028 15:09:18;/accounts/login.php;user logged in (ldap):12.146.144.31:https://sakaiproject.org/accounts/login.php?ref=/conference/registration/index.php&msg=You+must+login+to+register+or+submit+a+proposal+for+the+Sakai+Atlanta+conference.+If+you+do+not+have+an+account%2C+please+create+one.
ajax;20061028 15:09:22;/accounts/ajax/validate.php;validate:namespaces:CA
ajax;20061028 15:09:22;/accounts/ajax/validate.php;return=ok|state|
ajax;20061028 15:09:22;/accounts/ajax/validate.php;validate:zipcode:93257
ajax;20061028 15:09:22;/accounts/ajax/validate.php;return=ok|zipcode|
ajax;20061028 15:09:22;/accounts/ajax/validate.php;validate:namespaces:US
ajax;20061028 15:09:22;/accounts/ajax/validate.php;return=ok|country|
ajax;20061028 15:09:22;/accounts/ajax/validate.php;validate:phone:559-784-7875
ajax;20061028 15:09:22;/accounts/ajax/validate.php;return=ok|phone|
ajax;20061028 15:12:07;/conference/registration/index.php;validate:required:Instructional Technologist
ajax;20061028 15:12:07;/conference/registration/index.php;validate:required:Porterville
ajax;20061028 15:12:07;/conference/registration/index.php;validate:required:CA
ajax;20061028 15:12:07;/conference/registration/index.php;validate:namespaces:CA
ajax;20061028 15:12:07;/conference/registration/index.php;validate:zipcode:93257
ajax;20061028 15:12:07;/conference/registration/index.php;validate:required:US
ajax;20061028 15:12:07;/conference/registration/index.php;validate:namespaces:US
ajax;20061028 15:12:07;/conference/registration/index.php;validate:required:559-784-7875
ajax;20061028 15:12:07;/conference/registration/index.php;validate:phone:559-784-7875
ajax;20061028 15:12:07;/conference/registration/index.php;validate:required:Y
ajax;20061028 15:12:07;/conference/registration/index.php;validate:required:N
ajax;20061028 15:12:07;/conference/registration/index.php;validate:required:Medium
ajax;20061028 15:12:07;/conference/registration/index.php;validate:required:TUE
ajax;20061028 15:12:07;/conference/registration/index.php;validate:required:WED
ajax;20061028 15:12:07;/conference/registration/index.php;validate:required:THU
ajax;20061028 15:12:07;/conference/registration/index.php;validate:required:FRI
sphinney@pc.cc.ca.us;20061028 15:12:07;/conference/registration/index.php;user modified (ldap): Sarah Phinney (sphinney@pc.cc.ca.us) [900]
