ajax;20060829 09:41:18;/accounts/ajax/validate.php;validate:email:C.P.Barrow@hull.ac.uk
ajax;20060829 09:41:18;/accounts/ajax/validate.php;validate:uniqueuserp:C.P.Barrow@hull.ac.uk
ajax;20060829 09:41:18;/accounts/ajax/validate.php;validate:uniqueuserp:C.P.Barrow@hull.ac.uk
ajax;20060829 09:41:18;/accounts/ajax/validate.php;return=ok|username|
ajax;20060829 09:41:36;/accounts/ajax/validate.php;validate:email:C.P.Barrow@hull.ac.uk
ajax;20060829 09:41:36;/accounts/ajax/validate.php;validate:uniqueuserp:C.P.Barrow@hull.ac.uk
ajax;20060829 09:41:36;/accounts/ajax/validate.php;return=ok|email|
ajax;20060829 09:42:31;/accounts/ajax/validate.php;validate:namespaces:Hull
ajax;20060829 09:42:31;/accounts/ajax/validate.php;return=ok|city|
ajax;20060829 09:42:48;/accounts/ajax/validate.php;validate:namespaces:East Yorkshire
ajax;20060829 09:42:48;/accounts/ajax/validate.php;return=ok|stateOther|
ajax;20060829 09:42:57;/accounts/ajax/validate.php;validate:zipcode:HU6 7RX
ajax;20060829 09:42:57;/accounts/ajax/validate.php;return=error|zipcode|Invalid Canadian zip (e.g. A1B 2C3)
ajax;20060829 09:43:15;/accounts/ajax/validate.php;validate:namespaces:GB
ajax;20060829 09:43:15;/accounts/ajax/validate.php;return=ok|country|
ajax;20060829 09:43:29;/accounts/ajax/validate.php;validate:zipcode:HU67RX
ajax;20060829 09:43:29;/accounts/ajax/validate.php;return=error|zipcode|Invalid Canadian zip (e.g. A1B 2C3)
ajax;20060829 09:43:44;/accounts/createaccount.php;validate:required:C.P.Barrow@hull.ac.uk
ajax;20060829 09:43:44;/accounts/createaccount.php;validate:email:C.P.Barrow@hull.ac.uk
ajax;20060829 09:43:44;/accounts/createaccount.php;validate:uniqueuserp:C.P.Barrow@hull.ac.uk
ajax;20060829 09:43:44;/accounts/createaccount.php;validate:uniqueuserp:C.P.Barrow@hull.ac.uk
ajax;20060829 09:43:44;/accounts/createaccount.php;validate:required:vertical
ajax;20060829 09:43:44;/accounts/createaccount.php;validate:password:vertical
ajax;20060829 09:43:44;/accounts/createaccount.php;validate:required:vertical
ajax;20060829 09:43:44;/accounts/createaccount.php;validate:password:vertical
ajax;20060829 09:43:44;/accounts/createaccount.php;validate:match:vertical
ajax;20060829 09:43:44;/accounts/createaccount.php;validate:required:Carl
ajax;20060829 09:43:44;/accounts/createaccount.php;validate:required:Barrow
ajax;20060829 09:43:44;/accounts/createaccount.php;validate:required:C.P.Barrow@hull.ac.uk
ajax;20060829 09:43:44;/accounts/createaccount.php;validate:email:C.P.Barrow@hull.ac.uk
ajax;20060829 09:43:44;/accounts/createaccount.php;validate:uniqueuserp:C.P.Barrow@hull.ac.uk
ajax;20060829 09:43:44;/accounts/createaccount.php;validate:required:Developer/Programmer
ajax;20060829 09:43:44;/accounts/createaccount.php;validate::UI/Interaction Designer
ajax;20060829 09:43:44;/accounts/createaccount.php;validate:required:72
ajax;20060829 09:43:44;/accounts/createaccount.php;validate::Cottinghan Road
ajax;20060829 09:43:44;/accounts/createaccount.php;validate:namespaces:Hull
ajax;20060829 09:43:44;/accounts/createaccount.php;validate:namespaces:East Yorkshire
ajax;20060829 09:43:44;/accounts/createaccount.php;validate:namespaces:GB
150.237.47.3;20060829 09:43:44;/accounts/createaccount.php;created account: c.p.barrow@hull.ac.uk (C.P.Barrow@hull.ac.uk) Barrow,Carl: inst=72
c.p.barrow@hull.ac.uk;20060829 09:55:41;/accounts/login.php;user logged in (internal):150.237.47.3:https://sakaiproject.org/accounts/login.php?ref=/accounts/activate.php
c.p.barrow@hull.ac.uk;20060829 09:55:58;/accounts/login.php;user logged in (internal):150.237.47.3:https://sakaiproject.org/accounts/login.php
dvoorhee;20060829 13:10:54;/accounts/login.php;user logged in (internal):65.33.234.249:https://sakaiproject.org/accounts/login.php?ref=/conference/proposals/index.php&msg=You+must+login+to+register+or+submit+a+proposal+for+the+Sakai+Atlanta+conference.+If+you+do+not+have+an+account%2C+please+create+one.
ajax;20060829 13:11:12;/conference/proposals/index.php;validate:required:presentation
