ajax;20061009 13:53:20;/accounts/ajax/validate.php;validate:email:billcope@byu.edu
ajax;20061009 13:53:20;/accounts/ajax/validate.php;validate:uniqueuserp:billcope@byu.edu
ajax;20061009 13:53:20;/accounts/ajax/validate.php;validate:uniqueuserp:billcope@byu.edu
ajax;20061009 13:53:20;/accounts/ajax/validate.php;return=ok|username|
ajax;20061009 13:54:25;/accounts/ajax/validate.php;validate:email:billcope@byu.edu
ajax;20061009 13:54:25;/accounts/ajax/validate.php;validate:uniqueuserp:billcope@byu.edu
ajax;20061009 13:54:25;/accounts/ajax/validate.php;return=ok|email|
ajax;20061009 13:58:14;/accounts/ajax/validate.php;validate:namespaces:Provo
ajax;20061009 13:58:14;/accounts/ajax/validate.php;return=ok|city|
ajax;20061009 13:58:14;/accounts/ajax/validate.php;validate:namespaces:UT
ajax;20061009 13:58:14;/accounts/ajax/validate.php;return=ok|state|
ajax;20061009 13:58:17;/accounts/ajax/validate.php;validate:zipcode:84602
ajax;20061009 13:58:17;/accounts/ajax/validate.php;return=ok|zipcode|
ajax;20061009 13:58:19;/accounts/ajax/validate.php;validate:namespaces:US
ajax;20061009 13:58:19;/accounts/ajax/validate.php;return=ok|country|
ajax;20061009 13:58:28;/accounts/ajax/validate.php;validate:phone:801-422-1657
ajax;20061009 13:58:28;/accounts/ajax/validate.php;return=ok|phone|
ajax;20061009 14:03:17;/accounts/createaccount.php;validate:required:billcope@byu.edu
ajax;20061009 14:03:17;/accounts/createaccount.php;validate:email:billcope@byu.edu
ajax;20061009 14:03:17;/accounts/createaccount.php;validate:uniqueuserp:billcope@byu.edu
ajax;20061009 14:03:17;/accounts/createaccount.php;validate:uniqueuserp:billcope@byu.edu
ajax;20061009 14:03:17;/accounts/createaccount.php;validate:required:byutravel1
ajax;20061009 14:03:17;/accounts/createaccount.php;validate:password:byutravel1
ajax;20061009 14:03:17;/accounts/createaccount.php;validate:required:byutravel1
ajax;20061009 14:03:17;/accounts/createaccount.php;validate:password:byutravel1
ajax;20061009 14:03:17;/accounts/createaccount.php;validate:match:byutravel1
ajax;20061009 14:03:17;/accounts/createaccount.php;validate:required:Willaim
ajax;20061009 14:03:17;/accounts/createaccount.php;validate:required:Cope
ajax;20061009 14:03:17;/accounts/createaccount.php;validate:required:billcope@byu.edu
ajax;20061009 14:03:17;/accounts/createaccount.php;validate:email:billcope@byu.edu
ajax;20061009 14:03:17;/accounts/createaccount.php;validate:uniqueuserp:billcope@byu.edu
ajax;20061009 14:03:17;/accounts/createaccount.php;validate:required:Developer/Programmer
ajax;20061009 14:03:17;/accounts/createaccount.php;validate:required:Brigham Young University
ajax;20061009 14:03:17;/accounts/createaccount.php;validate::249 MacDonald Building 
ajax;20061009 14:03:17;/accounts/createaccount.php;validate:namespaces:Provo
ajax;20061009 14:03:17;/accounts/createaccount.php;validate:namespaces:UT
ajax;20061009 14:03:17;/accounts/createaccount.php;validate:zipcode:84602
ajax;20061009 14:03:17;/accounts/createaccount.php;validate:namespaces:US
ajax;20061009 14:03:17;/accounts/createaccount.php;validate:phone:801-422-1657
128.187.167.104;20061009 14:03:17;/accounts/createaccount.php;created account: billcope@byu.edu (billcope@byu.edu) Cope,Willaim: inst=1
billcope@byu.edu;20061009 14:14:14;/accounts/login.php;user logged in (internal):128.187.167.104:https://sakaiproject.org/accounts/login.php
ajax;20061009 14:14:24;/accounts/ajax/validate.php;validate:namespaces:UT
ajax;20061009 14:14:24;/accounts/ajax/validate.php;return=ok|state|
ajax;20061009 14:14:24;/accounts/ajax/validate.php;validate:namespaces:US
ajax;20061009 14:14:24;/accounts/ajax/validate.php;validate:zipcode:84602
ajax;20061009 14:14:24;/accounts/ajax/validate.php;return=ok|country|
ajax;20061009 14:14:24;/accounts/ajax/validate.php;return=ok|zipcode|
ajax;20061009 14:14:24;/accounts/ajax/validate.php;validate:phone:801-422-1657
ajax;20061009 14:14:24;/accounts/ajax/validate.php;return=ok|phone|
ajax;20061009 14:38:55;/accounts/ajax/validate.php;validate:email:angelica_perez@byu.edu
ajax;20061009 14:38:55;/accounts/ajax/validate.php;return=ok|delegate|
ajax;20061009 14:38:55;/conference/registration/index.php;validate:required:University Administration
ajax;20061009 14:38:55;/conference/registration/index.php;validate:required:Brigham Young University
ajax;20061009 14:38:55;/conference/registration/index.php;validate:required:Provo
ajax;20061009 14:38:55;/conference/registration/index.php;validate:required:UT
ajax;20061009 14:38:55;/conference/registration/index.php;validate:namespaces:UT
ajax;20061009 14:38:55;/conference/registration/index.php;validate:zipcode:84602
ajax;20061009 14:38:55;/conference/registration/index.php;validate:required:US
ajax;20061009 14:38:55;/conference/registration/index.php;validate:namespaces:US
ajax;20061009 14:38:55;/conference/registration/index.php;validate:required:801-422-1657
ajax;20061009 14:38:55;/conference/registration/index.php;validate:phone:801-422-1657
ajax;20061009 14:38:55;/conference/registration/index.php;validate:required:Y
ajax;20061009 14:38:55;/conference/registration/index.php;validate:required:Y
ajax;20061009 14:38:55;/conference/registration/index.php;validate:required:Medium
ajax;20061009 14:38:55;/conference/registration/index.php;validate:required:TUE
ajax;20061009 14:38:55;/conference/registration/index.php;validate:required:WED
ajax;20061009 14:38:55;/conference/registration/index.php;validate:required:THU
ajax;20061009 14:38:55;/conference/registration/index.php;validate:required:FRI
ajax;20061009 14:38:55;/conference/registration/index.php;validate:email:angelica_perez@byu.edu
markjnorton;20061009 14:43:39;/accounts/login.php;user logged in (internal):198.215.118.40:https://sakaiproject.org/accounts/login.php?ref=/conference/admin/proposals.php
khancock;20061009 15:59:00;/accounts/login.php;user logged in (internal):149.166.143.234:https://sakaiproject.org/accounts/login.php?ref=/conference/proposals/index.php&msg=You+must+login+to+register+or+submit+a+proposal+for+the+Sakai+Atlanta+conference.+If+you+do+not+have+an+account%2C+please+create+one.
