dalev;20061025 07:28:24;/accounts/forgot_password.php;user modified (ldap): Dale Voorhees (dvoorhee@mail.ucf.edu) [576]
65.33.234.249;20061025 07:28:24;/accounts/forgot_password.php;password reset: dvoorhee@mail.ucf.edu
dalev;20061025 07:49:15;/accounts/login.php;user logged in (ldap):65.33.234.249:https://sakaiproject.org/accounts/login.php
mmiles@umich.edu;20061025 09:24:19;/accounts/login.php;user logged in (ldap):141.213.113.220:https://sakaiproject.org/accounts/login.php?ref=/conference/admin/proposals_results.php
shardin;20061025 09:49:36;/accounts/login.php;user logged in (ldap):141.213.120.106:https://sakaiproject.org/accounts/login.php?ref=/accounts/admin/admin_users.php
shardin;20061025 10:21:56;/accounts/login.php;user logged in (ldap):141.213.120.106:https://sakaiproject.org/accounts/login.php?ref=/conference/admin/proposals_results.php
ws15@txstate.edu;20061025 10:25:54;/accounts/login.php;user logged in (ldap):147.26.119.178:https://sakaiproject.org/accounts/login.php?ref=/conference/proposals/index.php&msg=You+must+login+to+register+or+submit+a+proposal+for+the+Sakai+Atlanta+conference.+If+you+do+not+have+an+account%2C+please+create+one.
ajax;20061025 10:26:02;/accounts/ajax/validate.php;validate:namespaces:Ann Arbor
ajax;20061025 10:26:02;/accounts/ajax/validate.php;return=ok|city|
ajax;20061025 10:26:02;/accounts/ajax/validate.php;validate:email:shardin@umich.edu
ajax;20061025 10:26:02;/accounts/ajax/validate.php;validate:uniquesql:shardin@umich.edu
ajax;20061025 10:26:02;/accounts/ajax/validate.php;return=ok|email|
ajax;20061025 10:26:02;/accounts/ajax/validate.php;validate:namespaces:MI
ajax;20061025 10:26:02;/accounts/ajax/validate.php;return=ok|state|
ajax;20061025 10:26:02;/accounts/ajax/validate.php;validate:zipcode:48109
ajax;20061025 10:26:02;/accounts/ajax/validate.php;return=ok|zipcode|
ajax;20061025 10:26:02;/accounts/ajax/validate.php;validate:namespaces:US
ajax;20061025 10:26:02;/accounts/ajax/validate.php;return=ok|country|
ajax;20061025 10:26:02;/accounts/ajax/validate.php;validate:phone:734-904-0437
ajax;20061025 10:26:02;/accounts/ajax/validate.php;return=ok|phone|
ajax;20061025 10:26:12;/accounts/ajax/validate.php;validate:uniqueuserp:shardin
ajax;20061025 10:26:12;/accounts/ajax/validate.php;validate:email:shardin@umich.edu
ajax;20061025 10:26:12;/accounts/ajax/validate.php;validate:uniqueuserp:shardin@umich.edu
ajax;20061025 10:26:12;/accounts/ajax/validate.php;return=ok|username|
ajax;20061025 10:26:12;/accounts/ajax/validate.php;return=ok|email|
ajax;20061025 10:26:12;/accounts/ajax/validate.php;validate:namespaces:Ann Arbor
ajax;20061025 10:26:12;/accounts/ajax/validate.php;return=ok|city|
ajax;20061025 10:26:12;/accounts/ajax/validate.php;validate:namespaces:MI
ajax;20061025 10:26:12;/accounts/ajax/validate.php;return=ok|state|
ajax;20061025 10:26:12;/accounts/ajax/validate.php;validate:zipcode:48109
ajax;20061025 10:26:12;/accounts/ajax/validate.php;return=ok|zipcode|
ajax;20061025 10:26:12;/accounts/ajax/validate.php;validate:namespaces:US
ajax;20061025 10:26:12;/accounts/ajax/validate.php;return=ok|country|
ajax;20061025 10:26:12;/accounts/ajax/validate.php;validate:phone:734-904-0437
ajax;20061025 10:26:12;/accounts/ajax/validate.php;return=ok|phone|
ajax;20061025 10:26:26;/accounts/admin/admin_user.php;validate:required:shardin
ajax;20061025 10:26:26;/accounts/admin/admin_user.php;validate:nospaces:shardin
ajax;20061025 10:26:26;/accounts/admin/admin_user.php;validate:uniqueuserp:shardin
ajax;20061025 10:26:27;/accounts/admin/admin_user.php;validate:required:Susan
ajax;20061025 10:26:27;/accounts/admin/admin_user.php;validate:required:Hardin
ajax;20061025 10:26:27;/accounts/admin/admin_user.php;validate:required:shardin@umich.edu
ajax;20061025 10:26:27;/accounts/admin/admin_user.php;validate:email:shardin@umich.edu
ajax;20061025 10:26:27;/accounts/admin/admin_user.php;validate:uniqueuserp:shardin@umich.edu
ajax;20061025 10:26:27;/accounts/admin/admin_user.php;validate:required:Developer/Programmer
ajax;20061025 10:26:27;/accounts/admin/admin_user.php;validate:required:76
ajax;20061025 10:26:27;/accounts/admin/admin_user.php;validate::Duderstadt Ctr
Bonisteel Dr.
ajax;20061025 10:26:27;/accounts/admin/admin_user.php;validate:namespaces:Ann Arbor
ajax;20061025 10:26:27;/accounts/admin/admin_user.php;validate:namespaces:MI
ajax;20061025 10:26:27;/accounts/admin/admin_user.php;validate:zipcode:48109
ajax;20061025 10:26:27;/accounts/admin/admin_user.php;validate:namespaces:US
ajax;20061025 10:26:27;/accounts/admin/admin_user.php;validate:phone:734-904-0437
shardin;20061025 10:26:28;/accounts/admin/admin_user.php;user modified (ldap): Susan Hardin (shardin@umich.edu) [2]
ajax;20061025 10:26:29;/accounts/ajax/validate.php;validate:uniqueuserp:shardin
ajax;20061025 10:26:29;/accounts/ajax/validate.php;validate:email:shardin@umich.edu
ajax;20061025 10:26:29;/accounts/ajax/validate.php;validate:uniqueuserp:shardin@umich.edu
ajax;20061025 10:26:29;/accounts/ajax/validate.php;return=ok|username|
ajax;20061025 10:26:29;/accounts/ajax/validate.php;validate:namespaces:Ann Arbor
ajax;20061025 10:26:29;/accounts/ajax/validate.php;return=ok|email|
ajax;20061025 10:26:29;/accounts/ajax/validate.php;return=ok|city|
ajax;20061025 10:26:29;/accounts/ajax/validate.php;validate:namespaces:MI
ajax;20061025 10:26:29;/accounts/ajax/validate.php;validate:zipcode:48109
ajax;20061025 10:26:29;/accounts/ajax/validate.php;return=ok|state|
ajax;20061025 10:26:29;/accounts/ajax/validate.php;return=ok|zipcode|
ajax;20061025 10:26:29;/accounts/ajax/validate.php;validate:namespaces:US
ajax;20061025 10:26:29;/accounts/ajax/validate.php;return=ok|country|
ajax;20061025 10:26:29;/accounts/ajax/validate.php;validate:phone:734-904-0437
ajax;20061025 10:26:29;/accounts/ajax/validate.php;return=ok|phone|
ajax;20061025 10:32:03;/accounts/admin/admin_user.php;validate:required:shardin
ajax;20061025 10:32:03;/accounts/admin/admin_user.php;validate:nospaces:shardin
ajax;20061025 10:32:03;/accounts/admin/admin_user.php;validate:uniqueuserp:shardin
ajax;20061025 10:32:03;/accounts/admin/admin_user.php;validate:required:Susan
ajax;20061025 10:32:03;/accounts/admin/admin_user.php;validate:required:Hardin
ajax;20061025 10:32:03;/accounts/admin/admin_user.php;validate:required:shardin@umich.edu
ajax;20061025 10:32:03;/accounts/admin/admin_user.php;validate:email:shardin@umich.edu
ajax;20061025 10:32:03;/accounts/admin/admin_user.php;validate:uniqueuserp:shardin@umich.edu
ajax;20061025 10:32:04;/accounts/admin/admin_user.php;validate:required:Developer/Programmer
ajax;20061025 10:32:04;/accounts/admin/admin_user.php;validate:required:76
ajax;20061025 10:32:04;/accounts/admin/admin_user.php;validate::Duderstadt Ctr
Bonisteel Dr.
ajax;20061025 10:32:04;/accounts/admin/admin_user.php;validate:namespaces:Ann Arbor
ajax;20061025 10:32:04;/accounts/admin/admin_user.php;validate:namespaces:MI
ajax;20061025 10:32:04;/accounts/admin/admin_user.php;validate:zipcode:48109
ajax;20061025 10:32:04;/accounts/admin/admin_user.php;validate:namespaces:US
ajax;20061025 10:32:04;/accounts/admin/admin_user.php;validate:phone:734-904-0437
shardin;20061025 10:32:05;/accounts/admin/admin_user.php;user modified (ldap): Susan Hardin (shardin@umich.edu) [2]
ajax;20061025 10:32:05;/accounts/ajax/validate.php;validate:uniqueuserp:shardin
ajax;20061025 10:32:05;/accounts/ajax/validate.php;validate:email:shardin@umich.edu
ajax;20061025 10:32:05;/accounts/ajax/validate.php;validate:uniqueuserp:shardin@umich.edu
ajax;20061025 10:32:06;/accounts/ajax/validate.php;return=ok|username|
ajax;20061025 10:32:06;/accounts/ajax/validate.php;return=ok|email|
ajax;20061025 10:32:06;/accounts/ajax/validate.php;validate:namespaces:Ann Arbor
ajax;20061025 10:32:06;/accounts/ajax/validate.php;return=ok|city|
ajax;20061025 10:32:06;/accounts/ajax/validate.php;validate:namespaces:MI
ajax;20061025 10:32:06;/accounts/ajax/validate.php;return=ok|state|
ajax;20061025 10:32:06;/accounts/ajax/validate.php;validate:zipcode:48109
ajax;20061025 10:32:06;/accounts/ajax/validate.php;return=ok|zipcode|
ajax;20061025 10:32:06;/accounts/ajax/validate.php;validate:namespaces:US
ajax;20061025 10:32:06;/accounts/ajax/validate.php;return=ok|country|
ajax;20061025 10:32:06;/accounts/ajax/validate.php;validate:phone:734-904-0437
ajax;20061025 10:32:06;/accounts/ajax/validate.php;return=ok|phone|
ajax;20061025 10:32:18;/accounts/admin/admin_user.php;validate:required:shardin
ajax;20061025 10:32:18;/accounts/admin/admin_user.php;validate:nospaces:shardin
ajax;20061025 10:32:18;/accounts/admin/admin_user.php;validate:uniqueuserp:shardin
ajax;20061025 10:32:18;/accounts/admin/admin_user.php;validate:required:Susan
ajax;20061025 10:32:18;/accounts/admin/admin_user.php;validate:required:Hardin
ajax;20061025 10:32:18;/accounts/admin/admin_user.php;validate:required:shardin@umich.edu
ajax;20061025 10:32:18;/accounts/admin/admin_user.php;validate:email:shardin@umich.edu
ajax;20061025 10:32:18;/accounts/admin/admin_user.php;validate:uniqueuserp:shardin@umich.edu
ajax;20061025 10:32:19;/accounts/admin/admin_user.php;validate:required:Developer/Programmer
ajax;20061025 10:32:19;/accounts/admin/admin_user.php;validate:required:76
ajax;20061025 10:32:19;/accounts/admin/admin_user.php;validate::Duderstadt Ctr
Bonisteel Dr.
ajax;20061025 10:32:19;/accounts/admin/admin_user.php;validate:namespaces:Ann Arbor
ajax;20061025 10:32:19;/accounts/admin/admin_user.php;validate:namespaces:MI
ajax;20061025 10:32:19;/accounts/admin/admin_user.php;validate:zipcode:48109
ajax;20061025 10:32:19;/accounts/admin/admin_user.php;validate:namespaces:US
ajax;20061025 10:32:19;/accounts/admin/admin_user.php;validate:phone:734-904-0437
shardin;20061025 10:32:20;/accounts/admin/admin_user.php;user modified (ldap): Susan Hardin (shardin@umich.edu) [2]
ajax;20061025 10:32:20;/accounts/ajax/validate.php;validate:uniqueuserp:shardin
ajax;20061025 10:32:20;/accounts/ajax/validate.php;validate:email:shardin@umich.edu
ajax;20061025 10:32:20;/accounts/ajax/validate.php;validate:uniqueuserp:shardin@umich.edu
ajax;20061025 10:32:21;/accounts/ajax/validate.php;return=ok|username|
ajax;20061025 10:32:21;/accounts/ajax/validate.php;return=ok|email|
ajax;20061025 10:32:21;/accounts/ajax/validate.php;validate:namespaces:Ann Arbor
ajax;20061025 10:32:21;/accounts/ajax/validate.php;return=ok|city|
ajax;20061025 10:32:21;/accounts/ajax/validate.php;validate:namespaces:MI
ajax;20061025 10:32:21;/accounts/ajax/validate.php;return=ok|state|
ajax;20061025 10:32:21;/accounts/ajax/validate.php;validate:zipcode:48109
ajax;20061025 10:32:21;/accounts/ajax/validate.php;return=ok|zipcode|
ajax;20061025 10:32:21;/accounts/ajax/validate.php;validate:namespaces:US
ajax;20061025 10:32:21;/accounts/ajax/validate.php;return=ok|country|
ajax;20061025 10:32:21;/accounts/ajax/validate.php;validate:phone:734-904-0437
ajax;20061025 10:32:21;/accounts/ajax/validate.php;return=ok|phone|
emilyh;20061025 10:33:24;/accounts/login.php;user logged in (internal):130.132.179.233:https://sakaiproject.org/accounts/login.php
emilyh;20061025 10:33:24;/accounts/login.php;user added (ldap): Emily Horning (emily.horning@yale.edu) [231]
abcassidy;20061025 11:01:11;/accounts/login.php;user logged in (ldap):216.41.41.146:https://sakaiproject.org/accounts/login.php?ref=/conference/admin/proposals.php
colin.clark@utoronto.ca;20061025 11:01:30;/accounts/login.php;user logged in (ldap):142.150.154.149:https://sakaiproject.org/accounts/login.php?ref=/conference/admin/proposals_results.php
sayeedmd;20061025 11:01:48;/accounts/login.php;user logged in (ldap):128.220.212.123:https://sakaiproject.org/accounts/login.php?ref=/conference/admin/proposals_results.php
amyz@jhu.edu;20061025 11:05:30;/accounts/login.php;user logged in (ldap):128.220.212.5:https://sakaiproject.org/accounts/login.php?ref=/conference/registration/index.php&msg=You+must+login+to+register+or+submit+a+proposal+for+the+Sakai+Atlanta+conference.+If+you+do+not+have+an+account%2C+please+create+one.
sayeedmd;20061025 11:16:42;/accounts/login.php;user logged in (ldap):128.220.212.123:https://sakaiproject.org/accounts/login.php?ref=/conference/admin/proposals_results.php
m.gonzalez@lancaster.ac.uk;20061025 11:24:18;/accounts/login.php;user logged in (ldap):194.80.32.8:https://sakaiproject.org/accounts/login.php?ref=/conference/proposals/index.php&msg=You+must+login+to+register+or+submit+a+proposal+for+the+Sakai+Atlanta+conference.+If+you+do+not+have+an+account%2C+please+create+one.
turnerp;20061025 11:28:39;/accounts/login.php;user logged in (internal):216.106.72.112:https://sakaiproject.org/accounts/login.php?ref=/conference/proposals/index.php&msg=You+must+login+to+register+or+submit+a+proposal+for+the+Sakai+Atlanta+conference.+If+you+do+not+have+an+account%2C+please+create+one.
turnerp;20061025 11:28:39;/accounts/login.php;user added (ldap): Paul Turner (turnerp@missouri.edu) [356]
ajax;20061025 11:31:18;/conference/proposals/index.php;validate:required:poster
billcope@byu.edu;20061025 11:34:41;/accounts/login.php;user logged in (ldap):128.187.130.108:https://sakaiproject.org/accounts/login.php?ref=/conference/registration/index.php&msg=You+must+login+to+register+or+submit+a+proposal+for+the+Sakai+Atlanta+conference.+If+you+do+not+have+an+account%2C+please+create+one.
billcope@byu.edu;20061025 11:35:27;/accounts/login.php;user logged in (ldap):128.187.130.108:https://sakaiproject.org/accounts/login.php?ref=/accounts/index.php
jrm;20061025 12:15:44;/accounts/login.php;user logged in (ldap):128.220.212.114:https://sakaiproject.org/accounts/login.php?ref=/conference/admin/proposals.php
bkirschn;20061025 12:35:05;/accounts/login.php;user logged in (internal):141.211.133.114:https://sakaiproject.org/accounts/login.php?ref=/conference/registration/index.php&msg=You+must+login+to+register+or+submit+a+proposal+for+the+Sakai+Atlanta+conference.+If+you+do+not+have+an+account%2C+please+create+one.
bkirschn;20061025 12:35:05;/accounts/login.php;user modified (ldap): Beth Kirschner (bkirschn@umich.edu) [338]
ajax;20061025 12:46:22;/conference/proposals/index.php;validate:required:poster
ajax;20061025 12:46:29;/conference/proposals/index.php;validate:required:demo
ajax;20061025 12:46:34;/conference/proposals/index.php;validate:required:presentation
ajax;20061025 12:55:28;/conference/proposals/index.php;validate:required:demo
abcassidy;20061025 13:07:06;/accounts/login.php;user logged in (ldap):216.41.41.146:https://sakaiproject.org/accounts/login.php?ref=/conference/admin/proposals.php
judy@media.berkeley.edu;20061025 13:14:56;/accounts/login.php;user logged in (internal):169.229.212.11:https://sakaiproject.org/accounts/login.php?ref=/conference/registration/index.php&msg=You+must+login+to+register+or+submit+a+proposal+for+the+Sakai+Atlanta+conference.+If+you+do+not+have+an+account%2C+please+create+one.
judy@media.berkeley.edu;20061025 13:14:56;/accounts/login.php;user added (ldap): Judy Stern (judy@media.berkeley.edu) [314]
ajax;20061025 13:14:58;/accounts/ajax/validate.php;validate:namespaces:CA
ajax;20061025 13:14:58;/accounts/ajax/validate.php;return=ok|state|
ajax;20061025 13:14:58;/accounts/ajax/validate.php;validate:zipcode:94720-2535
ajax;20061025 13:14:58;/accounts/ajax/validate.php;return=ok|zipcode|
ajax;20061025 13:14:58;/accounts/ajax/validate.php;validate:namespaces:US
ajax;20061025 13:14:58;/accounts/ajax/validate.php;return=ok|country|
ajax;20061025 13:14:58;/accounts/ajax/validate.php;validate:phone:510-812-7594
ajax;20061025 13:14:58;/accounts/ajax/validate.php;return=ok|phone|
ajax;20061025 13:16:31;/conference/registration/index.php;validate:required:UI/Interaction Designer
ajax;20061025 13:16:31;/conference/registration/index.php;validate::Instructional Technologist
ajax;20061025 13:16:31;/conference/registration/index.php;validate:required:Berkeley
ajax;20061025 13:16:31;/conference/registration/index.php;validate:required:CA
ajax;20061025 13:16:31;/conference/registration/index.php;validate:namespaces:CA
ajax;20061025 13:16:31;/conference/registration/index.php;validate:zipcode:94720-2535
ajax;20061025 13:16:31;/conference/registration/index.php;validate:required:US
ajax;20061025 13:16:31;/conference/registration/index.php;validate:namespaces:US
ajax;20061025 13:16:31;/conference/registration/index.php;validate:required:510-812-7594
ajax;20061025 13:16:31;/conference/registration/index.php;validate:phone:510-812-7594
ajax;20061025 13:16:31;/conference/registration/index.php;validate:required:Y
ajax;20061025 13:16:31;/conference/registration/index.php;validate:required:N
ajax;20061025 13:16:31;/conference/registration/index.php;validate:required:Large
ajax;20061025 13:16:31;/conference/registration/index.php;validate:required:TUE
ajax;20061025 13:16:31;/conference/registration/index.php;validate:required:WED
ajax;20061025 13:16:31;/conference/registration/index.php;validate:required:THU
ajax;20061025 13:16:31;/conference/registration/index.php;validate:required:FRI
judy@media.berkeley.edu;20061025 13:16:32;/conference/registration/index.php;user modified (ldap): Judy Stern (judy@media.berkeley.edu) [314]
gbhatnag;20061025 14:00:58;/accounts/login.php;user logged in (internal):141.211.43.176:https://sakaiproject.org/accounts/login.php?ref=/conference/proposals/index.php&msg=You+must+login+to+register+or+submit+a+proposal+for+the+Sakai+Atlanta+conference.+If+you+do+not+have+an+account%2C+please+create+one.
gbhatnag;20061025 14:00:59;/accounts/login.php;user added (ldap): Gaurav Bhatnagar (gbhatnag@umich.edu) [233]
abcassidy;20061025 14:21:56;/accounts/login.php;user logged in (ldap):216.41.41.146:https://sakaiproject.org/accounts/login.php?ref=/conference/admin/proposals.php
zathomas;20061025 15:37:03;/accounts/login.php;user logged in (internal):147.26.119.206:https://sakaiproject.org/accounts/login.php
zathomas;20061025 15:37:03;/accounts/login.php;user added (ldap): Zach Thomas (zach.thomas@txstate.edu) [84]
clayf;20061025 15:51:53;/accounts/login.php;user logged in (ldap):168.122.34.200:https://sakaiproject.org/accounts/login.php?ref=/election/add_entry.php&msg=You+must+login+to+complete+your+Sakai+Board+elections+nominee+entry.+If+you+do+not+have+an+account%2C+please+create+one.+%3Cbr%2F%3E%3Cbr%2F%3E%2A%2A++only+those+individuals+who+were+nominated+and+contacted+by+the+elections+committee+may+add+their+information.%3Cbr%2F%3E%3Cbr%2F%3E+
ajax;20061025 15:52:14;/election/add_entry.php;validate:required:2006 has been a year of transitions for the Sakai community: a shift from a grant-funded project to a community source foundation; a broadening of both leadership and the community's requirements, and a greater transparency of management.  But yet further needed transitions lie ahead.  

I think Sakai's greatest challenge remains its barriers to entry, or, perhaps better put, its barriers to participation, since the barrier to entry is (in principle) very low indeed.  We know the shared vision that got us in the door, but now it's time to affirm what's going to keep us in the room.  It is the smoothing out of these challenges to participation that I think will represent the next stage of Sakai's maturity. 

Institutions encounter these challenges in their strategic planning with regard to Sakai.  Although we benefit from a self-motivated voluntarism in many individuals, the success of Sakai will really require the voluntarism that is an extension of the institutional will, and institutions can be better encouraged and supported in this.  Much progress has been made in allowing the community to follow progress on the various projects and weigh in with their own needs, and we need to continue to hone these practices.  But I think we can do more to encourage school administrations in their investment of resources - in fact, I think we can increase contributions - by better identifying or establishing clear channels for them to devote resources to achieve measurable, predictable results.  In short, we can improve the ability for institutions to account for their investment in community source, and provide them with stronger reasons to both contribute and defend those contributions at home, when the occasion calls for it.

Faculty and students encounter these challenges in the arena of usability or user experience.  There are encouraging initiatives underway to establish more coherent design patterns, and to bring user experience issues more to the fore.  More development projects are leading with design and usability planning rather than trying to corral those problems after the fact.  And the upcoming pre-conference day devoted to user experience issues in Sakai is a very heartening indeed.  I think all such efforts need to continue to be encouraged and promoted.

Designers, learning technologists, and developers encounter these challenges in technical complexity, a lack of documentation, and a sometimes confusing array of information sources.  I'm much encouraged by the training workshops for new developers that have grown out of the community, and by maturing technologies which carry the promise of easier and better collaboration between designers, pedagogists, and the Java experts (e.g., RSF and ongoing efforts to integrate with other languages).  I still hold out hope for the time when more teachers can be immediately involved in tool development - it was part of the vision which originally attracted me to Sakai, but the difficulties to date have been daunting.  I think we can do more to provide clear, comprehensive information, and to identify points of engagement and mentoring for willing contributors.

All our volunteers can encounter challenges to participation when the Sakai calendar matches up poorly with the calendar of local exigencies.  I'm much encouraged by the establishment of a new release schedule which provides much more lead time between software releases and academic terms, and which has achieved better discipline for QA and regularity for development cycles.  We need to continue to try to better align Sakai's processes with local processes, and even merge them where appropriate, in order to better harness the efforts of the community.

In addition to broad participation within the Sakai community, I think a key factor to our success will be how Sakai participates within the broader array of higher ed technology initiatives.  I am encouraged by our common cartridge work, by our interactions with the LAMS community, by efforts to integrate Sakai with Bodington and uPortal, among others.  We need to continue to reach out and cultivate these partnerships.

Sakai Foundation leaders have done a superb job in communicating our vision and promoting it within the broader education community, while they have also done an admirable job forearming us against external threats, such as the issues surrounding patent litigation.  That all needs to continue and even be developed further.  But at the same time I think we will be called upon to do more to figure out how to make this collaboration really work for those who have already bought into the vision.
ajax;20061025 15:52:14;/election/add_entry.php;validate:required:Though a U.S. citizen, Clay grew up in South Korea, and only returned to the States for his university education.  He received his undergraduate degree from Colorado College, and his M.S. in High Energy Astrophysics from Iowa State University in 1995.  He finished this degree with the conviction that teaching was a more compelling pursuit for him than the life of a research astronomer, and in fact at the time he left with his degree he was teaching in both the physics and philosophy departments, and writing popular astronomy articles for publication.  

Seeking to combine this pedagogical interest with a desire to return overseas, he spent the next three years in rural South Africa, a volunteer in educational and community development.  His chief responsibility was a set of primary schools and their villages in the Sotho homelands, but he also worked closely with provincial offices in acquiring donations of books and computers from international investors, and establishing grant-funded libraries and computer literacy programs for educators.

Upon returning to the States in 1999 he moved to Boston to enter a master's program in Philosophy at Boston University, and he parlayed his experience doing computer modeling in gamma ray astronomy to acquire a job in the IT department there - initially just for the tuition remission while he pursued his own studies.  But a professional philosophical interest was once again eclipsed by a fascination with the computer as both a social tool and a medium of instruction.  He became the administrator for the course management systems at the School of Management, helped develop some of its courses for online delivery, and taught a few of his own astronomy and calculus courses online as well.  Late in 2003 he became the Associate Director for Academic Computing.

Since he spearheaded BU's entry into the Sakai partnership in early 2004, he has been a vocal and active member of the community at a number of levels, ranging from the QA working group and release documentation, through Strategy and Advocacy discussions which shaped the Foundation by-laws, and to the community practice working group which seeks to articulate the practices by which the Sakai community collaborates.  He was made a Sakai Fellow in May of 2006.  Throughout, his keenest interest has been in the nature and health of the organization and the community source model.
ajax;20061025 17:20:43;/accounts/ajax/validate.php;validate:email:mglackin
ajax;20061025 17:20:43;/accounts/ajax/validate.php;return=error|username|Invalid email address
ajax;20061025 17:20:50;/accounts/ajax/validate.php;validate:email:mglackin@mtholyoke.edu
ajax;20061025 17:20:50;/accounts/ajax/validate.php;validate:uniqueuserp:mglackin@mtholyoke.edu
ajax;20061025 17:20:51;/accounts/ajax/validate.php;validate:uniqueuserp:mglackin@mtholyoke.edu
ajax;20061025 17:20:51;/accounts/ajax/validate.php;return=ok|username|
ajax;20061025 17:21:16;/accounts/ajax/validate.php;validate:email:mglackin@mtholyoke.edu
ajax;20061025 17:21:16;/accounts/ajax/validate.php;validate:uniqueuserp:mglackin@mtholyoke.edu
ajax;20061025 17:21:17;/accounts/ajax/validate.php;return=ok|email|
ajax;20061025 17:22:56;/accounts/ajax/validate.php;validate:namespaces:South Hadley
ajax;20061025 17:22:56;/accounts/ajax/validate.php;return=ok|city|
ajax;20061025 17:23:01;/accounts/ajax/validate.php;validate:namespaces:MA
ajax;20061025 17:23:01;/accounts/ajax/validate.php;return=ok|state|
ajax;20061025 17:23:12;/accounts/ajax/validate.php;validate:zipcode:01075-6416
ajax;20061025 17:23:12;/accounts/ajax/validate.php;return=ok|zipcode|
ajax;20061025 17:23:14;/accounts/ajax/validate.php;validate:namespaces:US
ajax;20061025 17:23:14;/accounts/ajax/validate.php;return=ok|country|
ajax;20061025 17:23:24;/accounts/ajax/validate.php;validate:phone:413.538.2537
ajax;20061025 17:23:24;/accounts/ajax/validate.php;return=ok|phone|
ajax;20061025 17:23:34;/accounts/ajax/validate.php;validate:phone:413.538.3051
ajax;20061025 17:23:34;/accounts/ajax/validate.php;return=ok|fax|
ajax;20061025 17:23:44;/accounts/createaccount.php;validate:required:mglackin@mtholyoke.edu
ajax;20061025 17:23:44;/accounts/createaccount.php;validate:email:mglackin@mtholyoke.edu
ajax;20061025 17:23:44;/accounts/createaccount.php;validate:uniqueuserp:mglackin@mtholyoke.edu
ajax;20061025 17:23:44;/accounts/createaccount.php;validate:uniqueuserp:mglackin@mtholyoke.edu
ajax;20061025 17:23:44;/accounts/createaccount.php;validate:required:2Henri
ajax;20061025 17:23:44;/accounts/createaccount.php;validate:password:2Henri
ajax;20061025 17:23:44;/accounts/createaccount.php;validate:required:2Henri
ajax;20061025 17:23:44;/accounts/createaccount.php;validate:password:2Henri
ajax;20061025 17:23:44;/accounts/createaccount.php;validate:match:2Henri
ajax;20061025 17:23:44;/accounts/createaccount.php;validate:required:Mary
ajax;20061025 17:23:44;/accounts/createaccount.php;validate:required:Glackin
ajax;20061025 17:23:44;/accounts/createaccount.php;validate:required:mglackin@mtholyoke.edu
ajax;20061025 17:23:44;/accounts/createaccount.php;validate:email:mglackin@mtholyoke.edu
ajax;20061025 17:23:44;/accounts/createaccount.php;validate:uniqueuserp:mglackin@mtholyoke.edu
ajax;20061025 17:23:44;/accounts/createaccount.php;validate:required:Instructional Technologist
ajax;20061025 17:23:44;/accounts/createaccount.php;validate::Faculty Development
ajax;20061025 17:23:44;/accounts/createaccount.php;validate:required:Mount Holyoke College
ajax;20061025 17:23:44;/accounts/createaccount.php;validate::Research & Instructional Support
Library, Information & Technology Services
Williston Library
ajax;20061025 17:23:44;/accounts/createaccount.php;validate:namespaces:South Hadley
ajax;20061025 17:23:44;/accounts/createaccount.php;validate:namespaces:MA
ajax;20061025 17:23:44;/accounts/createaccount.php;validate:zipcode:01075-6416
ajax;20061025 17:23:44;/accounts/createaccount.php;validate:namespaces:US
ajax;20061025 17:23:44;/accounts/createaccount.php;validate:phone:413.538.2537
ajax;20061025 17:23:44;/accounts/createaccount.php;validate:phone:413.538.3051
mglackin@mtholyoke.edu;20061025 17:23:44;/accounts/createaccount.php;user added (ldap): Mary Glackin (mglackin@mtholyoke.edu) [891]
71.192.213.217;20061025 17:23:44;/accounts/createaccount.php;created account: mglackin@mtholyoke.edu (mglackin@mtholyoke.edu) Glackin,Mary: inst=1
ajax;20061025 17:27:59;/accounts/ajax/validate.php;validate:email:worthide@whitman.edu
ajax;20061025 17:27:59;/accounts/ajax/validate.php;validate:uniqueuserp:worthide@whitman.edu
ajax;20061025 17:27:59;/accounts/ajax/validate.php;validate:uniqueuserp:worthide@whitman.edu
ajax;20061025 17:27:59;/accounts/ajax/validate.php;return=ok|username|
ajax;20061025 17:28:11;/accounts/ajax/validate.php;validate:email:worthide@whitman.edu
ajax;20061025 17:28:11;/accounts/ajax/validate.php;validate:uniqueuserp:worthide@whitman.edu
ajax;20061025 17:28:11;/accounts/ajax/validate.php;return=ok|email|
ajax;20061025 17:29:32;/accounts/ajax/validate.php;validate:namespaces:Walla Walla
ajax;20061025 17:29:32;/accounts/ajax/validate.php;return=ok|city|
ajax;20061025 17:29:33;/accounts/ajax/validate.php;validate:namespaces:WA
ajax;20061025 17:29:33;/accounts/ajax/validate.php;return=ok|state|
ajax;20061025 17:29:35;/accounts/ajax/validate.php;validate:zipcode:99362
ajax;20061025 17:29:35;/accounts/ajax/validate.php;return=ok|zipcode|
ajax;20061025 17:29:40;/accounts/ajax/validate.php;validate:namespaces:US
ajax;20061025 17:29:40;/accounts/ajax/validate.php;return=ok|country|
ajax;20061025 17:29:46;/accounts/ajax/validate.php;validate:phone:509-527-5764
ajax;20061025 17:29:46;/accounts/ajax/validate.php;return=ok|phone|
ajax;20061025 17:30:08;/accounts/createaccount.php;validate:required:worthide@whitman.edu
ajax;20061025 17:30:08;/accounts/createaccount.php;validate:email:worthide@whitman.edu
ajax;20061025 17:30:08;/accounts/createaccount.php;validate:uniqueuserp:worthide@whitman.edu
ajax;20061025 17:30:08;/accounts/createaccount.php;validate:uniqueuserp:worthide@whitman.edu
ajax;20061025 17:30:08;/accounts/createaccount.php;validate:required:egyptmaya
ajax;20061025 17:30:08;/accounts/createaccount.php;validate:password:egyptmaya
ajax;20061025 17:30:08;/accounts/createaccount.php;validate:required:egyptmaya
ajax;20061025 17:30:08;/accounts/createaccount.php;validate:password:egyptmaya
ajax;20061025 17:30:08;/accounts/createaccount.php;validate:match:egyptmaya
ajax;20061025 17:30:08;/accounts/createaccount.php;validate:required:Daniel
ajax;20061025 17:30:08;/accounts/createaccount.php;validate:required:Worthington
ajax;20061025 17:30:08;/accounts/createaccount.php;validate:required:worthide@whitman.edu
ajax;20061025 17:30:08;/accounts/createaccount.php;validate:email:worthide@whitman.edu
ajax;20061025 17:30:08;/accounts/createaccount.php;validate:uniqueuserp:worthide@whitman.edu
ajax;20061025 17:30:09;/accounts/createaccount.php;validate:required:Developer/Programmer
ajax;20061025 17:30:09;/accounts/createaccount.php;validate::User Support
ajax;20061025 17:30:09;/accounts/createaccount.php;validate:required:90
ajax;20061025 17:30:09;/accounts/createaccount.php;validate::345 Boyer Ave
ajax;20061025 17:30:09;/accounts/createaccount.php;validate:namespaces:Walla Walla
ajax;20061025 17:30:09;/accounts/createaccount.php;validate:namespaces:WA
ajax;20061025 17:30:09;/accounts/createaccount.php;validate:zipcode:99362
ajax;20061025 17:30:09;/accounts/createaccount.php;validate:namespaces:US
ajax;20061025 17:30:09;/accounts/createaccount.php;validate:phone:509-527-5764
ajax;20061025 17:30:09;/accounts/createaccount.php;validate:phone:509-527-4962
worthide@whitman.edu;20061025 17:30:09;/accounts/createaccount.php;user added (ldap): Daniel Worthington (worthide@whitman.edu) [892]
192.34.239.170;20061025 17:30:09;/accounts/createaccount.php;created account: worthide@whitman.edu (worthide@whitman.edu) Worthington,Daniel: inst=90
worthide@whitman.edu;20061025 17:31:27;/accounts/activate.php;user modified (ldap): Daniel Worthington (worthide@whitman.edu) [892]
worthide@whitman.edu;20061025 17:31:37;/accounts/login.php;user logged in (ldap):192.34.239.170:https://sakaiproject.org/accounts/login.php
ajax;20061025 17:31:47;/accounts/ajax/validate.php;validate:phone:509-527-4962
ajax;20061025 17:31:47;/accounts/ajax/validate.php;return=ok|fax|
ajax;20061025 17:31:47;/accounts/ajax/validate.php;validate:namespaces:WA
ajax;20061025 17:31:47;/accounts/ajax/validate.php;return=ok|state|
ajax;20061025 17:31:47;/accounts/ajax/validate.php;validate:zipcode:99362
ajax;20061025 17:31:47;/accounts/ajax/validate.php;return=ok|zipcode|
ajax;20061025 17:31:47;/accounts/ajax/validate.php;validate:namespaces:US
ajax;20061025 17:31:47;/accounts/ajax/validate.php;return=ok|country|
ajax;20061025 17:31:47;/accounts/ajax/validate.php;validate:phone:509-527-5764
ajax;20061025 17:31:47;/accounts/ajax/validate.php;return=ok|phone|
ajax;20061025 17:36:50;/conference/registration/index.php;validate:required:Developer/Programmer
ajax;20061025 17:36:50;/conference/registration/index.php;validate::User Support
ajax;20061025 17:36:50;/conference/registration/index.php;validate:required:Walla Walla
ajax;20061025 17:36:50;/conference/registration/index.php;validate:required:WA
ajax;20061025 17:36:50;/conference/registration/index.php;validate:namespaces:WA
ajax;20061025 17:36:50;/conference/registration/index.php;validate:zipcode:99362
ajax;20061025 17:36:50;/conference/registration/index.php;validate:required:US
ajax;20061025 17:36:50;/conference/registration/index.php;validate:namespaces:US
ajax;20061025 17:36:50;/conference/registration/index.php;validate:required:509-527-5764
ajax;20061025 17:36:50;/conference/registration/index.php;validate:phone:509-527-5764
ajax;20061025 17:36:50;/conference/registration/index.php;validate:phone:509-527-4962
ajax;20061025 17:36:50;/conference/registration/index.php;validate:required:Y
ajax;20061025 17:36:50;/conference/registration/index.php;validate:required:N
ajax;20061025 17:36:50;/conference/registration/index.php;validate:required:Medium
ajax;20061025 17:36:50;/conference/registration/index.php;validate:required:TUE
ajax;20061025 17:36:50;/conference/registration/index.php;validate:required:WED
ajax;20061025 17:36:50;/conference/registration/index.php;validate:required:THU
ajax;20061025 17:36:50;/conference/registration/index.php;validate:required:FRI
worthide@whitman.edu;20061025 17:36:50;/conference/registration/index.php;user modified (ldap): Daniel Worthington (worthide@whitman.edu) [892]
mglackin@mtholyoke.edu;20061025 17:56:50;/accounts/activate.php;user modified (ldap): Mary Glackin (mglackin@mtholyoke.edu) [891]
mglackin@mtholyoke.edu;20061025 17:57:09;/accounts/login.php;user logged in (ldap):71.192.213.217:https://sakaiproject.org/accounts/login.php
ajax;20061025 18:01:47;/conference/proposals/index.php;validate:required:poster
ajax;20061025 18:02:34;/accounts/ajax/validate.php;validate:namespaces:MA
ajax;20061025 18:02:34;/accounts/ajax/validate.php;validate:zipcode:01075-6416
ajax;20061025 18:02:34;/accounts/ajax/validate.php;return=ok|state|
ajax;20061025 18:02:34;/accounts/ajax/validate.php;return=ok|zipcode|
ajax;20061025 18:02:34;/accounts/ajax/validate.php;validate:namespaces:US
ajax;20061025 18:02:34;/accounts/ajax/validate.php;return=ok|country|
ajax;20061025 18:02:34;/accounts/ajax/validate.php;validate:phone:413.538.2537
ajax;20061025 18:02:34;/accounts/ajax/validate.php;return=ok|phone|
ajax;20061025 18:02:34;/accounts/ajax/validate.php;validate:phone:413.538.3051
ajax;20061025 18:02:34;/accounts/ajax/validate.php;return=ok|fax|
ajax;20061025 18:03:25;/accounts/ajax/validate.php;validate:email:mglackin@mtholyoke.edu
ajax;20061025 18:03:25;/accounts/ajax/validate.php;validate:uniquesql:mglackin@mtholyoke.edu
ajax;20061025 18:03:25;/accounts/ajax/validate.php;return=ok|email|
ajax;20061025 18:03:25;/accounts/ajax/validate.php;validate:namespaces:MA
ajax;20061025 18:03:25;/accounts/ajax/validate.php;return=ok|state|
ajax;20061025 18:03:25;/accounts/ajax/validate.php;validate:namespaces:South Hadley
ajax;20061025 18:03:25;/accounts/ajax/validate.php;return=ok|city|
ajax;20061025 18:03:25;/accounts/ajax/validate.php;validate:zipcode:01075-6416
ajax;20061025 18:03:25;/accounts/ajax/validate.php;return=ok|zipcode|
ajax;20061025 18:03:25;/accounts/ajax/validate.php;validate:namespaces:US
ajax;20061025 18:03:25;/accounts/ajax/validate.php;return=ok|country|
ajax;20061025 18:03:25;/accounts/ajax/validate.php;validate:phone:413.538.2537
ajax;20061025 18:03:25;/accounts/ajax/validate.php;return=ok|phone|
ajax;20061025 18:03:25;/accounts/ajax/validate.php;validate:phone:413.538.3051
ajax;20061025 18:03:25;/accounts/ajax/validate.php;return=ok|fax|
singerkd;20061025 19:26:19;/accounts/login.php;user logged in (internal):192.34.239.181:https://sakaiproject.org/accounts/login.php
singerkd;20061025 19:26:20;/accounts/login.php;user added (ldap): Kyle Singer (singerkd@whitman.edu) [343]
ajax;20061025 19:26:22;/accounts/ajax/validate.php;validate:namespaces:WA
ajax;20061025 19:26:22;/accounts/ajax/validate.php;return=ok|state|
ajax;20061025 19:26:22;/accounts/ajax/validate.php;validate:zipcode:99362
ajax;20061025 19:26:22;/accounts/ajax/validate.php;return=ok|zipcode|
ajax;20061025 19:26:22;/accounts/ajax/validate.php;validate:namespaces:US
ajax;20061025 19:26:22;/accounts/ajax/validate.php;validate:phone:509-527-4941
ajax;20061025 19:26:22;/accounts/ajax/validate.php;return=ok|country|
ajax;20061025 19:26:22;/accounts/ajax/validate.php;return=ok|phone|
ajax;20061025 19:27:27;/conference/registration/index.php;validate:required:Developer/Programmer
ajax;20061025 19:27:27;/conference/registration/index.php;validate::UI/Interaction Designer
ajax;20061025 19:27:27;/conference/registration/index.php;validate:required:Walla Walla
ajax;20061025 19:27:27;/conference/registration/index.php;validate:required:WA
ajax;20061025 19:27:27;/conference/registration/index.php;validate:namespaces:WA
ajax;20061025 19:27:27;/conference/registration/index.php;validate:zipcode:99362
ajax;20061025 19:27:27;/conference/registration/index.php;validate:required:US
ajax;20061025 19:27:27;/conference/registration/index.php;validate:namespaces:US
ajax;20061025 19:27:27;/conference/registration/index.php;validate:required:509-527-4941
ajax;20061025 19:27:27;/conference/registration/index.php;validate:phone:509-527-4941
ajax;20061025 19:27:27;/conference/registration/index.php;validate:required:Y
ajax;20061025 19:27:27;/conference/registration/index.php;validate:required:N
ajax;20061025 19:27:27;/conference/registration/index.php;validate:required:Medium
ajax;20061025 19:27:27;/conference/registration/index.php;validate:required:TUE
ajax;20061025 19:27:27;/conference/registration/index.php;validate:required:WED
ajax;20061025 19:27:27;/conference/registration/index.php;validate:required:THU
ajax;20061025 19:27:27;/conference/registration/index.php;validate:required:FRI
singerkd;20061025 19:27:28;/conference/registration/index.php;user modified (ldap): Kyle Singer (singerkd@whitman.edu) [343]
mmiles@umich.edu;20061025 19:56:12;/accounts/login.php;user logged in (ldap):71.244.244.177:https://sakaiproject.org/accounts/login.php?ref=/conference/admin/proposals_results.php
ajax;20061025 20:13:08;/accounts/ajax/validate.php;validate:email:alun.hughes@uhi.ac.uk
ajax;20061025 20:13:09;/accounts/ajax/validate.php;validate:uniqueuserp:alun.hughes@uhi.ac.uk
ajax;20061025 20:13:09;/accounts/ajax/validate.php;validate:uniqueuserp:alun.hughes@uhi.ac.uk
ajax;20061025 20:13:09;/accounts/ajax/validate.php;return=ok|username|
ajax;20061025 20:13:43;/accounts/ajax/validate.php;validate:email:alun.hughes@uhi.ac.uk
ajax;20061025 20:13:43;/accounts/ajax/validate.php;validate:uniqueuserp:alun.hughes@uhi.ac.uk
ajax;20061025 20:13:43;/accounts/ajax/validate.php;return=ok|email|
ajax;20061025 20:14:51;/accounts/ajax/validate.php;validate:namespaces:Inverness
ajax;20061025 20:14:51;/accounts/ajax/validate.php;return=ok|city|
ajax;20061025 20:15:00;/accounts/ajax/validate.php;validate:namespaces:Highland
ajax;20061025 20:15:00;/accounts/ajax/validate.php;return=ok|stateOther|
ajax;20061025 20:15:06;/accounts/ajax/validate.php;validate:zipcode:IV3 5SQ
ajax;20061025 20:15:06;/accounts/ajax/validate.php;return=error|zipcode|Invalid Canadian zip (e.g. A1B 2C3)
ajax;20061025 20:15:15;/accounts/ajax/validate.php;validate:namespaces:GB
ajax;20061025 20:15:15;/accounts/ajax/validate.php;return=ok|country|
ajax;20061025 20:16:06;/accounts/ajax/validate.php;validate:phone: 44 1463279324
ajax;20061025 20:16:06;/accounts/ajax/validate.php;return=ok|phone|
ajax;20061025 20:16:20;/accounts/createaccount.php;validate:required:alun.hughes@uhi.ac.uk
ajax;20061025 20:16:20;/accounts/createaccount.php;validate:email:alun.hughes@uhi.ac.uk
ajax;20061025 20:16:20;/accounts/createaccount.php;validate:uniqueuserp:alun.hughes@uhi.ac.uk
ajax;20061025 20:16:20;/accounts/createaccount.php;validate:uniqueuserp:alun.hughes@uhi.ac.uk
ajax;20061025 20:16:21;/accounts/createaccount.php;validate:required:gregynog
ajax;20061025 20:16:21;/accounts/createaccount.php;validate:password:gregynog
ajax;20061025 20:16:21;/accounts/createaccount.php;validate:required:gregynog
ajax;20061025 20:16:21;/accounts/createaccount.php;validate:password:gregynog
ajax;20061025 20:16:21;/accounts/createaccount.php;validate:match:gregynog
ajax;20061025 20:16:21;/accounts/createaccount.php;validate:required:Alun
ajax;20061025 20:16:21;/accounts/createaccount.php;validate:required:Hughes
ajax;20061025 20:16:21;/accounts/createaccount.php;validate:required:alun.hughes@uhi.ac.uk
ajax;20061025 20:16:21;/accounts/createaccount.php;validate:email:alun.hughes@uhi.ac.uk
ajax;20061025 20:16:21;/accounts/createaccount.php;validate:uniqueuserp:alun.hughes@uhi.ac.uk
ajax;20061025 20:16:21;/accounts/createaccount.php;validate:required:University Administration
ajax;20061025 20:16:21;/accounts/createaccount.php;validate::Manager
ajax;20061025 20:16:21;/accounts/createaccount.php;validate:required:UHI Millennium Institute
ajax;20061025 20:16:21;/accounts/createaccount.php;validate::Ness Walk
IV3 5SQ
ajax;20061025 20:16:21;/accounts/createaccount.php;validate:namespaces:Inverness
ajax;20061025 20:16:21;/accounts/createaccount.php;validate:namespaces:Highland
ajax;20061025 20:16:21;/accounts/createaccount.php;validate:namespaces:GB
ajax;20061025 20:16:21;/accounts/createaccount.php;validate:phone:+44 1463279324
alun.hughes@uhi.ac.uk;20061025 20:16:21;/accounts/createaccount.php;user added (ldap): Alun Hughes (alun.hughes@uhi.ac.uk) [893]
194.35.219.100;20061025 20:16:21;/accounts/createaccount.php;created account: alun.hughes@uhi.ac.uk (alun.hughes@uhi.ac.uk) Hughes,Alun: inst=1
alun.hughes@uhi.ac.uk;20061025 20:17:51;/accounts/activate.php;user modified (ldap): Alun Hughes (alun.hughes@uhi.ac.uk) [893]
alun.hughes@uhi.ac.uk;20061025 20:18:12;/accounts/login.php;user logged in (ldap):194.35.219.100:https://sakaiproject.org/accounts/login.php
ajax;20061025 20:18:21;/accounts/ajax/validate.php;validate:namespaces:Highland
ajax;20061025 20:18:21;/accounts/ajax/validate.php;return=ok|state|
ajax;20061025 20:18:21;/accounts/ajax/validate.php;validate:namespaces:GB
ajax;20061025 20:18:21;/accounts/ajax/validate.php;return=ok|country|
ajax;20061025 20:18:21;/accounts/ajax/validate.php;validate:phone: 44 1463279324
ajax;20061025 20:18:21;/accounts/ajax/validate.php;return=ok|phone|
ajax;20061025 20:19:36;/conference/registration/index.php;validate:required:University Administration
ajax;20061025 20:19:36;/conference/registration/index.php;validate::Manager
ajax;20061025 20:19:36;/conference/registration/index.php;validate:required:UHI Millennium Institute
ajax;20061025 20:19:36;/conference/registration/index.php;validate:required:Inverness
ajax;20061025 20:19:36;/conference/registration/index.php;validate:required:Highland
ajax;20061025 20:19:36;/conference/registration/index.php;validate:namespaces:Highland
ajax;20061025 20:19:36;/conference/registration/index.php;validate:required:GB
ajax;20061025 20:19:36;/conference/registration/index.php;validate:namespaces:GB
ajax;20061025 20:19:36;/conference/registration/index.php;validate:required:+44 1463279324
ajax;20061025 20:19:36;/conference/registration/index.php;validate:phone:+44 1463279324
ajax;20061025 20:19:36;/conference/registration/index.php;validate:required:Y
ajax;20061025 20:19:36;/conference/registration/index.php;validate:required:N
ajax;20061025 20:19:36;/conference/registration/index.php;validate:required:X-Large
ajax;20061025 20:19:36;/conference/registration/index.php;validate:required:TUE
ajax;20061025 20:19:36;/conference/registration/index.php;validate:required:WED
ajax;20061025 20:19:36;/conference/registration/index.php;validate:required:THU
ajax;20061025 20:19:36;/conference/registration/index.php;validate:required:FRI
alun.hughes@uhi.ac.uk;20061025 20:19:36;/conference/registration/index.php;user modified (ldap): Alun Hughes (alun.hughes@uhi.ac.uk) [893]
angdehart;20061025 22:10:40;/accounts/login.php;user logged in (ldap):65.124.79.244:https://sakaiproject.org/accounts/login.php
c.carrillo;20061025 22:18:02;/accounts/login.php;user logged in (internal):155.33.199.205:https://sakaiproject.org/accounts/login.php
c.carrillo;20061025 22:18:02;/accounts/login.php;user modified (ldap): Christopher Carrillo (c.carrillo@neu.edu) [174]
ahwiv;20061025 22:28:20;/accounts/login.php;user logged in (internal):74.32.22.175:https://sakaiproject.org/accounts/login.php?ref=/conference/registration/index.php&msg=You+must+login+to+register+or+submit+a+proposal+for+the+Sakai+Atlanta+conference.+If+you+do+not+have+an+account%2C+please+create+one.
ahwiv;20061025 22:28:20;/accounts/login.php;user modified (ldap): Harry Williams (Harry.Williams@marist.edu) [155]
ajax;20061025 22:28:22;/accounts/ajax/validate.php;validate:namespaces:NY
ajax;20061025 22:28:22;/accounts/ajax/validate.php;validate:zipcode:12601-1387
ajax;20061025 22:28:22;/accounts/ajax/validate.php;return=ok|state|
ajax;20061025 22:28:22;/accounts/ajax/validate.php;return=ok|zipcode|
ajax;20061025 22:28:23;/accounts/ajax/validate.php;validate:phone:845-575-3579
ajax;20061025 22:28:23;/accounts/ajax/validate.php;return=ok|phone|
ajax;20061025 22:28:23;/accounts/ajax/validate.php;validate:namespaces:US
ajax;20061025 22:28:23;/accounts/ajax/validate.php;return=ok|country|
ajax;20061025 22:37:37;/conference/registration/index.php;validate:required:University Administration
ajax;20061025 22:37:37;/conference/registration/index.php;validate::Manager
ajax;20061025 22:37:37;/conference/registration/index.php;validate:required:Poughkeepsie
ajax;20061025 22:37:37;/conference/registration/index.php;validate:required:NY
ajax;20061025 22:37:37;/conference/registration/index.php;validate:namespaces:NY
ajax;20061025 22:37:37;/conference/registration/index.php;validate:zipcode:12601-1387
ajax;20061025 22:37:37;/conference/registration/index.php;validate:required:US
ajax;20061025 22:37:37;/conference/registration/index.php;validate:namespaces:US
ajax;20061025 22:37:37;/conference/registration/index.php;validate:required:845-575-3579
ajax;20061025 22:37:37;/conference/registration/index.php;validate:phone:845-575-3579
ajax;20061025 22:37:37;/conference/registration/index.php;validate:required:Y
ajax;20061025 22:37:37;/conference/registration/index.php;validate:required:N
ajax;20061025 22:37:37;/conference/registration/index.php;validate:required:XX-Large
ajax;20061025 22:37:37;/conference/registration/index.php;validate:required:TUE
ajax;20061025 22:37:37;/conference/registration/index.php;validate:required:WED
ajax;20061025 22:37:37;/conference/registration/index.php;validate:required:THU
ajax;20061025 22:37:37;/conference/registration/index.php;validate:required:FRI
ahwiv;20061025 22:37:37;/conference/registration/index.php;user modified (ldap): Harry Williams (Harry.Williams@marist.edu) [155]
trusova;20061025 23:02:57;/accounts/login.php;user logged in (ldap):71.116.84.62:https://sakaiproject.org/accounts/login.php?ref=/conference/proposals/index.php&msg=You+must+login+to+register+or+submit+a+proposal+for+the+Sakai+Atlanta+conference.+If+you+do+not+have+an+account%2C+please+create+one.
rick;20061025 23:06:09;/accounts/forgot_password.php;user added (ldap): Rick Peterson (rick@rice.edu) [192]
24.174.95.178;20061025 23:06:09;/accounts/forgot_password.php;password reset: rick@rice.edu
rick;20061025 23:07:19;/accounts/login.php;user logged in (ldap):24.174.95.178:https://sakaiproject.org/accounts/login.php
ajax;20061025 23:07:24;/accounts/ajax/validate.php;validate:namespaces:TX
ajax;20061025 23:07:24;/accounts/ajax/validate.php;validate:zipcode:77005
ajax;20061025 23:07:24;/accounts/ajax/validate.php;return=ok|state|
ajax;20061025 23:07:24;/accounts/ajax/validate.php;return=ok|zipcode|
ajax;20061025 23:07:24;/accounts/ajax/validate.php;validate:namespaces:US
ajax;20061025 23:07:24;/accounts/ajax/validate.php;return=ok|country|
ajax;20061025 23:07:24;/accounts/ajax/validate.php;validate:phone:713-348-4222
ajax;20061025 23:07:24;/accounts/ajax/validate.php;return=ok|phone|
ajax;20061025 23:09:07;/conference/registration/index.php;validate:required:Manager
ajax;20061025 23:09:07;/conference/registration/index.php;validate::University Administration
ajax;20061025 23:09:07;/conference/registration/index.php;validate:required:Houston
ajax;20061025 23:09:08;/conference/registration/index.php;validate:required:TX
ajax;20061025 23:09:08;/conference/registration/index.php;validate:namespaces:TX
ajax;20061025 23:09:08;/conference/registration/index.php;validate:zipcode:77005
ajax;20061025 23:09:08;/conference/registration/index.php;validate:required:US
ajax;20061025 23:09:08;/conference/registration/index.php;validate:namespaces:US
ajax;20061025 23:09:08;/conference/registration/index.php;validate:required:713-348-4222
ajax;20061025 23:09:08;/conference/registration/index.php;validate:phone:713-348-4222
ajax;20061025 23:09:08;/conference/registration/index.php;validate:required:Y
ajax;20061025 23:09:08;/conference/registration/index.php;validate:required:N
ajax;20061025 23:09:08;/conference/registration/index.php;validate:required:X-Large
ajax;20061025 23:09:08;/conference/registration/index.php;validate:required:TUE
ajax;20061025 23:09:08;/conference/registration/index.php;validate:required:WED
ajax;20061025 23:09:08;/conference/registration/index.php;validate:required:THU
ajax;20061025 23:09:08;/conference/registration/index.php;validate:required:FRI
rick;20061025 23:09:08;/conference/registration/index.php;user modified (ldap): Rick Peterson (rick@rice.edu) [192]
ajax;20061025 23:09:52;/conference/proposals/index.php;validate:required:poster
s-githens@northwestern.edu;20061025 23:16:18;/accounts/login.php;user logged in (internal):71.201.56.4:https://sakaiproject.org/accounts/login.php?ref=/conference/proposals/index.php&msg=You+must+login+to+register+or+submit+a+proposal+for+the+Sakai+Atlanta+conference.+If+you+do+not+have+an+account%2C+please+create+one.
s-githens@northwestern.edu;20061025 23:16:19;/accounts/login.php;user added (ldap): Steven Githens (s-githens@northwestern.edu) [531]
ajax;20061025 23:18:04;/conference/proposals/edit_proposal.php;validate:required:Creating an open collaboration and learning environment
ajax;20061025 23:18:04;/conference/proposals/edit_proposal.php;validate:required:Rice is committed to using open-source, academic applications such as Sakai, D-Space, and CNX (cnx.org). Rice and IBM are working together to tie these stand-alone applications together in an SOA utilizing IBMs Websphere Enterprise Services Bus and are actively interested in collaborating and sharing their work with the broader community.
ajax;20061025 23:18:04;/conference/proposals/edit_proposal.php;validate:required:2
ajax;20061025 23:18:04;/conference/proposals/edit_proposal.php;validate:required:Rick Peterson
ajax;20061025 23:18:04;/conference/proposals/edit_proposal.php;validate:required:poster
