jmpease;20060602 00:06:15;/accounts/login.php;user logged in (internal):204.244.68.2:https://sakaiproject.org/accounts/login.php?ref=/skin/vote.php
jmpease;20060602 00:06:16;/accounts/login.php;user modified (ldap): Jim Pease (jmpease@syr.edu) [52]
mmiles@umich.edu;20060602 00:30:37;/accounts/login.php;user logged in (ldap):204.244.68.120:https://sakaiproject.org/accounts/login.php?ref=/skin/vote.php
siddall;20060602 00:37:50;/accounts/login.php;user logged in (ldap):204.244.68.150:https://sakaiproject.org/accounts/login.php
smkeesle;20060602 01:30:28;/accounts/login.php;user logged in (ldap):204.244.68.42:https://sakaiproject.org/accounts/login.php
sbond;20060602 02:42:14;/accounts/login.php;user logged in (ldap):132.217.33.104:https://www.sakaiproject.org/accounts/login.php?ref=/skin/vote.php
dorian;20060602 07:44:28;/accounts/login.php;user logged in (ldap):131.111.21.21:https://www.sakaiproject.org/accounts/login.php?ref=/skin/vote.php
kmclennan;20060602 08:08:18;/accounts/login.php;user logged in (ldap):204.244.68.147:https://sakaiproject.org/accounts/login.php?ref=/skin/vote.php
kemoore;20060602 08:29:09;/accounts/login.php;user logged in (ldap):168.122.34.154:https://sakaiproject.org/accounts/login.php?ref=/skin/vote.php
ajax;20060602 08:39:11;/accounts/ajax/validate.php;validate:namespaces:ZA
ajax;20060602 08:39:11;/accounts/ajax/validate.php;return=ok|country|
wisin;20060602 08:44:58;/accounts/login.php;user logged in (ldap):204.244.76.5:https://sakaiproject.org/accounts/login.php?ref=/skin/vote.php
ajax;20060602 09:59:32;/accounts/ajax/validate.php;validate:uniqueuserp:alrawir
ajax;20060602 09:59:32;/accounts/ajax/validate.php;return=ok|username|
ajax;20060602 09:59:48;/accounts/ajax/validate.php;validate:email:raad@caret.cam.ac.uk
ajax;20060602 09:59:48;/accounts/ajax/validate.php;validate:uniqueuserp:raad@caret.cam.ac.uk
ajax;20060602 09:59:49;/accounts/ajax/validate.php;return=ok|email|
ajax;20060602 10:00:30;/accounts/ajax/validate.php;validate:namespaces:GB
ajax;20060602 10:00:30;/accounts/ajax/validate.php;return=ok|country|
ajax;20060602 10:00:39;/accounts/createaccount.php;validate:required:alrawir
ajax;20060602 10:00:39;/accounts/createaccount.php;validate:nospaces:alrawir
ajax;20060602 10:00:39;/accounts/createaccount.php;validate:uniqueuserp:alrawir
ajax;20060602 10:00:39;/accounts/createaccount.php;validate:required:Saka1
ajax;20060602 10:00:39;/accounts/createaccount.php;validate:password:Saka1
ajax;20060602 10:00:39;/accounts/createaccount.php;validate:required:Saka1
ajax;20060602 10:00:39;/accounts/createaccount.php;validate:password:Saka1
ajax;20060602 10:00:39;/accounts/createaccount.php;validate:match:Saka1
ajax;20060602 10:00:39;/accounts/createaccount.php;validate:required:Raad
ajax;20060602 10:00:39;/accounts/createaccount.php;validate:required:Al-Rawi
ajax;20060602 10:00:39;/accounts/createaccount.php;validate:required:raad@caret.cam.ac.uk
ajax;20060602 10:00:39;/accounts/createaccount.php;validate:email:raad@caret.cam.ac.uk
ajax;20060602 10:00:39;/accounts/createaccount.php;validate:uniqueuserp:raad@caret.cam.ac.uk
ajax;20060602 10:00:39;/accounts/createaccount.php;validate:required:Developer/Programmer
ajax;20060602 10:00:39;/accounts/createaccount.php;validate::System Administrator
ajax;20060602 10:00:39;/accounts/createaccount.php;validate:required:65
ajax;20060602 10:00:39;/accounts/createaccount.php;validate:namespaces:GB
alrawir;20060602 10:00:40;/accounts/createaccount.php;user added (ldap): Raad Al-Rawi (raad@caret.cam.ac.uk) [727]
131.111.21.21;20060602 10:00:40;/accounts/createaccount.php;created account: alrawir (raad@caret.cam.ac.uk) Al-Rawi,Raad: inst=65
alrawir;20060602 10:01:35;/accounts/activate.php;user modified (ldap): Raad Al-Rawi (raad@caret.cam.ac.uk) [727]
alrawir;20060602 10:01:47;/accounts/login.php;user logged in (ldap):131.111.21.21:https://sakaiproject.org/accounts/login.php
aaronz;20060602 10:46:46;/accounts/login.php;user logged in (ldap):204.244.68.47:https://sakaiproject.org/accounts/login.php?ref=/skin/results.php
nfernandes;20060602 10:54:22;/accounts/login.php;user logged in (ldap):195.23.27.50:https://sakaiproject.org/accounts/login.php?ref=/skin/index.php
pld;20060602 11:04:00;/accounts/login.php;user logged in (ldap):204.244.76.13:https://sakaiproject.org/accounts/login.php?ref=/conference/admin/index.php
pld;20060602 11:07:11;/accounts/login.php;user logged in (ldap):204.244.76.13:https://sakaiproject.org/accounts/login.php?ref=/accounts/admin/admin_users.php
pld;20060602 11:08:56;/accounts/login.php;user logged in (ldap):204.244.76.13:https://sakaiproject.org/accounts/login.php?ref=/conference/admin/index.php
pld;20060602 11:17:52;/accounts/login.php;user logged in (ldap):204.244.76.13:https://sakaiproject.org/accounts/login.php?ref=/conference/admin/check_in.php
rbarker;20060602 12:08:16;/accounts/login.php;user logged in (ldap):204.244.76.15:https://sakaiproject.org/accounts/login.php?ref=/conference/registration/index.php&msg=You+must+login+to+register+or+submit+a+proposal+for+the+Sakai+Vancouver+conference.+If+you+do+not+have+an+account%2C+please+create+one.
jpgorrono@ucdavis.edu;20060602 13:28:18;/accounts/login.php;user logged in (internal):204.244.68.201:https://sakaiproject.org/accounts/login.php?ref=/facebook/add_entry.php
jpgorrono@ucdavis.edu;20060602 13:28:18;/accounts/login.php;user modified (ldap): Jon Gorrono (jpgorrono@ucdavis.edu) [32]
ajax;20060602 13:31:05;/facebook/add_entry.php;validate::SCORM, interop. and www standards, architecture and infrastructure, middleware.
ajax;20060602 13:31:05;/facebook/add_entry.php;validate:required:1
hmtruscott;20060602 13:32:28;/accounts/login.php;user logged in (internal):204.244.76.6:https://sakaiproject.org/accounts/login.php?ref=/skin/vote.php
HMTruscott;20060602 13:32:28;/accounts/login.php;user modified (ldap): Harriet Truscott (hmt24@cam.ac.uk) [47]
ajax;20060602 13:53:41;/accounts/ajax/validate.php;validate:uniqueuserp:ronpage80
ajax;20060602 13:53:41;/accounts/ajax/validate.php;return=ok|username|
ajax;20060602 13:54:16;/accounts/ajax/validate.php;validate:namespaces:Tempe
ajax;20060602 13:54:16;/accounts/ajax/validate.php;return=ok|city|
ajax;20060602 13:54:16;/accounts/ajax/validate.php;validate:namespaces:AK
ajax;20060602 13:54:16;/accounts/ajax/validate.php;return=ok|state|
ajax;20060602 13:54:16;/accounts/ajax/validate.php;validate:namespaces:AZ
ajax;20060602 13:54:16;/accounts/ajax/validate.php;return=ok|state|
ajax;20060602 13:54:20;/accounts/ajax/validate.php;validate:zipcode:85287
ajax;20060602 13:54:20;/accounts/ajax/validate.php;return=ok|zipcode|
ajax;20060602 13:54:22;/accounts/ajax/validate.php;validate:namespaces:US
ajax;20060602 13:54:22;/accounts/ajax/validate.php;return=ok|country|
ajax;20060602 13:54:30;/accounts/ajax/validate.php;validate:phone:480-965-2986
ajax;20060602 13:54:30;/accounts/ajax/validate.php;return=ok|phone|
ajax;20060602 13:54:48;/accounts/ajax/validate.php;validate:email:ronpage1@imap1.asu.edu
ajax;20060602 13:54:48;/accounts/ajax/validate.php;validate:uniqueuserp:ronpage1@imap1.asu.edu
ajax;20060602 13:54:48;/accounts/ajax/validate.php;return=ok|email|
ajax;20060602 13:54:57;/accounts/createaccount.php;validate:required:ronpage80
ajax;20060602 13:54:57;/accounts/createaccount.php;validate:nospaces:ronpage80
ajax;20060602 13:54:57;/accounts/createaccount.php;validate:uniqueuserp:ronpage80
ajax;20060602 13:54:57;/accounts/createaccount.php;validate:required:938eknoll
ajax;20060602 13:54:57;/accounts/createaccount.php;validate:password:938eknoll
ajax;20060602 13:54:57;/accounts/createaccount.php;validate:required:938eknoll
ajax;20060602 13:54:57;/accounts/createaccount.php;validate:password:938eknoll
ajax;20060602 13:54:57;/accounts/createaccount.php;validate:match:938eknoll
ajax;20060602 13:54:57;/accounts/createaccount.php;validate:required:Ron
ajax;20060602 13:54:57;/accounts/createaccount.php;validate:required:Page
ajax;20060602 13:54:57;/accounts/createaccount.php;validate:required:ronpage1@imap1.asu.edu
ajax;20060602 13:54:57;/accounts/createaccount.php;validate:email:ronpage1@imap1.asu.edu
ajax;20060602 13:54:57;/accounts/createaccount.php;validate:uniqueuserp:ronpage1@imap1.asu.edu
ajax;20060602 13:54:57;/accounts/createaccount.php;validate:required:Manager
ajax;20060602 13:54:57;/accounts/createaccount.php;validate:required:3
ajax;20060602 13:54:57;/accounts/createaccount.php;validate::PO Box870101
ajax;20060602 13:54:57;/accounts/createaccount.php;validate:namespaces:Tempe
ajax;20060602 13:54:57;/accounts/createaccount.php;validate:namespaces:AZ
ajax;20060602 13:54:57;/accounts/createaccount.php;validate:zipcode:85287
ajax;20060602 13:54:57;/accounts/createaccount.php;validate:namespaces:US
ajax;20060602 13:54:57;/accounts/createaccount.php;validate:phone:480-965-2986
ronpage80;20060602 13:54:58;/accounts/createaccount.php;user added (ldap): Ron Page (ronpage1@imap1.asu.edu) [728]
204.244.76.6;20060602 13:54:58;/accounts/createaccount.php;created account: ronpage80 (ronpage1@imap1.asu.edu) Page,Ron: inst=3
ajax;20060602 14:19:02;/accounts/ajax/validate.php;validate:email:ronpage@email.asu.edu
ajax;20060602 14:19:02;/accounts/ajax/validate.php;validate:uniqueuserp:ronpage@email.asu.edu
ajax;20060602 14:19:03;/accounts/ajax/validate.php;return=ok|email|
ajax;20060602 14:19:14;/accounts/createaccount.php;validate:required:ronpage80
ajax;20060602 14:19:14;/accounts/createaccount.php;validate:nospaces:ronpage80
ajax;20060602 14:19:14;/accounts/createaccount.php;validate:uniqueuserp:ronpage80
ajax;20060602 14:19:15;/accounts/createaccount.php;validate:required:938eknoll
ajax;20060602 14:19:15;/accounts/createaccount.php;validate:password:938eknoll
ajax;20060602 14:19:15;/accounts/createaccount.php;validate:required:938eknoll
ajax;20060602 14:19:15;/accounts/createaccount.php;validate:password:938eknoll
ajax;20060602 14:19:15;/accounts/createaccount.php;validate:match:938eknoll
ajax;20060602 14:19:15;/accounts/createaccount.php;validate:required:Ron
ajax;20060602 14:19:15;/accounts/createaccount.php;validate:required:Page
ajax;20060602 14:19:15;/accounts/createaccount.php;validate:required:ronpage@email.asu.edu
ajax;20060602 14:19:15;/accounts/createaccount.php;validate:email:ronpage@email.asu.edu
ajax;20060602 14:19:15;/accounts/createaccount.php;validate:uniqueuserp:ronpage@email.asu.edu
ajax;20060602 14:19:15;/accounts/createaccount.php;validate:required:Manager
ajax;20060602 14:19:15;/accounts/createaccount.php;validate:required:3
ajax;20060602 14:19:15;/accounts/createaccount.php;validate::PO Box870101
ajax;20060602 14:19:15;/accounts/createaccount.php;validate:namespaces:Tempe
ajax;20060602 14:19:15;/accounts/createaccount.php;validate:namespaces:AZ
ajax;20060602 14:19:15;/accounts/createaccount.php;validate:zipcode:85287
ajax;20060602 14:19:15;/accounts/createaccount.php;validate:namespaces:US
ajax;20060602 14:19:15;/accounts/createaccount.php;validate:phone:480-965-2986
ajax;20060602 14:19:30;/accounts/ajax/validate.php;validate:uniqueuserp:ronpage
ajax;20060602 14:19:30;/accounts/ajax/validate.php;return=ok|username|
ajax;20060602 14:19:36;/accounts/createaccount.php;validate:required:ronpage
ajax;20060602 14:19:36;/accounts/createaccount.php;validate:nospaces:ronpage
ajax;20060602 14:19:36;/accounts/createaccount.php;validate:uniqueuserp:ronpage
ajax;20060602 14:19:36;/accounts/createaccount.php;validate:required:938eknoll
ajax;20060602 14:19:36;/accounts/createaccount.php;validate:password:938eknoll
ajax;20060602 14:19:36;/accounts/createaccount.php;validate:required:938eknoll
ajax;20060602 14:19:36;/accounts/createaccount.php;validate:password:938eknoll
ajax;20060602 14:19:36;/accounts/createaccount.php;validate:match:938eknoll
ajax;20060602 14:19:36;/accounts/createaccount.php;validate:required:Ron
ajax;20060602 14:19:36;/accounts/createaccount.php;validate:required:Page
ajax;20060602 14:19:36;/accounts/createaccount.php;validate:required:ronpage@email.asu.edu
ajax;20060602 14:19:36;/accounts/createaccount.php;validate:email:ronpage@email.asu.edu
ajax;20060602 14:19:36;/accounts/createaccount.php;validate:uniqueuserp:ronpage@email.asu.edu
ajax;20060602 14:19:36;/accounts/createaccount.php;validate:required:Manager
ajax;20060602 14:19:36;/accounts/createaccount.php;validate:required:3
ajax;20060602 14:19:36;/accounts/createaccount.php;validate::PO Box870101
ajax;20060602 14:19:36;/accounts/createaccount.php;validate:namespaces:Tempe
ajax;20060602 14:19:36;/accounts/createaccount.php;validate:namespaces:AZ
ajax;20060602 14:19:36;/accounts/createaccount.php;validate:zipcode:85287
ajax;20060602 14:19:36;/accounts/createaccount.php;validate:namespaces:US
ajax;20060602 14:19:36;/accounts/createaccount.php;validate:phone:480-965-2986
ronpage;20060602 14:19:37;/accounts/createaccount.php;user added (ldap): Ron Page (ronpage@email.asu.edu) [729]
204.244.76.6;20060602 14:19:37;/accounts/createaccount.php;created account: ronpage (ronpage@email.asu.edu) Page,Ron: inst=3
ronpage;20060602 14:20:19;/accounts/activate.php;user modified (ldap): Ron Page (ronpage@email.asu.edu) [729]
ronpage;20060602 14:20:33;/accounts/login.php;user logged in (ldap):204.244.76.6:https://sakaiproject.org/accounts/login.php
highermath;20060602 14:34:49;/accounts/login.php;user logged in (ldap):204.244.76.8:https://sakaiproject.org/accounts/login.php
vaughan;20060602 16:49:03;/accounts/login.php;user logged in (ldap):128.97.170.17:https://sakaiproject.org/accounts/login.php?ref=/skin/vote.php
roblake;20060602 17:13:19;/accounts/login.php;user logged in (ldap):204.244.76.13:https://sakaiproject.org/accounts/login.php
aaronz;20060602 17:43:40;/accounts/login.php;user logged in (ldap):204.244.76.16:https://sakaiproject.org/accounts/login.php?ref=/conference/volunteer.php
anthony.atkins@vt.edu;20060602 17:45:05;/accounts/login.php;user logged in (ldap):204.244.76.16:https://www.sakaiproject.org/accounts/login.php
mmmay;20060602 17:53:07;/accounts/login.php;user logged in (ldap):204.244.76.16:https://www.sakaiproject.org/accounts/login.php?ref=/skin/vote.php
mmmay;20060602 18:22:12;/accounts/login.php;user logged in (ldap):149.166.96.35:https://www.sakaiproject.org/accounts/login.php
