wendemm;20060514 11:29:57;/accounts/login.php;user logged in (ldap):131.252.169.220:https://sakaiproject.org/accounts/login.php
shardin;20060514 11:31:27;/accounts/login.php;user logged in (ldap):64.235.110.195:https://sakaiproject.org/accounts/login.php
ajax;20060514 11:32:26;/accounts/ajax/validate.php;validate:email:shardin@umich.edu
ajax;20060514 11:32:26;/accounts/ajax/validate.php;validate:uniquesql:shardin@umich.edu
ajax;20060514 11:32:26;/accounts/ajax/validate.php;return=ok|email|
ajax;20060514 11:32:26;/accounts/ajax/validate.php;validate:namespaces:Ann Arbor
ajax;20060514 11:32:26;/accounts/ajax/validate.php;return=ok|city|
ajax;20060514 11:32:26;/accounts/ajax/validate.php;validate:namespaces:MI
ajax;20060514 11:32:26;/accounts/ajax/validate.php;return=ok|state|
ajax;20060514 11:32:26;/accounts/ajax/validate.php;validate:zipcode:48109
ajax;20060514 11:32:26;/accounts/ajax/validate.php;return=ok|zipcode|
ajax;20060514 11:32:26;/accounts/ajax/validate.php;validate:namespaces:US
ajax;20060514 11:32:26;/accounts/ajax/validate.php;return=ok|country|
ajax;20060514 11:32:26;/accounts/ajax/validate.php;validate:phone:734-904-0437
ajax;20060514 11:32:26;/accounts/ajax/validate.php;return=ok|phone|
ajax;20060514 11:33:07;/accounts/ajax/validate.php;validate:email:shardin@umich.edu
ajax;20060514 11:33:07;/accounts/ajax/validate.php;validate:uniquesql:shardin@umich.edu
ajax;20060514 11:33:07;/accounts/ajax/validate.php;return=ok|email|
ajax;20060514 11:33:07;/accounts/ajax/validate.php;validate:namespaces:MI
ajax;20060514 11:33:07;/accounts/ajax/validate.php;return=ok|state|
ajax;20060514 11:33:07;/accounts/ajax/validate.php;validate:namespaces:Ann Arbor
ajax;20060514 11:33:07;/accounts/ajax/validate.php;return=ok|city|
ajax;20060514 11:33:07;/accounts/ajax/validate.php;validate:zipcode:48109
ajax;20060514 11:33:07;/accounts/ajax/validate.php;return=ok|zipcode|
ajax;20060514 11:33:07;/accounts/ajax/validate.php;validate:namespaces:US
ajax;20060514 11:33:07;/accounts/ajax/validate.php;return=ok|country|
ajax;20060514 11:33:07;/accounts/ajax/validate.php;validate:phone:734-904-0437
ajax;20060514 11:33:07;/accounts/ajax/validate.php;return=ok|phone|
ajax;20060514 11:33:26;/accounts/ajax/validate.php;validate:uniqueuserp:wendemm
ajax;20060514 11:33:26;/accounts/ajax/validate.php;validate:email:wendemm@gmail.com
ajax;20060514 11:33:26;/accounts/ajax/validate.php;validate:uniqueuserp:wendemm@gmail.com
ajax;20060514 11:33:26;/accounts/ajax/validate.php;return=ok|username|
ajax;20060514 11:33:26;/accounts/ajax/validate.php;validate:namespaces:Portland
ajax;20060514 11:33:26;/accounts/ajax/validate.php;return=ok|city|
ajax;20060514 11:33:26;/accounts/ajax/validate.php;return=ok|email|
ajax;20060514 11:33:26;/accounts/ajax/validate.php;validate:namespaces:OR
ajax;20060514 11:33:26;/accounts/ajax/validate.php;return=ok|state|
ajax;20060514 11:33:26;/accounts/ajax/validate.php;validate:zipcode:97201
ajax;20060514 11:33:26;/accounts/ajax/validate.php;return=ok|zipcode|
ajax;20060514 11:33:26;/accounts/ajax/validate.php;validate:namespaces:US
ajax;20060514 11:33:26;/accounts/ajax/validate.php;return=ok|country|
ajax;20060514 11:33:26;/accounts/ajax/validate.php;validate:phone:(503)577-7712
ajax;20060514 11:33:26;/accounts/ajax/validate.php;return=ok|phone|
ajax;20060514 11:33:42;/accounts/admin/admin_user.php;validate:required:wendemm
ajax;20060514 11:33:42;/accounts/admin/admin_user.php;validate:nospaces:wendemm
ajax;20060514 11:33:42;/accounts/admin/admin_user.php;validate:uniqueuserp:wendemm
ajax;20060514 11:33:42;/accounts/admin/admin_user.php;validate:required:Wende
ajax;20060514 11:33:42;/accounts/admin/admin_user.php;validate:required:Morgaine
ajax;20060514 11:33:42;/accounts/admin/admin_user.php;validate:required:wendemm@gmail.com
ajax;20060514 11:33:42;/accounts/admin/admin_user.php;validate:email:wendemm@gmail.com
ajax;20060514 11:33:42;/accounts/admin/admin_user.php;validate:uniqueuserp:wendemm@gmail.com
ajax;20060514 11:33:42;/accounts/admin/admin_user.php;validate:required:Implementor
ajax;20060514 11:33:42;/accounts/admin/admin_user.php;validate:required:39
ajax;20060514 11:33:42;/accounts/admin/admin_user.php;validate::PSU
ajax;20060514 11:33:42;/accounts/admin/admin_user.php;validate:namespaces:Portland
ajax;20060514 11:33:42;/accounts/admin/admin_user.php;validate:namespaces:OR
ajax;20060514 11:33:42;/accounts/admin/admin_user.php;validate:zipcode:97201
ajax;20060514 11:33:42;/accounts/admin/admin_user.php;validate:namespaces:US
ajax;20060514 11:33:42;/accounts/admin/admin_user.php;validate:phone:(503)577-7712
;20060514 11:33:43;/accounts/admin/admin_user.php;inst modified (ldap): Portland State University (educational) [39]
;20060514 11:33:43;/accounts/admin/admin_user.php;inst modified (ldap): Portland State University (educational) [39]
wendemm;20060514 11:33:44;/accounts/admin/admin_user.php;user modified (ldap): Wende Morgaine (wendemm@gmail.com) [56]
ajax;20060514 11:33:45;/accounts/ajax/validate.php;validate:uniqueuserp:wendemm
ajax;20060514 11:33:45;/accounts/ajax/validate.php;validate:email:wendemm@gmail.com
ajax;20060514 11:33:45;/accounts/ajax/validate.php;validate:uniqueuserp:wendemm@gmail.com
ajax;20060514 11:33:45;/accounts/ajax/validate.php;return=ok|username|
ajax;20060514 11:33:45;/accounts/ajax/validate.php;validate:namespaces:Portland
ajax;20060514 11:33:45;/accounts/ajax/validate.php;return=ok|city|
ajax;20060514 11:33:45;/accounts/ajax/validate.php;return=ok|email|
ajax;20060514 11:33:45;/accounts/ajax/validate.php;validate:namespaces:OR
ajax;20060514 11:33:45;/accounts/ajax/validate.php;return=ok|state|
ajax;20060514 11:33:45;/accounts/ajax/validate.php;validate:zipcode:97201
ajax;20060514 11:33:45;/accounts/ajax/validate.php;return=ok|zipcode|
ajax;20060514 11:33:45;/accounts/ajax/validate.php;validate:namespaces:US
ajax;20060514 11:33:45;/accounts/ajax/validate.php;return=ok|country|
ajax;20060514 11:33:45;/accounts/ajax/validate.php;validate:phone:(503)577-7712
ajax;20060514 11:33:45;/accounts/ajax/validate.php;return=ok|phone|
ajax;20060514 11:34:21;/accounts/ajax/validate.php;validate:namespaces:Portland
ajax;20060514 11:34:21;/accounts/ajax/validate.php;return=ok|city|
ajax;20060514 11:34:21;/accounts/ajax/validate.php;validate:namespaces:OR
ajax;20060514 11:34:21;/accounts/ajax/validate.php;return=ok|state|
ajax;20060514 11:34:21;/accounts/ajax/validate.php;validate:email:wendemm@gmail.com
ajax;20060514 11:34:21;/accounts/ajax/validate.php;validate:uniquesql:wendemm@gmail.com
ajax;20060514 11:34:21;/accounts/ajax/validate.php;return=ok|email|
ajax;20060514 11:34:21;/accounts/ajax/validate.php;validate:zipcode:97201
ajax;20060514 11:34:21;/accounts/ajax/validate.php;return=ok|zipcode|
ajax;20060514 11:34:21;/accounts/ajax/validate.php;validate:namespaces:US
ajax;20060514 11:34:21;/accounts/ajax/validate.php;return=ok|country|
ajax;20060514 11:34:22;/accounts/ajax/validate.php;validate:phone:(503)577-7712
ajax;20060514 11:34:22;/accounts/ajax/validate.php;return=ok|phone|
shardin;20060514 11:34:25;/accounts/login.php;user logged in (ldap):64.235.110.195:https://sakaiproject.org/accounts/login.php
wendemm;20060514 11:34:31;/accounts/login.php;user logged in (ldap):131.252.169.220:https://sakaiproject.org/accounts/login.php
ajax;20060514 11:36:25;/accounts/ajax/validate.php;validate:email:shardin@umich.edu
ajax;20060514 11:36:25;/accounts/ajax/validate.php;validate:uniquesql:shardin@umich.edu
ajax;20060514 11:36:25;/accounts/ajax/validate.php;return=ok|email|
ajax;20060514 11:36:57;/accounts/ajax/validate.php;validate:uniqueuserp:shardin
ajax;20060514 11:36:57;/accounts/ajax/validate.php;validate:email:shardin@umich.edu
ajax;20060514 11:36:57;/accounts/ajax/validate.php;validate:uniqueuserp:shardin@umich.edu
ajax;20060514 11:36:57;/accounts/ajax/validate.php;return=ok|username|
ajax;20060514 11:36:58;/accounts/ajax/validate.php;validate:namespaces:Ann Arbor
ajax;20060514 11:36:58;/accounts/ajax/validate.php;return=ok|city|
ajax;20060514 11:36:58;/accounts/ajax/validate.php;return=ok|email|
ajax;20060514 11:36:58;/accounts/ajax/validate.php;validate:namespaces:MI
ajax;20060514 11:36:58;/accounts/ajax/validate.php;return=ok|state|
ajax;20060514 11:36:58;/accounts/ajax/validate.php;validate:zipcode:48109
ajax;20060514 11:36:58;/accounts/ajax/validate.php;return=ok|zipcode|
ajax;20060514 11:36:58;/accounts/ajax/validate.php;validate:namespaces:US
ajax;20060514 11:36:58;/accounts/ajax/validate.php;return=ok|country|
ajax;20060514 11:36:58;/accounts/ajax/validate.php;validate:phone:734-904-0437
ajax;20060514 11:36:58;/accounts/ajax/validate.php;return=ok|phone|
ajax;20060514 11:37:48;/accounts/ajax/validate.php;validate:uniqueuserp:wendemm
ajax;20060514 11:37:48;/accounts/ajax/validate.php;return=ok|username|
ajax;20060514 11:37:49;/accounts/ajax/validate.php;validate:email:wendemm@gmail.com
ajax;20060514 11:37:49;/accounts/ajax/validate.php;validate:uniqueuserp:wendemm@gmail.com
ajax;20060514 11:37:49;/accounts/ajax/validate.php;validate:namespaces:Portland
ajax;20060514 11:37:49;/accounts/ajax/validate.php;return=ok|city|
ajax;20060514 11:37:49;/accounts/ajax/validate.php;return=ok|email|
ajax;20060514 11:37:49;/accounts/ajax/validate.php;validate:namespaces:OR
ajax;20060514 11:37:49;/accounts/ajax/validate.php;return=ok|state|
ajax;20060514 11:37:50;/accounts/ajax/validate.php;validate:zipcode:97201
ajax;20060514 11:37:50;/accounts/ajax/validate.php;return=ok|zipcode|
ajax;20060514 11:37:50;/accounts/ajax/validate.php;validate:namespaces:US
ajax;20060514 11:37:50;/accounts/ajax/validate.php;return=ok|country|
ajax;20060514 11:37:53;/accounts/ajax/validate.php;validate:phone:(503)577-7712
ajax;20060514 11:37:53;/accounts/ajax/validate.php;return=ok|phone|
ajax;20060514 11:38:09;/accounts/admin/admin_user.php;validate:required:wendemm
ajax;20060514 11:38:09;/accounts/admin/admin_user.php;validate:nospaces:wendemm
ajax;20060514 11:38:09;/accounts/admin/admin_user.php;validate:uniqueuserp:wendemm
ajax;20060514 11:38:09;/accounts/admin/admin_user.php;validate:required:Wende
ajax;20060514 11:38:09;/accounts/admin/admin_user.php;validate:required:Morgaine
ajax;20060514 11:38:09;/accounts/admin/admin_user.php;validate:required:wendemm@gmail.com
ajax;20060514 11:38:09;/accounts/admin/admin_user.php;validate:email:wendemm@gmail.com
ajax;20060514 11:38:09;/accounts/admin/admin_user.php;validate:uniqueuserp:wendemm@gmail.com
ajax;20060514 11:38:09;/accounts/admin/admin_user.php;validate:required:Implementor
ajax;20060514 11:38:09;/accounts/admin/admin_user.php;validate:required:39
ajax;20060514 11:38:09;/accounts/admin/admin_user.php;validate::PSU
ajax;20060514 11:38:09;/accounts/admin/admin_user.php;validate:namespaces:Portland
ajax;20060514 11:38:09;/accounts/admin/admin_user.php;validate:namespaces:OR
ajax;20060514 11:38:09;/accounts/admin/admin_user.php;validate:zipcode:97201
ajax;20060514 11:38:09;/accounts/admin/admin_user.php;validate:namespaces:US
ajax;20060514 11:38:09;/accounts/admin/admin_user.php;validate:phone:(503)577-7712
;20060514 11:38:10;/accounts/admin/admin_user.php;inst modified (ldap): Portland State University (educational) [39]
;20060514 11:38:10;/accounts/admin/admin_user.php;inst modified (ldap): Portland State University (educational) [39]
wendemm;20060514 11:38:11;/accounts/admin/admin_user.php;user modified (ldap): Wende Morgaine (wendemm@gmail.com) [56]
ajax;20060514 11:38:12;/accounts/ajax/validate.php;validate:uniqueuserp:wendemm
ajax;20060514 11:38:12;/accounts/ajax/validate.php;validate:email:wendemm@gmail.com
ajax;20060514 11:38:12;/accounts/ajax/validate.php;validate:uniqueuserp:wendemm@gmail.com
ajax;20060514 11:38:12;/accounts/ajax/validate.php;return=ok|username|
ajax;20060514 11:38:12;/accounts/ajax/validate.php;validate:namespaces:Portland
ajax;20060514 11:38:12;/accounts/ajax/validate.php;return=ok|city|
ajax;20060514 11:38:12;/accounts/ajax/validate.php;return=ok|email|
ajax;20060514 11:38:12;/accounts/ajax/validate.php;validate:namespaces:OR
ajax;20060514 11:38:12;/accounts/ajax/validate.php;return=ok|state|
ajax;20060514 11:38:12;/accounts/ajax/validate.php;validate:zipcode:97201
ajax;20060514 11:38:12;/accounts/ajax/validate.php;return=ok|zipcode|
ajax;20060514 11:38:12;/accounts/ajax/validate.php;validate:namespaces:US
ajax;20060514 11:38:12;/accounts/ajax/validate.php;return=ok|country|
ajax;20060514 11:38:12;/accounts/ajax/validate.php;validate:phone:(503)577-7712
ajax;20060514 11:38:12;/accounts/ajax/validate.php;return=ok|phone|
wendemm;20060514 11:38:41;/accounts/login.php;user logged in (ldap):131.252.169.220:https://sakaiproject.org/accounts/login.php
shardin;20060514 11:38:45;/accounts/login.php;user logged in (ldap):64.235.110.195:https://sakaiproject.org/accounts/login.php
wendemm;20060514 11:42:42;/accounts/login.php;user logged in (ldap):131.252.169.220:https://sakaiproject.org/accounts/login.php?ref=/conference/proposals/index.php&msg=You+must+login+to+register+or+submit+a+proposal+for+the+Sakai+Vancouver+conference.+If+you+do+not+have+an+account%2C+please+create+one.
aaronz;20060514 12:26:29;/accounts/login.php;user logged in (ldap):70.110.5.148:https://sakaiproject.org/accounts/login.php?ref=/accounts/index.php
ajax;20060514 13:38:29;/accounts/ajax/validate.php;validate:email:shardin@umich.edu
ajax;20060514 13:38:29;/accounts/ajax/validate.php;validate:uniquesql:shardin@umich.edu
ajax;20060514 13:38:29;/accounts/ajax/validate.php;return=ok|email|
ajax;20060514 13:38:29;/accounts/ajax/validate.php;validate:namespaces:Ann Arbor
ajax;20060514 13:38:29;/accounts/ajax/validate.php;return=ok|city|
ajax;20060514 13:38:29;/accounts/ajax/validate.php;validate:namespaces:MI
ajax;20060514 13:38:29;/accounts/ajax/validate.php;return=ok|state|
ajax;20060514 13:38:29;/accounts/ajax/validate.php;validate:zipcode:48109
ajax;20060514 13:38:29;/accounts/ajax/validate.php;return=ok|zipcode|
ajax;20060514 13:38:29;/accounts/ajax/validate.php;validate:namespaces:US
ajax;20060514 13:38:29;/accounts/ajax/validate.php;return=ok|country|
ajax;20060514 13:38:29;/accounts/ajax/validate.php;validate:phone:734-904-0437
ajax;20060514 13:38:29;/accounts/ajax/validate.php;return=ok|phone|
ajax;20060514 13:38:33;/accounts/ajax/validate.php;validate:email:shardin@umich.edu
ajax;20060514 13:38:33;/accounts/ajax/validate.php;validate:uniquesql:shardin@umich.edu
ajax;20060514 13:38:33;/accounts/ajax/validate.php;return=ok|email|
ajax;20060514 13:38:33;/accounts/ajax/validate.php;validate:namespaces:Ann Arbor
ajax;20060514 13:38:33;/accounts/ajax/validate.php;return=ok|city|
ajax;20060514 13:38:33;/accounts/ajax/validate.php;validate:namespaces:MI
ajax;20060514 13:38:33;/accounts/ajax/validate.php;return=ok|state|
ajax;20060514 13:38:33;/accounts/ajax/validate.php;validate:zipcode:48109
ajax;20060514 13:38:33;/accounts/ajax/validate.php;return=ok|zipcode|
ajax;20060514 13:38:33;/accounts/ajax/validate.php;validate:namespaces:US
ajax;20060514 13:38:33;/accounts/ajax/validate.php;return=ok|country|
ajax;20060514 13:38:33;/accounts/ajax/validate.php;validate:phone:734-904-0437
ajax;20060514 13:38:33;/accounts/ajax/validate.php;return=ok|phone|
ajax;20060514 13:38:52;/accounts/ajax/validate.php;validate:uniqueuserp:wendemm
ajax;20060514 13:38:52;/accounts/ajax/validate.php;validate:email:wendemm@gmail.com
ajax;20060514 13:38:52;/accounts/ajax/validate.php;validate:uniqueuserp:wendemm@gmail.com
ajax;20060514 13:38:52;/accounts/ajax/validate.php;return=ok|username|
ajax;20060514 13:38:52;/accounts/ajax/validate.php;validate:namespaces:Portland
ajax;20060514 13:38:52;/accounts/ajax/validate.php;return=ok|city|
ajax;20060514 13:38:52;/accounts/ajax/validate.php;return=ok|email|
ajax;20060514 13:38:52;/accounts/ajax/validate.php;validate:namespaces:OR
ajax;20060514 13:38:52;/accounts/ajax/validate.php;return=ok|state|
ajax;20060514 13:38:52;/accounts/ajax/validate.php;validate:zipcode:97201
ajax;20060514 13:38:52;/accounts/ajax/validate.php;return=ok|zipcode|
ajax;20060514 13:38:52;/accounts/ajax/validate.php;validate:namespaces:US
ajax;20060514 13:38:52;/accounts/ajax/validate.php;return=ok|country|
ajax;20060514 13:38:52;/accounts/ajax/validate.php;validate:phone:(503)577-7712
ajax;20060514 13:38:52;/accounts/ajax/validate.php;return=ok|phone|
ajax;20060514 13:39:11;/accounts/admin/admin_user.php;validate:required:wendemm
ajax;20060514 13:39:11;/accounts/admin/admin_user.php;validate:nospaces:wendemm
ajax;20060514 13:39:11;/accounts/admin/admin_user.php;validate:uniqueuserp:wendemm
ajax;20060514 13:39:11;/accounts/admin/admin_user.php;validate:required:Wende
ajax;20060514 13:39:11;/accounts/admin/admin_user.php;validate:required:Morgaine
ajax;20060514 13:39:11;/accounts/admin/admin_user.php;validate:required:wendemm@gmail.com
ajax;20060514 13:39:11;/accounts/admin/admin_user.php;validate:email:wendemm@gmail.com
ajax;20060514 13:39:11;/accounts/admin/admin_user.php;validate:uniqueuserp:wendemm@gmail.com
ajax;20060514 13:39:11;/accounts/admin/admin_user.php;validate:required:Implementor
ajax;20060514 13:39:11;/accounts/admin/admin_user.php;validate:required:39
ajax;20060514 13:39:11;/accounts/admin/admin_user.php;validate::PSU
ajax;20060514 13:39:11;/accounts/admin/admin_user.php;validate:namespaces:Portland
ajax;20060514 13:39:11;/accounts/admin/admin_user.php;validate:namespaces:OR
ajax;20060514 13:39:11;/accounts/admin/admin_user.php;validate:zipcode:97201
ajax;20060514 13:39:11;/accounts/admin/admin_user.php;validate:namespaces:US
ajax;20060514 13:39:11;/accounts/admin/admin_user.php;validate:phone:(503)577-7712
;20060514 13:39:12;/accounts/admin/admin_user.php;inst modified (ldap): Portland State University (educational) [39]
;20060514 13:39:12;/accounts/admin/admin_user.php;inst modified (ldap): Portland State University (educational) [39]
wendemm;20060514 13:39:13;/accounts/admin/admin_user.php;user modified (ldap): Wende Morgaine (wendemm@gmail.com) [56]
ajax;20060514 13:39:14;/accounts/ajax/validate.php;validate:uniqueuserp:wendemm
ajax;20060514 13:39:14;/accounts/ajax/validate.php;validate:email:wendemm@gmail.com
ajax;20060514 13:39:14;/accounts/ajax/validate.php;validate:uniqueuserp:wendemm@gmail.com
ajax;20060514 13:39:14;/accounts/ajax/validate.php;return=ok|username|
ajax;20060514 13:39:14;/accounts/ajax/validate.php;validate:namespaces:Portland
ajax;20060514 13:39:14;/accounts/ajax/validate.php;return=ok|city|
ajax;20060514 13:39:14;/accounts/ajax/validate.php;validate:namespaces:OR
ajax;20060514 13:39:14;/accounts/ajax/validate.php;return=ok|state|
ajax;20060514 13:39:14;/accounts/ajax/validate.php;return=ok|email|
ajax;20060514 13:39:14;/accounts/ajax/validate.php;validate:zipcode:97201
ajax;20060514 13:39:14;/accounts/ajax/validate.php;return=ok|zipcode|
ajax;20060514 13:39:14;/accounts/ajax/validate.php;validate:namespaces:US
ajax;20060514 13:39:14;/accounts/ajax/validate.php;return=ok|country|
ajax;20060514 13:39:14;/accounts/ajax/validate.php;validate:phone:(503)577-7712
ajax;20060514 13:39:14;/accounts/ajax/validate.php;return=ok|phone|
mmiles@umich.edu;20060514 13:59:23;/accounts/login.php;user logged in (ldap):71.124.50.159:https://sakaiproject.org/accounts/login.php?ref=/conference/admin/index.php
ajax;20060514 14:03:14;/accounts/ajax/validate.php;validate:uniqueuserp:MarlaWashington
ajax;20060514 14:03:14;/accounts/ajax/validate.php;return=ok|username|
ajax;20060514 14:05:35;/accounts/ajax/validate.php;validate:email:marlawashington@numail.org
ajax;20060514 14:05:35;/accounts/ajax/validate.php;validate:uniqueuserp:marlawashington@numail.org
ajax;20060514 14:05:36;/accounts/ajax/validate.php;return=ok|email|
ajax;20060514 14:05:56;/accounts/createaccount.php;validate:required:MarlaWashington
ajax;20060514 14:05:56;/accounts/createaccount.php;validate:nospaces:MarlaWashington
ajax;20060514 14:05:56;/accounts/createaccount.php;validate:uniqueuserp:MarlaWashington
ajax;20060514 14:05:57;/accounts/createaccount.php;validate:required:pickle5p
ajax;20060514 14:05:57;/accounts/createaccount.php;validate:password:pickle5p
ajax;20060514 14:05:57;/accounts/createaccount.php;validate:required:pickle5p
ajax;20060514 14:05:57;/accounts/createaccount.php;validate:password:pickle5p
ajax;20060514 14:05:57;/accounts/createaccount.php;validate:match:pickle5p
ajax;20060514 14:05:57;/accounts/createaccount.php;validate:required:M
ajax;20060514 14:05:57;/accounts/createaccount.php;validate:required:Washington
ajax;20060514 14:05:57;/accounts/createaccount.php;validate:required:marlawashington@numail.org
ajax;20060514 14:05:57;/accounts/createaccount.php;validate:email:marlawashington@numail.org
ajax;20060514 14:05:57;/accounts/createaccount.php;validate:uniqueuserp:marlawashington@numail.org
ajax;20060514 14:05:57;/accounts/createaccount.php;validate:required:Instructional Technologist
ajax;20060514 14:05:57;/accounts/createaccount.php;validate::UI/Interaction Designer
ajax;20060514 14:05:57;/accounts/createaccount.php;validate:required:100
marlawashington;20060514 14:05:57;/accounts/createaccount.php;user added (ldap): M Washington (marlawashington@numail.org) [628]
72.15.73.77;20060514 14:05:57;/accounts/createaccount.php;created account: marlawashington (marlawashington@numail.org) Washington,M: inst=100
marlawashington;20060514 14:06:56;/accounts/activate.php;user modified (ldap): M Washington (marlawashington@numail.org) [628]
marlawashington;20060514 14:07:38;/accounts/activate.php;user modified (ldap): M Washington (marlawashington@numail.org) [628]
marlawashington;20060514 14:08:16;/accounts/login.php;user logged in (ldap):72.15.73.77:https://sakaiproject.org/accounts/login.php
ajax;20060514 14:09:44;/accounts/ajax/validate.php;validate:namespaces:GA
ajax;20060514 14:09:44;/accounts/ajax/validate.php;return=ok|state|
ajax;20060514 14:10:08;/accounts/ajax/validate.php;validate:zipcode:30263
ajax;20060514 14:10:08;/accounts/ajax/validate.php;return=ok|zipcode|
ajax;20060514 14:10:20;/accounts/ajax/validate.php;validate:namespaces:US
ajax;20060514 14:10:20;/accounts/ajax/validate.php;return=ok|country|
ajax;20060514 14:10:38;/accounts/ajax/validate.php;validate:phone:770-252-5447
ajax;20060514 14:10:38;/accounts/ajax/validate.php;return=ok|phone|
ajax;20060514 14:12:06;/conference/registration/index.php;validate:required:Instructional Technologist
ajax;20060514 14:12:06;/conference/registration/index.php;validate::UI/Interaction Designer
ajax;20060514 14:12:06;/conference/registration/index.php;validate:required:Newnan
ajax;20060514 14:12:06;/conference/registration/index.php;validate:required:GA
ajax;20060514 14:12:06;/conference/registration/index.php;validate:namespaces:GA
ajax;20060514 14:12:06;/conference/registration/index.php;validate:zipcode:30263
ajax;20060514 14:12:06;/conference/registration/index.php;validate:required:US
ajax;20060514 14:12:06;/conference/registration/index.php;validate:namespaces:US
ajax;20060514 14:12:06;/conference/registration/index.php;validate:required:770-252-5447
ajax;20060514 14:12:06;/conference/registration/index.php;validate:phone:770-252-5447
ajax;20060514 14:12:06;/conference/registration/index.php;validate:required:Y
ajax;20060514 14:12:06;/conference/registration/index.php;validate:required:Y
ajax;20060514 14:12:06;/conference/registration/index.php;validate:required:XXX-Large
marlawashington;20060514 14:12:07;/conference/registration/index.php;user modified (ldap): M Washington (marlawashington@numail.org) [628]
aaronz;20060514 17:53:02;/accounts/login.php;user logged in (ldap):141.152.81.44:https://www.sakaiproject.org/accounts/login.php?ref=/conference/index.php
flowman;20060514 19:55:47;/accounts/login.php;user logged in (ldap):151.213.156.51:https://sakaiproject.org/accounts/login.php?ref=/conference/registration/index.php&msg=You+must+login+to+register+or+submit+a+proposal+for+the+Sakai+Vancouver+conference.+If+you+do+not+have+an+account%2C+please+create+one.
