mmortonallen@csu.edu.au;20060519 00:34:37;/accounts/login.php;user logged in (ldap):137.166.143.7:https://sakaiproject.org/accounts/login.php?ref=/skin/index.php
shardin;20060519 01:33:26;/accounts/login.php;user logged in (ldap):72.169.226.59:https://sakaiproject.org/accounts/login.php?ref=/conference/admin/proposals.php
ajax;20060519 01:42:14;/conference/admin/edit_proposal.php;validate:required:Programmers Cafe:  The simplest possible Sakai tool
ajax;20060519 01:42:14;/conference/admin/edit_proposal.php;validate:required:
Webpage: http://bugs.sakaiproject.org/confluence/display/BOOT/Vancouver
Prereqs: http://bugs.sakaiproject.org/confluence/display/BOOT/Prerequisites
Audience: Sakai developers

This extended workshop will take a Java programmer through the process of
creating a fully functional Sakai tool from scratch. The workshop lasts the
entire day and the code for the entire tool will be written during the
workshop. Sakai best practices and tool development using the Eclipse IDE
will be demonstrated.
The workshop will consist of 5 sessions:
1. Simplest Sakai tool
2. Using the Sakai framework
3. Using JSF (Java Server Faces)
4. Persistence (Hibernate)
5. Testing (Junit)
ajax;20060519 01:42:14;/conference/admin/edit_proposal.php;validate:required: 
ajax;20060519 01:42:14;/conference/admin/edit_proposal.php;validate:required:Mike Osterman
ajax;20060519 01:42:14;/conference/admin/edit_proposal.php;validate:required:   
ajax;20060519 01:42:14;/conference/admin/edit_proposal.php;validate:required:workshop
ajax;20060519 01:42:14;/conference/admin/edit_proposal.php;validate:required:class
ajax;20060519 01:42:14;/conference/admin/edit_proposal.php;validate:required:90
ajax;20060519 01:56:57;/conference/admin/edit_proposal.php;validate:required:Programmers Cafe:  The simplest possible Sakai tool
ajax;20060519 01:56:57;/conference/admin/edit_proposal.php;validate:required:Programmers Cafe web page: http://bugs.sakaiproject.org/confluence/display/BOOT/Vancouver

Prereqs:  http://bugs.sakaiproject.org/confluence/display/BOOT/Prerequisites

Audience: Sakai developers

This extended workshop will take a Java programmer through the process of creating a fully functional Sakai tool from scratch. The workshop lasts the entire day and the code for the entire tool will be written during the workshop. Sakai best practices and tool development using the Eclipse IDE will be demonstrated.

The workshop will consist of 5 sessions:

1. Simplest Sakai tool

2. Using the Sakai framework
3. Using JSF (Java Server Faces)
4. Persistence (Hibernate)
5. Testing (Junit)
ajax;20060519 01:56:57;/conference/admin/edit_proposal.php;validate:required: 
ajax;20060519 01:56:57;/conference/admin/edit_proposal.php;validate:required:Mike Osterman
ajax;20060519 01:56:57;/conference/admin/edit_proposal.php;validate:required:   
ajax;20060519 01:56:57;/conference/admin/edit_proposal.php;validate:required:workshop
ajax;20060519 01:56:57;/conference/admin/edit_proposal.php;validate:required:class
ajax;20060519 01:56:57;/conference/admin/edit_proposal.php;validate:required:90
dvanderm;20060519 02:42:24;/accounts/login.php;user logged in (internal):196.21.50.1:https://sakaiproject.org/accounts/login.php?ref=/conference/registration/index.php&msg=You+must+login+to+register+or+submit+a+proposal+for+the+Sakai+Vancouver+conference.+If+you+do+not+have+an+account%2C+please+create+one.
dvanderm;20060519 02:42:25;/accounts/login.php;user modified (ldap): Deon van der Merwe (dvanderm@unisa.ac.za) [180]
ajax;20060519 02:42:45;/accounts/ajax/validate.php;validate:namespaces:Gauteng
ajax;20060519 02:42:45;/accounts/ajax/validate.php;return=ok|state|
ajax;20060519 02:42:46;/accounts/ajax/validate.php;validate:zipcode:1710
ajax;20060519 02:42:46;/accounts/ajax/validate.php;return=error|zipcode|Invalid US zip, must be 5 or 9 digits
ajax;20060519 02:42:46;/accounts/ajax/validate.php;validate:namespaces:ZA
ajax;20060519 02:42:46;/accounts/ajax/validate.php;return=ok|country|
ajax;20060519 02:42:46;/accounts/ajax/validate.php;validate:phone:27 11 471-2844
ajax;20060519 02:42:46;/accounts/ajax/validate.php;return=ok|phone|
ajax;20060519 02:49:11;/accounts/ajax/validate.php;validate:zipcode: 1710
ajax;20060519 02:49:11;/accounts/ajax/validate.php;return=ok|zipcode|
ajax;20060519 02:49:27;/accounts/ajax/validate.php;validate:phone:27  11 471-3070
ajax;20060519 02:49:27;/accounts/ajax/validate.php;return=ok|fax|
ajax;20060519 02:50:16;/conference/registration/index.php;validate:required:Manager
ajax;20060519 02:50:16;/conference/registration/index.php;validate::Implementor
ajax;20060519 02:50:16;/conference/registration/index.php;validate:required:Roodepoort
ajax;20060519 02:50:16;/conference/registration/index.php;validate:required:Gauteng
ajax;20060519 02:50:16;/conference/registration/index.php;validate:namespaces:Gauteng
ajax;20060519 02:50:16;/conference/registration/index.php;validate:zipcode: 1710
ajax;20060519 02:50:16;/conference/registration/index.php;validate:required:ZA
ajax;20060519 02:50:16;/conference/registration/index.php;validate:namespaces:ZA
ajax;20060519 02:50:16;/conference/registration/index.php;validate:required:27 11 471-2844
ajax;20060519 02:50:16;/conference/registration/index.php;validate:phone:27 11 471-2844
ajax;20060519 02:50:16;/conference/registration/index.php;validate:phone:27  11 471-3070
ajax;20060519 02:50:16;/conference/registration/index.php;validate:required:N
ajax;20060519 02:50:16;/conference/registration/index.php;validate:required:N
ajax;20060519 02:50:16;/conference/registration/index.php;validate:required:XX-Large
dvanderm;20060519 02:50:16;/conference/registration/index.php;user modified (ldap): Deon van der Merwe (dvanderm@unisa.ac.za) [180]
dvanderm;20060519 03:06:23;/accounts/login.php;user logged in (ldap):196.21.50.1:https://sakaiproject.org/accounts/login.php?ref=/conference/registration/index.php&msg=You+must+login+to+register+or+submit+a+proposal+for+the+Sakai+Vancouver+conference.+If+you+do+not+have+an+account%2C+please+create+one.
nate;20060519 03:36:47;/accounts/login.php;user logged in (ldap):203.45.42.2:https://sakaiproject.org/accounts/login.php?ref=/skin/vote.php
mbreuker;20060519 04:23:34;/accounts/login.php;user logged in (ldap):194.151.48.252:https://sakaiproject.org/accounts/login.php?ref=/conference/registration/index.php&msg=You+must+login+to+register+or+submit+a+proposal+for+the+Sakai+Vancouver+conference.+If+you+do+not+have+an+account%2C+please+create+one.
wytzekoopal;20060519 05:18:30;/accounts/login.php;user logged in (ldap):130.89.36.180:https://sakaiproject.org/accounts/login.php?ref=/conference/registration/index.php&msg=You+must+login+to+register+or+submit+a+proposal+for+the+Sakai+Vancouver+conference.+If+you+do+not+have+an+account%2C+please+create+one.
ajax;20060519 05:18:33;/accounts/ajax/validate.php;validate:namespaces:OV
ajax;20060519 05:18:33;/accounts/ajax/validate.php;return=ok|state|
ajax;20060519 05:18:33;/accounts/ajax/validate.php;validate:namespaces:NL
ajax;20060519 05:18:33;/accounts/ajax/validate.php;return=ok|country|
ajax;20060519 05:19:22;/accounts/ajax/validate.php;validate:email:w.y.koopal@utwente.nl
ajax;20060519 05:19:22;/accounts/ajax/validate.php;validate:uniquesql:w.y.koopal@utwente.nl
ajax;20060519 05:19:22;/accounts/ajax/validate.php;return=ok|email|
ajax;20060519 05:19:22;/accounts/ajax/validate.php;validate:namespaces:OV
ajax;20060519 05:19:22;/accounts/ajax/validate.php;return=ok|state|
ajax;20060519 05:19:22;/accounts/ajax/validate.php;validate:namespaces:Enschede
ajax;20060519 05:19:22;/accounts/ajax/validate.php;return=ok|city|
ajax;20060519 05:19:22;/accounts/ajax/validate.php;validate:namespaces:NL
ajax;20060519 05:19:22;/accounts/ajax/validate.php;return=ok|country|
ajax;20060519 05:19:38;/accounts/myaccount.php;validate:required:Wytze
ajax;20060519 05:19:38;/accounts/myaccount.php;validate:required:Koopal
ajax;20060519 05:19:38;/accounts/myaccount.php;validate:required:w.y.koopal@utwente.nl
ajax;20060519 05:19:38;/accounts/myaccount.php;validate:email:w.y.koopal@utwente.nl
ajax;20060519 05:19:38;/accounts/myaccount.php;validate:uniquesql:w.y.koopal@utwente.nl
ajax;20060519 05:19:38;/accounts/myaccount.php;validate:required:Implementor
ajax;20060519 05:19:38;/accounts/myaccount.php;validate::Manager
ajax;20060519 05:19:38;/accounts/myaccount.php;validate:required:University of Twente
ajax;20060519 05:19:38;/accounts/myaccount.php;validate::PO Box 217
7500 AE
ajax;20060519 05:19:38;/accounts/myaccount.php;validate:namespaces:Enschede
ajax;20060519 05:19:38;/accounts/myaccount.php;validate:namespaces:OV
ajax;20060519 05:19:38;/accounts/myaccount.php;validate:namespaces:NL
wytzekoopal;20060519 05:19:39;/accounts/myaccount.php;user modified (ldap): Wytze Koopal (w.y.koopal@utwente.nl) [648]
ajax;20060519 05:19:39;/accounts/ajax/validate.php;validate:email:w.y.koopal@utwente.nl
ajax;20060519 05:19:39;/accounts/ajax/validate.php;validate:uniquesql:w.y.koopal@utwente.nl
ajax;20060519 05:19:39;/accounts/ajax/validate.php;return=ok|email|
ajax;20060519 05:19:40;/accounts/ajax/validate.php;validate:namespaces:OV
ajax;20060519 05:19:40;/accounts/ajax/validate.php;return=ok|state|
ajax;20060519 05:19:40;/accounts/ajax/validate.php;validate:namespaces:Enschede
ajax;20060519 05:19:40;/accounts/ajax/validate.php;return=ok|city|
ajax;20060519 05:19:40;/accounts/ajax/validate.php;validate:namespaces:NL
ajax;20060519 05:19:40;/accounts/ajax/validate.php;return=ok|country|
ajax;20060519 05:19:48;/accounts/ajax/validate.php;validate:namespaces:OV
ajax;20060519 05:19:48;/accounts/ajax/validate.php;return=ok|state|
ajax;20060519 05:19:48;/accounts/ajax/validate.php;validate:namespaces:NL
ajax;20060519 05:19:48;/accounts/ajax/validate.php;return=ok|country|
ajax;20060519 05:19:53;/accounts/ajax/validate.php;validate:email:w.y.koopal@utwente.nl
ajax;20060519 05:19:53;/accounts/ajax/validate.php;validate:uniquesql:w.y.koopal@utwente.nl
ajax;20060519 05:19:53;/accounts/ajax/validate.php;return=ok|email|
ajax;20060519 05:19:53;/accounts/ajax/validate.php;validate:namespaces:OV
ajax;20060519 05:19:53;/accounts/ajax/validate.php;return=ok|state|
ajax;20060519 05:19:54;/accounts/ajax/validate.php;validate:namespaces:Enschede
ajax;20060519 05:19:54;/accounts/ajax/validate.php;return=ok|city|
ajax;20060519 05:19:54;/accounts/ajax/validate.php;validate:namespaces:NL
ajax;20060519 05:19:54;/accounts/ajax/validate.php;return=ok|country|
ajax;20060519 05:20:21;/accounts/ajax/validate.php;validate:namespaces:OV
ajax;20060519 05:20:21;/accounts/ajax/validate.php;return=ok|stateOther|
ajax;20060519 05:20:28;/accounts/ajax/validate.php;validate:namespaces:NL
ajax;20060519 05:20:28;/accounts/ajax/validate.php;return=ok|country|
ajax;20060519 05:20:47;/accounts/myaccount.php;validate:required:Wytze
ajax;20060519 05:20:47;/accounts/myaccount.php;validate:required:Koopal
ajax;20060519 05:20:47;/accounts/myaccount.php;validate:required:w.y.koopal@utwente.nl
ajax;20060519 05:20:47;/accounts/myaccount.php;validate:email:w.y.koopal@utwente.nl
ajax;20060519 05:20:47;/accounts/myaccount.php;validate:uniquesql:w.y.koopal@utwente.nl
ajax;20060519 05:20:47;/accounts/myaccount.php;validate:required:Implementor
ajax;20060519 05:20:47;/accounts/myaccount.php;validate::Manager
ajax;20060519 05:20:47;/accounts/myaccount.php;validate:required:UT
ajax;20060519 05:20:47;/accounts/myaccount.php;validate:namespaces:OV
ajax;20060519 05:20:47;/accounts/myaccount.php;validate:namespaces:NL
wytzekoopal;20060519 05:20:47;/accounts/myaccount.php;user modified (ldap): Wytze Koopal (w.y.koopal@utwente.nl) [648]
ajax;20060519 05:20:48;/accounts/ajax/validate.php;validate:email:w.y.koopal@utwente.nl
ajax;20060519 05:20:48;/accounts/ajax/validate.php;validate:uniquesql:w.y.koopal@utwente.nl
ajax;20060519 05:20:48;/accounts/ajax/validate.php;return=ok|email|
ajax;20060519 05:20:48;/accounts/ajax/validate.php;validate:namespaces:NL
ajax;20060519 05:20:48;/accounts/ajax/validate.php;return=ok|country|
ajax;20060519 05:20:48;/accounts/ajax/validate.php;validate:namespaces:OV
ajax;20060519 05:20:48;/accounts/ajax/validate.php;return=ok|state|
ajax;20060519 05:20:56;/accounts/ajax/validate.php;validate:email:w.y.koopal@utwente.nl
ajax;20060519 05:20:56;/accounts/ajax/validate.php;validate:uniquesql:w.y.koopal@utwente.nl
ajax;20060519 05:20:56;/accounts/ajax/validate.php;return=ok|email|
ajax;20060519 05:20:56;/accounts/ajax/validate.php;validate:namespaces:NL
ajax;20060519 05:20:56;/accounts/ajax/validate.php;return=ok|country|
ajax;20060519 05:20:56;/accounts/ajax/validate.php;validate:namespaces:OV
ajax;20060519 05:20:56;/accounts/ajax/validate.php;return=ok|state|
ajax;20060519 05:21:04;/accounts/ajax/validate.php;validate:namespaces:OV
ajax;20060519 05:21:04;/accounts/ajax/validate.php;return=ok|state|
ajax;20060519 05:21:05;/accounts/ajax/validate.php;validate:namespaces:NL
ajax;20060519 05:21:05;/accounts/ajax/validate.php;return=ok|country|
wytzekoopal;20060519 05:26:56;/accounts/login.php;user logged in (ldap):130.89.36.180:https://sakaiproject.org/accounts/login.php?ref=/conference/registration/index.php&msg=You+must+login+to+register+or+submit+a+proposal+for+the+Sakai+Vancouver+conference.+If+you+do+not+have+an+account%2C+please+create+one.
ajax;20060519 05:26:58;/accounts/ajax/validate.php;validate:namespaces:OV
ajax;20060519 05:26:58;/accounts/ajax/validate.php;return=ok|state|
ajax;20060519 05:26:59;/accounts/ajax/validate.php;validate:namespaces:NL
ajax;20060519 05:26:59;/accounts/ajax/validate.php;return=ok|country|
ajax;20060519 05:27:07;/accounts/ajax/validate.php;validate:email:w.y.koopal@utwente.nl
ajax;20060519 05:27:07;/accounts/ajax/validate.php;validate:uniquesql:w.y.koopal@utwente.nl
ajax;20060519 05:27:07;/accounts/ajax/validate.php;return=ok|email|
ajax;20060519 05:27:07;/accounts/ajax/validate.php;validate:namespaces:NL
ajax;20060519 05:27:07;/accounts/ajax/validate.php;return=ok|country|
ajax;20060519 05:27:07;/accounts/ajax/validate.php;validate:namespaces:OV
ajax;20060519 05:27:07;/accounts/ajax/validate.php;return=ok|state|
j.higham@hull.ac.uk;20060519 06:17:15;/accounts/forgot_password.php;user modified (ldap): Jon Higham (j.higham@hull.ac.uk) [539]
150.237.47.4;20060519 06:17:15;/accounts/forgot_password.php;password reset: j.higham@hull.ac.uk
j.higham@hull.ac.uk;20060519 06:17:22;/accounts/forgot_password.php;user modified (ldap): Jon Higham (j.higham@hull.ac.uk) [539]
150.237.47.4;20060519 06:17:22;/accounts/forgot_password.php;password reset: j.higham@hull.ac.uk
j.higham@hull.ac.uk;20060519 06:18:06;/accounts/login.php;user logged in (ldap):150.237.47.4:https://sakaiproject.org/accounts/login.php
ajax;20060519 06:18:17;/accounts/ajax/validate.php;validate:email:j.higham@hull.ac.uk
ajax;20060519 06:18:17;/accounts/ajax/validate.php;validate:uniquesql:j.higham@hull.ac.uk
ajax;20060519 06:18:17;/accounts/ajax/validate.php;return=ok|email|
ajax;20060519 06:18:18;/accounts/ajax/validate.php;validate:namespaces:Hull
ajax;20060519 06:18:18;/accounts/ajax/validate.php;validate:namespaces:East Yorkshire
ajax;20060519 06:18:18;/accounts/ajax/validate.php;return=ok|city|
ajax;20060519 06:18:18;/accounts/ajax/validate.php;return=ok|state|
ajax;20060519 06:18:18;/accounts/ajax/validate.php;validate:namespaces:GB
ajax;20060519 06:18:18;/accounts/ajax/validate.php;return=ok|country|
ajax;20060519 06:18:18;/accounts/ajax/validate.php;validate:phone:01482 465549
ajax;20060519 06:18:18;/accounts/ajax/validate.php;return=ok|phone|
ajax;20060519 06:18:25;/accounts/myaccount.php;validate:password:1024324
ajax;20060519 06:18:25;/accounts/myaccount.php;validate:password:1024324
ajax;20060519 06:18:25;/accounts/myaccount.php;validate:match:1024324
ajax;20060519 06:18:25;/accounts/myaccount.php;validate:required:Jon
ajax;20060519 06:18:25;/accounts/myaccount.php;validate:required:Higham
ajax;20060519 06:18:25;/accounts/myaccount.php;validate:required:j.higham@hull.ac.uk
ajax;20060519 06:18:25;/accounts/myaccount.php;validate:email:j.higham@hull.ac.uk
ajax;20060519 06:18:25;/accounts/myaccount.php;validate:uniquesql:j.higham@hull.ac.uk
ajax;20060519 06:18:25;/accounts/myaccount.php;validate:required:Implementor
ajax;20060519 06:18:25;/accounts/myaccount.php;validate::Developer/Programmer
ajax;20060519 06:18:25;/accounts/myaccount.php;validate:required:72
ajax;20060519 06:18:25;/accounts/myaccount.php;validate::eServices
Cottingham Road
ajax;20060519 06:18:25;/accounts/myaccount.php;validate:namespaces:Hull
ajax;20060519 06:18:25;/accounts/myaccount.php;validate:namespaces:East Yorkshire
ajax;20060519 06:18:25;/accounts/myaccount.php;validate:namespaces:GB
ajax;20060519 06:18:25;/accounts/myaccount.php;validate:phone:01482 465549
j.higham@hull.ac.uk;20060519 06:18:25;/accounts/myaccount.php;user modified (ldap): Jon Higham (j.higham@hull.ac.uk) [539]
j.higham@hull.ac.uk;20060519 06:18:51;/accounts/login.php;user logged in (ldap):150.237.47.4:https://sakaiproject.org/accounts/login.php
ajax;20060519 06:20:12;/accounts/myaccount.php;validate:password:pelepig
ajax;20060519 06:20:13;/accounts/myaccount.php;validate:password:pelepig
ajax;20060519 06:20:13;/accounts/myaccount.php;validate:match:pelepig
ajax;20060519 06:20:13;/accounts/myaccount.php;validate:required:Jon
ajax;20060519 06:20:13;/accounts/myaccount.php;validate:required:Higham
ajax;20060519 06:20:13;/accounts/myaccount.php;validate:required:j.higham@hull.ac.uk
ajax;20060519 06:20:13;/accounts/myaccount.php;validate:email:j.higham@hull.ac.uk
ajax;20060519 06:20:13;/accounts/myaccount.php;validate:uniquesql:j.higham@hull.ac.uk
ajax;20060519 06:20:13;/accounts/myaccount.php;validate:required:Implementor
ajax;20060519 06:20:13;/accounts/myaccount.php;validate::Developer/Programmer
ajax;20060519 06:20:13;/accounts/myaccount.php;validate:required:72
ajax;20060519 06:20:13;/accounts/myaccount.php;validate::eServices
Cottingham Road
ajax;20060519 06:20:13;/accounts/myaccount.php;validate:namespaces:Hull
ajax;20060519 06:20:13;/accounts/myaccount.php;validate:namespaces:East Yorkshire
ajax;20060519 06:20:13;/accounts/myaccount.php;validate:namespaces:GB
ajax;20060519 06:20:13;/accounts/myaccount.php;validate:phone:01482 465549
j.higham@hull.ac.uk;20060519 06:20:13;/accounts/myaccount.php;user modified (ldap): Jon Higham (j.higham@hull.ac.uk) [539]
j.higham@hull.ac.uk;20060519 06:20:34;/accounts/login.php;user logged in (ldap):150.237.47.4:https://sakaiproject.org/accounts/login.php?ref=/accounts/index.php
j.higham@hull.ac.uk;20060519 06:23:13;/accounts/login.php;user logged in (ldap):150.237.47.4:https://sakaiproject.org/accounts/login.php?ref=/conference/registration/index.php&msg=You+must+login+to+register+or+submit+a+proposal+for+the+Sakai+Vancouver+conference.+If+you+do+not+have+an+account%2C+please+create+one.
mmiles@umich.edu;20060519 08:56:19;/accounts/login.php;user logged in (ldap):141.213.113.225:https://sakaiproject.org/accounts/login.php?ref=/accounts/myaccount.php
ajax;20060519 08:56:20;/accounts/ajax/validate.php;validate:email:mmiles@umich.edu
ajax;20060519 08:56:20;/accounts/ajax/validate.php;validate:uniquesql:mmiles@umich.edu
ajax;20060519 08:56:20;/accounts/ajax/validate.php;return=ok|email|
ajax;20060519 08:56:20;/accounts/ajax/validate.php;validate:namespaces:Ann Arbor
ajax;20060519 08:56:20;/accounts/ajax/validate.php;return=ok|city|
ajax;20060519 08:56:20;/accounts/ajax/validate.php;validate:namespaces:MI
ajax;20060519 08:56:20;/accounts/ajax/validate.php;return=ok|state|
ajax;20060519 08:56:20;/accounts/ajax/validate.php;validate:zipcode:48109-2094
ajax;20060519 08:56:20;/accounts/ajax/validate.php;return=ok|zipcode|
ajax;20060519 08:56:20;/accounts/ajax/validate.php;validate:namespaces:US
ajax;20060519 08:56:20;/accounts/ajax/validate.php;return=ok|country|
ajax;20060519 08:56:20;/accounts/ajax/validate.php;validate:phone:734-764-3614
ajax;20060519 08:56:20;/accounts/ajax/validate.php;return=ok|phone|
ajax;20060519 08:56:20;/accounts/ajax/validate.php;validate:phone:734-763-7829
ajax;20060519 08:56:20;/accounts/ajax/validate.php;return=ok|fax|
ajax;20060519 08:56:48;/accounts/ajax/validate.php;validate:namespaces:University of Twente
ajax;20060519 08:56:48;/accounts/ajax/validate.php;validate:uniqueinstp:University of Twente
ajax;20060519 08:56:48;/accounts/ajax/validate.php;return=ok|name|
ajax;20060519 08:57:01;/accounts/ajax/validate.php;validate:namespaces:NL
ajax;20060519 08:57:01;/accounts/ajax/validate.php;return=ok|country|
ajax;20060519 08:57:47;/accounts/ajax/validate.php;validate:namespaces:Enschede
ajax;20060519 08:57:47;/accounts/ajax/validate.php;return=ok|city|
ajax;20060519 08:57:53;/accounts/admin/admin_inst.php;validate:required:University of Twente
ajax;20060519 08:57:53;/accounts/admin/admin_inst.php;validate:namespaces:University of Twente
ajax;20060519 08:57:53;/accounts/admin/admin_inst.php;validate:uniqueinstp:University of Twente
ajax;20060519 08:57:53;/accounts/admin/admin_inst.php;validate:required:educational
ajax;20060519 08:57:53;/accounts/admin/admin_inst.php;validate:namespaces:Enschede
ajax;20060519 08:57:53;/accounts/admin/admin_inst.php;validate:namespaces:NL
;20060519 08:57:53;/accounts/admin/admin_inst.php;inst added (ldap): University of Twente (educational) [115]
wytzekoopal;20060519 09:17:14;/accounts/login.php;user logged in (ldap):130.89.36.180:https://sakaiproject.org/accounts/login.php?ref=/accounts/myaccount.php
ajax;20060519 09:17:17;/accounts/ajax/validate.php;validate:email:w.y.koopal@utwente.nl
ajax;20060519 09:17:17;/accounts/ajax/validate.php;validate:namespaces:OV
ajax;20060519 09:17:17;/accounts/ajax/validate.php;validate:uniquesql:w.y.koopal@utwente.nl
ajax;20060519 09:17:17;/accounts/ajax/validate.php;return=ok|state|
ajax;20060519 09:17:17;/accounts/ajax/validate.php;return=ok|email|
ajax;20060519 09:17:17;/accounts/ajax/validate.php;validate:namespaces:NL
ajax;20060519 09:17:17;/accounts/ajax/validate.php;return=ok|country|
ajax;20060519 09:17:27;/accounts/myaccount.php;validate:required:Wytze
ajax;20060519 09:17:27;/accounts/myaccount.php;validate:required:Koopal
ajax;20060519 09:17:27;/accounts/myaccount.php;validate:required:w.y.koopal@utwente.nl
ajax;20060519 09:17:27;/accounts/myaccount.php;validate:email:w.y.koopal@utwente.nl
ajax;20060519 09:17:27;/accounts/myaccount.php;validate:uniquesql:w.y.koopal@utwente.nl
ajax;20060519 09:17:27;/accounts/myaccount.php;validate:required:Implementor
ajax;20060519 09:17:27;/accounts/myaccount.php;validate::Manager
ajax;20060519 09:17:27;/accounts/myaccount.php;validate:required:115
ajax;20060519 09:17:27;/accounts/myaccount.php;validate:namespaces:OV
ajax;20060519 09:17:27;/accounts/myaccount.php;validate:namespaces:NL
wytzekoopal;20060519 09:17:27;/accounts/myaccount.php;user modified (ldap): Wytze Koopal (w.y.koopal@utwente.nl) [648]
ajax;20060519 09:17:42;/accounts/myaccount.php;validate:required:Wytze
ajax;20060519 09:17:42;/accounts/myaccount.php;validate:required:Koopal
ajax;20060519 09:17:42;/accounts/myaccount.php;validate:required:w.y.koopal@utwente.nl
ajax;20060519 09:17:42;/accounts/myaccount.php;validate:email:w.y.koopal@utwente.nl
ajax;20060519 09:17:42;/accounts/myaccount.php;validate:uniquesql:w.y.koopal@utwente.nl
ajax;20060519 09:17:42;/accounts/myaccount.php;validate:required:Implementor
ajax;20060519 09:17:42;/accounts/myaccount.php;validate::Manager
ajax;20060519 09:17:42;/accounts/myaccount.php;validate:required:115
wytzekoopal;20060519 09:17:43;/accounts/myaccount.php;user modified (ldap): Wytze Koopal (w.y.koopal@utwente.nl) [648]
ajax;20060519 09:18:40;/accounts/ajax/validate.php;validate:namespaces:Enschede
ajax;20060519 09:18:40;/accounts/ajax/validate.php;return=ok|city|
ajax;20060519 09:18:46;/accounts/ajax/validate.php;validate:namespaces:OV
ajax;20060519 09:18:46;/accounts/ajax/validate.php;return=ok|stateOther|
ajax;20060519 09:18:54;/accounts/ajax/validate.php;validate:zipcode:7500 AE
ajax;20060519 09:18:54;/accounts/ajax/validate.php;return=error|zipcode|Invalid Canadian zip (e.g. A1B 2C3)
ajax;20060519 09:19:19;/accounts/myaccount.php;validate:required:Wytze
ajax;20060519 09:19:19;/accounts/myaccount.php;validate:required:Koopal
ajax;20060519 09:19:19;/accounts/myaccount.php;validate:required:w.y.koopal@utwente.nl
ajax;20060519 09:19:19;/accounts/myaccount.php;validate:email:w.y.koopal@utwente.nl
ajax;20060519 09:19:19;/accounts/myaccount.php;validate:uniquesql:w.y.koopal@utwente.nl
ajax;20060519 09:19:19;/accounts/myaccount.php;validate:required:Implementor
ajax;20060519 09:19:19;/accounts/myaccount.php;validate::Manager
ajax;20060519 09:19:19;/accounts/myaccount.php;validate:required:115
ajax;20060519 09:19:19;/accounts/myaccount.php;validate::PO Box 217
7500 AE
ajax;20060519 09:19:19;/accounts/myaccount.php;validate:namespaces:Enschede
ajax;20060519 09:19:19;/accounts/myaccount.php;validate:namespaces:OV
ajax;20060519 09:19:19;/accounts/myaccount.php;validate:namespaces:NL
wytzekoopal;20060519 09:19:19;/accounts/myaccount.php;user modified (ldap): Wytze Koopal (w.y.koopal@utwente.nl) [648]
ajax;20060519 09:19:27;/accounts/myaccount.php;validate:required:Wytze
ajax;20060519 09:19:27;/accounts/myaccount.php;validate:required:Koopal
ajax;20060519 09:19:27;/accounts/myaccount.php;validate:required:w.y.koopal@utwente.nl
ajax;20060519 09:19:27;/accounts/myaccount.php;validate:email:w.y.koopal@utwente.nl
ajax;20060519 09:19:27;/accounts/myaccount.php;validate:uniquesql:w.y.koopal@utwente.nl
ajax;20060519 09:19:27;/accounts/myaccount.php;validate:required:Implementor
ajax;20060519 09:19:27;/accounts/myaccount.php;validate::Manager
ajax;20060519 09:19:27;/accounts/myaccount.php;validate:required:115
ajax;20060519 09:19:27;/accounts/myaccount.php;validate::PO Box 217
7500 AE
ajax;20060519 09:19:27;/accounts/myaccount.php;validate:namespaces:Enschede
ajax;20060519 09:19:27;/accounts/myaccount.php;validate:namespaces:OV
ajax;20060519 09:19:27;/accounts/myaccount.php;validate:namespaces:NL
wytzekoopal;20060519 09:19:28;/accounts/myaccount.php;user modified (ldap): Wytze Koopal (w.y.koopal@utwente.nl) [648]
ajax;20060519 09:19:50;/accounts/ajax/validate.php;validate:phone: 31534892455
ajax;20060519 09:19:50;/accounts/ajax/validate.php;return=ok|phone|
ajax;20060519 09:20:10;/conference/registration/index.php;validate:required:Implementor
ajax;20060519 09:20:10;/conference/registration/index.php;validate::Manager
ajax;20060519 09:20:10;/conference/registration/index.php;validate:required:Enschede
ajax;20060519 09:20:10;/conference/registration/index.php;validate:required:OV
ajax;20060519 09:20:10;/conference/registration/index.php;validate:namespaces:OV
ajax;20060519 09:20:10;/conference/registration/index.php;validate:required:NL
ajax;20060519 09:20:10;/conference/registration/index.php;validate:namespaces:NL
ajax;20060519 09:20:10;/conference/registration/index.php;validate:required:+31534892455
ajax;20060519 09:20:10;/conference/registration/index.php;validate:phone:+31534892455
ajax;20060519 09:20:10;/conference/registration/index.php;validate:required:N
ajax;20060519 09:20:10;/conference/registration/index.php;validate:required:N
ajax;20060519 09:20:10;/conference/registration/index.php;validate:required:X-Large
wytzekoopal;20060519 09:20:10;/conference/registration/index.php;user modified (ldap): Wytze Koopal (w.y.koopal@utwente.nl) [648]
iiyoshi;20060519 09:30:39;/accounts/login.php;user logged in (internal):64.142.34.254:https://sakaiproject.org/accounts/login.php?ref=/conference/registration/index.php&msg=You+must+login+to+register+or+submit+a+proposal+for+the+Sakai+Vancouver+conference.+If+you+do+not+have+an+account%2C+please+create+one.
iiyoshi;20060519 09:30:39;/accounts/login.php;user modified (ldap): Toru Iiyoshi (iiyoshi@carnegiefoundation.org) [168]
ajax;20060519 09:37:34;/facebook/add_entry.php;validate::Open Education, Scholarship of Teaching & Learning, Knowledge Sharing, Cognitive Tools
ajax;20060519 09:37:34;/facebook/add_entry.php;validate:required:1
ajax;20060519 09:37:42;/facebook/add_entry.php;validate::Open Education, Scholarship of Teaching & Learning, Knowledge Sharing, Cognitive Tools
ajax;20060519 09:37:42;/facebook/add_entry.php;validate:required:1
janicenichonail;20060519 09:38:47;/accounts/login.php;user logged in (ldap):193.1.100.110:https://sakaiproject.org/accounts/login.php?ref=/conference/registration/index.php&msg=You+must+login+to+register+or+submit+a+proposal+for+the+Sakai+Vancouver+conference.+If+you+do+not+have+an+account%2C+please+create+one.
ajax;20060519 09:38:54;/accounts/ajax/validate.php;validate:namespaces:IE
ajax;20060519 09:38:54;/accounts/ajax/validate.php;validate:phone: 353-61-234195
ajax;20060519 09:38:54;/accounts/ajax/validate.php;return=ok|country|
ajax;20060519 09:38:54;/accounts/ajax/validate.php;return=ok|phone|
ajax;20060519 09:39:08;/facebook/add_entry.php;validate::Open Education, Scholarship of Teaching & Learning, Knowledge Sharing, Web 2.0, Cognitive Tools
ajax;20060519 09:39:08;/facebook/add_entry.php;validate:required:1
ajax;20060519 09:39:09;/accounts/ajax/validate.php;validate:namespaces:Ireland
ajax;20060519 09:39:09;/accounts/ajax/validate.php;return=ok|stateOther|
ajax;20060519 09:39:38;/conference/registration/index.php;validate:required:Manager
ajax;20060519 09:39:38;/conference/registration/index.php;validate::Instructional Technologist
ajax;20060519 09:39:38;/conference/registration/index.php;validate:required:Limerick
ajax;20060519 09:39:38;/conference/registration/index.php;validate:required:Ireland
ajax;20060519 09:39:38;/conference/registration/index.php;validate:namespaces:Ireland
ajax;20060519 09:39:38;/conference/registration/index.php;validate:required:IE
ajax;20060519 09:39:38;/conference/registration/index.php;validate:namespaces:IE
ajax;20060519 09:39:38;/conference/registration/index.php;validate:required:+353-61-234195
ajax;20060519 09:39:38;/conference/registration/index.php;validate:phone:+353-61-234195
ajax;20060519 09:39:38;/conference/registration/index.php;validate:required:N
ajax;20060519 09:39:38;/conference/registration/index.php;validate:required:N
ajax;20060519 09:39:38;/conference/registration/index.php;validate:required:Small
janicenichonail;20060519 09:39:39;/conference/registration/index.php;user modified (ldap): Janice O'Connell (janice.oconnell@ul.ie) [657]
wytzekoopal;20060519 09:43:32;/accounts/login.php;user logged in (ldap):130.89.36.180:https://sakaiproject.org/accounts/login.php?ref=/conference/registration/index.php&msg=You+must+login+to+register+or+submit+a+proposal+for+the+Sakai+Vancouver+conference.+If+you+do+not+have+an+account%2C+please+create+one.
shardin;20060519 09:49:47;/accounts/login.php;user logged in (ldap):141.213.120.68:https://sakaiproject.org/accounts/login.php?ref=/conference/admin/index.php
ratana@ic.ucsb.edu;20060519 11:23:24;/accounts/login.php;user logged in (ldap):66.214.44.213:https://www.sakaiproject.org/accounts/login.php
wendemm;20060519 11:51:43;/accounts/login.php;user logged in (ldap):131.252.169.220:https://sakaiproject.org/accounts/login.php?ref=/conference/proposals/index.php&msg=You+must+login+to+register+or+submit+a+proposal+for+the+Sakai+Vancouver+conference.+If+you+do+not+have+an+account%2C+please+create+one.
ajax;20060519 11:56:13;/conference/admin/edit_proposal.php;validate:required:Hearts, Minds, and Purse Strings
ajax;20060519 11:56:13;/conference/admin/edit_proposal.php;validate:required: Hearts, Minds, and Purse Strings
ajax;20060519 11:56:13;/conference/admin/edit_proposal.php;validate:required:The best thing about community-source development projects, even more impressive than the software they produce, is the opportunity they provide to participate in the development community.  Thus, to use Sakai is to join the world's most exciting, progressive community of researchers pioneering new e-learning strategies, new pedagogical models, new forms of collective and distributed learning, new ways to inspire student minds.

But therein lies a challenge.  A compelling argument can be made that, in order to gain major university-wide allegiance, we are going to have to convince large numbers of instructors that they will *not* have to join the Sakai development community, will *not* have to think about e-learning, LMSes, or portfolios, will *not* have to embrace these or any other new and wonderful ideas.  To open up the purse strings (or anyway so this argument goes), we have to convince large numbers of people that Sakai can be made so transparent that they will not have to think about it at all.

So should our strategy be to excite people about Sakai?  Or should we instead strive to make Sakai invisible?  Or is there a third way?
ajax;20060519 11:56:13;/conference/admin/edit_proposal.php;validate:required:Brian Cantwell Smith
ajax;20060519 11:56:13;/conference/admin/edit_proposal.php;validate:required: Brian received his B.S. (1974), M.S. (1978) and Ph.D. (1982) from The Massachusetts Institute of Technology. Following his education, he held senior administrative and research positions at the Xerox Palo Alto Research Centre in California where he was responsible for creating and managing two research areas, among other duties. His academic career began when he joined Stanford University as the founder and principal investigator for the Centre for the Study of Language and Information and was an associate professor in the philosophy and computer science departments. At the University of Indiana at Bloomington, he was professor of cognitive science and computer science and professor of informatics and a fellow of the Center for Social Informatics in the School of Library and Information Sciences.

Prior to joining FIS, Brian was at Duke University as the Kimberly J. Jenkins University Professor of Philosophy and New Technologies, director of the Centre for Reflection on Science and Technology and professor of philosophy and computer science.

Brian is the author of more than 35 articles and three books, including a seven-volume series entitled The Age of Significance: An Essay on the Origins of Computation and Intentionality, which has been accepted for publication by MIT Press.
ajax;20060519 11:56:13;/conference/admin/edit_proposal.php;validate:required:lecture
ajax;20060519 11:56:13;/conference/admin/edit_proposal.php;validate:required:theater
ajax;20060519 11:56:13;/conference/admin/edit_proposal.php;validate:required:90
ajax;20060519 11:57:48;/conference/admin/edit_proposal.php;validate:required:OSP
ajax;20060519 11:57:48;/conference/admin/edit_proposal.php;validate:required:OSP overview and demonstration. 
ajax;20060519 11:57:48;/conference/admin/edit_proposal.php;validate:required:OSP overview and demonstration. 
ajax;20060519 11:57:48;/conference/admin/edit_proposal.php;validate:required:Chris Coppola
ajax;20060519 11:57:48;/conference/admin/edit_proposal.php;validate:required: Chris is an innovative leader responsible for rSmart's open source community strategy. Chris is a resolute entrepreneur with a decade of technology management experience focused on the fuzzy front-end of new product development. He leads the rSmart team as they engage and support open source projects that offer great potential for global education. Chris currently serves on the board of the Open Source Portfolio (OSP) and the Kuali Project which were co-founded by rSmart along with leading colleges and universities. Prior to co-founding The rSmart Group, Chris received his degree in Industrial Technology from Arizona State University and became an accomplished author of programming and multimedia books. In the early '90s his entrepreneurial spirit led to the creation of an e-learning software company with partner Anthony Potts. In 1997 they merged with John Robinson's latest education company. Following the sale of the combined companies, Chris led new product development at SCT as a senior director for new product development. Chris writes and speaks internationally about open source and education.
ajax;20060519 11:57:48;/conference/admin/edit_proposal.php;validate:required:lecture
ajax;20060519 11:57:48;/conference/admin/edit_proposal.php;validate:required:theater
ajax;20060519 11:57:48;/conference/admin/edit_proposal.php;validate:required:90
ajax;20060519 11:58:51;/conference/admin/edit_proposal.php;validate:required:Gradebook
ajax;20060519 11:58:51;/conference/admin/edit_proposal.php;validate:required:Gradebook overview and demonstration. 
ajax;20060519 11:58:51;/conference/admin/edit_proposal.php;validate:required:Gradebook overview and demonstration. 
ajax;20060519 11:58:51;/conference/admin/edit_proposal.php;validate:required:Oliver Heyer
ajax;20060519 11:58:51;/conference/admin/edit_proposal.php;validate:required:Oliver Heyer
ajax;20060519 11:58:51;/conference/admin/edit_proposal.php;validate:required:lecture
ajax;20060519 11:58:51;/conference/admin/edit_proposal.php;validate:required:theater
ajax;20060519 11:58:51;/conference/admin/edit_proposal.php;validate:required:90
ajax;20060519 12:49:14;/accounts/ajax/validate.php;validate:uniqueuserp:barnaby
ajax;20060519 12:49:14;/accounts/ajax/validate.php;return=ok|username|
ajax;20060519 12:49:33;/accounts/ajax/validate.php;validate:email:barnaby.gibson@ithaka.org
ajax;20060519 12:49:33;/accounts/ajax/validate.php;validate:uniqueuserp:barnaby.gibson@ithaka.org
ajax;20060519 12:49:33;/accounts/ajax/validate.php;return=ok|email|
ajax;20060519 12:50:21;/accounts/ajax/validate.php;validate:namespaces:New York
ajax;20060519 12:50:21;/accounts/ajax/validate.php;return=ok|city|
ajax;20060519 12:50:24;/accounts/ajax/validate.php;validate:namespaces:NY
ajax;20060519 12:50:24;/accounts/ajax/validate.php;return=ok|state|
ajax;20060519 12:50:25;/accounts/ajax/validate.php;validate:zipcode:10021
ajax;20060519 12:50:25;/accounts/ajax/validate.php;return=ok|zipcode|
ajax;20060519 12:50:27;/accounts/ajax/validate.php;validate:namespaces:US
ajax;20060519 12:50:27;/accounts/ajax/validate.php;return=ok|country|
ajax;20060519 12:50:30;/accounts/ajax/validate.php;validate:phone:212-500-2342
ajax;20060519 12:50:30;/accounts/ajax/validate.php;return=ok|phone|
ajax;20060519 12:50:36;/accounts/ajax/validate.php;validate:phone:212-500-2366
ajax;20060519 12:50:36;/accounts/ajax/validate.php;return=ok|fax|
ajax;20060519 12:50:36;/accounts/createaccount.php;validate:required:barnaby
ajax;20060519 12:50:36;/accounts/createaccount.php;validate:nospaces:barnaby
ajax;20060519 12:50:36;/accounts/createaccount.php;validate:uniqueuserp:barnaby
ajax;20060519 12:50:37;/accounts/createaccount.php;validate:required:Broodthaers
ajax;20060519 12:50:37;/accounts/createaccount.php;validate:password:Broodthaers
ajax;20060519 12:50:37;/accounts/createaccount.php;validate:required:Broodthaers
ajax;20060519 12:50:37;/accounts/createaccount.php;validate:password:Broodthaers
ajax;20060519 12:50:37;/accounts/createaccount.php;validate:match:Broodthaers
ajax;20060519 12:50:37;/accounts/createaccount.php;validate:required:D. Barnaby
ajax;20060519 12:50:37;/accounts/createaccount.php;validate:required:Gibson
ajax;20060519 12:50:37;/accounts/createaccount.php;validate:required:barnaby.gibson@ithaka.org
ajax;20060519 12:50:37;/accounts/createaccount.php;validate:email:barnaby.gibson@ithaka.org
ajax;20060519 12:50:37;/accounts/createaccount.php;validate:uniqueuserp:barnaby.gibson@ithaka.org
ajax;20060519 12:50:37;/accounts/createaccount.php;validate:required:Developer/Programmer
ajax;20060519 12:50:37;/accounts/createaccount.php;validate:required:Ithaka Harbors, Inc.
ajax;20060519 12:50:37;/accounts/createaccount.php;validate::151 East 61st Street

ajax;20060519 12:50:37;/accounts/createaccount.php;validate:namespaces:New York
ajax;20060519 12:50:37;/accounts/createaccount.php;validate:namespaces:NY
ajax;20060519 12:50:37;/accounts/createaccount.php;validate:zipcode:10021
ajax;20060519 12:50:37;/accounts/createaccount.php;validate:namespaces:US
ajax;20060519 12:50:37;/accounts/createaccount.php;validate:phone:212-500-2342
ajax;20060519 12:50:37;/accounts/createaccount.php;validate:phone:212-500-2366
barnaby;20060519 12:50:37;/accounts/createaccount.php;user added (ldap): D. Barnaby Gibson (barnaby.gibson@ithaka.org) [660]
209.10.131.254;20060519 12:50:37;/accounts/createaccount.php;created account: barnaby (barnaby.gibson@ithaka.org) Gibson,D. Barnaby: inst=1
kantnetm;20060519 12:50:49;/accounts/login.php;user logged in (ldap):192.63.168.184:https://sakaiproject.org/accounts/login.php?ref=/conference/registration/index.php&msg=You+must+login+to+register+or+submit+a+proposal+for+the+Sakai+Vancouver+conference.+If+you+do+not+have+an+account%2C+please+create+one.
barnaby;20060519 12:50:52;/accounts/activate.php;user modified (ldap): D. Barnaby Gibson (barnaby.gibson@ithaka.org) [660]
barnaby;20060519 12:51:01;/accounts/login.php;user logged in (ldap):209.10.131.254:https://sakaiproject.org/accounts/login.php
ajax;20060519 12:51:05;/accounts/ajax/validate.php;validate:namespaces:NY
ajax;20060519 12:51:05;/accounts/ajax/validate.php;validate:zipcode:10021
ajax;20060519 12:51:05;/accounts/ajax/validate.php;return=ok|state|
ajax;20060519 12:51:05;/accounts/ajax/validate.php;return=ok|zipcode|
ajax;20060519 12:51:05;/accounts/ajax/validate.php;validate:namespaces:US
ajax;20060519 12:51:05;/accounts/ajax/validate.php;validate:phone:212-500-2342
ajax;20060519 12:51:05;/accounts/ajax/validate.php;return=ok|country|
ajax;20060519 12:51:05;/accounts/ajax/validate.php;return=ok|phone|
ajax;20060519 12:51:05;/accounts/ajax/validate.php;validate:phone:212-500-2366
ajax;20060519 12:51:05;/accounts/ajax/validate.php;return=ok|fax|
shardin;20060519 13:18:11;/accounts/login.php;user logged in (ldap):141.213.120.68:https://sakaiproject.org/accounts/login.php?ref=/conference/admin/proposals_results.php
ajax;20060519 13:20:23;/conference/admin/edit_proposal.php;validate:required:Technical Overview of Sakai
ajax;20060519 13:20:23;/conference/admin/edit_proposal.php;validate:required:.
ajax;20060519 13:20:23;/conference/admin/edit_proposal.php;validate:required:.
ajax;20060519 13:20:23;/conference/admin/edit_proposal.php;validate:required:Chuck Severance
ajax;20060519 13:20:23;/conference/admin/edit_proposal.php;validate:required:.
ajax;20060519 13:20:23;/conference/admin/edit_proposal.php;validate:required:lecture
ajax;20060519 13:20:23;/conference/admin/edit_proposal.php;validate:required:theater
ajax;20060519 13:20:23;/conference/admin/edit_proposal.php;validate:required:90
ajax;20060519 13:22:19;/conference/admin/edit_proposal.php;validate:required:Hearts, Minds, and Purse Strings
ajax;20060519 13:22:19;/conference/admin/edit_proposal.php;validate:required:The best thing about community-source development projects, even more impressive than the software they produce, is the opportunity they provide to participate in the development community.  Thus, to use Sakai is to join the world's most exciting, progressive community of researchers pioneering new e-learning strategies, new pedagogical models, new forms of collective and distributed learning, new ways to inspire student minds.

But therein lies a challenge.  A compelling argument can be made that, in order to gain major university-wide allegiance, we are going to have to convince large numbers of instructors that they will *not* have to join the Sakai development community, will *not* have to think about e-learning, LMSes, or portfolios, will *not* have to embrace these or any other new and wonderful ideas.  To open up the purse strings (or anyway so this argument goes), we have to convince large numbers of people that Sakai can be made so transparent that they will not have to think about it at all.

So should our strategy be to excite people about Sakai?  Or should we instead strive to make Sakai invisible?  Or is there a third way?
ajax;20060519 13:22:19;/conference/admin/edit_proposal.php;validate:required:.
ajax;20060519 13:22:19;/conference/admin/edit_proposal.php;validate:required:Brian Cantwell Smith
ajax;20060519 13:22:19;/conference/admin/edit_proposal.php;validate:required: Brian received his B.S. (1974), M.S. (1978) and Ph.D. (1982) from The Massachusetts Institute of Technology. Following his education, he held senior administrative and research positions at the Xerox Palo Alto Research Centre in California where he was responsible for creating and managing two research areas, among other duties. His academic career began when he joined Stanford University as the founder and principal investigator for the Centre for the Study of Language and Information and was an associate professor in the philosophy and computer science departments. At the University of Indiana at Bloomington, he was professor of cognitive science and computer science and professor of informatics and a fellow of the Center for Social Informatics in the School of Library and Information Sciences.

Prior to joining FIS, Brian was at Duke University as the Kimberly J. Jenkins University Professor of Philosophy and New Technologies, director of the Centre for Reflection on Science and Technology and professor of philosophy and computer science.

Brian is the author of more than 35 articles and three books, including a seven-volume series entitled The Age of Significance: An Essay on the Origins of Computation and Intentionality, which has been accepted for publication by MIT Press.
ajax;20060519 13:22:19;/conference/admin/edit_proposal.php;validate:required:lecture
ajax;20060519 13:22:19;/conference/admin/edit_proposal.php;validate:required:theater
ajax;20060519 13:22:19;/conference/admin/edit_proposal.php;validate:required:90
ajax;20060519 13:23:01;/conference/admin/edit_proposal.php;validate:required:Using Portfolios for Program Assessment
ajax;20060519 13:23:01;/conference/admin/edit_proposal.php;validate:required:.
ajax;20060519 13:23:01;/conference/admin/edit_proposal.php;validate:required:.
ajax;20060519 13:23:01;/conference/admin/edit_proposal.php;validate:required:Patton, Reynolds, Morgaine
ajax;20060519 13:23:01;/conference/admin/edit_proposal.php;validate:required:.
ajax;20060519 13:23:01;/conference/admin/edit_proposal.php;validate:required:lecture
ajax;20060519 13:23:01;/conference/admin/edit_proposal.php;validate:required:theater
ajax;20060519 13:23:01;/conference/admin/edit_proposal.php;validate:required:90
ajax;20060519 13:26:29;/conference/admin/edit_proposal.php;validate:required:IMS
ajax;20060519 13:26:29;/conference/admin/edit_proposal.php;validate:required:Open source software is making its way into higher education in
various ways and from various sources.  It's time to quantify the
adoption and attitudes of open source decision makers as well as to
understand what are the incentives and roadblocks to open source.
This session will discuss the recently published and ongoing research
conducted by the Alliance for Higher Education Competitiveness (A-
HEC) in conjunction with the IMS Global Learning Consortium that
surveyed more than 200 U.S. higher education CIOs and decision
makers.  The study has quantified adoption rates of all types of open
source initiatives, infrastructure (such as Linux) and application
(such as Moodle or Sakai) as well as attitudes regarding total cost
of ownership, ability to implement, and future expectations.  We also
will have an open discussion on how IMS can help development of the
industry and gather input on how IMS and SAKAI Community can work
together to achieve the best return on industry investment across
open source and non-open source products
ajax;20060519 13:26:29;/conference/admin/edit_proposal.php;validate:required:.
ajax;20060519 13:26:29;/conference/admin/edit_proposal.php;validate:required:Rob Abel
ajax;20060519 13:26:29;/conference/admin/edit_proposal.php;validate:required:.
ajax;20060519 13:26:29;/conference/admin/edit_proposal.php;validate:required:lecture
ajax;20060519 13:26:29;/conference/admin/edit_proposal.php;validate:required:theater
ajax;20060519 13:26:29;/conference/admin/edit_proposal.php;validate:required:90
ajax;20060519 13:28:17;/conference/admin/edit_proposal.php;validate:required:Q&A with the Sakai Board
ajax;20060519 13:28:17;/conference/admin/edit_proposal.php;validate:required:Question and Answer open session with the Sakai Board.
ajax;20060519 13:28:17;/conference/admin/edit_proposal.php;validate:required: 
ajax;20060519 13:28:17;/conference/admin/edit_proposal.php;validate:required:Sakai Board
ajax;20060519 13:28:17;/conference/admin/edit_proposal.php;validate:required: 
ajax;20060519 13:28:17;/conference/admin/edit_proposal.php;validate:required:lecture
ajax;20060519 13:28:17;/conference/admin/edit_proposal.php;validate:required:class
ajax;20060519 13:28:17;/conference/admin/edit_proposal.php;validate:required:90
ajax;20060519 13:47:48;/conference/admin/edit_proposal.php;validate:required:Using Portfolios for Program Assessment
ajax;20060519 13:47:48;/conference/admin/edit_proposal.php;validate:required:Portland State University uses electronic portfolios at the first-year student and
institutional levels. The student portfolios are sampled and reviewed as
program evaluation for general education. The assessment data is
reported out in the electronic institutional portfolio. Portland State was the
first institution within the region of the Northwest Accreditation
Association to use the institutional portfolio as its self-study. In
this session, we will show the portfolios and discuss the benefits,
needs and issues of implementing portfoliosas program assessment with students and faculty.

ajax;20060519 13:47:48;/conference/admin/edit_proposal.php;validate:required:.
ajax;20060519 13:47:48;/conference/admin/edit_proposal.php;validate:required:Patton, Reynolds, Morgaine
ajax;20060519 13:47:48;/conference/admin/edit_proposal.php;validate:required:Judy Patton is director of University Studies at Portland State University.  Before that, she was a PSU dance faculty member for 18 years, serving two years as department chair.  Shes taught a variety of classes in the University Studies program.  Judy is a national fellow with the National Learning Communities Project housed at The Washington Center for Improving the Quality of Undergraduate Education.  Judy was a member of the Kellogg Forum on Higher Education Transformation, and was the project director for Quality Assurance Collaborative (with Alverno, Babson, Eastern New Mexico, Mount St. Marys, and Rensselaer Tech as participating institutions).  She continues service as project director for the Restructuring for Urban Student Success (RUSS) Project with PSU, Temple, and IUPUI.  Her areas of interest include general education, higher education reform, student learning, learning communities, community-based learning, and assessment. 

As director of the University Studies mentor programs, Candyce Reynolds proclaims that she has THE best job at Portland State. She enjoys helping mentors develop teaching and discussion skills and indirectly facilitating the intellectual growth of PSU's first and second year students. Dr. Reynolds' scholarly interest focuses on reflective practice in students and in mentors, especially through the use of electronic portfolios.
ajax;20060519 13:47:48;/conference/admin/edit_proposal.php;validate:required:lecture
ajax;20060519 13:47:48;/conference/admin/edit_proposal.php;validate:required:theater
ajax;20060519 13:47:48;/conference/admin/edit_proposal.php;validate:required:90
ajax;20060519 13:58:12;/accounts/ajax/validate.php;validate:uniqueuserp:rami_ghorab
ajax;20060519 13:58:12;/accounts/ajax/validate.php;return=ok|username|
ajax;20060519 13:59:36;/accounts/ajax/validate.php;validate:email:moghorab@iti.net.eg
ajax;20060519 13:59:36;/accounts/ajax/validate.php;validate:uniqueuserp:moghorab@iti.net.eg
ajax;20060519 13:59:36;/accounts/ajax/validate.php;return=ok|email|
ajax;20060519 14:05:35;/accounts/ajax/validate.php;validate:namespaces:Cairo
ajax;20060519 14:05:35;/accounts/ajax/validate.php;return=ok|city|
ajax;20060519 14:06:01;/accounts/ajax/validate.php;validate:zipcode:12111
ajax;20060519 14:06:01;/accounts/ajax/validate.php;return=ok|zipcode|
ajax;20060519 14:06:05;/accounts/ajax/validate.php;validate:namespaces:EG
ajax;20060519 14:06:05;/accounts/ajax/validate.php;return=ok|country|
ajax;20060519 14:06:20;/accounts/ajax/validate.php;validate:phone:2023868420
ajax;20060519 14:06:20;/accounts/ajax/validate.php;return=ok|phone|
ajax;20060519 14:06:26;/accounts/ajax/validate.php;validate:phone:2023868429
ajax;20060519 14:06:26;/accounts/ajax/validate.php;return=ok|fax|
ajax;20060519 14:06:36;/accounts/createaccount.php;validate:required:rami_ghorab
ajax;20060519 14:06:36;/accounts/createaccount.php;validate:nospaces:rami_ghorab
ajax;20060519 14:06:36;/accounts/createaccount.php;validate:uniqueuserp:rami_ghorab
ajax;20060519 14:06:36;/accounts/createaccount.php;validate:required:sun2006
ajax;20060519 14:06:36;/accounts/createaccount.php;validate:password:sun2006
ajax;20060519 14:06:36;/accounts/createaccount.php;validate:required:sun2006
ajax;20060519 14:06:36;/accounts/createaccount.php;validate:password:sun2006
ajax;20060519 14:06:36;/accounts/createaccount.php;validate:match:sun2006
ajax;20060519 14:06:36;/accounts/createaccount.php;validate:required:"Mohammed Rami"
ajax;20060519 14:06:36;/accounts/createaccount.php;validate:required:Ghorab
ajax;20060519 14:06:36;/accounts/createaccount.php;validate:required:moghorab@iti.net.eg
ajax;20060519 14:06:36;/accounts/createaccount.php;validate:email:moghorab@iti.net.eg
ajax;20060519 14:06:36;/accounts/createaccount.php;validate:uniqueuserp:moghorab@iti.net.eg
ajax;20060519 14:06:36;/accounts/createaccount.php;validate:required:Developer/Programmer
ajax;20060519 14:06:36;/accounts/createaccount.php;validate::Instructional Technologist
ajax;20060519 14:06:36;/accounts/createaccount.php;validate:required:Information Technology Institute (ITI)
ajax;20060519 14:06:36;/accounts/createaccount.php;validate::241 ElHaram street, Haram, Giza, Egypt
ajax;20060519 14:06:37;/accounts/createaccount.php;validate:namespaces:Cairo
ajax;20060519 14:06:37;/accounts/createaccount.php;validate:zipcode:12111
ajax;20060519 14:06:37;/accounts/createaccount.php;validate:namespaces:EG
ajax;20060519 14:06:37;/accounts/createaccount.php;validate:phone:2023868420
ajax;20060519 14:06:37;/accounts/createaccount.php;validate:phone:2023868429
rami_ghorab;20060519 14:06:37;/accounts/createaccount.php;user added (ldap): "Mohammed Rami" Ghorab (moghorab@iti.net.eg) [661]
81.4.24.92;20060519 14:06:37;/accounts/createaccount.php;created account: rami_ghorab (moghorab@iti.net.eg) Ghorab,"Mohammed Rami": inst=1
ajax;20060519 14:26:42;/conference/admin/edit_proposal.php;validate:required:Using CANS to Deliver Notifications and Visualize User Activity in Sakai
ajax;20060519 14:26:42;/conference/admin/edit_proposal.php;validate:required:The Context-Aware Activity Notification System (CANS) is a notification system designed around the importance of the user's current social context, actions, and notification preferences. This session explains how you can use CANS to collect and present activity information to users both inside and outside of Sakai and presents work in progress on how data collected by the CANS system can be used to analyze and visualize both instructor and student activities that occur in Sakai course and project sites.
ajax;20060519 14:26:42;/conference/admin/edit_proposal.php;validate:required:CANS is a context aware notification system for Sakai that is designed around the importance of a users social context and personal notification preferences. CANS was built with a focus on why, when, and where users receive awareness information and how that information can be used to derive meaning from the activity occurring in Sakai courses and project sites.

Since January 2006 we have been testing CANS in eight Sakai hosted courses at University of Missouri.  This session presents work in progress on how data collected by the CANS system can be used to analyze and visualize both instructor and student activities that occur in Sakai course and project sites.

The presentation also describes an evolving methodology that supports both research and development activities in Sakai created by combining tools and techniques from the CANS system, information visualization, data mining, and statistical analysis. 

ajax;20060519 14:26:42;/conference/admin/edit_proposal.php;validate:required:Paul Turner, Chris Amelung
ajax;20060519 14:26:42;/conference/admin/edit_proposal.php;validate:required:Paul Turner is a doctoral student in network learning systems in the School of Information and Learning Technologies at the University of Missouri-Columbia.  Paul also teaches online courses in Digital Media using Sakai.
Dr. Chris Amelung received his Ph.D. in Information Science and Learning Technologies from the University of Missouri-Columbia in 2005. He also earned a M.Ed. in Educational Technology from the University of Missouri. Dr. Amelung's research interests include building new knowledge to support sociality and interaction in online learning environments through the research and development of context-aware activity notification systems. He is also interested in developing new software and support systems for students in online courses. His teaching interests range from basic digital media to advanced web application development.

Dr. Amelung's current activities include teaching the advanced web application development courses in SISLT, researching a new collaborative learning environment called Sakai, and supporting various development projects throughout the department.
ajax;20060519 14:26:42;/conference/admin/edit_proposal.php;validate:required:lecture
ajax;20060519 14:26:42;/conference/admin/edit_proposal.php;validate:required:theater
ajax;20060519 14:26:42;/conference/admin/edit_proposal.php;validate:required:90
ajax;20060519 14:32:42;/conference/admin/edit_proposal.php;validate:required:Technical Overview of Sakai
ajax;20060519 14:32:42;/conference/admin/edit_proposal.php;validate:required:This presentation provides an overview of the Sakai Architecture for developing tools, provides an overview of how Sakai is designed to assemble tools and components together to build a production system. This presentation also includes discussion of release management and software development approach. 
ajax;20060519 14:32:42;/conference/admin/edit_proposal.php;validate:required:.
ajax;20060519 14:32:42;/conference/admin/edit_proposal.php;validate:required:Chuck Severance
ajax;20060519 14:32:42;/conference/admin/edit_proposal.php;validate:required:.
ajax;20060519 14:32:42;/conference/admin/edit_proposal.php;validate:required:lecture
ajax;20060519 14:32:42;/conference/admin/edit_proposal.php;validate:required:theater
ajax;20060519 14:32:42;/conference/admin/edit_proposal.php;validate:required:90
kreister;20060519 14:33:01;/accounts/login.php;user logged in (ldap):141.213.32.93:https://sakaiproject.org/accounts/login.php?ref=/conference/admin/attendees.php
rami_ghorab;20060519 15:05:03;/accounts/activate.php;user modified (ldap): "Mohammed Rami" Ghorab (moghorab@iti.net.eg) [661]
rami_ghorab;20060519 15:05:19;/accounts/login.php;user logged in (ldap):81.4.24.92:https://sakaiproject.org/accounts/login.php
ajax;20060519 15:06:21;/accounts/ajax/validate.php;validate:zipcode:12111
ajax;20060519 15:06:21;/accounts/ajax/validate.php;return=ok|zipcode|
ajax;20060519 15:06:21;/accounts/ajax/validate.php;validate:namespaces:EG
ajax;20060519 15:06:21;/accounts/ajax/validate.php;return=ok|country|
ajax;20060519 15:06:21;/accounts/ajax/validate.php;validate:phone:2023868420
ajax;20060519 15:06:21;/accounts/ajax/validate.php;return=ok|phone|
ajax;20060519 15:06:24;/accounts/ajax/validate.php;validate:phone:2023868429
ajax;20060519 15:06:24;/accounts/ajax/validate.php;return=ok|fax|
ajax;20060519 15:07:29;/accounts/ajax/validate.php;validate:namespaces:Cairo
ajax;20060519 15:07:29;/accounts/ajax/validate.php;return=ok|city|
ajax;20060519 15:07:32;/accounts/ajax/validate.php;validate:email:moghorab@iti.net.eg
ajax;20060519 15:07:32;/accounts/ajax/validate.php;validate:uniquesql:moghorab@iti.net.eg
ajax;20060519 15:07:32;/accounts/ajax/validate.php;return=ok|email|
rethridge;20060519 15:11:10;/accounts/login.php;user logged in (ldap):130.39.199.114:https://sakaiproject.org/accounts/login.php?ref=/conference/registration/index.php&msg=You+must+login+to+register+or+submit+a+proposal+for+the+Sakai+Vancouver+conference.+If+you+do+not+have+an+account%2C+please+create+one.
kantnetm;20060519 15:34:45;/accounts/login.php;user logged in (ldap):192.63.168.165:https://sakaiproject.org/accounts/login.php
kantnetm;20060519 15:36:25;/accounts/login.php;user logged in (ldap):192.63.168.165:https://sakaiproject.org/accounts/login.php?ref=/conference/registration/index.php&msg=You+must+login+to+register+or+submit+a+proposal+for+the+Sakai+Vancouver+conference.+If+you+do+not+have+an+account%2C+please+create+one.
jlannan@iupui.edu;20060519 15:39:32;/accounts/login.php;user logged in (ldap):149.166.143.180:https://sakaiproject.org/accounts/login.php?ref=/conference/registration/index.php&msg=You+must+login+to+register+or+submit+a+proposal+for+the+Sakai+Vancouver+conference.+If+you+do+not+have+an+account%2C+please+create+one.
jholtzman@berkeley.edu;20060519 15:39:50;/accounts/login.php;user logged in (internal):169.229.212.69:https://sakaiproject.org/accounts/login.php?ref=/facebook/add_entry.php
jholtzman@berkeley.edu;20060519 15:39:50;/accounts/login.php;user modified (ldap): Josh Holtzman (jholtzman@berkeley.edu) [98]
ajax;20060519 15:42:47;/facebook/add_entry.php;validate:required:1
wogahnct;20060519 15:44:18;/accounts/login.php;user logged in (internal):130.132.59.149:https://sakaiproject.org/accounts/login.php?ref=/facebook/add_entry.php
wogahnct;20060519 15:44:18;/accounts/login.php;user modified (ldap): Cheryl Wogahn (cheryl.wogahn@yale.edu) [257]
ajax;20060519 15:45:20;/accounts/ajax/validate.php;validate:email:khchung@purdue.edu
ajax;20060519 15:45:20;/accounts/ajax/validate.php;validate:uniquesql:khchung@purdue.edu
ajax;20060519 15:45:20;/accounts/ajax/validate.php;validate:namespaces:West Lafayette
ajax;20060519 15:45:20;/accounts/ajax/validate.php;return=ok|email|
ajax;20060519 15:45:20;/accounts/ajax/validate.php;return=ok|city|
ajax;20060519 15:45:20;/accounts/ajax/validate.php;validate:namespaces:IN
ajax;20060519 15:45:20;/accounts/ajax/validate.php;validate:zipcode:47907
ajax;20060519 15:45:20;/accounts/ajax/validate.php;return=ok|state|
ajax;20060519 15:45:20;/accounts/ajax/validate.php;return=ok|zipcode|
ajax;20060519 15:45:20;/accounts/ajax/validate.php;validate:namespaces:US
ajax;20060519 15:45:20;/accounts/ajax/validate.php;validate:phone:765-418-4469
ajax;20060519 15:45:20;/accounts/ajax/validate.php;return=ok|country|
ajax;20060519 15:45:20;/accounts/ajax/validate.php;return=ok|phone|
ajax;20060519 15:52:26;/accounts/ajax/validate.php;validate:uniqueuserp:joningle
ajax;20060519 15:52:26;/accounts/ajax/validate.php;return=ok|username|
ajax;20060519 15:52:53;/accounts/ajax/validate.php;validate:namespaces:TX
ajax;20060519 15:52:53;/accounts/ajax/validate.php;return=ok|state|
ajax;20060519 15:52:53;/accounts/ajax/validate.php;validate:namespaces:US
ajax;20060519 15:52:53;/accounts/ajax/validate.php;return=ok|country|
ajax;20060519 15:52:55;/accounts/ajax/validate.php;validate:email:joningle@unt.edu
ajax;20060519 15:52:55;/accounts/ajax/validate.php;validate:uniqueuserp:joningle@unt.edu
ajax;20060519 15:52:55;/accounts/ajax/validate.php;return=ok|email|
ajax;20060519 15:53:30;/accounts/createaccount.php;validate:required:joningle
ajax;20060519 15:53:30;/accounts/createaccount.php;validate:nospaces:joningle
ajax;20060519 15:53:30;/accounts/createaccount.php;validate:uniqueuserp:joningle
ajax;20060519 15:53:30;/accounts/createaccount.php;validate:required:h1pp0_sakai
ajax;20060519 15:53:30;/accounts/createaccount.php;validate:password:h1pp0_sakai
ajax;20060519 15:53:30;/accounts/createaccount.php;validate:required:h1pp0_sakai
ajax;20060519 15:53:30;/accounts/createaccount.php;validate:password:h1pp0_sakai
ajax;20060519 15:53:30;/accounts/createaccount.php;validate:match:h1pp0_sakai
ajax;20060519 15:53:30;/accounts/createaccount.php;validate:required:Jon
ajax;20060519 15:53:30;/accounts/createaccount.php;validate:required:Ingle
ajax;20060519 15:53:30;/accounts/createaccount.php;validate:required:joningle@unt.edu
ajax;20060519 15:53:30;/accounts/createaccount.php;validate:email:joningle@unt.edu
ajax;20060519 15:53:30;/accounts/createaccount.php;validate:uniqueuserp:joningle@unt.edu
ajax;20060519 15:53:30;/accounts/createaccount.php;validate:required:Developer/Programmer
ajax;20060519 15:53:30;/accounts/createaccount.php;validate::System Administrator
ajax;20060519 15:53:30;/accounts/createaccount.php;validate:required:80
ajax;20060519 15:53:30;/accounts/createaccount.php;validate:namespaces:Denton
ajax;20060519 15:53:30;/accounts/createaccount.php;validate:namespaces:TX
ajax;20060519 15:53:30;/accounts/createaccount.php;validate:zipcode:76209
ajax;20060519 15:53:30;/accounts/createaccount.php;validate:namespaces:US
ajax;20060519 15:53:30;/accounts/createaccount.php;validate:phone:(940) 395-6566
joningle;20060519 15:53:31;/accounts/createaccount.php;user added (ldap): Jon Ingle (joningle@unt.edu) [662]
129.120.191.18;20060519 15:53:31;/accounts/createaccount.php;created account: joningle (joningle@unt.edu) Ingle,Jon: inst=80
joningle;20060519 15:55:12;/accounts/activate.php;user modified (ldap): Jon Ingle (joningle@unt.edu) [662]
joningle;20060519 15:55:30;/accounts/login.php;user logged in (ldap):129.120.191.18:https://sakaiproject.org/accounts/login.php
rbarker;20060519 16:00:51;/accounts/login.php;user logged in (ldap):67.132.153.34:https://sakaiproject.org/accounts/login.php
rbarker;20060519 16:00:52;/accounts/login.php;user logged in (ldap):67.132.153.34:https://sakaiproject.org/accounts/login.php
ajax;20060519 16:03:40;/accounts/ajax/validate.php;validate:namespaces:Egypt
ajax;20060519 16:03:40;/accounts/ajax/validate.php;return=ok|stateOther|
ajax;20060519 16:03:48;/conference/registration/index.php;validate:required:Developer/Programmer
ajax;20060519 16:03:48;/conference/registration/index.php;validate::Instructional Technologist
ajax;20060519 16:03:48;/conference/registration/index.php;validate:required:Information Technology Institute (ITI)
ajax;20060519 16:03:48;/conference/registration/index.php;validate:required:Cairo
ajax;20060519 16:03:48;/conference/registration/index.php;validate:required:Egypt
ajax;20060519 16:03:48;/conference/registration/index.php;validate:namespaces:Egypt
ajax;20060519 16:03:48;/conference/registration/index.php;validate:zipcode:12111
ajax;20060519 16:03:48;/conference/registration/index.php;validate:required:EG
ajax;20060519 16:03:48;/conference/registration/index.php;validate:namespaces:EG
ajax;20060519 16:03:48;/conference/registration/index.php;validate:required:2023868420
ajax;20060519 16:03:48;/conference/registration/index.php;validate:phone:2023868420
ajax;20060519 16:03:48;/conference/registration/index.php;validate:phone:2023868429
ajax;20060519 16:03:48;/conference/registration/index.php;validate:required:N
ajax;20060519 16:03:48;/conference/registration/index.php;validate:required:Y
ajax;20060519 16:03:48;/conference/registration/index.php;validate:required:Medium
rami_ghorab;20060519 16:03:48;/conference/registration/index.php;user modified (ldap): "Mohammed Rami" Ghorab (moghorab@iti.net.eg) [661]
ajax;20060519 16:05:54;/facebook/add_entry.php;validate:required:1
ajax;20060519 16:06:06;/facebook/add_entry.php;validate:required:1
ajax;20060519 16:06:58;/accounts/ajax/validate.php;validate:uniqueuserp:johnpj
ajax;20060519 16:06:58;/accounts/ajax/validate.php;return=ok|username|
ajax;20060519 16:07:19;/accounts/ajax/validate.php;validate:email:johnpj@umich.edu
ajax;20060519 16:07:19;/accounts/ajax/validate.php;validate:uniqueuserp:johnpj@umich.edu
ajax;20060519 16:07:19;/accounts/ajax/validate.php;return=ok|email|
ajax;20060519 16:07:47;/accounts/createaccount.php;validate:required:johnpj
ajax;20060519 16:07:47;/accounts/createaccount.php;validate:nospaces:johnpj
ajax;20060519 16:07:47;/accounts/createaccount.php;validate:uniqueuserp:johnpj
ajax;20060519 16:07:47;/accounts/createaccount.php;validate:required:lyric88
ajax;20060519 16:07:47;/accounts/createaccount.php;validate:password:lyric88
ajax;20060519 16:07:47;/accounts/createaccount.php;validate:required:lyric88
ajax;20060519 16:07:47;/accounts/createaccount.php;validate:password:lyric88
ajax;20060519 16:07:47;/accounts/createaccount.php;validate:match:lyric88
ajax;20060519 16:07:47;/accounts/createaccount.php;validate:required:John
ajax;20060519 16:07:47;/accounts/createaccount.php;validate:required:Johnston
ajax;20060519 16:07:47;/accounts/createaccount.php;validate:required:johnpj@umich.edu
ajax;20060519 16:07:47;/accounts/createaccount.php;validate:email:johnpj@umich.edu
ajax;20060519 16:07:47;/accounts/createaccount.php;validate:uniqueuserp:johnpj@umich.edu
ajax;20060519 16:07:48;/accounts/createaccount.php;validate:required:Instructional Technologist
ajax;20060519 16:07:48;/accounts/createaccount.php;validate:required:76
johnpj;20060519 16:07:48;/accounts/createaccount.php;user added (ldap): John Johnston (johnpj@umich.edu) [663]
141.212.51.78;20060519 16:07:48;/accounts/createaccount.php;created account: johnpj (johnpj@umich.edu) Johnston,John: inst=76
johnpj;20060519 16:08:27;/accounts/activate.php;user modified (ldap): John Johnston (johnpj@umich.edu) [663]
johnpj;20060519 16:08:39;/accounts/login.php;user logged in (ldap):141.212.51.78:https://sakaiproject.org/accounts/login.php
ajax;20060519 16:08:56;/accounts/ajax/validate.php;validate:uniqueuserp:CHA
ajax;20060519 16:08:56;/accounts/ajax/validate.php;return=ok|username|
ajax;20060519 16:09:15;/accounts/ajax/validate.php;validate:email:CHa@Stoas.nl
ajax;20060519 16:09:15;/accounts/ajax/validate.php;validate:uniqueuserp:CHa@Stoas.nl
ajax;20060519 16:09:16;/accounts/ajax/validate.php;return=ok|email|
ajax;20060519 16:09:17;/accounts/ajax/validate.php;validate:namespaces:MI
ajax;20060519 16:09:17;/accounts/ajax/validate.php;return=ok|state|
ajax;20060519 16:09:24;/accounts/ajax/validate.php;validate:zipcode:48189
ajax;20060519 16:09:24;/accounts/ajax/validate.php;return=ok|zipcode|
ajax;20060519 16:09:26;/accounts/ajax/validate.php;validate:namespaces:US
ajax;20060519 16:09:26;/accounts/ajax/validate.php;return=ok|country|
ajax;20060519 16:09:39;/accounts/ajax/validate.php;validate:phone:734-647-2227
ajax;20060519 16:09:39;/accounts/ajax/validate.php;return=ok|phone|
ajax;20060519 16:10:09;/conference/registration/index.php;validate:required:Instructional Technologist
ajax;20060519 16:10:09;/conference/registration/index.php;validate:required:Whitmore Lake
ajax;20060519 16:10:09;/conference/registration/index.php;validate:required:MI
ajax;20060519 16:10:09;/conference/registration/index.php;validate:namespaces:MI
ajax;20060519 16:10:09;/conference/registration/index.php;validate:zipcode:48189
ajax;20060519 16:10:09;/conference/registration/index.php;validate:required:US
ajax;20060519 16:10:09;/conference/registration/index.php;validate:namespaces:US
ajax;20060519 16:10:09;/conference/registration/index.php;validate:required:734-647-2227
ajax;20060519 16:10:09;/conference/registration/index.php;validate:phone:734-647-2227
ajax;20060519 16:10:09;/conference/registration/index.php;validate:required:N
ajax;20060519 16:10:09;/conference/registration/index.php;validate:required:N
ajax;20060519 16:10:09;/conference/registration/index.php;validate:required:Medium
johnpj;20060519 16:10:09;/conference/registration/index.php;user modified (ldap): John Johnston (johnpj@umich.edu) [663]
ajax;20060519 16:10:11;/accounts/ajax/validate.php;validate:namespaces:Wageningen
ajax;20060519 16:10:11;/accounts/ajax/validate.php;return=ok|city|
ajax;20060519 16:10:16;/accounts/ajax/validate.php;validate:namespaces:NL
ajax;20060519 16:10:16;/accounts/ajax/validate.php;return=ok|country|
ajax;20060519 16:10:34;/accounts/ajax/validate.php;validate:phone: 31622790954
ajax;20060519 16:10:34;/accounts/ajax/validate.php;return=ok|phone|
ajax;20060519 16:10:34;/accounts/createaccount.php;validate:required:CHA
ajax;20060519 16:10:34;/accounts/createaccount.php;validate:nospaces:CHA
ajax;20060519 16:10:34;/accounts/createaccount.php;validate:uniqueuserp:CHA
ajax;20060519 16:10:35;/accounts/createaccount.php;validate:required:copepr01
ajax;20060519 16:10:35;/accounts/createaccount.php;validate:password:copepr01
ajax;20060519 16:10:35;/accounts/createaccount.php;validate:required:copepr01
ajax;20060519 16:10:35;/accounts/createaccount.php;validate:password:copepr01
ajax;20060519 16:10:35;/accounts/createaccount.php;validate:match:copepr01
ajax;20060519 16:10:35;/accounts/createaccount.php;validate:required:Carlo
ajax;20060519 16:10:35;/accounts/createaccount.php;validate:required:van Haren
ajax;20060519 16:10:35;/accounts/createaccount.php;validate:required:CHa@Stoas.nl
ajax;20060519 16:10:35;/accounts/createaccount.php;validate:email:CHa@Stoas.nl
ajax;20060519 16:10:35;/accounts/createaccount.php;validate:uniqueuserp:CHa@Stoas.nl
ajax;20060519 16:10:35;/accounts/createaccount.php;validate:required:Implementor
ajax;20060519 16:10:35;/accounts/createaccount.php;validate:required:98
ajax;20060519 16:10:35;/accounts/createaccount.php;validate::Agro BusinessPark
ajax;20060519 16:10:35;/accounts/createaccount.php;validate:namespaces:Wageningen
ajax;20060519 16:10:35;/accounts/createaccount.php;validate:namespaces:NL
ajax;20060519 16:10:35;/accounts/createaccount.php;validate:phone:+31622790954
cha;20060519 16:10:35;/accounts/createaccount.php;user added (ldap): Carlo van Haren (CHa@Stoas.nl) [664]
213.93.153.145;20060519 16:10:35;/accounts/createaccount.php;created account: cha (CHa@Stoas.nl) van Haren,Carlo: inst=98
cha;20060519 16:11:15;/accounts/activate.php;user modified (ldap): Carlo van Haren (CHa@Stoas.nl) [664]
cha;20060519 16:11:59;/accounts/forgot_password.php;user modified (ldap): Carlo van Haren (CHa@Stoas.nl) [664]
213.93.153.145;20060519 16:11:59;/accounts/forgot_password.php;password reset: cha@stoas.nl
ajax;20060519 16:13:27;/accounts/ajax/validate.php;validate:uniqueuserp:jxf
ajax;20060519 16:13:27;/accounts/ajax/validate.php;return=ok|username|
ajax;20060519 16:13:41;/accounts/ajax/validate.php;validate:email:jxf@immagic.com
ajax;20060519 16:13:41;/accounts/ajax/validate.php;validate:uniqueuserp:jxf@immagic.com
ajax;20060519 16:13:41;/accounts/ajax/validate.php;return=ok|email|
ajax;20060519 16:14:32;/accounts/ajax/validate.php;validate:namespaces:Washington
ajax;20060519 16:14:32;/accounts/ajax/validate.php;return=ok|city|
ajax;20060519 16:14:33;/accounts/ajax/validate.php;validate:namespaces:DC
ajax;20060519 16:14:33;/accounts/ajax/validate.php;return=ok|state|
ajax;20060519 16:14:38;/accounts/ajax/validate.php;validate:zipcode:20005
ajax;20060519 16:14:38;/accounts/ajax/validate.php;return=ok|zipcode|
ajax;20060519 16:14:41;/accounts/ajax/validate.php;validate:namespaces:US
ajax;20060519 16:14:41;/accounts/ajax/validate.php;return=ok|country|
ajax;20060519 16:14:48;/accounts/ajax/validate.php;validate:phone:2022962807
ajax;20060519 16:14:48;/accounts/ajax/validate.php;return=ok|phone|
ajax;20060519 16:14:48;/accounts/createaccount.php;validate:required:jxf
ajax;20060519 16:14:48;/accounts/createaccount.php;validate:nospaces:jxf
ajax;20060519 16:14:48;/accounts/createaccount.php;validate:uniqueuserp:jxf
ajax;20060519 16:14:48;/accounts/createaccount.php;validate:required:jxf2899
ajax;20060519 16:14:48;/accounts/createaccount.php;validate:password:jxf2899
ajax;20060519 16:14:48;/accounts/createaccount.php;validate:required:jxf2899
ajax;20060519 16:14:48;/accounts/createaccount.php;validate:password:jxf2899
ajax;20060519 16:14:48;/accounts/createaccount.php;validate:match:jxf2899
ajax;20060519 16:14:48;/accounts/createaccount.php;validate:required:Jim
ajax;20060519 16:14:48;/accounts/createaccount.php;validate:required:Farmer
ajax;20060519 16:14:48;/accounts/createaccount.php;validate:required:jxf@immagic.com
ajax;20060519 16:14:48;/accounts/createaccount.php;validate:email:jxf@immagic.com
ajax;20060519 16:14:48;/accounts/createaccount.php;validate:uniqueuserp:jxf@immagic.com
ajax;20060519 16:14:49;/accounts/createaccount.php;validate:required:University Administration
ajax;20060519 16:14:49;/accounts/createaccount.php;validate:required:20
ajax;20060519 16:14:49;/accounts/createaccount.php;validate::1500 Mass Av NW, Suie 37
ajax;20060519 16:14:49;/accounts/createaccount.php;validate:namespaces:Washington
ajax;20060519 16:14:49;/accounts/createaccount.php;validate:namespaces:DC
ajax;20060519 16:14:49;/accounts/createaccount.php;validate:zipcode:20005
ajax;20060519 16:14:49;/accounts/createaccount.php;validate:namespaces:US
ajax;20060519 16:14:49;/accounts/createaccount.php;validate:phone:2022962807
jxf;20060519 16:14:49;/accounts/createaccount.php;user added (ldap): Jim Farmer (jxf@immagic.com) [665]
141.156.110.206;20060519 16:14:49;/accounts/createaccount.php;created account: jxf (jxf@immagic.com) Farmer,Jim: inst=20
cha;20060519 16:14:53;/accounts/login.php;user logged in (ldap):213.93.153.145:https://sakaiproject.org/accounts/login.php?ref=/accounts/forgot_password.php
ajax;20060519 16:15:14;/accounts/ajax/validate.php;validate:email:CHa@Stoas.nl
ajax;20060519 16:15:14;/accounts/ajax/validate.php;validate:uniquesql:CHa@Stoas.nl
ajax;20060519 16:15:14;/accounts/ajax/validate.php;return=ok|email|
ajax;20060519 16:15:25;/accounts/myaccount.php;validate:password:stoas99
ajax;20060519 16:15:25;/accounts/myaccount.php;validate:password:stoas99
ajax;20060519 16:15:25;/accounts/myaccount.php;validate:match:stoas99
ajax;20060519 16:15:25;/accounts/myaccount.php;validate:required:Carlo
ajax;20060519 16:15:25;/accounts/myaccount.php;validate:required:van Haren
ajax;20060519 16:15:25;/accounts/myaccount.php;validate:required:CHa@Stoas.nl
ajax;20060519 16:15:25;/accounts/myaccount.php;validate:email:CHa@Stoas.nl
ajax;20060519 16:15:25;/accounts/myaccount.php;validate:uniquesql:CHa@Stoas.nl
ajax;20060519 16:15:25;/accounts/myaccount.php;validate:required:Implementor
ajax;20060519 16:15:25;/accounts/myaccount.php;validate:required:98
ajax;20060519 16:15:25;/accounts/myaccount.php;validate::Agro BusinessPark
ajax;20060519 16:15:25;/accounts/myaccount.php;validate:namespaces:Wageningen
ajax;20060519 16:15:25;/accounts/myaccount.php;validate:namespaces:NL
ajax;20060519 16:15:25;/accounts/myaccount.php;validate:phone:+31622790954
cha;20060519 16:15:26;/accounts/myaccount.php;user modified (ldap): Carlo van Haren (CHa@Stoas.nl) [664]
jscheid;20060519 16:15:31;/accounts/login.php;user logged in (ldap):65.162.145.222:https://sakaiproject.org/accounts/login.php
ajax;20060519 16:21:31;/facebook/add_entry.php;validate::prayer, scotch, experimental rock, chocolate of all kinds
ajax;20060519 16:21:31;/facebook/add_entry.php;validate:required:1
cha;20060519 16:24:12;/accounts/login.php;user logged in (ldap):213.93.153.145:https://sakaiproject.org/accounts/login.php?ref=/facebook/add_entry.php
ajax;20060519 16:29:20;/facebook/add_entry.php;validate::e-Learning, Basketball, sports
ajax;20060519 16:29:20;/facebook/add_entry.php;validate:required:1
ajax;20060519 16:29:31;/facebook/add_entry.php;validate::Java, J2ME, E-Learning, Peer-to-Peer Applications
ajax;20060519 16:29:31;/facebook/add_entry.php;validate:required:1
ajax;20060519 16:29:37;/facebook/add_entry.php;validate::e-Learning, Basketball, sports
ajax;20060519 16:29:37;/facebook/add_entry.php;validate:required:1
ajax;20060519 16:29:45;/facebook/add_entry.php;validate::Java, J2ME, E-Learning, Peer-to-Peer Applications
ajax;20060519 16:29:45;/facebook/add_entry.php;validate:required:1
ajax;20060519 16:30:22;/facebook/add_entry.php;validate::e-Learning, Basketball, sports
ajax;20060519 16:30:22;/facebook/add_entry.php;validate:required:1
ajax;20060519 16:32:01;/facebook/add_entry.php;validate::e-Learning, Basketball, sports
ajax;20060519 16:32:01;/facebook/add_entry.php;validate:required:1
ajax;20060519 16:34:06;/facebook/add_entry.php;validate::e-Learning, Basketball, sports
ajax;20060519 16:34:06;/facebook/add_entry.php;validate:required:1
ajax;20060519 16:35:36;/facebook/add_entry.php;validate::e-Learning, Basketball, sports
ajax;20060519 16:35:36;/facebook/add_entry.php;validate:required:1
ajax;20060519 16:37:19;/facebook/add_entry.php;validate::e-Learning, Basketball, sports
ajax;20060519 16:37:19;/facebook/add_entry.php;validate:required:1
ajax;20060519 16:43:21;/facebook/add_entry.php;validate::e-Learning, Basketball, sports
ajax;20060519 16:43:21;/facebook/add_entry.php;validate:required:1
ratana@ic.ucsb.edu;20060519 17:19:26;/accounts/login.php;user logged in (ldap):71.107.101.229:https://www.sakaiproject.org/accounts/login.php
bhughes316;20060519 17:21:36;/accounts/forgot_password.php;user modified (ldap): Bill Hughes (bill.hughes@pearsoned.com) [540]
198.4.159.6;20060519 17:21:36;/accounts/forgot_password.php;password reset: bill.hughes@pearsoned.com
bhughes316;20060519 17:22:13;/accounts/login.php;user logged in (ldap):198.4.159.6:https://sakaiproject.org/accounts/login.php
ajax;20060519 17:22:23;/accounts/ajax/validate.php;validate:email:bill.hughes@pearsoned.com
ajax;20060519 17:22:23;/accounts/ajax/validate.php;validate:namespaces:Boston
ajax;20060519 17:22:23;/accounts/ajax/validate.php;validate:uniquesql:bill.hughes@pearsoned.com
ajax;20060519 17:22:23;/accounts/ajax/validate.php;return=ok|city|
ajax;20060519 17:22:23;/accounts/ajax/validate.php;return=ok|email|
ajax;20060519 17:22:23;/accounts/ajax/validate.php;validate:namespaces:MA
ajax;20060519 17:22:23;/accounts/ajax/validate.php;return=ok|state|
ajax;20060519 17:22:23;/accounts/ajax/validate.php;validate:zipcode:02116
ajax;20060519 17:22:23;/accounts/ajax/validate.php;return=ok|zipcode|
ajax;20060519 17:22:23;/accounts/ajax/validate.php;validate:namespaces:US
ajax;20060519 17:22:23;/accounts/ajax/validate.php;return=ok|country|
ajax;20060519 17:22:23;/accounts/ajax/validate.php;validate:phone:6178487756
ajax;20060519 17:22:23;/accounts/ajax/validate.php;return=ok|phone|
ajax;20060519 17:22:35;/accounts/myaccount.php;validate:password:hughes
ajax;20060519 17:22:35;/accounts/myaccount.php;validate:password:hughes
ajax;20060519 17:22:35;/accounts/myaccount.php;validate:match:hughes
ajax;20060519 17:22:35;/accounts/myaccount.php;validate:required:Bill
ajax;20060519 17:22:35;/accounts/myaccount.php;validate:required:Hughes
ajax;20060519 17:22:35;/accounts/myaccount.php;validate:required:bill.hughes@pearsoned.com
ajax;20060519 17:22:35;/accounts/myaccount.php;validate:email:bill.hughes@pearsoned.com
ajax;20060519 17:22:35;/accounts/myaccount.php;validate:uniquesql:bill.hughes@pearsoned.com
ajax;20060519 17:22:35;/accounts/myaccount.php;validate:required:Manager
ajax;20060519 17:22:35;/accounts/myaccount.php;validate:required:104
ajax;20060519 17:22:35;/accounts/myaccount.php;validate::75 Arlington Street
ajax;20060519 17:22:35;/accounts/myaccount.php;validate:namespaces:Boston
ajax;20060519 17:22:35;/accounts/myaccount.php;validate:namespaces:MA
ajax;20060519 17:22:35;/accounts/myaccount.php;validate:zipcode:02116
ajax;20060519 17:22:35;/accounts/myaccount.php;validate:namespaces:US
ajax;20060519 17:22:35;/accounts/myaccount.php;validate:phone:6178487756
bhughes316;20060519 17:22:35;/accounts/myaccount.php;user modified (ldap): Bill Hughes (bill.hughes@pearsoned.com) [540]
ajax;20060519 17:27:57;/facebook/add_entry.php;validate::Swimming, Skiing, Music
ajax;20060519 17:33:08;/facebook/add_entry.php;validate::Course Cartridges, Online Communities, e-Portfolios, Portals, Gradebooks, Standards, Interoperability, SOA.  Swimming, Skiing, Music.
ajax;20060519 17:37:45;/facebook/add_entry.php;validate::Course Cartridges, Online Communities, e-Portfolios, Portals, Gradebooks, Standards, Interoperability, SOA.  Swimming, Skiing, Music.
ajax;20060519 18:21:23;/accounts/ajax/validate.php;validate:uniqueuserp:bwalden
ajax;20060519 18:21:23;/accounts/ajax/validate.php;return=ok|username|
ajax;20060519 18:21:58;/accounts/ajax/validate.php;validate:email:bwalden@uci.edu
ajax;20060519 18:21:58;/accounts/ajax/validate.php;validate:uniqueuserp:bwalden@uci.edu
ajax;20060519 18:21:58;/accounts/ajax/validate.php;return=ok|email|
ajax;20060519 18:22:56;/accounts/ajax/validate.php;validate:uniqueuserp:bwalden
ajax;20060519 18:22:56;/accounts/ajax/validate.php;return=ok|username|
ajax;20060519 18:24:25;/accounts/ajax/validate.php;validate:email:bwalden@uci.edu
ajax;20060519 18:24:25;/accounts/ajax/validate.php;validate:uniqueuserp:bwalden@uci.edu
ajax;20060519 18:24:25;/accounts/ajax/validate.php;return=ok|email|
ajax;20060519 18:25:52;/accounts/ajax/validate.php;validate:namespaces:Irvine
ajax;20060519 18:25:52;/accounts/ajax/validate.php;return=ok|city|
ajax;20060519 18:26:08;/accounts/ajax/validate.php;validate:namespaces:CA
ajax;20060519 18:26:08;/accounts/ajax/validate.php;return=ok|state|
ajax;20060519 18:26:16;/accounts/ajax/validate.php;validate:zipcode:92697-2225
ajax;20060519 18:26:16;/accounts/ajax/validate.php;return=ok|zipcode|
ajax;20060519 18:26:17;/accounts/ajax/validate.php;validate:namespaces:US
ajax;20060519 18:26:17;/accounts/ajax/validate.php;return=ok|country|
ajax;20060519 18:26:22;/accounts/ajax/validate.php;validate:phone:949-824-2544
ajax;20060519 18:26:22;/accounts/ajax/validate.php;return=ok|phone|
ajax;20060519 18:26:30;/accounts/ajax/validate.php;validate:phone:949-824-2069
ajax;20060519 18:26:30;/accounts/ajax/validate.php;return=ok|fax|
ajax;20060519 18:26:36;/accounts/createaccount.php;validate:required:bwalden
ajax;20060519 18:26:36;/accounts/createaccount.php;validate:nospaces:bwalden
ajax;20060519 18:26:36;/accounts/createaccount.php;validate:uniqueuserp:bwalden
ajax;20060519 18:26:36;/accounts/createaccount.php;validate:required:ftfn1965
ajax;20060519 18:26:36;/accounts/createaccount.php;validate:password:ftfn1965
ajax;20060519 18:26:36;/accounts/createaccount.php;validate:required:ftfn1965
ajax;20060519 18:26:36;/accounts/createaccount.php;validate:password:ftfn1965
ajax;20060519 18:26:36;/accounts/createaccount.php;validate:match:ftfn1965
ajax;20060519 18:26:36;/accounts/createaccount.php;validate:required:briandy
ajax;20060519 18:26:36;/accounts/createaccount.php;validate:required:walden
ajax;20060519 18:26:36;/accounts/createaccount.php;validate:required:bwalden@uci.edu
ajax;20060519 18:26:36;/accounts/createaccount.php;validate:email:bwalden@uci.edu
ajax;20060519 18:26:36;/accounts/createaccount.php;validate:uniqueuserp:bwalden@uci.edu
ajax;20060519 18:26:37;/accounts/createaccount.php;validate:required:UI/Interaction Designer
ajax;20060519 18:26:37;/accounts/createaccount.php;validate::Developer/Programmer
ajax;20060519 18:26:37;/accounts/createaccount.php;validate:required:University of California, Irvine
ajax;20060519 18:26:37;/accounts/createaccount.php;validate::Network & Academic Computing Services
E2130 Engineering Gateway
ajax;20060519 18:26:37;/accounts/createaccount.php;validate:namespaces:Irvine
ajax;20060519 18:26:37;/accounts/createaccount.php;validate:namespaces:CA
ajax;20060519 18:26:37;/accounts/createaccount.php;validate:zipcode:92697-2225
ajax;20060519 18:26:37;/accounts/createaccount.php;validate:namespaces:US
ajax;20060519 18:26:37;/accounts/createaccount.php;validate:phone:949-824-2544
ajax;20060519 18:26:37;/accounts/createaccount.php;validate:phone:949-824-2069
bwalden;20060519 18:26:37;/accounts/createaccount.php;user added (ldap): briandy walden (bwalden@uci.edu) [666]
128.200.16.108;20060519 18:26:37;/accounts/createaccount.php;created account: bwalden (bwalden@uci.edu) walden,briandy: inst=1
bwalden;20060519 18:34:34;/accounts/activate.php;user modified (ldap): briandy walden (bwalden@uci.edu) [666]
bwalden;20060519 18:34:41;/accounts/login.php;user logged in (ldap):128.200.16.108:https://sakaiproject.org/accounts/login.php
ajax;20060519 18:39:17;/accounts/ajax/validate.php;validate:namespaces:CA
ajax;20060519 18:39:17;/accounts/ajax/validate.php;return=ok|state|
ajax;20060519 18:39:17;/accounts/ajax/validate.php;validate:zipcode:92697-2225
ajax;20060519 18:39:17;/accounts/ajax/validate.php;return=ok|zipcode|
ajax;20060519 18:39:17;/accounts/ajax/validate.php;validate:namespaces:US
ajax;20060519 18:39:17;/accounts/ajax/validate.php;return=ok|country|
ajax;20060519 18:39:17;/accounts/ajax/validate.php;validate:phone:949-824-2544
ajax;20060519 18:39:17;/accounts/ajax/validate.php;return=ok|phone|
ajax;20060519 18:39:17;/accounts/ajax/validate.php;validate:phone:949-824-2069
ajax;20060519 18:39:17;/accounts/ajax/validate.php;return=ok|fax|
ajax;20060519 18:41:52;/conference/registration/index.php;validate:required:UI/Interaction Designer
ajax;20060519 18:41:52;/conference/registration/index.php;validate::Developer/Programmer
ajax;20060519 18:41:52;/conference/registration/index.php;validate:required:University California, Irvine
ajax;20060519 18:41:52;/conference/registration/index.php;validate:required:Irvine
ajax;20060519 18:41:52;/conference/registration/index.php;validate:required:CA
ajax;20060519 18:41:52;/conference/registration/index.php;validate:namespaces:CA
ajax;20060519 18:41:52;/conference/registration/index.php;validate:zipcode:92697-2225
ajax;20060519 18:41:52;/conference/registration/index.php;validate:required:US
ajax;20060519 18:41:53;/conference/registration/index.php;validate:namespaces:US
ajax;20060519 18:41:53;/conference/registration/index.php;validate:required:949-824-2544
ajax;20060519 18:41:53;/conference/registration/index.php;validate:phone:949-824-2544
ajax;20060519 18:41:53;/conference/registration/index.php;validate:phone:949-824-2069
ajax;20060519 18:41:53;/conference/registration/index.php;validate:required:N
ajax;20060519 18:41:53;/conference/registration/index.php;validate:required:Y
ajax;20060519 18:41:53;/conference/registration/index.php;validate:required:Large
bwalden;20060519 18:41:53;/conference/registration/index.php;user modified (ldap): briandy walden (bwalden@uci.edu) [666]
andrew@caret.cam.ac.uk;20060519 19:40:19;/accounts/login.php;user logged in (ldap):86.134.224.137:https://sakaiproject.org/accounts/login.php?ref=/facebook/index.php
ajax;20060519 19:43:53;/facebook/add_entry.php;validate::Java, F/OSS,  collabaritive learning technologies.
siddall;20060519 20:12:51;/accounts/login.php;user logged in (internal):69.34.181.13:https://sakaiproject.org/accounts/login.php?ref=/facebook/add_entry.php
siddall;20060519 20:12:51;/accounts/login.php;user modified (ldap): Scott Siddall (siddall@denison.edu) [319]
ajax;20060519 20:20:32;/facebook/add_entry.php;validate::Tool integration, UI and consortial uses of Sakai
ajax;20060519 20:20:32;/facebook/add_entry.php;validate:required:1
andrew@caret.cam.ac.uk;20060519 21:35:34;/accounts/login.php;user logged in (ldap):86.134.224.137:https://sakaiproject.org/accounts/login.php?ref=/facebook/index.php
ajax;20060519 21:35:46;/facebook/add_entry.php;validate::Java, F/OSS,  collabaritive learning technologies.
ajax;20060519 21:35:46;/facebook/add_entry.php;validate:required:1
