jeffkahn;20061118 13:25:07;/accounts/login.php;user logged in (internal):71.199.153.132:https://sakaiproject.org/accounts/login.php?ref=/conference/registration/index.php&msg=You+must+login+to+register+or+submit+a+proposal+for+the+Sakai+Atlanta+conference.+If+you+do+not+have+an+account%2C+please+create+one.
jeffkahn;20061118 13:25:07;/accounts/login.php;user added (ldap): Jeff Kahn (jeffkahn@mit.edu) [545]
ajax;20061118 13:25:09;/accounts/ajax/validate.php;validate:namespaces:GA
ajax;20061118 13:25:09;/accounts/ajax/validate.php;return=ok|state|
ajax;20061118 13:25:09;/accounts/ajax/validate.php;validate:zipcode:30004
ajax;20061118 13:25:09;/accounts/ajax/validate.php;return=ok|zipcode|
ajax;20061118 13:25:10;/accounts/ajax/validate.php;validate:namespaces:US
ajax;20061118 13:25:10;/accounts/ajax/validate.php;return=ok|country|
ajax;20061118 13:25:10;/accounts/ajax/validate.php;validate:phone:678-339-0674
ajax;20061118 13:25:10;/accounts/ajax/validate.php;return=ok|phone|
ajax;20061118 13:28:44;/conference/registration/index.php;validate:required:Developer/Programmer
ajax;20061118 13:28:44;/conference/registration/index.php;validate:required:Alpharetta
ajax;20061118 13:28:44;/conference/registration/index.php;validate:required:GA
ajax;20061118 13:28:44;/conference/registration/index.php;validate:namespaces:GA
ajax;20061118 13:28:44;/conference/registration/index.php;validate:zipcode:30004
ajax;20061118 13:28:44;/conference/registration/index.php;validate:required:US
ajax;20061118 13:28:44;/conference/registration/index.php;validate:namespaces:US
ajax;20061118 13:28:44;/conference/registration/index.php;validate:required:678-339-0674
ajax;20061118 13:28:44;/conference/registration/index.php;validate:phone:678-339-0674
ajax;20061118 13:28:44;/conference/registration/index.php;validate:required:N
ajax;20061118 13:28:44;/conference/registration/index.php;validate:required:Y
ajax;20061118 13:28:44;/conference/registration/index.php;validate:required:Large
ajax;20061118 13:28:44;/conference/registration/index.php;validate:required:TUE
ajax;20061118 13:28:44;/conference/registration/index.php;validate:required:WED
ajax;20061118 13:28:44;/conference/registration/index.php;validate:required:THU
ajax;20061118 13:28:44;/conference/registration/index.php;validate:required: 
jeffkahn;20061118 13:28:44;/conference/registration/index.php;user modified (ldap): Jeff Kahn (jeffkahn@mit.edu) [545]
