ajax;20070205 08:38:57;/accounts/ajax/validate.php;validate:email:gth700w
ajax;20070205 08:38:58;/accounts/ajax/validate.php;return=error|username|Invalid email address
ajax;20070205 08:39:04;/accounts/ajax/validate.php;validate:email:gth700w@mail.gatech.edu
ajax;20070205 08:39:04;/accounts/ajax/validate.php;validate:uniqueuserp:gth700w@mail.gatech.edu
ajax;20070205 08:39:05;/accounts/ajax/validate.php;validate:uniqueuserp:gth700w@mail.gatech.edu
ajax;20070205 08:39:05;/accounts/ajax/validate.php;return=ok|username|
mmiles@umich.edu;20070205 08:39:16;/accounts/login.php;user logged in (ldap):71.124.57.80:https://sakaiproject.org/accounts/login.php?ref=/conference/admin/proposals_results.php
ajax;20070205 08:39:27;/accounts/ajax/validate.php;validate:email:gth700w@mail.gatech.edu
ajax;20070205 08:39:27;/accounts/ajax/validate.php;validate:uniqueuserp:gth700w@mail.gatech.edu
ajax;20070205 08:39:27;/accounts/ajax/validate.php;return=ok|email|
ajax;20070205 08:41:40;/accounts/createaccount.php;validate:required:gth700w@mail.gatech.edu
ajax;20070205 08:41:40;/accounts/createaccount.php;validate:email:gth700w@mail.gatech.edu
ajax;20070205 08:41:40;/accounts/createaccount.php;validate:uniqueuserp:gth700w@mail.gatech.edu
ajax;20070205 08:41:40;/accounts/createaccount.php;validate:uniqueuserp:gth700w@mail.gatech.edu
ajax;20070205 08:41:40;/accounts/createaccount.php;validate:required:InlwagnCJ09!
ajax;20070205 08:41:40;/accounts/createaccount.php;validate:password:InlwagnCJ09!
ajax;20070205 08:41:40;/accounts/createaccount.php;validate:required:InlwagnCJ09!
ajax;20070205 08:41:40;/accounts/createaccount.php;validate:password:InlwagnCJ09!
ajax;20070205 08:41:40;/accounts/createaccount.php;validate:match:InlwagnCJ09!
ajax;20070205 08:41:40;/accounts/createaccount.php;validate:required:Carlos
ajax;20070205 08:41:40;/accounts/createaccount.php;validate:required:Rios
ajax;20070205 08:41:40;/accounts/createaccount.php;validate:required:gth700w@mail.gatech.edu
ajax;20070205 08:41:40;/accounts/createaccount.php;validate:email:gth700w@mail.gatech.edu
ajax;20070205 08:41:40;/accounts/createaccount.php;validate:uniqueuserp:gth700w@mail.gatech.edu
ajax;20070205 08:41:41;/accounts/createaccount.php;validate:required:Developer/Programmer
ajax;20070205 08:41:41;/accounts/createaccount.php;validate:required:116
gth700w@mail.gatech.edu;20070205 08:41:41;/accounts/createaccount.php;user added (ldap): Carlos Rios (gth700w@mail.gatech.edu) [1098]
128.61.49.11;20070205 08:41:41;/accounts/createaccount.php;created account: gth700w@mail.gatech.edu (gth700w@mail.gatech.edu) Rios,Carlos: inst=116
gth700w@mail.gatech.edu;20070205 08:41:55;/accounts/activate.php;user modified (ldap): Carlos Rios (gth700w@mail.gatech.edu) [1098]
gth700w@mail.gatech.edu;20070205 08:42:08;/accounts/login.php;user logged in (ldap):128.61.49.11:https://sakaiproject.org/accounts/login.php
ajax;20070205 08:42:22;/accounts/ajax/validate.php;validate:email:gth700w@mail.gatech.edu
ajax;20070205 08:42:22;/accounts/ajax/validate.php;validate:uniquesql:gth700w@mail.gatech.edu
ajax;20070205 08:42:22;/accounts/ajax/validate.php;return=ok|email|
mmiles@umich.edu;20070205 08:43:44;/accounts/login.php;user logged in (ldap):71.124.57.80:https://sakaiproject.org/accounts/login.php
kdellis;20070205 11:00:28;/accounts/login.php;user logged in (ldap):129.79.38.153:https://sakaiproject.org/accounts/login.php
ajax;20070205 11:00:42;/conference/proposals/index.php;validate:required:presentation
