ajax;20061109 08:42:40;/accounts/ajax/validate.php;validate:email:maolson@us.ibm.com
ajax;20061109 08:42:40;/accounts/ajax/validate.php;validate:uniqueuserp:maolson@us.ibm.com
ajax;20061109 08:42:40;/accounts/ajax/validate.php;validate:uniqueuserp:maolson@us.ibm.com
ajax;20061109 08:42:41;/accounts/ajax/validate.php;return=ok|username|
ajax;20061109 08:43:02;/accounts/ajax/validate.php;validate:email:markolson
ajax;20061109 08:43:02;/accounts/ajax/validate.php;return=error|username|Invalid email address
ajax;20061109 08:43:40;/accounts/ajax/validate.php;validate:email:maolson@us.ibm.com
ajax;20061109 08:43:40;/accounts/ajax/validate.php;validate:uniqueuserp:maolson@us.ibm.com
ajax;20061109 08:43:41;/accounts/ajax/validate.php;return=ok|email|
ajax;20061109 08:45:16;/accounts/ajax/validate.php;validate:namespaces:Bethesda
ajax;20061109 08:45:16;/accounts/ajax/validate.php;return=ok|city|
ajax;20061109 08:45:19;/accounts/ajax/validate.php;validate:namespaces:MD
ajax;20061109 08:45:19;/accounts/ajax/validate.php;return=ok|state|
ajax;20061109 08:45:24;/accounts/ajax/validate.php;validate:zipcode:20817
ajax;20061109 08:45:24;/accounts/ajax/validate.php;return=ok|zipcode|
ajax;20061109 08:45:26;/accounts/ajax/validate.php;validate:namespaces:US
ajax;20061109 08:45:26;/accounts/ajax/validate.php;return=ok|country|
ajax;20061109 08:45:36;/accounts/ajax/validate.php;validate:phone:240 396-5410
ajax;20061109 08:45:36;/accounts/ajax/validate.php;return=ok|phone|
ajax;20061109 08:45:48;/accounts/createaccount.php;validate:required:maolson@us.ibm.com
ajax;20061109 08:45:48;/accounts/createaccount.php;validate:email:maolson@us.ibm.com
ajax;20061109 08:45:48;/accounts/createaccount.php;validate:uniqueuserp:maolson@us.ibm.com
ajax;20061109 08:45:49;/accounts/createaccount.php;validate:uniqueuserp:maolson@us.ibm.com
ajax;20061109 08:45:49;/accounts/createaccount.php;validate:required:rhetor22
ajax;20061109 08:45:49;/accounts/createaccount.php;validate:password:rhetor22
ajax;20061109 08:45:49;/accounts/createaccount.php;validate:required:rhetor22
ajax;20061109 08:45:49;/accounts/createaccount.php;validate:password:rhetor22
ajax;20061109 08:45:49;/accounts/createaccount.php;validate:match:rhetor22
ajax;20061109 08:45:49;/accounts/createaccount.php;validate:required:Mark 
ajax;20061109 08:45:49;/accounts/createaccount.php;validate:required:Olson
ajax;20061109 08:45:49;/accounts/createaccount.php;validate:required:maolson@us.ibm.com
ajax;20061109 08:45:49;/accounts/createaccount.php;validate:email:maolson@us.ibm.com
ajax;20061109 08:45:49;/accounts/createaccount.php;validate:uniqueuserp:maolson@us.ibm.com
ajax;20061109 08:45:49;/accounts/createaccount.php;validate:required:University Administration
ajax;20061109 08:45:49;/accounts/createaccount.php;validate:required:100
ajax;20061109 08:45:49;/accounts/createaccount.php;validate::6710 Rockledge Drive
ajax;20061109 08:45:49;/accounts/createaccount.php;validate:namespaces:Bethesda
ajax;20061109 08:45:49;/accounts/createaccount.php;validate:namespaces:MD
ajax;20061109 08:45:49;/accounts/createaccount.php;validate:zipcode:20817
ajax;20061109 08:45:49;/accounts/createaccount.php;validate:namespaces:US
ajax;20061109 08:45:49;/accounts/createaccount.php;validate:phone:240 396-5410
maolson@us.ibm.com;20061109 08:45:49;/accounts/createaccount.php;user added (ldap): Mark  Olson (maolson@us.ibm.com) [947]
129.33.49.251;20061109 08:45:49;/accounts/createaccount.php;created account: maolson@us.ibm.com (maolson@us.ibm.com) Olson,Mark : inst=100
maolson@us.ibm.com;20061109 08:50:02;/accounts/activate.php;user modified (ldap): Mark  Olson (maolson@us.ibm.com) [947]
maolson@us.ibm.com;20061109 08:50:22;/accounts/login.php;user logged in (ldap):129.33.49.251:https://sakaiproject.org/accounts/login.php
ajax;20061109 08:50:31;/accounts/ajax/validate.php;validate:zipcode:20817
ajax;20061109 08:50:31;/accounts/ajax/validate.php;return=ok|zipcode|
ajax;20061109 08:50:31;/accounts/ajax/validate.php;validate:namespaces:US
ajax;20061109 08:50:31;/accounts/ajax/validate.php;return=ok|country|
ajax;20061109 08:50:31;/accounts/ajax/validate.php;validate:namespaces:MD
ajax;20061109 08:50:31;/accounts/ajax/validate.php;return=ok|state|
ajax;20061109 08:50:31;/accounts/ajax/validate.php;validate:phone:240 396-5410
ajax;20061109 08:50:31;/accounts/ajax/validate.php;return=ok|phone|
billcope@byu.edu;20061109 09:58:13;/accounts/login.php;user logged in (ldap):128.187.133.18:https://sakaiproject.org/accounts/login.php?ref=/accounts/index.php
ajax;20061109 09:59:14;/accounts/ajax/validate.php;validate:email:sonia
ajax;20061109 09:59:14;/accounts/ajax/validate.php;return=error|username|Invalid email address
ajax;20061109 10:00:10;/accounts/ajax/validate.php;validate:email:tim.wiblin@ovu.edu
ajax;20061109 10:00:10;/accounts/ajax/validate.php;validate:uniqueuserp:tim.wiblin@ovu.edu
ajax;20061109 10:00:10;/accounts/ajax/validate.php;return=error|username|username already used
tim.wiblin@ovu.edu;20061109 10:01:13;/accounts/forgot_password.php;user modified (ldap): Tim Wiblin (tim.wiblin@ovu.edu) [930]
12.27.55.2;20061109 10:01:13;/accounts/forgot_password.php;password reset: tim.wiblin@ovu.edu
ajax;20061109 10:04:10;/accounts/ajax/validate.php;validate:email:sn_mjd2004@yahoo.fr
ajax;20061109 10:04:10;/accounts/ajax/validate.php;validate:uniqueuserp:sn_mjd2004@yahoo.fr
ajax;20061109 10:04:11;/accounts/ajax/validate.php;validate:uniqueuserp:sn_mjd2004@yahoo.fr
ajax;20061109 10:04:11;/accounts/ajax/validate.php;return=ok|username|
ajax;20061109 10:05:42;/accounts/ajax/validate.php;validate:namespaces:GA
ajax;20061109 10:05:42;/accounts/ajax/validate.php;return=ok|state|
ajax;20061109 10:05:57;/accounts/ajax/validate.php;validate:namespaces:TN
ajax;20061109 10:05:57;/accounts/ajax/validate.php;return=ok|country|
ajax;20061109 10:06:07;/accounts/ajax/validate.php;validate:zipcode:6100
ajax;20061109 10:06:07;/accounts/ajax/validate.php;return=error|zipcode|Invalid US zip, must be 5 or 9 digits
ajax;20061109 10:06:17;/accounts/ajax/validate.php;validate:zipcode:610054
ajax;20061109 10:06:17;/accounts/ajax/validate.php;return=error|zipcode|Invalid US zip, must be 5 or 9 digits
ajax;20061109 10:07:02;/accounts/ajax/validate.php;validate:zipcode:541253
ajax;20061109 10:07:02;/accounts/ajax/validate.php;return=error|zipcode|Invalid US zip, must be 5 or 9 digits
ajax;20061109 10:07:09;/accounts/ajax/validate.php;validate:zipcode:5412535855
ajax;20061109 10:07:09;/accounts/ajax/validate.php;return=error|zipcode|Invalid US zip, must be 5 or 9 digits
ajax;20061109 10:26:31;/accounts/ajax/validate.php;validate:email:witandcharm1958@yahoo.com
ajax;20061109 10:26:31;/accounts/ajax/validate.php;validate:uniqueuserp:witandcharm1958@yahoo.com
ajax;20061109 10:26:32;/accounts/ajax/validate.php;return=error|username|username already used
melledge;20061109 10:42:34;/accounts/login.php;user logged in (ldap):35.8.236.46:https://sakaiproject.org/accounts/login.php
ajax;20061109 10:42:35;/accounts/ajax/validate.php;validate:namespaces:MI
ajax;20061109 10:42:35;/accounts/ajax/validate.php;return=ok|state|
ajax;20061109 10:42:35;/accounts/ajax/validate.php;validate:zipcode:48824-1022
ajax;20061109 10:42:35;/accounts/ajax/validate.php;return=ok|zipcode|
ajax;20061109 10:42:35;/accounts/ajax/validate.php;validate:namespaces:US
ajax;20061109 10:42:35;/accounts/ajax/validate.php;return=ok|country|
ajax;20061109 10:42:35;/accounts/ajax/validate.php;validate:phone:517-353-8977
ajax;20061109 10:42:35;/accounts/ajax/validate.php;return=ok|phone|
ajax;20061109 10:44:30;/conference/registration/index.php;validate:required:UI/Interaction Designer
ajax;20061109 10:44:30;/conference/registration/index.php;validate:required:East Lansing
ajax;20061109 10:44:30;/conference/registration/index.php;validate:required:MI
ajax;20061109 10:44:30;/conference/registration/index.php;validate:namespaces:MI
ajax;20061109 10:44:30;/conference/registration/index.php;validate:zipcode:48824-1022
ajax;20061109 10:44:30;/conference/registration/index.php;validate:required:US
ajax;20061109 10:44:30;/conference/registration/index.php;validate:namespaces:US
ajax;20061109 10:44:30;/conference/registration/index.php;validate:required:517-353-8977
ajax;20061109 10:44:30;/conference/registration/index.php;validate:phone:517-353-8977
ajax;20061109 10:44:30;/conference/registration/index.php;validate:required:Y
ajax;20061109 10:44:30;/conference/registration/index.php;validate:required:N
ajax;20061109 10:44:30;/conference/registration/index.php;validate:required:Large
ajax;20061109 10:44:30;/conference/registration/index.php;validate:required:TUE
ajax;20061109 10:44:30;/conference/registration/index.php;validate:required:WED
ajax;20061109 10:44:30;/conference/registration/index.php;validate:required:THU
ajax;20061109 10:44:30;/conference/registration/index.php;validate:required:FRI
melledge;20061109 10:44:31;/conference/registration/index.php;user modified (ldap): Michael Elledge (elledge@msu.edu) [6]
ajax;20061109 10:45:13;/accounts/ajax/validate.php;validate:email:aodia24
ajax;20061109 10:45:13;/accounts/ajax/validate.php;return=error|username|Invalid email address
ajax;20061109 10:45:30;/accounts/ajax/validate.php;validate:email:hkim@warren-wilson.edu
ajax;20061109 10:45:30;/accounts/ajax/validate.php;validate:uniqueuserp:hkim@warren-wilson.edu
ajax;20061109 10:45:30;/accounts/ajax/validate.php;validate:uniqueuserp:hkim@warren-wilson.edu
ajax;20061109 10:45:30;/accounts/ajax/validate.php;return=ok|username|
ajax;20061109 10:45:45;/accounts/ajax/validate.php;validate:email:hkim@warren-wilson.edu
ajax;20061109 10:45:45;/accounts/ajax/validate.php;validate:uniqueuserp:hkim@warren-wilson.edu
ajax;20061109 10:45:45;/accounts/ajax/validate.php;return=ok|email|
ajax;20061109 10:48:08;/accounts/createaccount.php;validate:required:hkim@warren-wilson.edu
ajax;20061109 10:48:08;/accounts/createaccount.php;validate:email:hkim@warren-wilson.edu
ajax;20061109 10:48:08;/accounts/createaccount.php;validate:uniqueuserp:hkim@warren-wilson.edu
ajax;20061109 10:48:09;/accounts/createaccount.php;validate:uniqueuserp:hkim@warren-wilson.edu
ajax;20061109 10:48:09;/accounts/createaccount.php;validate:required:holocoly
ajax;20061109 10:48:09;/accounts/createaccount.php;validate:password:holocoly
ajax;20061109 10:48:09;/accounts/createaccount.php;validate:required:holocoly
ajax;20061109 10:48:09;/accounts/createaccount.php;validate:password:holocoly
ajax;20061109 10:48:09;/accounts/createaccount.php;validate:match:holocoly
ajax;20061109 10:48:09;/accounts/createaccount.php;validate:required:haley
ajax;20061109 10:48:09;/accounts/createaccount.php;validate:required:kim
ajax;20061109 10:48:09;/accounts/createaccount.php;validate:required:hkim@warren-wilson.edu
ajax;20061109 10:48:09;/accounts/createaccount.php;validate:email:hkim@warren-wilson.edu
ajax;20061109 10:48:09;/accounts/createaccount.php;validate:uniqueuserp:hkim@warren-wilson.edu
ajax;20061109 10:48:09;/accounts/createaccount.php;validate:required:Implementor
ajax;20061109 10:48:09;/accounts/createaccount.php;validate:required:warren-wilson college
hkim@warren-wilson.edu;20061109 10:48:09;/accounts/createaccount.php;user added (ldap): haley kim (hkim@warren-wilson.edu) [948]
64.16.162.161;20061109 10:48:09;/accounts/createaccount.php;created account: hkim@warren-wilson.edu (hkim@warren-wilson.edu) kim,haley: inst=1
ajax;20061109 10:49:48;/accounts/ajax/validate.php;validate:email:hkim@warren-wilson.edu
ajax;20061109 10:49:48;/accounts/ajax/validate.php;validate:email:hkim@warren-wilson.edu
ajax;20061109 10:49:48;/accounts/ajax/validate.php;validate:uniqueuserp:hkim@warren-wilson.edu
ajax;20061109 10:49:48;/accounts/ajax/validate.php;validate:uniqueuserp:hkim@warren-wilson.edu
ajax;20061109 10:49:49;/accounts/ajax/validate.php;return=error|email|email already used
ajax;20061109 10:49:49;/accounts/ajax/validate.php;return=error|username|username already used
ajax;20061109 10:49:51;/accounts/ajax/validate.php;validate:email:hkim@warren-wilson.edu
ajax;20061109 10:49:51;/accounts/ajax/validate.php;validate:uniqueuserp:hkim@warren-wilson.edu
ajax;20061109 10:49:51;/accounts/ajax/validate.php;validate:email:hkim@warren-wilson.edu
ajax;20061109 10:49:51;/accounts/ajax/validate.php;validate:uniqueuserp:hkim@warren-wilson.edu
ajax;20061109 10:49:52;/accounts/ajax/validate.php;return=error|username|username already used
ajax;20061109 10:49:52;/accounts/ajax/validate.php;return=error|email|email already used
hkim@warren-wilson.edu;20061109 10:50:17;/accounts/forgot_password.php;user modified (ldap): haley kim (hkim@warren-wilson.edu) [948]
64.16.162.161;20061109 10:50:17;/accounts/forgot_password.php;password reset: hkim@warren-wilson.edu
hkim@warren-wilson.edu;20061109 10:51:07;/accounts/activate.php;user modified (ldap): haley kim (hkim@warren-wilson.edu) [948]
hkim@warren-wilson.edu;20061109 10:52:11;/accounts/login.php;user logged in (ldap):64.16.162.161:https://sakaiproject.org/accounts/login.php
ajax;20061109 10:52:19;/accounts/ajax/validate.php;validate:email:hkim@warren-wilson.edu
ajax;20061109 10:52:19;/accounts/ajax/validate.php;validate:uniquesql:hkim@warren-wilson.edu
ajax;20061109 10:52:19;/accounts/ajax/validate.php;return=ok|email|
ajax;20061109 10:52:29;/accounts/myaccount.php;validate:password:holocoly
ajax;20061109 10:52:29;/accounts/myaccount.php;validate:password:holocoly
ajax;20061109 10:52:29;/accounts/myaccount.php;validate:match:holocoly
ajax;20061109 10:52:29;/accounts/myaccount.php;validate:required:haley
ajax;20061109 10:52:29;/accounts/myaccount.php;validate:required:kim
ajax;20061109 10:52:29;/accounts/myaccount.php;validate:required:hkim@warren-wilson.edu
ajax;20061109 10:52:29;/accounts/myaccount.php;validate:email:hkim@warren-wilson.edu
ajax;20061109 10:52:29;/accounts/myaccount.php;validate:uniquesql:hkim@warren-wilson.edu
ajax;20061109 10:52:29;/accounts/myaccount.php;validate:required:Implementor
ajax;20061109 10:52:29;/accounts/myaccount.php;validate:required:warren-wilson college
hkim@warren-wilson.edu;20061109 10:52:29;/accounts/myaccount.php;user modified (ldap): haley kim (hkim@warren-wilson.edu) [948]
ajax;20061109 10:52:31;/accounts/ajax/validate.php;validate:email:hkim@warren-wilson.edu
ajax;20061109 10:52:31;/accounts/ajax/validate.php;validate:uniquesql:hkim@warren-wilson.edu
ajax;20061109 10:52:31;/accounts/ajax/validate.php;return=ok|email|
hkim@warren-wilson.edu;20061109 10:52:48;/accounts/login.php;user logged in (ldap):64.16.162.161:https://sakaiproject.org/accounts/login.php
mmiles@umich.edu;20061109 16:18:44;/accounts/login.php;user logged in (ldap):141.213.113.220:https://sakaiproject.org/accounts/login.php?ref=/conference/admin/proposals_results.php
s.kumar@anderson.ucla.edu;20061109 20:07:02;/accounts/login.php;user logged in (internal):164.67.135.9:https://sakaiproject.org/accounts/login.php?ref=/conference/registration/index.php&msg=You+must+login+to+register+or+submit+a+proposal+for+the+Sakai+Atlanta+conference.+If+you+do+not+have+an+account%2C+please+create+one.
s.kumar@anderson.ucla.edu;20061109 20:07:02;/accounts/login.php;user added (ldap): S. Kumar (s.kumar@anderson.ucla.edu) [669]
ajax;20061109 20:07:04;/accounts/ajax/validate.php;validate:zipcode:90095
ajax;20061109 20:07:04;/accounts/ajax/validate.php;validate:namespaces:CA
ajax;20061109 20:07:04;/accounts/ajax/validate.php;return=ok|zipcode|
ajax;20061109 20:07:04;/accounts/ajax/validate.php;return=ok|state|
ajax;20061109 20:07:04;/accounts/ajax/validate.php;validate:phone:310-863-4498
ajax;20061109 20:07:04;/accounts/ajax/validate.php;return=ok|phone|
ajax;20061109 20:07:04;/accounts/ajax/validate.php;validate:namespaces:US
ajax;20061109 20:07:04;/accounts/ajax/validate.php;return=ok|country|
colin.clark@utoronto.ca;20061109 21:36:55;/accounts/login.php;user logged in (ldap):67.70.98.167:https://sakaiproject.org/accounts/login.php?ref=/conference/admin/proposals_results.php
