dvanderm;20060308 02:10:57;/requirements/vote.php;rep access to voting
dvanderm;20060308 03:50:26;/requirements/vote.php;rep access to voting
dvanderm;20060308 03:50:35;/requirements/vote.php;rep access to voting
dvanderm;20060308 03:51:32;/requirements/vote.php;rep access to voting
dvanderm;20060308 03:51:38;/requirements/vote.php;rep access to voting
dvanderm;20060308 03:51:50;/requirements/vote.php;rep access to voting
dvanderm;20060308 03:52:10;/requirements/vote.php;rep access to voting
dvanderm;20060308 03:52:34;/requirements/vote.php;rep access to voting
dvanderm;20060308 03:55:36;/requirements/vote.php;rep access to voting
dvanderm;20060308 03:55:40;/requirements/vote.php;rep access to voting
dvanderm;20060308 03:55:42;/requirements/vote.php;rep access to voting
dvanderm;20060308 03:55:44;/requirements/vote.php;rep access to voting
dvanderm;20060308 03:55:46;/requirements/vote.php;rep access to voting
dvanderm;20060308 03:55:55;/requirements/vote.php;rep access to voting
dvanderm;20060308 04:34:26;/requirements/vote.php;rep access to voting
dvanderm;20060308 04:34:30;/requirements/vote.php;rep access to voting
dvanderm;20060308 04:34:35;/requirements/vote.php;rep access to voting
dvanderm;20060308 04:34:40;/requirements/vote.php;rep access to voting
dvanderm;20060308 04:34:44;/requirements/vote.php;rep access to voting
dvanderm;20060308 04:34:48;/requirements/vote.php;rep access to voting
dvanderm;20060308 04:35:01;/requirements/vote.php;rep access to voting
dvanderm;20060308 04:36:58;/requirements/vote.php;rep access to voting
cesar@diei.udl.es;20060308 04:38:34;/requirements/vote.php;rep access to voting
dvanderm;20060308 04:39:20;/requirements/vote.php;rep access to voting
cesar@diei.udl.es;20060308 04:40:11;/requirements/vote.php;rep access to voting
cesar@diei.udl.es;20060308 04:43:13;/requirements/vote.php;rep access to voting
cesar@diei.udl.es;20060308 04:43:31;/requirements/vote.php;rep access to voting
dvanderm;20060308 04:44:55;/requirements/vote.php;rep access to voting
cesar@diei.udl.es;20060308 04:46:34;/requirements/vote.php;rep access to voting
cesar@diei.udl.es;20060308 04:46:50;/requirements/vote.php;rep access to voting
dvanderm;20060308 04:46:54;/requirements/vote.php;rep access to voting
dvanderm;20060308 04:48:15;/requirements/vote.php;rep access to voting
dvanderm;20060308 04:48:35;/requirements/vote.php;rep access to voting
dvanderm;20060308 04:50:26;/requirements/vote.php;rep access to voting
dvanderm;20060308 04:50:31;/requirements/vote.php;rep access to voting
dvanderm;20060308 04:50:36;/requirements/vote.php;rep access to voting
dvanderm;20060308 04:50:43;/requirements/vote.php;rep access to voting
dvanderm;20060308 04:50:47;/requirements/vote.php;rep access to voting
cesar@diei.udl.es;20060308 04:51:04;/requirements/vote.php;rep access to voting
cesar@diei.udl.es;20060308 04:51:09;/requirements/vote.php;rep access to voting
cesar@diei.udl.es;20060308 04:51:51;/requirements/vote.php;rep access to voting
dvanderm;20060308 04:52:23;/requirements/vote.php;rep access to voting
dvanderm;20060308 04:53:19;/requirements/vote.php;rep access to voting
dvanderm;20060308 04:56:16;/requirements/vote.php;rep access to voting
dvanderm;20060308 04:56:31;/requirements/vote.php;rep access to voting
cesar@diei.udl.es;20060308 04:58:00;/requirements/vote.php;rep access to voting
cesar@diei.udl.es;20060308 04:58:04;/requirements/vote.php;rep access to voting
dvanderm;20060308 04:58:37;/requirements/vote.php;rep access to voting
dvanderm;20060308 04:58:53;/requirements/vote.php;rep access to voting
dvanderm;20060308 04:59:07;/requirements/vote.php;rep access to voting
dvanderm;20060308 05:00:01;/requirements/vote.php;rep access to voting
dvanderm;20060308 05:00:14;/requirements/vote.php;rep access to voting
dvanderm;20060308 05:00:24;/requirements/vote.php;rep access to voting
dvanderm;20060308 05:00:28;/requirements/vote.php;rep access to voting
dvanderm;20060308 05:00:58;/requirements/vote.php;rep access to voting
cesar@diei.udl.es;20060308 05:01:16;/requirements/vote.php;rep access to voting
cesar@diei.udl.es;20060308 05:01:23;/requirements/vote.php;rep access to voting
cesar@diei.udl.es;20060308 05:03:18;/requirements/vote.php;rep access to voting
cesar@diei.udl.es;20060308 05:08:39;/requirements/vote.php;rep access to voting
cesar@diei.udl.es;20060308 05:08:44;/requirements/vote.php;rep access to voting
dvanderm;20060308 05:10:26;/requirements/vote.php;rep access to voting
dvanderm;20060308 05:10:31;/requirements/vote.php;rep access to voting
dvanderm;20060308 05:10:40;/requirements/vote.php;rep access to voting
dvanderm;20060308 05:13:21;/requirements/vote.php;rep access to voting
dvanderm;20060308 05:13:27;/requirements/vote.php;rep access to voting
cesar@diei.udl.es;20060308 05:14:05;/requirements/vote.php;rep access to voting
cesar@diei.udl.es;20060308 05:22:20;/requirements/vote.php;rep access to voting
dvanderm;20060308 05:27:19;/requirements/vote.php;rep access to voting
dvanderm;20060308 05:28:44;/requirements/vote.php;rep access to voting
dvanderm;20060308 05:29:23;/requirements/vote.php;rep access to voting
dvanderm;20060308 05:30:22;/requirements/vote.php;rep access to voting
dvanderm;20060308 05:30:40;/requirements/vote.php;rep access to voting
cesar@diei.udl.es;20060308 05:31:08;/requirements/vote.php;rep access to voting
cesar@diei.udl.es;20060308 05:31:13;/requirements/vote.php;rep access to voting
dvanderm;20060308 05:35:49;/requirements/vote.php;rep access to voting
dvanderm;20060308 05:36:18;/requirements/vote.php;rep access to voting
dvanderm;20060308 05:36:55;/requirements/vote.php;rep access to voting
dvanderm;20060308 05:37:22;/requirements/vote.php;rep access to voting
cesar@diei.udl.es;20060308 05:37:34;/requirements/vote.php;rep access to voting
cesar@diei.udl.es;20060308 05:37:37;/requirements/vote.php;rep access to voting
dvanderm;20060308 05:38:57;/requirements/vote.php;rep access to voting
dvanderm;20060308 05:39:16;/requirements/vote.php;rep access to voting
dvanderm;20060308 05:39:56;/requirements/vote.php;rep access to voting
cesar@diei.udl.es;20060308 05:40:19;/requirements/vote.php;rep access to voting
dvanderm;20060308 05:40:22;/requirements/vote.php;rep access to voting
cesar@diei.udl.es;20060308 05:40:35;/requirements/vote.php;rep access to voting
cesar@diei.udl.es;20060308 05:43:13;/requirements/vote.php;rep access to voting
cesar@diei.udl.es;20060308 05:43:17;/requirements/vote.php;rep access to voting
dvanderm;20060308 05:43:29;/requirements/vote.php;rep access to voting
dvanderm;20060308 05:44:01;/requirements/vote.php;rep access to voting
cesar@diei.udl.es;20060308 05:44:20;/requirements/vote.php;rep access to voting
dvanderm;20060308 05:44:34;/requirements/vote.php;rep access to voting
dvanderm;20060308 05:45:24;/requirements/vote.php;rep access to voting
dvanderm;20060308 05:48:04;/requirements/vote.php;rep access to voting
dvanderm;20060308 05:49:59;/requirements/vote.php;rep access to voting
dvanderm;20060308 05:50:34;/requirements/vote.php;rep access to voting
dvanderm;20060308 05:50:49;/requirements/vote.php;rep access to voting
dvanderm;20060308 05:51:22;/requirements/vote.php;rep access to voting
dvanderm;20060308 05:53:07;/requirements/vote.php;rep access to voting
dvanderm;20060308 05:55:47;/requirements/vote.php;rep access to voting
dvanderm;20060308 05:56:08;/requirements/vote.php;rep access to voting
dvanderm;20060308 05:57:18;/requirements/vote.php;rep access to voting
dvanderm;20060308 05:58:25;/requirements/vote.php;rep access to voting
dvanderm;20060308 05:58:43;/requirements/vote.php;rep access to voting
dvanderm;20060308 05:59:19;/requirements/vote.php;rep access to voting
dvanderm;20060308 06:00:06;/requirements/vote.php;rep access to voting
dvanderm;20060308 06:00:16;/requirements/vote.php;rep access to voting
dvanderm;20060308 06:00:43;/requirements/vote.php;rep access to voting
dvanderm;20060308 06:01:36;/requirements/vote.php;rep access to voting
dvanderm;20060308 06:03:19;/requirements/vote.php;rep access to voting
dvanderm;20060308 06:03:46;/requirements/vote.php;rep access to voting
dvanderm;20060308 06:03:59;/requirements/vote.php;rep access to voting
dvanderm;20060308 06:04:17;/requirements/vote.php;rep access to voting
dvanderm;20060308 06:04:30;/requirements/vote.php;rep access to voting
dvanderm;20060308 06:04:36;/requirements/vote.php;rep access to voting
dvanderm;20060308 06:04:43;/requirements/vote.php;rep access to voting
dvanderm;20060308 06:06:42;/requirements/vote.php;rep access to voting
dvanderm;20060308 06:07:09;/requirements/vote.php;rep access to voting
dvanderm;20060308 06:07:28;/requirements/vote.php;rep access to voting
dvanderm;20060308 06:08:27;/requirements/vote.php;rep access to voting
dvanderm;20060308 06:08:59;/requirements/vote.php;rep access to voting
dvanderm;20060308 06:09:26;/requirements/vote.php;rep access to voting
dvanderm;20060308 06:09:46;/requirements/vote.php;rep access to voting
dvanderm;20060308 06:11:33;/requirements/vote.php;rep access to voting
dvanderm;20060308 06:12:38;/requirements/vote.php;rep access to voting
dvanderm;20060308 06:13:25;/requirements/vote.php;rep access to voting
dvanderm;20060308 06:14:00;/requirements/vote.php;rep access to voting
dvanderm;20060308 06:14:27;/requirements/vote.php;rep access to voting
dvanderm;20060308 06:15:04;/requirements/vote.php;rep access to voting
dvanderm;20060308 06:15:43;/requirements/vote.php;rep access to voting
dvanderm;20060308 06:16:34;/requirements/vote.php;rep access to voting
dvanderm;20060308 06:17:18;/requirements/vote.php;rep access to voting
dvanderm;20060308 06:18:18;/requirements/vote.php;rep access to voting
dvanderm;20060308 06:20:21;/requirements/vote.php;rep access to voting
dvanderm;20060308 06:20:46;/requirements/vote.php;rep access to voting
dvanderm;20060308 06:28:19;/requirements/vote.php;rep access to voting
dvanderm;20060308 06:31:46;/requirements/vote.php;rep access to voting
dvanderm;20060308 06:46:21;/requirements/vote.php;rep access to voting
dvanderm;20060308 06:46:42;/requirements/vote.php;rep access to voting
dvanderm;20060308 06:47:23;/requirements/vote.php;rep access to voting
dvanderm;20060308 06:47:53;/requirements/vote.php;rep access to voting
dvanderm;20060308 06:48:24;/requirements/vote.php;rep access to voting
dvanderm;20060308 06:51:09;/requirements/vote.php;rep access to voting
dvanderm;20060308 06:51:46;/requirements/vote.php;rep access to voting
dvanderm;20060308 06:53:25;/requirements/vote.php;rep access to voting
dvanderm;20060308 06:54:06;/requirements/vote.php;rep access to voting
dvanderm;20060308 06:55:08;/requirements/vote.php;rep access to voting
dvanderm;20060308 06:55:36;/requirements/vote.php;rep access to voting
dvanderm;20060308 06:58:44;/requirements/vote.php;rep access to voting
dvanderm;20060308 06:59:14;/requirements/vote.php;rep access to voting
dvanderm;20060308 06:59:32;/requirements/vote.php;rep access to voting
dvanderm;20060308 07:01:05;/requirements/vote.php;rep access to voting
dvanderm;20060308 07:02:36;/requirements/vote.php;rep access to voting
dvanderm;20060308 07:02:55;/requirements/vote.php;rep access to voting
dvanderm;20060308 07:03:39;/requirements/vote.php;rep access to voting
dvanderm;20060308 07:04:02;/requirements/vote.php;rep access to voting
dvanderm;20060308 07:04:31;/requirements/vote.php;rep access to voting
dvanderm;20060308 07:04:58;/requirements/vote.php;rep access to voting
wisin;20060308 07:05:06;/requirements/vote.php;rep access to voting
dvanderm;20060308 07:06:25;/requirements/vote.php;rep access to voting
dvanderm;20060308 07:07:01;/requirements/vote.php;rep access to voting
dvanderm;20060308 07:07:30;/requirements/vote.php;rep access to voting
dvanderm;20060308 07:08:08;/requirements/vote.php;rep access to voting
dvanderm;20060308 07:08:35;/requirements/vote.php;rep access to voting
dvanderm;20060308 07:09:42;/requirements/vote.php;rep access to voting
dvanderm;20060308 07:10:34;/requirements/vote.php;rep access to voting
dvanderm;20060308 07:13:39;/requirements/vote.php;rep access to voting
dvanderm;20060308 07:13:47;/requirements/vote.php;rep access to voting
dvanderm;20060308 07:15:29;/requirements/vote.php;rep access to voting
dvanderm;20060308 07:18:18;/requirements/vote.php;rep access to voting
dvanderm;20060308 07:24:51;/requirements/vote.php;rep access to voting
dvanderm;20060308 07:27:03;/requirements/vote.php;rep access to voting
dvanderm;20060308 07:27:26;/requirements/vote.php;rep access to voting
dvanderm;20060308 07:28:45;/requirements/vote.php;rep access to voting
dvanderm;20060308 07:29:04;/requirements/vote.php;rep access to voting
dvanderm;20060308 07:31:19;/requirements/vote.php;rep access to voting
dvanderm;20060308 07:31:54;/requirements/vote.php;rep access to voting
dvanderm;20060308 07:32:09;/requirements/vote.php;rep access to voting
dvanderm;20060308 07:33:20;/requirements/vote.php;rep access to voting
dvanderm;20060308 07:33:55;/requirements/vote.php;rep access to voting
dvanderm;20060308 07:34:06;/requirements/vote.php;rep access to voting
dvanderm;20060308 07:34:20;/requirements/vote.php;rep access to voting
dvanderm;20060308 07:35:00;/requirements/vote.php;rep access to voting
dvanderm;20060308 07:36:01;/requirements/vote.php;rep access to voting
dvanderm;20060308 07:36:51;/requirements/vote.php;rep access to voting
dvanderm;20060308 07:37:11;/requirements/vote.php;rep access to voting
dvanderm;20060308 07:37:39;/requirements/vote.php;rep access to voting
dvanderm;20060308 07:38:06;/requirements/vote.php;rep access to voting
dvanderm;20060308 07:50:31;/requirements/vote.php;rep access to voting
dvanderm;20060308 07:51:08;/requirements/vote.php;rep access to voting
dvanderm;20060308 07:52:15;/requirements/vote.php;rep access to voting
dvanderm;20060308 07:53:17;/requirements/vote.php;rep access to voting
dvanderm;20060308 07:53:34;/requirements/vote.php;rep access to voting
dvanderm;20060308 07:55:11;/requirements/vote.php;rep access to voting
dvanderm;20060308 07:55:30;/requirements/vote.php;rep access to voting
dvanderm;20060308 07:56:41;/requirements/vote.php;rep access to voting
dvanderm;20060308 07:56:57;/requirements/vote.php;rep access to voting
dvanderm;20060308 07:57:41;/requirements/vote.php;rep access to voting
dvanderm;20060308 07:58:07;/requirements/vote.php;rep access to voting
dvanderm;20060308 07:59:29;/requirements/vote.php;rep access to voting
dvanderm;20060308 08:00:35;/requirements/vote.php;rep access to voting
dvanderm;20060308 08:00:56;/requirements/vote.php;rep access to voting
dvanderm;20060308 08:01:21;/requirements/vote.php;rep access to voting
dvanderm;20060308 08:01:47;/requirements/vote.php;rep access to voting
dvanderm;20060308 08:02:12;/requirements/vote.php;rep access to voting
dvanderm;20060308 08:02:47;/requirements/vote.php;rep access to voting
dvanderm;20060308 08:04:12;/requirements/vote.php;rep access to voting
dvanderm;20060308 08:04:41;/requirements/vote.php;rep access to voting
dvanderm;20060308 08:05:32;/requirements/vote.php;rep access to voting
dvanderm;20060308 08:06:01;/requirements/vote.php;rep access to voting
dvanderm;20060308 08:06:11;/requirements/vote.php;rep access to voting
dvanderm;20060308 08:06:35;/requirements/vote.php;rep access to voting
dvanderm;20060308 08:06:58;/requirements/vote.php;rep access to voting
dvanderm;20060308 08:07:52;/requirements/vote.php;rep access to voting
dvanderm;20060308 08:08:19;/requirements/vote.php;rep access to voting
dvanderm;20060308 08:08:53;/requirements/vote.php;rep access to voting
dvanderm;20060308 08:09:16;/requirements/vote.php;rep access to voting
dvanderm;20060308 08:09:30;/requirements/vote.php;rep access to voting
dvanderm;20060308 08:10:01;/requirements/vote.php;rep access to voting
dvanderm;20060308 08:11:07;/requirements/vote.php;rep access to voting
dvanderm;20060308 08:11:25;/requirements/vote.php;rep access to voting
dvanderm;20060308 08:11:38;/requirements/vote.php;rep access to voting
dvanderm;20060308 08:12:34;/requirements/vote.php;rep access to voting
dvanderm;20060308 08:13:13;/requirements/vote.php;rep access to voting
dvanderm;20060308 08:14:14;/requirements/vote.php;rep access to voting
dvanderm;20060308 08:14:57;/requirements/vote.php;rep access to voting
dvanderm;20060308 08:15:46;/requirements/vote.php;rep access to voting
dvanderm;20060308 08:16:01;/requirements/vote.php;rep access to voting
dvanderm;20060308 08:16:20;/requirements/vote.php;rep access to voting
dvanderm;20060308 08:17:00;/requirements/vote.php;rep access to voting
dvanderm;20060308 08:18:05;/requirements/vote.php;rep access to voting
dvanderm;20060308 08:18:23;/requirements/vote.php;rep access to voting
dvanderm;20060308 08:18:46;/requirements/vote.php;rep access to voting
dvanderm;20060308 08:20:44;/requirements/vote.php;rep access to voting
dvanderm;20060308 08:22:57;/requirements/vote.php;rep access to voting
dvanderm;20060308 08:23:18;/requirements/vote.php;rep access to voting
dvanderm;20060308 08:23:40;/requirements/vote.php;rep access to voting
dvanderm;20060308 08:24:16;/requirements/vote.php;rep access to voting
dvanderm;20060308 08:25:37;/requirements/vote.php;rep access to voting
dvanderm;20060308 08:27:04;/requirements/vote.php;rep access to voting
dvanderm;20060308 08:29:07;/requirements/vote.php;rep access to voting
dvanderm;20060308 08:29:31;/requirements/vote.php;rep access to voting
dvanderm;20060308 08:30:02;/requirements/vote.php;rep access to voting
dvanderm;20060308 08:31:53;/requirements/vote.php;rep access to voting
dvanderm;20060308 08:32:06;/requirements/vote.php;rep access to voting
dvanderm;20060308 08:33:04;/requirements/vote.php;rep access to voting
dvanderm;20060308 08:34:31;/requirements/vote.php;rep access to voting
dvanderm;20060308 08:35:22;/requirements/vote.php;rep access to voting
dvanderm;20060308 08:36:18;/requirements/vote.php;rep access to voting
dvanderm;20060308 08:36:44;/requirements/vote.php;rep access to voting
dvanderm;20060308 08:37:24;/requirements/vote.php;rep access to voting
dvanderm;20060308 08:38:04;/requirements/vote.php;rep access to voting
dvanderm;20060308 08:38:31;/requirements/vote.php;rep access to voting
dvanderm;20060308 08:41:08;/requirements/vote.php;rep access to voting
dvanderm;20060308 08:41:15;/requirements/vote.php;rep access to voting
dvanderm;20060308 08:42:27;/requirements/vote.php;rep access to voting
dvanderm;20060308 08:42:30;/requirements/vote.php;rep access to voting
dvanderm;20060308 08:42:34;/requirements/vote.php;rep access to voting
dvanderm;20060308 08:42:50;/requirements/vote.php;rep access to voting
dvanderm;20060308 08:43:20;/requirements/vote.php;rep access to voting
dvanderm;20060308 08:44:03;/requirements/vote.php;rep access to voting
dvanderm;20060308 08:44:05;/requirements/vote.php;rep access to voting
dvanderm;20060308 08:45:01;/requirements/vote.php;rep access to voting
dvanderm;20060308 08:46:24;/requirements/vote.php;rep access to voting
dvanderm;20060308 08:46:51;/requirements/vote.php;rep access to voting
dvanderm;20060308 08:47:28;/requirements/vote.php;rep access to voting
dvanderm;20060308 08:47:56;/requirements/vote.php;rep access to voting
dvanderm;20060308 08:48:33;/requirements/vote.php;rep access to voting
dvanderm;20060308 08:49:10;/requirements/vote.php;rep access to voting
dvanderm;20060308 08:49:47;/requirements/vote.php;rep access to voting
dvanderm;20060308 08:50:06;/requirements/vote.php;rep access to voting
dvanderm;20060308 08:50:44;/requirements/vote.php;rep access to voting
dvanderm;20060308 08:51:19;/requirements/vote.php;rep access to voting
dvanderm;20060308 08:51:46;/requirements/vote.php;rep access to voting
dvanderm;20060308 08:52:25;/requirements/vote.php;rep access to voting
dvanderm;20060308 08:52:37;/requirements/vote.php;rep access to voting
dvanderm;20060308 08:53:10;/requirements/vote.php;rep access to voting
dvanderm;20060308 09:00:28;/requirements/vote.php;rep access to voting
dvanderm;20060308 09:00:45;/requirements/vote.php;rep access to voting
dvanderm;20060308 09:01:35;/requirements/vote.php;rep access to voting
dvanderm;20060308 09:02:03;/requirements/vote.php;rep access to voting
dvanderm;20060308 09:02:22;/requirements/vote.php;rep access to voting
dvanderm;20060308 09:02:54;/requirements/vote.php;rep access to voting
dvanderm;20060308 09:03:20;/requirements/vote.php;rep access to voting
dvanderm;20060308 09:03:51;/requirements/vote.php;rep access to voting
dvanderm;20060308 09:04:07;/requirements/vote.php;rep access to voting
dvanderm;20060308 09:04:48;/requirements/vote.php;rep access to voting
dvanderm;20060308 09:05:05;/requirements/vote.php;rep access to voting
dvanderm;20060308 09:05:34;/requirements/vote.php;rep access to voting
dvanderm;20060308 09:06:03;/requirements/vote.php;rep access to voting
dvanderm;20060308 09:06:32;/requirements/vote.php;rep access to voting
dvanderm;20060308 09:07:18;/requirements/vote.php;rep access to voting
itbcep;20060308 09:07:25;/requirements/vote.php;rep access to voting
dvanderm;20060308 09:07:40;/requirements/vote.php;rep access to voting
dvanderm;20060308 09:08:41;/requirements/vote.php;rep access to voting
dvanderm;20060308 09:10:38;/requirements/vote.php;rep access to voting
dvanderm;20060308 09:11:16;/requirements/vote.php;rep access to voting
dvanderm;20060308 09:12:36;/requirements/vote.php;rep access to voting
dvanderm;20060308 09:12:54;/requirements/vote.php;rep access to voting
itbcep;20060308 09:13:10;/requirements/vote.php;rep access to voting
dvanderm;20060308 09:13:14;/requirements/vote.php;rep access to voting
itbcep;20060308 09:13:48;/requirements/vote.php;rep access to voting
dvanderm;20060308 09:14:00;/requirements/vote.php;rep access to voting
itbcep;20060308 09:14:44;/requirements/vote.php;rep access to voting
itbcep;20060308 09:15:23;/requirements/vote.php;rep access to voting
dvanderm;20060308 09:15:29;/requirements/vote.php;rep access to voting
dvanderm;20060308 09:16:31;/requirements/vote.php;rep access to voting
itbcep;20060308 09:16:44;/requirements/vote.php;rep access to voting
dvanderm;20060308 09:17:22;/requirements/vote.php;rep access to voting
itbcep;20060308 09:17:46;/requirements/vote.php;rep access to voting
dvanderm;20060308 09:18:39;/requirements/vote.php;rep access to voting
itbcep;20060308 09:18:57;/requirements/vote.php;rep access to voting
dvanderm;20060308 09:19:15;/requirements/vote.php;rep access to voting
itbcep;20060308 09:19:20;/requirements/vote.php;rep access to voting
itbcep;20060308 09:19:42;/requirements/vote.php;rep access to voting
itbcep;20060308 09:19:55;/requirements/vote.php;rep access to voting
dvanderm;20060308 09:20:03;/requirements/vote.php;rep access to voting
dvanderm;20060308 09:20:24;/requirements/vote.php;rep access to voting
dvanderm;20060308 09:20:50;/requirements/vote.php;rep access to voting
dvanderm;20060308 09:26:35;/requirements/vote.php;rep access to voting
dvanderm;20060308 09:27:41;/requirements/vote.php;rep access to voting
dvanderm;20060308 09:28:00;/requirements/vote.php;rep access to voting
dvanderm;20060308 09:40:27;/requirements/vote.php;rep access to voting
dvanderm;20060308 09:40:51;/requirements/vote.php;rep access to voting
dvanderm;20060308 09:41:51;/requirements/vote.php;rep access to voting
dvanderm;20060308 09:42:36;/requirements/vote.php;rep access to voting
dvanderm;20060308 09:43:09;/requirements/vote.php;rep access to voting
dvanderm;20060308 09:43:46;/requirements/vote.php;rep access to voting
dvanderm;20060308 09:44:30;/requirements/vote.php;rep access to voting
dvanderm;20060308 09:45:34;/requirements/vote.php;rep access to voting
dvanderm;20060308 09:46:01;/requirements/vote.php;rep access to voting
dvanderm;20060308 09:46:44;/requirements/vote.php;rep access to voting
dvanderm;20060308 09:47:01;/requirements/vote.php;rep access to voting
dvanderm;20060308 09:50:57;/requirements/vote.php;rep access to voting
dvanderm;20060308 09:51:46;/requirements/vote.php;rep access to voting
dvanderm;20060308 09:52:19;/requirements/vote.php;rep access to voting
dvanderm;20060308 09:52:33;/requirements/vote.php;rep access to voting
dvanderm;20060308 09:53:42;/requirements/vote.php;rep access to voting
dvanderm;20060308 09:54:19;/requirements/vote.php;rep access to voting
dvanderm;20060308 09:55:24;/requirements/vote.php;rep access to voting
dvanderm;20060308 09:56:23;/requirements/vote.php;rep access to voting
dvanderm;20060308 09:57:22;/requirements/vote.php;rep access to voting
dvanderm;20060308 10:05:32;/requirements/vote.php;rep access to voting
dvanderm;20060308 10:07:12;/requirements/vote.php;rep access to voting
dvanderm;20060308 10:09:06;/requirements/vote.php;rep access to voting
dvanderm;20060308 10:09:24;/requirements/vote.php;rep access to voting
dvanderm;20060308 10:09:43;/requirements/vote.php;rep access to voting
dvanderm;20060308 10:10:23;/requirements/vote.php;rep access to voting
dvanderm;20060308 10:11:00;/requirements/vote.php;rep access to voting
dvanderm;20060308 10:12:11;/requirements/vote.php;rep access to voting
dvanderm;20060308 10:12:35;/requirements/vote.php;rep access to voting
dvanderm;20060308 10:13:06;/requirements/vote.php;rep access to voting
dvanderm;20060308 10:13:54;/requirements/vote.php;rep access to voting
dvanderm;20060308 10:14:39;/requirements/vote.php;rep access to voting
dvanderm;20060308 10:15:01;/requirements/vote.php;rep access to voting
dvanderm;20060308 10:15:24;/requirements/vote.php;rep access to voting
dvanderm;20060308 10:16:23;/requirements/vote.php;rep access to voting
dvanderm;20060308 10:16:41;/requirements/vote.php;rep access to voting
dvanderm;20060308 10:18:11;/requirements/vote.php;rep access to voting
dvanderm;20060308 10:18:34;/requirements/vote.php;rep access to voting
dvanderm;20060308 10:19:21;/requirements/vote.php;rep access to voting
dvanderm;20060308 10:20:00;/requirements/vote.php;rep access to voting
dvanderm;20060308 10:20:17;/requirements/vote.php;rep access to voting
dvanderm;20060308 10:21:13;/requirements/vote.php;rep access to voting
dvanderm;20060308 10:21:31;/requirements/vote.php;rep access to voting
dvanderm;20060308 10:21:58;/requirements/vote.php;rep access to voting
dvanderm;20060308 10:22:55;/requirements/vote.php;rep access to voting
dvanderm;20060308 10:23:22;/requirements/vote.php;rep access to voting
dvanderm;20060308 10:24:07;/requirements/vote.php;rep access to voting
dvanderm;20060308 10:24:47;/requirements/vote.php;rep access to voting
dvanderm;20060308 10:25:25;/requirements/vote.php;rep access to voting
dvanderm;20060308 10:25:57;/requirements/vote.php;rep access to voting
dvanderm;20060308 10:26:12;/requirements/vote.php;rep access to voting
dvanderm;20060308 10:26:59;/requirements/vote.php;rep access to voting
dvanderm;20060308 10:27:35;/requirements/vote.php;rep access to voting
dvanderm;20060308 10:28:40;/requirements/vote.php;rep access to voting
dvanderm;20060308 10:29:50;/requirements/vote.php;rep access to voting
dvanderm;20060308 10:30:51;/requirements/vote.php;rep access to voting
dvanderm;20060308 10:31:16;/requirements/vote.php;rep access to voting
dvanderm;20060308 10:32:07;/requirements/vote.php;rep access to voting
dvanderm;20060308 10:32:41;/requirements/vote.php;rep access to voting
dvanderm;20060308 10:32:58;/requirements/vote.php;rep access to voting
dvanderm;20060308 10:33:21;/requirements/vote.php;rep access to voting
dvanderm;20060308 10:33:55;/requirements/vote.php;rep access to voting
dvanderm;20060308 10:34:18;/requirements/vote.php;rep access to voting
dvanderm;20060308 10:34:49;/requirements/vote.php;rep access to voting
ahwiv;20060308 10:36:13;/requirements/vote.php;rep access to voting
dvanderm;20060308 10:36:20;/requirements/vote.php;rep access to voting
dvanderm;20060308 10:36:39;/requirements/vote.php;rep access to voting
dvanderm;20060308 10:36:54;/requirements/vote.php;rep access to voting
dvanderm;20060308 10:37:16;/requirements/vote.php;rep access to voting
clayf;20060308 10:49:57;/requirements/vote.php;rep access to voting
clayf;20060308 10:50:04;/requirements/vote.php;rep access to voting
clayf;20060308 10:58:33;/requirements/vote.php;rep access to voting
clayf;20060308 10:58:51;/requirements/vote.php;rep access to voting
clayf;20060308 10:59:10;/requirements/vote.php;rep access to voting
clayf;20060308 11:06:55;/requirements/vote.php;rep access to voting
clayf;20060308 11:14:05;/requirements/vote.php;rep access to voting
clayf;20060308 11:24:41;/requirements/vote.php;rep access to voting
clayf;20060308 11:33:11;/requirements/vote.php;rep access to voting
drew@missouri.edu;20060308 11:34:33;/requirements/vote.php;rep access to voting
clayf;20060308 11:37:47;/requirements/vote.php;rep access to voting
drew@missouri.edu;20060308 11:38:30;/requirements/vote.php;rep access to voting
drew@missouri.edu;20060308 11:39:52;/requirements/vote.php;rep access to voting
drew@missouri.edu;20060308 11:40:04;/requirements/vote.php;rep access to voting
drew@missouri.edu;20060308 11:40:28;/requirements/vote.php;rep access to voting
clayf;20060308 11:40:35;/requirements/vote.php;rep access to voting
drew@missouri.edu;20060308 11:41:30;/requirements/vote.php;rep access to voting
drew@missouri.edu;20060308 11:41:43;/requirements/vote.php;rep access to voting
drew@missouri.edu;20060308 11:42:23;/requirements/vote.php;rep access to voting
drew@missouri.edu;20060308 11:43:07;/requirements/vote.php;rep access to voting
drew@missouri.edu;20060308 11:43:31;/requirements/vote.php;rep access to voting
drew@missouri.edu;20060308 11:44:00;/requirements/vote.php;rep access to voting
drew@missouri.edu;20060308 11:45:31;/requirements/vote.php;rep access to voting
drew@missouri.edu;20060308 11:46:15;/requirements/vote.php;rep access to voting
drew@missouri.edu;20060308 11:46:43;/requirements/vote.php;rep access to voting
drew@missouri.edu;20060308 11:47:03;/requirements/vote.php;rep access to voting
drew@missouri.edu;20060308 11:47:20;/requirements/vote.php;rep access to voting
drew@missouri.edu;20060308 11:47:39;/requirements/vote.php;rep access to voting
drew@missouri.edu;20060308 11:48:01;/requirements/vote.php;rep access to voting
drew@missouri.edu;20060308 11:48:17;/requirements/vote.php;rep access to voting
clayf;20060308 11:48:21;/requirements/vote.php;rep access to voting
drew@missouri.edu;20060308 11:48:48;/requirements/vote.php;rep access to voting
drew@missouri.edu;20060308 11:49:05;/requirements/vote.php;rep access to voting
drew@missouri.edu;20060308 11:49:16;/requirements/vote.php;rep access to voting
drew@missouri.edu;20060308 11:49:27;/requirements/vote.php;rep access to voting
drew@missouri.edu;20060308 11:50:22;/requirements/vote.php;rep access to voting
drew@missouri.edu;20060308 11:51:02;/requirements/vote.php;rep access to voting
drew@missouri.edu;20060308 11:51:13;/requirements/vote.php;rep access to voting
drew@missouri.edu;20060308 11:51:16;/requirements/vote.php;rep access to voting
drew@missouri.edu;20060308 11:51:21;/requirements/vote.php;rep access to voting
drew@missouri.edu;20060308 11:53:34;/requirements/vote.php;rep access to voting
drew@missouri.edu;20060308 11:54:23;/requirements/vote.php;rep access to voting
drew@missouri.edu;20060308 11:55:14;/requirements/vote.php;rep access to voting
drew@missouri.edu;20060308 11:56:05;/requirements/vote.php;rep access to voting
clayf;20060308 11:58:51;/requirements/vote.php;rep access to voting
drew@missouri.edu;20060308 11:59:34;/requirements/vote.php;rep access to voting
drew@missouri.edu;20060308 11:59:55;/requirements/vote.php;rep access to voting
drew@missouri.edu;20060308 12:02:14;/requirements/vote.php;rep access to voting
clayf;20060308 12:02:42;/requirements/vote.php;rep access to voting
drew@missouri.edu;20060308 12:03:56;/requirements/vote.php;rep access to voting
drew@missouri.edu;20060308 12:04:02;/requirements/vote.php;rep access to voting
drew@missouri.edu;20060308 12:06:04;/requirements/vote.php;rep access to voting
drew@missouri.edu;20060308 12:07:17;/requirements/vote.php;rep access to voting
drew@missouri.edu;20060308 12:08:29;/requirements/vote.php;rep access to voting
drew@missouri.edu;20060308 12:10:01;/requirements/vote.php;rep access to voting
drew@missouri.edu;20060308 12:10:14;/requirements/vote.php;rep access to voting
drew@missouri.edu;20060308 12:11:22;/requirements/vote.php;rep access to voting
drew@missouri.edu;20060308 12:11:46;/requirements/vote.php;rep access to voting
drew@missouri.edu;20060308 12:11:50;/requirements/vote.php;rep access to voting
drew@missouri.edu;20060308 12:14:35;/requirements/vote.php;rep access to voting
drew@missouri.edu;20060308 12:16:09;/requirements/vote.php;rep access to voting
drew@missouri.edu;20060308 12:17:04;/requirements/vote.php;rep access to voting
drew@missouri.edu;20060308 12:18:23;/requirements/vote.php;rep access to voting
drew@missouri.edu;20060308 12:19:18;/requirements/vote.php;rep access to voting
drew@missouri.edu;20060308 12:20:52;/requirements/vote.php;rep access to voting
drew@missouri.edu;20060308 12:21:48;/requirements/vote.php;rep access to voting
drew@missouri.edu;20060308 12:21:59;/requirements/vote.php;rep access to voting
drew@missouri.edu;20060308 12:25:02;/requirements/vote.php;rep access to voting
drew@missouri.edu;20060308 12:26:37;/requirements/vote.php;rep access to voting
drew@missouri.edu;20060308 12:28:02;/requirements/vote.php;rep access to voting
drew@missouri.edu;20060308 12:30:13;/requirements/vote.php;rep access to voting
drew@missouri.edu;20060308 12:34:00;/requirements/vote.php;rep access to voting
drew@missouri.edu;20060308 12:34:42;/requirements/vote.php;rep access to voting
drew@missouri.edu;20060308 12:34:48;/requirements/vote.php;rep access to voting
drew@missouri.edu;20060308 12:35:51;/requirements/vote.php;rep access to voting
drew@missouri.edu;20060308 12:36:36;/requirements/vote.php;rep access to voting
drew@missouri.edu;20060308 12:39:08;/requirements/vote.php;rep access to voting
drew@missouri.edu;20060308 12:40:27;/requirements/vote.php;rep access to voting
drew@missouri.edu;20060308 12:41:32;/requirements/vote.php;rep access to voting
drew@missouri.edu;20060308 12:42:31;/requirements/vote.php;rep access to voting
clayf;20060308 12:53:20;/requirements/vote.php;rep access to voting
clayf;20060308 13:06:09;/requirements/vote.php;rep access to voting
clayf;20060308 13:06:18;/requirements/vote.php;rep access to voting
clayf;20060308 13:07:05;/requirements/vote.php;rep access to voting
clayf;20060308 13:12:30;/requirements/vote.php;rep access to voting
clayf;20060308 13:12:39;/requirements/vote.php;rep access to voting
clayf;20060308 13:17:01;/requirements/vote.php;rep access to voting
clayf;20060308 13:18:33;/requirements/vote.php;rep access to voting
clayf;20060308 13:21:53;/requirements/vote.php;rep access to voting
clayf;20060308 13:23:37;/requirements/vote.php;rep access to voting
clayf;20060308 14:51:08;/requirements/vote.php;rep access to voting
clayf;20060308 14:54:26;/requirements/vote.php;rep access to voting
clayf;20060308 14:55:00;/requirements/vote.php;rep access to voting
brill;20060308 14:55:32;/requirements/vote.php;rep access to voting
clayf;20060308 14:55:43;/requirements/vote.php;rep access to voting
brill;20060308 14:55:59;/requirements/vote.php;rep access to voting
clayf;20060308 14:56:58;/requirements/vote.php;rep access to voting
clayf;20060308 14:59:23;/requirements/vote.php;rep access to voting
clayf;20060308 15:00:37;/requirements/vote.php;rep access to voting
clayf;20060308 15:09:56;/requirements/vote.php;rep access to voting
clayf;20060308 15:10:30;/requirements/vote.php;rep access to voting
clayf;20060308 15:11:04;/requirements/vote.php;rep access to voting
clayf;20060308 15:12:42;/requirements/vote.php;rep access to voting
malcolm.b.brown@dartmouth.edu;20060308 15:54:53;/requirements/vote.php;rep access to voting
malcolm.b.brown@dartmouth.edu;20060308 15:58:30;/requirements/vote.php;rep access to voting
malcolm.b.brown@dartmouth.edu;20060308 15:58:34;/requirements/vote.php;rep access to voting
malcolm.b.brown@dartmouth.edu;20060308 15:58:35;/requirements/vote.php;rep access to voting
malcolm.b.brown@dartmouth.edu;20060308 15:58:37;/requirements/vote.php;rep access to voting
malcolm.b.brown@dartmouth.edu;20060308 15:58:39;/requirements/vote.php;rep access to voting
malcolm.b.brown@dartmouth.edu;20060308 15:58:41;/requirements/vote.php;rep access to voting
malcolm.b.brown@dartmouth.edu;20060308 15:58:42;/requirements/vote.php;rep access to voting
malcolm.b.brown@dartmouth.edu;20060308 15:58:46;/requirements/vote.php;rep access to voting
malcolm.b.brown@dartmouth.edu;20060308 15:58:47;/requirements/vote.php;rep access to voting
malcolm.b.brown@dartmouth.edu;20060308 15:58:49;/requirements/vote.php;rep access to voting
malcolm.b.brown@dartmouth.edu;20060308 15:58:50;/requirements/vote.php;rep access to voting
Rick;20060308 16:27:19;/requirements/vote.php;rep access to voting
geyere;20060308 16:31:13;/requirements/vote.php;rep access to voting
mrebbech;20060308 17:04:51;/requirements/vote.php;rep access to voting
mrebbech;20060308 22:35:45;/requirements/vote.php;rep access to voting
mrebbech;20060308 22:39:03;/requirements/vote.php;rep access to voting
