kimm;20060307 03:25:49;/requirements/vote.php;rep access to voting
kimm;20060307 03:29:41;/requirements/vote.php;rep access to voting
kimm;20060307 03:29:53;/requirements/vote.php;rep access to voting
kimm;20060307 03:29:56;/requirements/vote.php;rep access to voting
kimm;20060307 03:41:58;/requirements/vote.php;rep access to voting
cesar@diei.udl.es;20060307 03:54:16;/requirements/vote.php;rep access to voting
kimm;20060307 04:10:20;/requirements/vote.php;rep access to voting
kimm;20060307 04:31:45;/requirements/vote.php;rep access to voting
dvanderm;20060307 08:51:29;/requirements/vote.php;rep access to voting
brill;20060307 09:34:22;/requirements/vote.php;rep access to voting
brill;20060307 09:36:29;/requirements/vote.php;rep access to voting
brill;20060307 09:36:31;/requirements/vote.php;rep access to voting
brill;20060307 09:36:32;/requirements/vote.php;rep access to voting
wemoen;20060307 10:04:52;/requirements/vote.php;rep access to voting
wemoen;20060307 10:10:57;/requirements/vote.php;rep access to voting
wemoen;20060307 10:11:06;/requirements/vote.php;rep access to voting
wemoen;20060307 10:12:25;/requirements/vote.php;rep access to voting
wemoen;20060307 10:12:53;/requirements/vote.php;rep access to voting
a.fish@lancaster.ac.uk;20060307 10:13:34;/requirements/vote.php;rep access to voting
brill;20060307 10:31:51;/requirements/vote.php;rep access to voting
tms@virginia.edu;20060307 12:28:45;/requirements/vote.php;rep access to voting
tms@virginia.edu;20060307 12:30:20;/requirements/vote.php;rep access to voting
tms@virginia.edu;20060307 12:34:50;/requirements/vote.php;rep access to voting
tms@virginia.edu;20060307 12:36:21;/requirements/vote.php;rep access to voting
brill;20060307 12:36:45;/requirements/vote.php;rep access to voting
brill;20060307 12:47:59;/requirements/vote.php;rep access to voting
brill;20060307 12:48:42;/requirements/vote.php;rep access to voting
brill;20060307 12:49:06;/requirements/vote.php;rep access to voting
brill;20060307 12:49:11;/requirements/vote.php;rep access to voting
brill;20060307 12:49:15;/requirements/vote.php;rep access to voting
brill;20060307 12:52:12;/requirements/vote.php;rep access to voting
brill;20060307 12:54:51;/requirements/vote.php;rep access to voting
brill;20060307 12:55:18;/requirements/vote.php;rep access to voting
brill;20060307 15:04:23;/requirements/vote.php;rep access to voting
brill;20060307 15:05:04;/requirements/vote.php;rep access to voting
brill;20060307 15:05:23;/requirements/vote.php;rep access to voting
mara@media.berkeley.edu;20060307 15:45:24;/requirements/vote.php;rep access to voting
brill;20060307 16:17:07;/requirements/vote.php;rep access to voting
brill;20060307 16:17:49;/requirements/vote.php;rep access to voting
kchan;20060307 16:24:37;/requirements/vote.php;rep access to voting
drew@missouri.edu;20060307 16:31:03;/requirements/vote.php;rep access to voting
drew@missouri.edu;20060307 16:32:31;/requirements/vote.php;rep access to voting
kchan;20060307 16:56:09;/requirements/vote.php;rep access to voting
kchan;20060307 16:56:37;/requirements/vote.php;rep access to voting
kchan;20060307 16:57:05;/requirements/vote.php;rep access to voting
kchan;20060307 16:57:16;/requirements/vote.php;rep access to voting
kchan;20060307 16:57:33;/requirements/vote.php;rep access to voting
kchan;20060307 16:57:42;/requirements/vote.php;rep access to voting
kchan;20060307 16:58:01;/requirements/vote.php;rep access to voting
kchan;20060307 16:58:09;/requirements/vote.php;rep access to voting
kchan;20060307 16:58:24;/requirements/vote.php;rep access to voting
kchan;20060307 16:58:32;/requirements/vote.php;rep access to voting
kchan;20060307 16:58:41;/requirements/vote.php;rep access to voting
kchan;20060307 16:58:54;/requirements/vote.php;rep access to voting
kchan;20060307 16:59:08;/requirements/vote.php;rep access to voting
kchan;20060307 16:59:28;/requirements/vote.php;rep access to voting
kchan;20060307 16:59:35;/requirements/vote.php;rep access to voting
kchan;20060307 16:59:45;/requirements/vote.php;rep access to voting
kchan;20060307 16:59:55;/requirements/vote.php;rep access to voting
kchan;20060307 17:00:02;/requirements/vote.php;rep access to voting
kchan;20060307 17:00:07;/requirements/vote.php;rep access to voting
kchan;20060307 17:00:19;/requirements/vote.php;rep access to voting
kchan;20060307 17:00:24;/requirements/vote.php;rep access to voting
kchan;20060307 17:00:42;/requirements/vote.php;rep access to voting
kchan;20060307 17:00:46;/requirements/vote.php;rep access to voting
kchan;20060307 17:00:52;/requirements/vote.php;rep access to voting
kchan;20060307 17:00:56;/requirements/vote.php;rep access to voting
kchan;20060307 17:01:01;/requirements/vote.php;rep access to voting
kchan;20060307 17:01:07;/requirements/vote.php;rep access to voting
kchan;20060307 17:01:12;/requirements/vote.php;rep access to voting
kchan;20060307 17:01:18;/requirements/vote.php;rep access to voting
kchan;20060307 17:01:41;/requirements/vote.php;rep access to voting
kchan;20060307 17:02:23;/requirements/vote.php;rep access to voting
kchan;20060307 17:02:27;/requirements/vote.php;rep access to voting
kchan;20060307 17:02:34;/requirements/vote.php;rep access to voting
kchan;20060307 17:02:39;/requirements/vote.php;rep access to voting
kchan;20060307 17:02:46;/requirements/vote.php;rep access to voting
kchan;20060307 17:02:49;/requirements/vote.php;rep access to voting
kchan;20060307 17:02:53;/requirements/vote.php;rep access to voting
kchan;20060307 17:02:58;/requirements/vote.php;rep access to voting
kchan;20060307 17:03:05;/requirements/vote.php;rep access to voting
kchan;20060307 17:03:12;/requirements/vote.php;rep access to voting
kchan;20060307 17:03:23;/requirements/vote.php;rep access to voting
kchan;20060307 17:03:31;/requirements/vote.php;rep access to voting
brill;20060307 17:03:42;/requirements/vote.php;rep access to voting
kchan;20060307 17:03:51;/requirements/vote.php;rep access to voting
kchan;20060307 17:04:05;/requirements/vote.php;rep access to voting
kchan;20060307 17:04:13;/requirements/vote.php;rep access to voting
kchan;20060307 17:04:20;/requirements/vote.php;rep access to voting
kchan;20060307 17:04:26;/requirements/vote.php;rep access to voting
kchan;20060307 17:04:34;/requirements/vote.php;rep access to voting
kchan;20060307 17:04:38;/requirements/vote.php;rep access to voting
kchan;20060307 17:04:52;/requirements/vote.php;rep access to voting
kchan;20060307 17:04:58;/requirements/vote.php;rep access to voting
kchan;20060307 17:05:05;/requirements/vote.php;rep access to voting
kchan;20060307 17:05:14;/requirements/vote.php;rep access to voting
kchan;20060307 17:05:17;/requirements/vote.php;rep access to voting
kchan;20060307 17:05:24;/requirements/vote.php;rep access to voting
kchan;20060307 17:05:30;/requirements/vote.php;rep access to voting
kchan;20060307 17:05:40;/requirements/vote.php;rep access to voting
kchan;20060307 17:05:45;/requirements/vote.php;rep access to voting
kchan;20060307 17:05:57;/requirements/vote.php;rep access to voting
kchan;20060307 17:06:02;/requirements/vote.php;rep access to voting
kchan;20060307 17:06:11;/requirements/vote.php;rep access to voting
kchan;20060307 17:06:16;/requirements/vote.php;rep access to voting
kchan;20060307 17:06:22;/requirements/vote.php;rep access to voting
kchan;20060307 17:06:26;/requirements/vote.php;rep access to voting
kchan;20060307 17:06:32;/requirements/vote.php;rep access to voting
kchan;20060307 17:06:37;/requirements/vote.php;rep access to voting
kchan;20060307 17:07:10;/requirements/vote.php;rep access to voting
kchan;20060307 17:07:16;/requirements/vote.php;rep access to voting
kchan;20060307 17:07:21;/requirements/vote.php;rep access to voting
kchan;20060307 17:07:24;/requirements/vote.php;rep access to voting
kchan;20060307 17:07:26;/requirements/vote.php;rep access to voting
kchan;20060307 17:07:32;/requirements/vote.php;rep access to voting
kchan;20060307 17:07:38;/requirements/vote.php;rep access to voting
kchan;20060307 17:07:49;/requirements/vote.php;rep access to voting
kchan;20060307 17:07:57;/requirements/vote.php;rep access to voting
kchan;20060307 17:08:01;/requirements/vote.php;rep access to voting
kchan;20060307 17:08:07;/requirements/vote.php;rep access to voting
kchan;20060307 17:08:13;/requirements/vote.php;rep access to voting
kchan;20060307 17:08:28;/requirements/vote.php;rep access to voting
kchan;20060307 17:08:40;/requirements/vote.php;rep access to voting
kchan;20060307 17:08:44;/requirements/vote.php;rep access to voting
kchan;20060307 17:08:53;/requirements/vote.php;rep access to voting
kchan;20060307 17:09:07;/requirements/vote.php;rep access to voting
kchan;20060307 17:09:15;/requirements/vote.php;rep access to voting
kchan;20060307 17:09:27;/requirements/vote.php;rep access to voting
kchan;20060307 17:09:33;/requirements/vote.php;rep access to voting
kchan;20060307 17:09:40;/requirements/vote.php;rep access to voting
kchan;20060307 17:09:48;/requirements/vote.php;rep access to voting
kchan;20060307 17:10:18;/requirements/vote.php;rep access to voting
clayf;20060307 17:19:23;/requirements/vote.php;rep access to voting
clayf;20060307 17:19:38;/requirements/vote.php;rep access to voting
clayf;20060307 17:19:42;/requirements/vote.php;rep access to voting
clayf;20060307 17:20:37;/requirements/vote.php;rep access to voting
clayf;20060307 17:21:01;/requirements/vote.php;rep access to voting
clayf;20060307 17:21:07;/requirements/vote.php;rep access to voting
clayf;20060307 17:21:20;/requirements/vote.php;rep access to voting
clayf;20060307 17:21:41;/requirements/vote.php;rep access to voting
clayf;20060307 17:21:48;/requirements/vote.php;rep access to voting
clayf;20060307 17:22:26;/requirements/vote.php;rep access to voting
clayf;20060307 17:22:34;/requirements/vote.php;rep access to voting
clayf;20060307 17:22:56;/requirements/vote.php;rep access to voting
clayf;20060307 17:23:02;/requirements/vote.php;rep access to voting
clayf;20060307 17:23:04;/requirements/vote.php;rep access to voting
clayf;20060307 17:23:15;/requirements/vote.php;rep access to voting
clayf;20060307 17:23:23;/requirements/vote.php;rep access to voting
clayf;20060307 17:23:44;/requirements/vote.php;rep access to voting
clayf;20060307 17:24:31;/requirements/vote.php;rep access to voting
clayf;20060307 17:24:54;/requirements/vote.php;rep access to voting
clayf;20060307 17:25:16;/requirements/vote.php;rep access to voting
clayf;20060307 17:25:48;/requirements/vote.php;rep access to voting
clayf;20060307 17:26:08;/requirements/vote.php;rep access to voting
clayf;20060307 17:27:14;/requirements/vote.php;rep access to voting
clayf;20060307 17:27:39;/requirements/vote.php;rep access to voting
clayf;20060307 17:28:19;/requirements/vote.php;rep access to voting
clayf;20060307 17:28:44;/requirements/vote.php;rep access to voting
clayf;20060307 17:29:15;/requirements/vote.php;rep access to voting
clayf;20060307 17:29:30;/requirements/vote.php;rep access to voting
clayf;20060307 17:30:40;/requirements/vote.php;rep access to voting
clayf;20060307 17:31:13;/requirements/vote.php;rep access to voting
clayf;20060307 17:31:33;/requirements/vote.php;rep access to voting
clayf;20060307 17:31:42;/requirements/vote.php;rep access to voting
clayf;20060307 17:34:58;/requirements/vote.php;rep access to voting
clayf;20060307 17:35:06;/requirements/vote.php;rep access to voting
kchan;20060307 17:38:52;/requirements/vote.php;rep access to voting
clayf;20060307 17:41:42;/requirements/vote.php;rep access to voting
clayf;20060307 17:41:45;/requirements/vote.php;rep access to voting
kchan;20060307 17:47:42;/requirements/vote.php;rep access to voting
kchan;20060307 17:47:45;/requirements/vote.php;rep access to voting
clayf;20060307 17:47:47;/requirements/vote.php;rep access to voting
kchan;20060307 17:47:54;/requirements/vote.php;rep access to voting
kchan;20060307 17:47:58;/requirements/vote.php;rep access to voting
kchan;20060307 17:48:03;/requirements/vote.php;rep access to voting
kchan;20060307 17:48:06;/requirements/vote.php;rep access to voting
kchan;20060307 17:48:12;/requirements/vote.php;rep access to voting
kchan;20060307 17:48:18;/requirements/vote.php;rep access to voting
kchan;20060307 17:48:26;/requirements/vote.php;rep access to voting
kchan;20060307 17:48:29;/requirements/vote.php;rep access to voting
kchan;20060307 17:48:34;/requirements/vote.php;rep access to voting
kchan;20060307 17:48:39;/requirements/vote.php;rep access to voting
kchan;20060307 17:48:44;/requirements/vote.php;rep access to voting
kchan;20060307 17:48:50;/requirements/vote.php;rep access to voting
kchan;20060307 17:48:59;/requirements/vote.php;rep access to voting
kchan;20060307 17:49:05;/requirements/vote.php;rep access to voting
kchan;20060307 17:49:08;/requirements/vote.php;rep access to voting
kchan;20060307 17:49:14;/requirements/vote.php;rep access to voting
kchan;20060307 17:49:21;/requirements/vote.php;rep access to voting
kchan;20060307 17:49:25;/requirements/vote.php;rep access to voting
kchan;20060307 17:49:30;/requirements/vote.php;rep access to voting
kchan;20060307 17:49:34;/requirements/vote.php;rep access to voting
kchan;20060307 17:49:37;/requirements/vote.php;rep access to voting
kchan;20060307 17:49:42;/requirements/vote.php;rep access to voting
kchan;20060307 17:49:49;/requirements/vote.php;rep access to voting
kchan;20060307 17:49:54;/requirements/vote.php;rep access to voting
kchan;20060307 17:49:57;/requirements/vote.php;rep access to voting
kchan;20060307 17:50:04;/requirements/vote.php;rep access to voting
kchan;20060307 17:50:09;/requirements/vote.php;rep access to voting
kchan;20060307 17:50:13;/requirements/vote.php;rep access to voting
kchan;20060307 17:50:20;/requirements/vote.php;rep access to voting
kchan;20060307 17:50:38;/requirements/vote.php;rep access to voting
kchan;20060307 17:50:49;/requirements/vote.php;rep access to voting
kchan;20060307 17:50:54;/requirements/vote.php;rep access to voting
kchan;20060307 17:50:57;/requirements/vote.php;rep access to voting
kchan;20060307 17:51:01;/requirements/vote.php;rep access to voting
kchan;20060307 17:51:04;/requirements/vote.php;rep access to voting
kchan;20060307 17:51:11;/requirements/vote.php;rep access to voting
kchan;20060307 17:51:20;/requirements/vote.php;rep access to voting
kchan;20060307 17:51:30;/requirements/vote.php;rep access to voting
kchan;20060307 17:51:32;/requirements/vote.php;rep access to voting
kchan;20060307 17:51:39;/requirements/vote.php;rep access to voting
kchan;20060307 17:51:42;/requirements/vote.php;rep access to voting
kchan;20060307 17:51:53;/requirements/vote.php;rep access to voting
kchan;20060307 20:09:47;/requirements/vote.php;rep access to voting
kchan;20060307 20:10:01;/requirements/vote.php;rep access to voting
kchan;20060307 20:10:17;/requirements/vote.php;rep access to voting
kchan;20060307 20:10:22;/requirements/vote.php;rep access to voting
kchan;20060307 20:10:25;/requirements/vote.php;rep access to voting
kchan;20060307 20:10:28;/requirements/vote.php;rep access to voting
kchan;20060307 20:10:31;/requirements/vote.php;rep access to voting
kchan;20060307 20:10:38;/requirements/vote.php;rep access to voting
kchan;20060307 20:10:43;/requirements/vote.php;rep access to voting
kchan;20060307 20:10:49;/requirements/vote.php;rep access to voting
kchan;20060307 20:41:52;/requirements/vote.php;rep access to voting
kchan;20060307 20:41:57;/requirements/vote.php;rep access to voting
kchan;20060307 20:42:07;/requirements/vote.php;rep access to voting
kchan;20060307 20:42:14;/requirements/vote.php;rep access to voting
kchan;20060307 20:42:19;/requirements/vote.php;rep access to voting
kchan;20060307 20:42:26;/requirements/vote.php;rep access to voting
kchan;20060307 20:42:34;/requirements/vote.php;rep access to voting
kchan;20060307 20:42:41;/requirements/vote.php;rep access to voting
kchan;20060307 20:42:45;/requirements/vote.php;rep access to voting
kchan;20060307 20:42:56;/requirements/vote.php;rep access to voting
kchan;20060307 20:43:02;/requirements/vote.php;rep access to voting
kchan;20060307 20:43:04;/requirements/vote.php;rep access to voting
kchan;20060307 20:43:07;/requirements/vote.php;rep access to voting
kchan;20060307 20:43:10;/requirements/vote.php;rep access to voting
kchan;20060307 20:43:13;/requirements/vote.php;rep access to voting
kchan;20060307 20:43:20;/requirements/vote.php;rep access to voting
kchan;20060307 20:43:23;/requirements/vote.php;rep access to voting
kchan;20060307 20:43:32;/requirements/vote.php;rep access to voting
kchan;20060307 20:43:37;/requirements/vote.php;rep access to voting
kchan;20060307 20:43:41;/requirements/vote.php;rep access to voting
kchan;20060307 20:43:44;/requirements/vote.php;rep access to voting
kchan;20060307 20:43:47;/requirements/vote.php;rep access to voting
kchan;20060307 20:43:50;/requirements/vote.php;rep access to voting
kchan;20060307 20:43:53;/requirements/vote.php;rep access to voting
kchan;20060307 20:44:00;/requirements/vote.php;rep access to voting
kchan;20060307 20:44:03;/requirements/vote.php;rep access to voting
kchan;20060307 20:44:06;/requirements/vote.php;rep access to voting
kchan;20060307 20:44:10;/requirements/vote.php;rep access to voting
kchan;20060307 20:44:12;/requirements/vote.php;rep access to voting
kchan;20060307 20:44:17;/requirements/vote.php;rep access to voting
kchan;20060307 20:44:20;/requirements/vote.php;rep access to voting
kchan;20060307 20:44:26;/requirements/vote.php;rep access to voting
kchan;20060307 20:44:32;/requirements/vote.php;rep access to voting
kchan;20060307 20:44:36;/requirements/vote.php;rep access to voting
kchan;20060307 20:44:39;/requirements/vote.php;rep access to voting
kchan;20060307 20:44:42;/requirements/vote.php;rep access to voting
kchan;20060307 20:44:45;/requirements/vote.php;rep access to voting
kchan;20060307 20:44:51;/requirements/vote.php;rep access to voting
kchan;20060307 20:44:55;/requirements/vote.php;rep access to voting
kchan;20060307 20:44:59;/requirements/vote.php;rep access to voting
kchan;20060307 20:45:04;/requirements/vote.php;rep access to voting
kchan;20060307 20:45:07;/requirements/vote.php;rep access to voting
kchan;20060307 20:45:11;/requirements/vote.php;rep access to voting
kchan;20060307 20:45:14;/requirements/vote.php;rep access to voting
kchan;20060307 20:45:18;/requirements/vote.php;rep access to voting
kchan;20060307 20:45:22;/requirements/vote.php;rep access to voting
kchan;20060307 20:45:30;/requirements/vote.php;rep access to voting
kchan;20060307 20:45:35;/requirements/vote.php;rep access to voting
kchan;20060307 20:45:39;/requirements/vote.php;rep access to voting
kchan;20060307 20:45:42;/requirements/vote.php;rep access to voting
kchan;20060307 20:45:47;/requirements/vote.php;rep access to voting
kchan;20060307 20:45:50;/requirements/vote.php;rep access to voting
kchan;20060307 20:45:53;/requirements/vote.php;rep access to voting
kchan;20060307 20:45:56;/requirements/vote.php;rep access to voting
kchan;20060307 20:46:02;/requirements/vote.php;rep access to voting
kchan;20060307 20:46:07;/requirements/vote.php;rep access to voting
kchan;20060307 20:46:11;/requirements/vote.php;rep access to voting
kchan;20060307 20:46:18;/requirements/vote.php;rep access to voting
kchan;20060307 20:46:25;/requirements/vote.php;rep access to voting
kchan;20060307 20:46:32;/requirements/vote.php;rep access to voting
kchan;20060307 20:46:35;/requirements/vote.php;rep access to voting
kchan;20060307 20:46:59;/requirements/vote.php;rep access to voting
kchan;20060307 20:47:10;/requirements/vote.php;rep access to voting
kchan;20060307 20:47:12;/requirements/vote.php;rep access to voting
kchan;20060307 20:47:15;/requirements/vote.php;rep access to voting
kchan;20060307 20:47:22;/requirements/vote.php;rep access to voting
kchan;20060307 20:47:25;/requirements/vote.php;rep access to voting
kchan;20060307 20:47:30;/requirements/vote.php;rep access to voting
