ANU;20060311 04:45:35;/requirements/vote.php;rep access to voting
ANU;20060311 04:45:41;/requirements/vote.php;rep access to voting
ANU;20060311 04:45:44;/requirements/vote.php;rep access to voting
ANU;20060311 04:45:52;/requirements/vote.php;rep access to voting
ANU;20060311 04:45:55;/requirements/vote.php;rep access to voting
ANU;20060311 04:45:58;/requirements/vote.php;rep access to voting
ANU;20060311 04:46:05;/requirements/vote.php;rep access to voting
ANU;20060311 04:46:08;/requirements/vote.php;rep access to voting
ANU;20060311 04:46:11;/requirements/vote.php;rep access to voting
ANU;20060311 04:55:11;/requirements/vote.php;rep access to voting
ANU;20060311 04:55:23;/requirements/vote.php;rep access to voting
ANU;20060311 05:03:16;/requirements/vote.php;rep access to voting
ANU;20060311 05:03:25;/requirements/vote.php;rep access to voting
ANU;20060311 05:39:00;/requirements/vote.php;rep access to voting
ANU;20060311 05:39:07;/requirements/vote.php;rep access to voting
ANU;20060311 05:41:41;/requirements/vote.php;rep access to voting
ANU;20060311 05:41:55;/requirements/vote.php;rep access to voting
ANU;20060311 05:42:23;/requirements/vote.php;rep access to voting
ANU;20060311 05:44:35;/requirements/vote.php;rep access to voting
ANU;20060311 05:44:41;/requirements/vote.php;rep access to voting
Rick;20060311 13:57:31;/requirements/vote.php;rep access to voting
Rick;20060311 14:01:23;/requirements/vote.php;rep access to voting
Rick;20060311 14:02:04;/requirements/vote.php;rep access to voting
Rick;20060311 14:02:16;/requirements/vote.php;rep access to voting
Rick;20060311 14:03:25;/requirements/vote.php;rep access to voting
Rick;20060311 14:13:11;/requirements/vote.php;rep access to voting
Rick;20060311 14:13:30;/requirements/vote.php;rep access to voting
Rick;20060311 14:17:40;/requirements/vote.php;rep access to voting
Rick;20060311 14:18:06;/requirements/vote.php;rep access to voting
Rick;20060311 14:20:37;/requirements/vote.php;rep access to voting
Rick;20060311 14:21:00;/requirements/vote.php;rep access to voting
Rick;20060311 14:21:18;/requirements/vote.php;rep access to voting
Rick;20060311 14:23:37;/requirements/vote.php;rep access to voting
Rick;20060311 14:24:04;/requirements/vote.php;rep access to voting
Rick;20060311 14:24:40;/requirements/vote.php;rep access to voting
Rick;20060311 14:25:04;/requirements/vote.php;rep access to voting
Rick;20060311 14:25:50;/requirements/vote.php;rep access to voting
Rick;20060311 14:26:02;/requirements/vote.php;rep access to voting
Rick;20060311 14:26:32;/requirements/vote.php;rep access to voting
gmoore@kmdi.utoronto.ca;20060311 15:16:47;/requirements/vote.php;rep access to voting
gmoore@kmdi.utoronto.ca;20060311 15:17:11;/requirements/vote.php;rep access to voting
Rick;20060311 16:26:40;/requirements/vote.php;rep access to voting
Rick;20060311 16:26:55;/requirements/vote.php;rep access to voting
Rick;20060311 16:30:07;/requirements/vote.php;rep access to voting
Rick;20060311 16:30:34;/requirements/vote.php;rep access to voting
Rick;20060311 16:30:55;/requirements/vote.php;rep access to voting
joshua.ryan@asu.edu;20060311 16:32:19;/requirements/vote.php;rep access to voting
rsabean;20060311 17:02:01;/requirements/vote.php;rep access to voting
Rick;20060311 17:06:57;/requirements/vote.php;rep access to voting
Rick;20060311 17:07:11;/requirements/vote.php;rep access to voting
Rick;20060311 17:08:39;/requirements/vote.php;rep access to voting
Rick;20060311 17:08:51;/requirements/vote.php;rep access to voting
Rick;20060311 17:10:27;/requirements/vote.php;rep access to voting
Rick;20060311 17:10:43;/requirements/vote.php;rep access to voting
Rick;20060311 17:10:56;/requirements/vote.php;rep access to voting
Rick;20060311 17:11:21;/requirements/vote.php;rep access to voting
Rick;20060311 17:12:03;/requirements/vote.php;rep access to voting
Rick;20060311 17:12:23;/requirements/vote.php;rep access to voting
Rick;20060311 17:12:43;/requirements/vote.php;rep access to voting
Rick;20060311 17:17:24;/requirements/vote.php;rep access to voting
Rick;20060311 17:17:48;/requirements/vote.php;rep access to voting
Rick;20060311 17:18:17;/requirements/vote.php;rep access to voting
Rick;20060311 17:19:25;/requirements/vote.php;rep access to voting
Rick;20060311 17:19:37;/requirements/vote.php;rep access to voting
Rick;20060311 17:19:54;/requirements/vote.php;rep access to voting
Rick;20060311 17:20:03;/requirements/vote.php;rep access to voting
Rick;20060311 17:20:41;/requirements/vote.php;rep access to voting
Rick;20060311 17:21:06;/requirements/vote.php;rep access to voting
Rick;20060311 17:21:20;/requirements/vote.php;rep access to voting
Rick;20060311 17:21:35;/requirements/vote.php;rep access to voting
Rick;20060311 17:21:52;/requirements/vote.php;rep access to voting
Rick;20060311 17:22:20;/requirements/vote.php;rep access to voting
Rick;20060311 17:25:02;/requirements/vote.php;rep access to voting
Rick;20060311 17:25:32;/requirements/vote.php;rep access to voting
Rick;20060311 17:28:25;/requirements/vote.php;rep access to voting
Rick;20060311 17:29:11;/requirements/vote.php;rep access to voting
Rick;20060311 17:29:20;/requirements/vote.php;rep access to voting
Rick;20060311 17:29:36;/requirements/vote.php;rep access to voting
Rick;20060311 17:30:18;/requirements/vote.php;rep access to voting
Rick;20060311 17:30:25;/requirements/vote.php;rep access to voting
Rick;20060311 17:32:25;/requirements/vote.php;rep access to voting
Rick;20060311 17:32:35;/requirements/vote.php;rep access to voting
Rick;20060311 17:32:41;/requirements/vote.php;rep access to voting
Rick;20060311 17:32:49;/requirements/vote.php;rep access to voting
Rick;20060311 17:32:56;/requirements/vote.php;rep access to voting
Rick;20060311 17:33:24;/requirements/vote.php;rep access to voting
Rick;20060311 17:33:51;/requirements/vote.php;rep access to voting
Rick;20060311 17:37:23;/requirements/vote.php;rep access to voting
Rick;20060311 17:37:35;/requirements/vote.php;rep access to voting
Rick;20060311 17:38:09;/requirements/vote.php;rep access to voting
Rick;20060311 17:38:14;/requirements/vote.php;rep access to voting
Rick;20060311 17:38:28;/requirements/vote.php;rep access to voting
Rick;20060311 17:40:08;/requirements/vote.php;rep access to voting
Rick;20060311 17:40:19;/requirements/vote.php;rep access to voting
Rick;20060311 17:40:29;/requirements/vote.php;rep access to voting
Rick;20060311 17:40:51;/requirements/vote.php;rep access to voting
Rick;20060311 17:41:10;/requirements/vote.php;rep access to voting
Rick;20060311 17:41:30;/requirements/vote.php;rep access to voting
Rick;20060311 17:41:35;/requirements/vote.php;rep access to voting
Rick;20060311 17:41:43;/requirements/vote.php;rep access to voting
Rick;20060311 17:41:55;/requirements/vote.php;rep access to voting
Rick;20060311 17:42:05;/requirements/vote.php;rep access to voting
Rick;20060311 17:42:15;/requirements/vote.php;rep access to voting
Rick;20060311 17:42:25;/requirements/vote.php;rep access to voting
Rick;20060311 17:43:02;/requirements/vote.php;rep access to voting
Rick;20060311 17:43:07;/requirements/vote.php;rep access to voting
Rick;20060311 17:43:21;/requirements/vote.php;rep access to voting
Rick;20060311 17:43:46;/requirements/vote.php;rep access to voting
Rick;20060311 17:44:11;/requirements/vote.php;rep access to voting
Rick;20060311 17:44:52;/requirements/vote.php;rep access to voting
rsabean;20060311 17:45:04;/requirements/vote.php;rep access to voting
Rick;20060311 17:49:00;/requirements/vote.php;rep access to voting
rsabean;20060311 17:49:32;/requirements/vote.php;rep access to voting
Rick;20060311 17:49:39;/requirements/vote.php;rep access to voting
Rick;20060311 17:49:47;/requirements/vote.php;rep access to voting
Rick;20060311 17:50:23;/requirements/vote.php;rep access to voting
Rick;20060311 17:52:22;/requirements/vote.php;rep access to voting
Rick;20060311 17:53:06;/requirements/vote.php;rep access to voting
Rick;20060311 17:53:48;/requirements/vote.php;rep access to voting
Rick;20060311 17:53:56;/requirements/vote.php;rep access to voting
rsabean;20060311 17:54:51;/requirements/vote.php;rep access to voting
Rick;20060311 17:55:02;/requirements/vote.php;rep access to voting
Rick;20060311 17:55:07;/requirements/vote.php;rep access to voting
Rick;20060311 17:55:40;/requirements/vote.php;rep access to voting
Rick;20060311 17:55:49;/requirements/vote.php;rep access to voting
Rick;20060311 17:56:03;/requirements/vote.php;rep access to voting
rsabean;20060311 17:56:06;/requirements/vote.php;rep access to voting
rsabean;20060311 17:56:15;/requirements/vote.php;rep access to voting
Rick;20060311 17:56:27;/requirements/vote.php;rep access to voting
Rick;20060311 17:56:44;/requirements/vote.php;rep access to voting
Rick;20060311 17:59:11;/requirements/vote.php;rep access to voting
Rick;20060311 17:59:58;/requirements/vote.php;rep access to voting
Rick;20060311 18:00:10;/requirements/vote.php;rep access to voting
Rick;20060311 18:01:19;/requirements/vote.php;rep access to voting
Rick;20060311 18:01:55;/requirements/vote.php;rep access to voting
Rick;20060311 18:02:03;/requirements/vote.php;rep access to voting
Rick;20060311 18:02:54;/requirements/vote.php;rep access to voting
Rick;20060311 18:03:23;/requirements/vote.php;rep access to voting
rsabean;20060311 18:04:10;/requirements/vote.php;rep access to voting
rsabean;20060311 18:04:16;/requirements/vote.php;rep access to voting
Rick;20060311 18:04:21;/requirements/vote.php;rep access to voting
Rick;20060311 18:04:36;/requirements/vote.php;rep access to voting
Rick;20060311 18:04:53;/requirements/vote.php;rep access to voting
Rick;20060311 18:07:06;/requirements/vote.php;rep access to voting
Rick;20060311 18:07:14;/requirements/vote.php;rep access to voting
Rick;20060311 18:09:53;/requirements/vote.php;rep access to voting
Rick;20060311 18:10:00;/requirements/vote.php;rep access to voting
Rick;20060311 18:11:52;/requirements/vote.php;rep access to voting
Rick;20060311 18:12:46;/requirements/vote.php;rep access to voting
Rick;20060311 18:12:53;/requirements/vote.php;rep access to voting
rsabean;20060311 18:12:54;/requirements/vote.php;rep access to voting
rsabean;20060311 18:12:59;/requirements/vote.php;rep access to voting
Rick;20060311 18:13:21;/requirements/vote.php;rep access to voting
Rick;20060311 18:14:14;/requirements/vote.php;rep access to voting
rsabean;20060311 18:20:13;/requirements/vote.php;rep access to voting
rsabean;20060311 18:20:18;/requirements/vote.php;rep access to voting
rsabean;20060311 18:25:59;/requirements/vote.php;rep access to voting
rsabean;20060311 18:26:03;/requirements/vote.php;rep access to voting
rsabean;20060311 18:31:10;/requirements/vote.php;rep access to voting
rsabean;20060311 18:31:16;/requirements/vote.php;rep access to voting
rsabean;20060311 18:37:05;/requirements/vote.php;rep access to voting
rsabean;20060311 18:37:23;/requirements/vote.php;rep access to voting
rsabean;20060311 18:42:26;/requirements/vote.php;rep access to voting
rsabean;20060311 18:42:32;/requirements/vote.php;rep access to voting
rsabean;20060311 18:47:57;/requirements/vote.php;rep access to voting
rsabean;20060311 18:48:02;/requirements/vote.php;rep access to voting
rsabean;20060311 18:54:22;/requirements/vote.php;rep access to voting
rsabean;20060311 18:54:28;/requirements/vote.php;rep access to voting
rsabean;20060311 18:59:26;/requirements/vote.php;rep access to voting
rsabean;20060311 18:59:32;/requirements/vote.php;rep access to voting
rsabean;20060311 19:00:37;/requirements/vote.php;rep access to voting
rsabean;20060311 19:01:39;/requirements/vote.php;rep access to voting
rsabean;20060311 19:02:52;/requirements/vote.php;rep access to voting
rsabean;20060311 19:03:25;/requirements/vote.php;rep access to voting
rsabean;20060311 19:03:42;/requirements/vote.php;rep access to voting
jmoore1;20060311 22:40:52;/requirements/vote.php;rep access to voting
jmoore1;20060311 22:41:24;/requirements/vote.php;rep access to voting
jmoore1;20060311 22:41:36;/requirements/vote.php;rep access to voting
jmoore1;20060311 22:47:02;/requirements/vote.php;rep access to voting
jmoore1;20060311 22:47:08;/requirements/vote.php;rep access to voting
jmoore1;20060311 22:47:18;/requirements/vote.php;rep access to voting
jmoore1;20060311 22:51:22;/requirements/vote.php;rep access to voting
jmoore1;20060311 22:54:03;/requirements/vote.php;rep access to voting
jmoore1;20060311 22:57:01;/requirements/vote.php;rep access to voting
jmoore1;20060311 22:57:08;/requirements/vote.php;rep access to voting
jmoore1;20060311 22:59:34;/requirements/vote.php;rep access to voting
jmoore1;20060311 22:59:47;/requirements/vote.php;rep access to voting
jmoore1;20060311 23:00:28;/requirements/vote.php;rep access to voting
jmoore1;20060311 23:00:34;/requirements/vote.php;rep access to voting
jmoore1;20060311 23:00:52;/requirements/vote.php;rep access to voting
jmoore1;20060311 23:03:37;/requirements/vote.php;rep access to voting
jmoore1;20060311 23:03:45;/requirements/vote.php;rep access to voting
jmoore1;20060311 23:06:35;/requirements/vote.php;rep access to voting
jmoore1;20060311 23:06:40;/requirements/vote.php;rep access to voting
jmoore1;20060311 23:09:25;/requirements/vote.php;rep access to voting
jmoore1;20060311 23:10:01;/requirements/vote.php;rep access to voting
jmoore1;20060311 23:10:08;/requirements/vote.php;rep access to voting
jmoore1;20060311 23:11:55;/requirements/vote.php;rep access to voting
jmoore1;20060311 23:13:31;/requirements/vote.php;rep access to voting
jmoore1;20060311 23:13:37;/requirements/vote.php;rep access to voting
jmoore1;20060311 23:15:06;/requirements/vote.php;rep access to voting
jmoore1;20060311 23:15:31;/requirements/vote.php;rep access to voting
jmoore1;20060311 23:15:59;/requirements/vote.php;rep access to voting
jmoore1;20060311 23:16:05;/requirements/vote.php;rep access to voting
jmoore1;20060311 23:16:21;/requirements/vote.php;rep access to voting
jmoore1;20060311 23:18:11;/requirements/vote.php;rep access to voting
jmoore1;20060311 23:18:16;/requirements/vote.php;rep access to voting
jmoore1;20060311 23:19:19;/requirements/vote.php;rep access to voting
jmoore1;20060311 23:20:12;/requirements/vote.php;rep access to voting
jmoore1;20060311 23:20:20;/requirements/vote.php;rep access to voting
jmoore1;20060311 23:20:25;/requirements/vote.php;rep access to voting
jmoore1;20060311 23:21:17;/requirements/vote.php;rep access to voting
jmoore1;20060311 23:22:33;/requirements/vote.php;rep access to voting
jmoore1;20060311 23:22:38;/requirements/vote.php;rep access to voting
jmoore1;20060311 23:23:40;/requirements/vote.php;rep access to voting
jmoore1;20060311 23:24:31;/requirements/vote.php;rep access to voting
jmoore1;20060311 23:24:37;/requirements/vote.php;rep access to voting
jmoore1;20060311 23:26:18;/requirements/vote.php;rep access to voting
jmoore1;20060311 23:26:30;/requirements/vote.php;rep access to voting
jmoore1;20060311 23:26:52;/requirements/vote.php;rep access to voting
jmoore1;20060311 23:26:56;/requirements/vote.php;rep access to voting
jmoore1;20060311 23:27:08;/requirements/vote.php;rep access to voting
jmoore1;20060311 23:28:14;/requirements/vote.php;rep access to voting
