cmbrandt@ucdavis.edu;20060305 16:00:39;/requirements/vote.php;access to poll
cmbrandt@ucdavis.edu;20060305 16:02:30;/requirements/vote.php;access to poll
cmbrandt@ucdavis.edu;20060305 16:02:36;/requirements/vote.php;access to poll
cmbrandt@ucdavis.edu;20060305 16:06:03;/requirements/vote.php;access to poll
cmbrandt@ucdavis.edu;20060305 16:06:08;/requirements/vote.php;access to poll
cmbrandt@ucdavis.edu;20060305 16:09:34;/requirements/vote.php;access to poll
cmbrandt@ucdavis.edu;20060305 16:09:37;/requirements/vote.php;access to poll
cmbrandt@ucdavis.edu;20060305 16:12:03;/requirements/vote.php;access to poll
ccount;20060305 17:14:42;/requirements/vote.php;access to poll
ccount;20060305 17:15:58;/requirements/vote.php;access to poll
ccount;20060305 17:19:11;/requirements/vote.php;access to poll
bnielsen;20060305 17:28:28;/requirements/vote.php;access to poll
ccount;20060305 17:29:22;/requirements/vote.php;access to poll
ccount;20060305 17:29:35;/requirements/vote.php;access to poll
bnielsen;20060305 17:29:39;/requirements/vote.php;access to poll
bnielsen;20060305 17:31:00;/requirements/vote.php;access to poll
bnielsen;20060305 17:31:48;/requirements/vote.php;access to poll
ccount;20060305 17:46:13;/requirements/vote.php;access to poll
ccount;20060305 17:46:20;/requirements/vote.php;access to poll
ccount;20060305 17:46:24;/requirements/vote.php;access to poll
ccount;20060305 17:46:28;/requirements/vote.php;access to poll
dogle;20060305 17:56:36;/requirements/vote.php;access to poll
dogle;20060305 17:57:04;/requirements/vote.php;access to poll
dogle;20060305 17:57:17;/requirements/vote.php;access to poll
dogle;20060305 17:58:37;/requirements/vote.php;access to poll
ccount;20060305 17:58:56;/requirements/vote.php;access to poll
dogle;20060305 17:58:58;/requirements/vote.php;access to poll
dogle;20060305 17:59:13;/requirements/vote.php;access to poll
dogle;20060305 17:59:54;/requirements/vote.php;access to poll
dogle;20060305 18:00:21;/requirements/vote.php;access to poll
dogle;20060305 18:01:27;/requirements/vote.php;access to poll
dogle;20060305 18:02:08;/requirements/vote.php;access to poll
dogle;20060305 18:02:41;/requirements/vote.php;access to poll
dogle;20060305 18:03:16;/requirements/vote.php;access to poll
dogle;20060305 18:03:56;/requirements/vote.php;access to poll
dogle;20060305 18:04:16;/requirements/vote.php;access to poll
ccount;20060305 18:04:16;/requirements/vote.php;access to poll
dogle;20060305 18:04:33;/requirements/vote.php;access to poll
dogle;20060305 18:04:51;/requirements/vote.php;access to poll
dogle;20060305 18:05:11;/requirements/vote.php;access to poll
dogle;20060305 18:05:22;/requirements/vote.php;access to poll
dogle;20060305 18:05:48;/requirements/vote.php;access to poll
dogle;20060305 18:06:00;/requirements/vote.php;access to poll
dogle;20060305 18:06:19;/requirements/vote.php;access to poll
dogle;20060305 18:06:35;/requirements/vote.php;access to poll
dogle;20060305 18:07:01;/requirements/vote.php;access to poll
dogle;20060305 18:07:30;/requirements/vote.php;access to poll
dogle;20060305 18:08:00;/requirements/vote.php;access to poll
dogle;20060305 18:08:28;/requirements/vote.php;access to poll
ccount;20060305 18:13:45;/requirements/vote.php;access to poll
ccount;20060305 18:13:55;/requirements/vote.php;access to poll
ccount;20060305 18:28:41;/requirements/vote.php;access to poll
ccount;20060305 18:30:14;/requirements/vote.php;access to poll
dansby;20060305 18:50:48;/requirements/vote.php;access to poll
dansby;20060305 18:51:43;/requirements/vote.php;access to poll
dansby;20060305 18:53:29;/requirements/vote.php;access to poll
dansby;20060305 18:56:06;/requirements/vote.php;access to poll
dansby;20060305 18:56:46;/requirements/vote.php;access to poll
dansby;20060305 18:57:31;/requirements/vote.php;access to poll
dansby;20060305 18:58:12;/requirements/vote.php;access to poll
ccount;20060305 19:01:00;/requirements/vote.php;access to poll
dansby;20060305 19:02:07;/requirements/vote.php;access to poll
dansby;20060305 19:02:33;/requirements/vote.php;access to poll
dansby;20060305 19:03:24;/requirements/vote.php;access to poll
dansby;20060305 19:05:25;/requirements/vote.php;access to poll
dansby;20060305 19:06:01;/requirements/vote.php;access to poll
dansby;20060305 19:07:10;/requirements/vote.php;access to poll
ccount;20060305 19:07:22;/requirements/vote.php;access to poll
dansby;20060305 19:08:18;/requirements/vote.php;access to poll
dansby;20060305 19:08:51;/requirements/vote.php;access to poll
dansby;20060305 19:09:26;/requirements/vote.php;access to poll
dansby;20060305 19:10:05;/requirements/vote.php;access to poll
dansby;20060305 19:10:29;/requirements/vote.php;access to poll
dansby;20060305 19:11:11;/requirements/vote.php;access to poll
dansby;20060305 19:12:06;/requirements/vote.php;access to poll
dansby;20060305 19:12:39;/requirements/vote.php;access to poll
cemberley;20060305 19:42:35;/requirements/vote.php;access to poll
cemberley;20060305 19:42:58;/requirements/vote.php;access to poll
cemberley;20060305 19:43:15;/requirements/vote.php;access to poll
cemberley;20060305 19:43:50;/requirements/vote.php;access to poll
cemberley;20060305 19:44:19;/requirements/vote.php;access to poll
cemberley;20060305 19:44:55;/requirements/vote.php;access to poll
cemberley;20060305 19:45:41;/requirements/vote.php;access to poll
cemberley;20060305 19:45:59;/requirements/vote.php;access to poll
cemberley;20060305 19:46:42;/requirements/vote.php;access to poll
cemberley;20060305 19:47:02;/requirements/vote.php;access to poll
cemberley;20060305 19:47:14;/requirements/vote.php;access to poll
cemberley;20060305 19:47:49;/requirements/vote.php;access to poll
cemberley;20060305 19:48:09;/requirements/vote.php;access to poll
cemberley;20060305 19:48:37;/requirements/vote.php;access to poll
cemberley;20060305 19:48:58;/requirements/vote.php;access to poll
cemberley;20060305 19:49:23;/requirements/vote.php;access to poll
cemberley;20060305 19:49:43;/requirements/vote.php;access to poll
cemberley;20060305 19:50:26;/requirements/vote.php;access to poll
cemberley;20060305 19:50:49;/requirements/vote.php;access to poll
cemberley;20060305 19:51:05;/requirements/vote.php;access to poll
cemberley;20060305 19:51:25;/requirements/vote.php;access to poll
cemberley;20060305 19:51:42;/requirements/vote.php;access to poll
lbrooks@stanford.edu;20060305 19:51:46;/requirements/vote.php;access to poll
cemberley;20060305 19:52:02;/requirements/vote.php;access to poll
cemberley;20060305 19:52:26;/requirements/vote.php;access to poll
cemberley;20060305 19:52:42;/requirements/vote.php;access to poll
cemberley;20060305 19:53:28;/requirements/vote.php;access to poll
cemberley;20060305 19:53:42;/requirements/vote.php;access to poll
lbrooks@stanford.edu;20060305 19:54:05;/requirements/vote.php;access to poll
lbrooks@stanford.edu;20060305 19:56:24;/requirements/vote.php;access to poll
lbrooks@stanford.edu;20060305 19:59:25;/requirements/vote.php;access to poll
lbrooks@stanford.edu;20060305 19:59:38;/requirements/vote.php;access to poll
lbrooks@stanford.edu;20060305 20:03:44;/requirements/vote.php;access to poll
lbrooks@stanford.edu;20060305 20:06:46;/requirements/vote.php;access to poll
lbrooks@stanford.edu;20060305 20:14:10;/requirements/vote.php;access to poll
lbrooks@stanford.edu;20060305 20:16:49;/requirements/vote.php;access to poll
lbrooks@stanford.edu;20060305 20:17:35;/requirements/vote.php;access to poll
lbrooks@stanford.edu;20060305 20:17:53;/requirements/vote.php;access to poll
ccount;20060305 20:22:58;/requirements/vote.php;access to poll
ccount;20060305 20:59:42;/requirements/vote.php;access to poll
lbrooks@stanford.edu;20060305 21:07:22;/requirements/vote.php;access to poll
lbrooks@stanford.edu;20060305 21:07:28;/requirements/vote.php;access to poll
lbrooks@stanford.edu;20060305 21:07:30;/requirements/vote.php;access to poll
lbrooks@stanford.edu;20060305 21:10:25;/requirements/vote.php;access to poll
lbrooks@stanford.edu;20060305 21:10:38;/requirements/vote.php;access to poll
richard@hmc.edu;20060305 21:22:29;/requirements/vote.php;access to poll
richard@hmc.edu;20060305 21:24:36;/requirements/vote.php;access to poll
richard@hmc.edu;20060305 21:25:17;/requirements/vote.php;access to poll
richard@hmc.edu;20060305 21:26:27;/requirements/vote.php;access to poll
richard@hmc.edu;20060305 21:28:56;/requirements/vote.php;access to poll
richard@hmc.edu;20060305 21:29:30;/requirements/vote.php;access to poll
richard@hmc.edu;20060305 21:31:05;/requirements/vote.php;access to poll
richard@hmc.edu;20060305 21:32:18;/requirements/vote.php;access to poll
richard@hmc.edu;20060305 21:32:40;/requirements/vote.php;access to poll
richard@hmc.edu;20060305 21:32:46;/requirements/vote.php;access to poll
richard@hmc.edu;20060305 21:34:06;/requirements/vote.php;access to poll
ccount;20060305 21:38:21;/requirements/vote.php;access to poll
ccount;20060305 21:38:48;/requirements/vote.php;access to poll
richard@hmc.edu;20060305 21:51:18;/requirements/vote.php;access to poll
richard@hmc.edu;20060305 21:51:24;/requirements/vote.php;access to poll
richard@hmc.edu;20060305 21:51:42;/requirements/vote.php;access to poll
ccount;20060305 21:54:40;/requirements/vote.php;access to poll
ccount;20060305 21:54:55;/requirements/vote.php;access to poll
ccount;20060305 21:55:06;/requirements/vote.php;access to poll
ccount;20060305 21:55:09;/requirements/vote.php;access to poll
ccount;20060305 21:55:13;/requirements/vote.php;access to poll
ccount;20060305 21:55:15;/requirements/vote.php;access to poll
ccount;20060305 21:55:18;/requirements/vote.php;access to poll
ccount;20060305 21:55:21;/requirements/vote.php;access to poll
ccount;20060305 21:55:26;/requirements/vote.php;access to poll
ccount;20060305 21:55:29;/requirements/vote.php;access to poll
jamai;20060305 22:00:00;/requirements/vote.php;access to poll
jamai;20060305 22:00:04;/requirements/vote.php;access to poll
jamai;20060305 22:00:05;/requirements/vote.php;access to poll
jamai;20060305 22:00:06;/requirements/vote.php;access to poll
jamai;20060305 22:00:07;/requirements/vote.php;access to poll
jamai;20060305 22:00:08;/requirements/vote.php;access to poll
jamai;20060305 22:00:10;/requirements/vote.php;access to poll
jamai;20060305 22:00:11;/requirements/vote.php;access to poll
jamai;20060305 22:00:12;/requirements/vote.php;access to poll
jamai;20060305 22:00:13;/requirements/vote.php;access to poll
richard@hmc.edu;20060305 22:06:08;/requirements/vote.php;access to poll
richard@hmc.edu;20060305 22:06:24;/requirements/vote.php;access to poll
richard@hmc.edu;20060305 22:16:09;/requirements/vote.php;access to poll
ccount;20060305 22:17:31;/requirements/vote.php;access to poll
richard@hmc.edu;20060305 22:17:33;/requirements/vote.php;access to poll
richard@hmc.edu;20060305 22:17:56;/requirements/vote.php;access to poll
ccount;20060305 22:19:13;/requirements/vote.php;access to poll
lbrooks@stanford.edu;20060305 23:03:12;/requirements/vote.php;access to poll
lbrooks@stanford.edu;20060305 23:03:22;/requirements/vote.php;access to poll
m-grady@uiuc.edu;20060305 23:08:01;/requirements/vote.php;access to poll
brierley@stanford.edu;20060305 23:08:15;/requirements/vote.php;access to poll
ccount;20060305 23:12:32;/requirements/vote.php;access to poll
ccount;20060305 23:12:40;/requirements/vote.php;access to poll
brierley@stanford.edu;20060305 23:15:47;/requirements/vote.php;access to poll
brierley@stanford.edu;20060305 23:15:51;/requirements/vote.php;access to poll
brierley@stanford.edu;20060305 23:15:59;/requirements/vote.php;access to poll
m-grady@uiuc.edu;20060305 23:18:40;/requirements/vote.php;access to poll
m-grady@uiuc.edu;20060305 23:19:11;/requirements/vote.php;access to poll
brierley@stanford.edu;20060305 23:20:44;/requirements/vote.php;access to poll
m-grady@uiuc.edu;20060305 23:23:16;/requirements/vote.php;access to poll
m-grady@uiuc.edu;20060305 23:23:21;/requirements/vote.php;access to poll
m-grady@uiuc.edu;20060305 23:27:27;/requirements/vote.php;access to poll
m-grady@uiuc.edu;20060305 23:27:43;/requirements/vote.php;access to poll
ccount;20060305 23:30:40;/requirements/vote.php;access to poll
ccount;20060305 23:31:00;/requirements/vote.php;access to poll
m-grady@uiuc.edu;20060305 23:32:05;/requirements/vote.php;access to poll
m-grady@uiuc.edu;20060305 23:32:21;/requirements/vote.php;access to poll
brierley@stanford.edu;20060305 23:32:48;/requirements/vote.php;access to poll
m-grady@uiuc.edu;20060305 23:35:34;/requirements/vote.php;access to poll
m-grady@uiuc.edu;20060305 23:36:26;/requirements/vote.php;access to poll
jamai;20060305 23:38:43;/requirements/vote.php;access to poll
m-grady@uiuc.edu;20060305 23:40:40;/requirements/vote.php;access to poll
m-grady@uiuc.edu;20060305 23:41:04;/requirements/vote.php;access to poll
juliemai@stanford.edu;20060305 23:41:22;/requirements/vote.php;access to poll
brierley@stanford.edu;20060305 23:43:20;/requirements/vote.php;access to poll
brierley@stanford.edu;20060305 23:43:22;/requirements/vote.php;access to poll
brierley@stanford.edu;20060305 23:43:25;/requirements/vote.php;access to poll
brierley@stanford.edu;20060305 23:43:27;/requirements/vote.php;access to poll
brierley@stanford.edu;20060305 23:43:29;/requirements/vote.php;access to poll
ccount;20060305 23:44:25;/requirements/vote.php;access to poll
m-grady@uiuc.edu;20060305 23:44:45;/requirements/vote.php;access to poll
m-grady@uiuc.edu;20060305 23:45:18;/requirements/vote.php;access to poll
ccount;20060305 23:46:44;/requirements/vote.php;access to poll
brierley@stanford.edu;20060305 23:46:53;/requirements/vote.php;access to poll
ccount;20060305 23:50:40;/requirements/vote.php;access to poll
ccount;20060305 23:50:45;/requirements/vote.php;access to poll
ccount;20060305 23:50:48;/requirements/results.php;(nonrep) denied access to results
ccount;20060305 23:51:01;/requirements/vote.php;access to poll
brierley@stanford.edu;20060305 23:52:10;/requirements/vote.php;access to poll
ccount;20060305 23:52:12;/requirements/results.php;(nonrep) denied access to results
72.16.225.133;20060305 23:54:18;/requirements/results.php;denied access to results:
juliemai@stanford.edu;20060305 23:55:25;/requirements/vote.php;access to poll
juliemai@stanford.edu;20060305 23:55:32;/requirements/vote.php;access to poll
jamai;20060305 23:55:49;/requirements/vote.php;access to poll
brierley@stanford.edu;20060305 23:58:15;/requirements/vote.php;access to poll
ccount;20060305 23:59:08;/requirements/vote.php;access to poll
ccount;20060305 23:59:54;/requirements/vote.php;access to poll
