marquard@ched.uct.ac.za;20060310 08:33:46;/requirements/vote.php;rep access to voting
marquard@ched.uct.ac.za;20060310 08:37:30;/requirements/vote.php;rep access to voting
marquard@ched.uct.ac.za;20060310 08:37:34;/requirements/vote.php;rep access to voting
marquard@ched.uct.ac.za;20060310 08:40:34;/requirements/vote.php;rep access to voting
marquard@ched.uct.ac.za;20060310 08:44:04;/requirements/vote.php;rep access to voting
malcolm.b.brown@dartmouth.edu;20060310 08:44:19;/requirements/vote.php;rep access to voting
malcolm.b.brown@dartmouth.edu;20060310 08:44:53;/requirements/vote.php;rep access to voting
malcolm.b.brown@dartmouth.edu;20060310 08:47:17;/requirements/vote.php;rep access to voting
malcolm.b.brown@dartmouth.edu;20060310 08:49:08;/requirements/vote.php;rep access to voting
malcolm.b.brown@dartmouth.edu;20060310 08:49:25;/requirements/vote.php;rep access to voting
malcolm.b.brown@dartmouth.edu;20060310 08:49:44;/requirements/vote.php;rep access to voting
malcolm.b.brown@dartmouth.edu;20060310 08:50:01;/requirements/vote.php;rep access to voting
malcolm.b.brown@dartmouth.edu;20060310 08:50:30;/requirements/vote.php;rep access to voting
malcolm.b.brown@dartmouth.edu;20060310 08:50:56;/requirements/vote.php;rep access to voting
malcolm.b.brown@dartmouth.edu;20060310 08:51:19;/requirements/vote.php;rep access to voting
malcolm.b.brown@dartmouth.edu;20060310 08:51:39;/requirements/vote.php;rep access to voting
malcolm.b.brown@dartmouth.edu;20060310 08:52:06;/requirements/vote.php;rep access to voting
marquard@ched.uct.ac.za;20060310 09:03:44;/requirements/vote.php;rep access to voting
gandel;20060310 09:04:43;/requirements/vote.php;rep access to voting
marquard@ched.uct.ac.za;20060310 09:06:19;/requirements/vote.php;rep access to voting
gandel;20060310 09:07:29;/requirements/vote.php;rep access to voting
gandel;20060310 09:08:23;/requirements/vote.php;rep access to voting
marquard@ched.uct.ac.za;20060310 09:09:15;/requirements/vote.php;rep access to voting
marquard@ched.uct.ac.za;20060310 09:09:38;/requirements/vote.php;rep access to voting
marquard@ched.uct.ac.za;20060310 09:09:56;/requirements/vote.php;rep access to voting
marquard@ched.uct.ac.za;20060310 09:11:17;/requirements/vote.php;rep access to voting
marquard@ched.uct.ac.za;20060310 09:12:35;/requirements/vote.php;rep access to voting
marquard@ched.uct.ac.za;20060310 09:23:55;/requirements/vote.php;rep access to voting
marquard@ched.uct.ac.za;20060310 09:25:47;/requirements/vote.php;rep access to voting
hall;20060310 09:30:36;/requirements/vote.php;rep access to voting
hall;20060310 09:32:21;/requirements/vote.php;rep access to voting
hall;20060310 09:32:44;/requirements/vote.php;rep access to voting
marquard@ched.uct.ac.za;20060310 09:34:10;/requirements/vote.php;rep access to voting
marquard@ched.uct.ac.za;20060310 09:35:19;/requirements/vote.php;rep access to voting
hall;20060310 09:36:03;/requirements/vote.php;rep access to voting
hall;20060310 09:37:08;/requirements/vote.php;rep access to voting
gandel;20060310 09:40:22;/requirements/vote.php;rep access to voting
marquard@ched.uct.ac.za;20060310 09:40:28;/requirements/vote.php;rep access to voting
gandel;20060310 09:40:33;/requirements/vote.php;rep access to voting
gandel;20060310 09:40:38;/requirements/vote.php;rep access to voting
gandel;20060310 09:40:40;/requirements/vote.php;rep access to voting
gandel;20060310 09:40:41;/requirements/vote.php;rep access to voting
gandel;20060310 09:40:42;/requirements/vote.php;rep access to voting
gandel;20060310 09:40:44;/requirements/vote.php;rep access to voting
gandel;20060310 09:40:49;/requirements/vote.php;rep access to voting
gandel;20060310 09:40:55;/requirements/vote.php;rep access to voting
gandel;20060310 09:41:25;/requirements/vote.php;rep access to voting
marquard@ched.uct.ac.za;20060310 09:41:54;/requirements/vote.php;rep access to voting
hall;20060310 09:45:18;/requirements/vote.php;rep access to voting
marquard@ched.uct.ac.za;20060310 09:48:51;/requirements/vote.php;rep access to voting
marquard@ched.uct.ac.za;20060310 09:49:00;/requirements/vote.php;rep access to voting
hall;20060310 09:53:08;/requirements/vote.php;rep access to voting
marquard@ched.uct.ac.za;20060310 09:53:17;/requirements/vote.php;rep access to voting
hall;20060310 09:53:22;/requirements/vote.php;rep access to voting
hall;20060310 09:53:33;/requirements/vote.php;rep access to voting
hall;20060310 09:53:40;/requirements/vote.php;rep access to voting
hall;20060310 09:53:49;/requirements/vote.php;rep access to voting
hall;20060310 09:53:58;/requirements/vote.php;rep access to voting
hall;20060310 09:54:04;/requirements/vote.php;rep access to voting
hall;20060310 09:54:13;/requirements/vote.php;rep access to voting
hall;20060310 09:54:25;/requirements/vote.php;rep access to voting
hall;20060310 09:54:52;/requirements/vote.php;rep access to voting
hall;20060310 09:55:07;/requirements/vote.php;rep access to voting
hall;20060310 09:55:41;/requirements/vote.php;rep access to voting
hall;20060310 09:56:04;/requirements/vote.php;rep access to voting
hall;20060310 09:56:36;/requirements/vote.php;rep access to voting
hall;20060310 09:57:16;/requirements/vote.php;rep access to voting
hall;20060310 09:59:11;/requirements/vote.php;rep access to voting
hall;20060310 09:59:23;/requirements/vote.php;rep access to voting
hall;20060310 10:00:46;/requirements/vote.php;rep access to voting
hall;20060310 10:05:16;/requirements/vote.php;rep access to voting
hall;20060310 10:05:23;/requirements/vote.php;rep access to voting
hall;20060310 10:05:36;/requirements/vote.php;rep access to voting
hall;20060310 10:05:45;/requirements/vote.php;rep access to voting
hall;20060310 10:06:07;/requirements/vote.php;rep access to voting
hall;20060310 10:06:21;/requirements/vote.php;rep access to voting
hall;20060310 10:06:34;/requirements/vote.php;rep access to voting
hall;20060310 10:06:57;/requirements/vote.php;rep access to voting
hall;20060310 10:07:09;/requirements/vote.php;rep access to voting
hall;20060310 10:07:17;/requirements/vote.php;rep access to voting
hall;20060310 10:07:27;/requirements/vote.php;rep access to voting
hall;20060310 10:07:38;/requirements/vote.php;rep access to voting
hall;20060310 10:07:49;/requirements/vote.php;rep access to voting
hall;20060310 10:08:04;/requirements/vote.php;rep access to voting
hall;20060310 10:08:13;/requirements/vote.php;rep access to voting
hall;20060310 10:08:18;/requirements/vote.php;rep access to voting
hall;20060310 10:08:21;/requirements/vote.php;rep access to voting
hall;20060310 10:08:31;/requirements/vote.php;rep access to voting
jmoore1;20060310 10:08:34;/requirements/vote.php;rep access to voting
hall;20060310 10:08:45;/requirements/vote.php;rep access to voting
hall;20060310 10:08:54;/requirements/vote.php;rep access to voting
hall;20060310 10:09:00;/requirements/vote.php;rep access to voting
hall;20060310 10:09:07;/requirements/vote.php;rep access to voting
hall;20060310 10:09:14;/requirements/vote.php;rep access to voting
hall;20060310 10:09:18;/requirements/vote.php;rep access to voting
hall;20060310 10:09:23;/requirements/vote.php;rep access to voting
hall;20060310 10:11:18;/requirements/vote.php;rep access to voting
hall;20060310 10:11:37;/requirements/vote.php;rep access to voting
hall;20060310 10:11:55;/requirements/vote.php;rep access to voting
hall;20060310 10:12:06;/requirements/vote.php;rep access to voting
hall;20060310 10:12:13;/requirements/vote.php;rep access to voting
hall;20060310 10:12:24;/requirements/vote.php;rep access to voting
hall;20060310 10:12:36;/requirements/vote.php;rep access to voting
hall;20060310 10:12:44;/requirements/vote.php;rep access to voting
hall;20060310 10:13:01;/requirements/vote.php;rep access to voting
hall;20060310 10:13:13;/requirements/vote.php;rep access to voting
hall;20060310 10:13:24;/requirements/vote.php;rep access to voting
hall;20060310 10:13:36;/requirements/vote.php;rep access to voting
hall;20060310 10:13:44;/requirements/vote.php;rep access to voting
hall;20060310 10:14:07;/requirements/vote.php;rep access to voting
hall;20060310 10:14:54;/requirements/vote.php;rep access to voting
hall;20060310 10:15:03;/requirements/vote.php;rep access to voting
hall;20060310 10:16:51;/requirements/vote.php;rep access to voting
hall;20060310 10:17:00;/requirements/vote.php;rep access to voting
hall;20060310 10:17:17;/requirements/vote.php;rep access to voting
hall;20060310 10:17:22;/requirements/vote.php;rep access to voting
hall;20060310 10:17:30;/requirements/vote.php;rep access to voting
hall;20060310 10:17:34;/requirements/vote.php;rep access to voting
hall;20060310 10:17:49;/requirements/vote.php;rep access to voting
jmoore1;20060310 10:17:50;/requirements/vote.php;rep access to voting
hall;20060310 10:18:19;/requirements/vote.php;rep access to voting
hall;20060310 10:19:04;/requirements/vote.php;rep access to voting
hall;20060310 10:19:24;/requirements/vote.php;rep access to voting
hall;20060310 10:19:46;/requirements/vote.php;rep access to voting
hall;20060310 10:20:33;/requirements/vote.php;rep access to voting
hall;20060310 10:20:44;/requirements/vote.php;rep access to voting
hall;20060310 10:20:54;/requirements/vote.php;rep access to voting
hall;20060310 10:21:12;/requirements/vote.php;rep access to voting
hall;20060310 10:21:22;/requirements/vote.php;rep access to voting
hall;20060310 10:21:36;/requirements/vote.php;rep access to voting
hall;20060310 10:21:49;/requirements/vote.php;rep access to voting
hall;20060310 10:21:57;/requirements/vote.php;rep access to voting
hall;20060310 10:22:03;/requirements/vote.php;rep access to voting
hall;20060310 10:22:11;/requirements/vote.php;rep access to voting
hall;20060310 10:22:16;/requirements/vote.php;rep access to voting
hall;20060310 10:22:21;/requirements/vote.php;rep access to voting
hall;20060310 10:22:24;/requirements/vote.php;rep access to voting
hall;20060310 10:22:34;/requirements/vote.php;rep access to voting
hall;20060310 10:22:39;/requirements/vote.php;rep access to voting
hall;20060310 10:22:47;/requirements/vote.php;rep access to voting
hall;20060310 10:22:57;/requirements/vote.php;rep access to voting
hall;20060310 10:23:04;/requirements/vote.php;rep access to voting
hall;20060310 10:23:12;/requirements/vote.php;rep access to voting
hall;20060310 10:23:23;/requirements/vote.php;rep access to voting
hall;20060310 10:24:23;/requirements/vote.php;rep access to voting
hall;20060310 10:24:42;/requirements/vote.php;rep access to voting
chris.coppola@rsmart.com;20060310 10:24:45;/requirements/vote.php;rep access to voting
hall;20060310 10:25:02;/requirements/vote.php;rep access to voting
hall;20060310 10:25:11;/requirements/vote.php;rep access to voting
hall;20060310 10:25:15;/requirements/vote.php;rep access to voting
hall;20060310 10:25:21;/requirements/vote.php;rep access to voting
hall;20060310 10:25:32;/requirements/vote.php;rep access to voting
hall;20060310 10:25:36;/requirements/vote.php;rep access to voting
hall;20060310 10:25:45;/requirements/vote.php;rep access to voting
hall;20060310 10:25:54;/requirements/vote.php;rep access to voting
hall;20060310 10:26:06;/requirements/vote.php;rep access to voting
hall;20060310 10:26:46;/requirements/vote.php;rep access to voting
hall;20060310 10:27:07;/requirements/vote.php;rep access to voting
hall;20060310 10:34:38;/requirements/vote.php;rep access to voting
hall;20060310 10:34:47;/requirements/vote.php;rep access to voting
hall;20060310 10:34:52;/requirements/vote.php;rep access to voting
hall;20060310 10:35:02;/requirements/vote.php;rep access to voting
hall;20060310 10:35:10;/requirements/vote.php;rep access to voting
hall;20060310 10:35:21;/requirements/vote.php;rep access to voting
hall;20060310 10:35:37;/requirements/vote.php;rep access to voting
hall;20060310 10:35:49;/requirements/vote.php;rep access to voting
hall;20060310 10:36:09;/requirements/vote.php;rep access to voting
hall;20060310 10:36:19;/requirements/vote.php;rep access to voting
hall;20060310 10:36:26;/requirements/vote.php;rep access to voting
hall;20060310 10:36:39;/requirements/vote.php;rep access to voting
hall;20060310 10:36:56;/requirements/vote.php;rep access to voting
hall;20060310 10:37:18;/requirements/vote.php;rep access to voting
hall;20060310 10:37:25;/requirements/vote.php;rep access to voting
hall;20060310 10:37:34;/requirements/vote.php;rep access to voting
hall;20060310 10:37:39;/requirements/vote.php;rep access to voting
hall;20060310 10:37:50;/requirements/vote.php;rep access to voting
hall;20060310 10:38:03;/requirements/vote.php;rep access to voting
hall;20060310 10:38:17;/requirements/vote.php;rep access to voting
hall;20060310 10:38:25;/requirements/vote.php;rep access to voting
hall;20060310 10:38:29;/requirements/vote.php;rep access to voting
hall;20060310 10:38:34;/requirements/vote.php;rep access to voting
hall;20060310 10:38:38;/requirements/vote.php;rep access to voting
hall;20060310 10:38:47;/requirements/vote.php;rep access to voting
hall;20060310 10:38:53;/requirements/vote.php;rep access to voting
hall;20060310 10:38:59;/requirements/vote.php;rep access to voting
hall;20060310 10:39:10;/requirements/vote.php;rep access to voting
hall;20060310 10:39:20;/requirements/vote.php;rep access to voting
hall;20060310 10:39:27;/requirements/vote.php;rep access to voting
hall;20060310 10:39:42;/requirements/vote.php;rep access to voting
hall;20060310 10:39:56;/requirements/vote.php;rep access to voting
hall;20060310 10:40:00;/requirements/vote.php;rep access to voting
hall;20060310 10:40:13;/requirements/vote.php;rep access to voting
hall;20060310 10:40:25;/requirements/vote.php;rep access to voting
hall;20060310 10:40:32;/requirements/vote.php;rep access to voting
hall;20060310 10:40:39;/requirements/vote.php;rep access to voting
hall;20060310 10:40:43;/requirements/vote.php;rep access to voting
hall;20060310 10:40:49;/requirements/vote.php;rep access to voting
hall;20060310 10:40:55;/requirements/vote.php;rep access to voting
hall;20060310 10:41:25;/requirements/vote.php;rep access to voting
hall;20060310 10:41:35;/requirements/vote.php;rep access to voting
ahwiv;20060310 13:55:26;/requirements/vote.php;rep access to voting
ahwiv;20060310 13:55:37;/requirements/vote.php;rep access to voting
ahwiv;20060310 13:55:44;/requirements/vote.php;rep access to voting
ahwiv;20060310 13:55:53;/requirements/vote.php;rep access to voting
ahwiv;20060310 13:56:24;/requirements/vote.php;rep access to voting
ahwiv;20060310 13:56:49;/requirements/vote.php;rep access to voting
drew@missouri.edu;20060310 14:47:06;/requirements/vote.php;rep access to voting
drew@missouri.edu;20060310 14:47:11;/requirements/vote.php;rep access to voting
drew@missouri.edu;20060310 14:47:12;/requirements/vote.php;rep access to voting
drew@missouri.edu;20060310 14:47:13;/requirements/vote.php;rep access to voting
drew@missouri.edu;20060310 14:47:16;/requirements/vote.php;rep access to voting
drew@missouri.edu;20060310 14:47:18;/requirements/vote.php;rep access to voting
drew@missouri.edu;20060310 14:47:18;/requirements/vote.php;rep access to voting
drew@missouri.edu;20060310 14:47:21;/requirements/vote.php;rep access to voting
drew@missouri.edu;20060310 14:47:30;/requirements/vote.php;rep access to voting
drew@missouri.edu;20060310 14:47:48;/requirements/vote.php;rep access to voting
drew@missouri.edu;20060310 14:50:08;/requirements/vote.php;rep access to voting
malcolm.b.brown@dartmouth.edu;20060310 14:50:59;/requirements/vote.php;rep access to voting
drew@missouri.edu;20060310 14:51:04;/requirements/vote.php;rep access to voting
malcolm.b.brown@dartmouth.edu;20060310 14:51:38;/requirements/vote.php;rep access to voting
drew@missouri.edu;20060310 14:53:11;/requirements/vote.php;rep access to voting
drew@missouri.edu;20060310 14:54:59;/requirements/vote.php;rep access to voting
drew@missouri.edu;20060310 14:55:05;/requirements/vote.php;rep access to voting
malcolm.b.brown@dartmouth.edu;20060310 14:55:12;/requirements/vote.php;rep access to voting
drew@missouri.edu;20060310 14:56:42;/requirements/vote.php;rep access to voting
malcolm.b.brown@dartmouth.edu;20060310 14:56:49;/requirements/vote.php;rep access to voting
drew@missouri.edu;20060310 14:57:15;/requirements/vote.php;rep access to voting
drew@missouri.edu;20060310 14:58:07;/requirements/vote.php;rep access to voting
drew@missouri.edu;20060310 14:58:51;/requirements/vote.php;rep access to voting
drew@missouri.edu;20060310 15:01:13;/requirements/vote.php;rep access to voting
drew@missouri.edu;20060310 15:02:28;/requirements/vote.php;rep access to voting
drew@missouri.edu;20060310 15:02:32;/requirements/vote.php;rep access to voting
drew@missouri.edu;20060310 15:03:47;/requirements/vote.php;rep access to voting
drew@missouri.edu;20060310 15:04:13;/requirements/vote.php;rep access to voting
drew@missouri.edu;20060310 15:04:46;/requirements/vote.php;rep access to voting
drew@missouri.edu;20060310 15:06:20;/requirements/vote.php;rep access to voting
drew@missouri.edu;20060310 15:08:29;/requirements/vote.php;rep access to voting
drew@missouri.edu;20060310 15:08:35;/requirements/vote.php;rep access to voting
drew@missouri.edu;20060310 15:09:28;/requirements/vote.php;rep access to voting
drew@missouri.edu;20060310 15:10:36;/requirements/vote.php;rep access to voting
drew@missouri.edu;20060310 15:12:22;/requirements/vote.php;rep access to voting
jmoore1;20060310 15:38:02;/requirements/vote.php;rep access to voting
drew@missouri.edu;20060310 17:32:02;/requirements/vote.php;rep access to voting
drew@missouri.edu;20060310 17:32:20;/requirements/vote.php;rep access to voting
drew@missouri.edu;20060310 17:32:30;/requirements/vote.php;rep access to voting
drew@missouri.edu;20060310 17:32:46;/requirements/vote.php;rep access to voting
ANU;20060310 17:50:17;/requirements/vote.php;rep access to voting
ANU;20060310 17:56:44;/requirements/vote.php;rep access to voting
ANU;20060310 19:01:43;/requirements/vote.php;rep access to voting
ANU;20060310 19:01:57;/requirements/vote.php;rep access to voting
ANU;20060310 19:11:33;/requirements/vote.php;rep access to voting
ANU;20060310 19:11:42;/requirements/vote.php;rep access to voting
ANU;20060310 19:11:42;/requirements/vote.php;rep access to voting
ANU;20060310 19:19:04;/requirements/vote.php;rep access to voting
ANU;20060310 19:19:12;/requirements/vote.php;rep access to voting
ANU;20060310 19:28:12;/requirements/vote.php;rep access to voting
ANU;20060310 19:28:21;/requirements/vote.php;rep access to voting
ANU;20060310 19:37:06;/requirements/vote.php;rep access to voting
ANU;20060310 19:37:15;/requirements/vote.php;rep access to voting
ANU;20060310 19:43:33;/requirements/vote.php;rep access to voting
ANU;20060310 19:43:41;/requirements/vote.php;rep access to voting
ANU;20060310 19:50:39;/requirements/vote.php;rep access to voting
ANU;20060310 19:50:47;/requirements/vote.php;rep access to voting
ANU;20060310 19:57:39;/requirements/vote.php;rep access to voting
ANU;20060310 19:57:48;/requirements/vote.php;rep access to voting
ANU;20060310 19:58:15;/requirements/vote.php;rep access to voting
ANU;20060310 19:58:19;/requirements/vote.php;rep access to voting
ANU;20060310 19:58:22;/requirements/vote.php;rep access to voting
ANU;20060310 19:58:28;/requirements/vote.php;rep access to voting
ANU;20060310 19:58:31;/requirements/vote.php;rep access to voting
ANU;20060310 19:58:34;/requirements/vote.php;rep access to voting
ANU;20060310 19:58:36;/requirements/vote.php;rep access to voting
ANU;20060310 19:58:39;/requirements/vote.php;rep access to voting
