ccount;20060306 00:00:28;/requirements/vote.php;access to poll
ccount;20060306 00:00:36;/requirements/vote.php;access to poll
ccount;20060306 00:02:25;/requirements/vote.php;access to poll
ccount;20060306 00:02:40;/requirements/vote.php;access to poll
juliemai@stanford.edu;20060306 00:02:53;/requirements/vote.php;access to poll
jamai;20060306 00:03:02;/requirements/vote.php;access to poll
juliemai@stanford.edu;20060306 00:03:14;/requirements/vote.php;access to poll
ccount;20060306 00:03:20;/requirements/vote.php;access to poll
ccount;20060306 00:03:57;/requirements/vote.php;access to poll
brierley@stanford.edu;20060306 00:04:58;/requirements/vote.php;access to poll
ccount;20060306 00:05:43;/requirements/results.php;(nonrep) denied access to results
juliemai@stanford.edu;20060306 00:10:16;/requirements/vote.php;access to poll
jamai;20060306 00:10:37;/requirements/vote.php;access to poll
juliemai@stanford.edu;20060306 00:10:41;/requirements/vote.php;access to poll
brierley@stanford.edu;20060306 00:11:43;/requirements/vote.php;access to poll
brierley@stanford.edu;20060306 00:14:12;/requirements/vote.php;access to poll
juliemai@stanford.edu;20060306 00:15:21;/requirements/vote.php;access to poll
juliemai@stanford.edu;20060306 00:15:24;/requirements/vote.php;access to poll
jamai;20060306 00:15:34;/requirements/vote.php;access to poll
brierley@stanford.edu;20060306 00:18:54;/requirements/vote.php;access to poll
brierley@stanford.edu;20060306 00:20:47;/requirements/vote.php;access to poll
brierley@stanford.edu;20060306 00:20:55;/requirements/vote.php;access to poll
brierley@stanford.edu;20060306 00:20:59;/requirements/vote.php;access to poll
brierley@stanford.edu;20060306 00:21:02;/requirements/vote.php;access to poll
brierley@stanford.edu;20060306 00:21:04;/requirements/vote.php;access to poll
juliemai@stanford.edu;20060306 00:21:30;/requirements/vote.php;access to poll
juliemai@stanford.edu;20060306 00:21:34;/requirements/vote.php;access to poll
jamai;20060306 00:21:46;/requirements/vote.php;access to poll
ccount;20060306 00:24:09;/requirements/vote.php;access to poll
ccount;20060306 00:24:29;/requirements/vote.php;access to poll
ccount;20060306 00:24:59;/requirements/vote.php;access to poll
juliemai@stanford.edu;20060306 00:25:51;/requirements/vote.php;access to poll
juliemai@stanford.edu;20060306 00:25:56;/requirements/vote.php;access to poll
jamai;20060306 00:26:08;/requirements/vote.php;access to poll
juliemai@stanford.edu;20060306 00:33:18;/requirements/vote.php;access to poll
jamai;20060306 00:33:28;/requirements/vote.php;access to poll
juliemai@stanford.edu;20060306 00:33:34;/requirements/vote.php;access to poll
dgcotton;20060306 00:33:48;/requirements/vote.php;access to poll
dgcotton;20060306 00:36:48;/requirements/vote.php;access to poll
dgcotton;20060306 00:36:59;/requirements/vote.php;access to poll
dgcotton;20060306 00:37:41;/requirements/vote.php;access to poll
juliemai@stanford.edu;20060306 00:39:11;/requirements/vote.php;access to poll
juliemai@stanford.edu;20060306 00:39:15;/requirements/vote.php;access to poll
dgcotton;20060306 00:39:20;/requirements/vote.php;access to poll
jamai;20060306 00:39:21;/requirements/vote.php;access to poll
dgcotton;20060306 00:39:26;/requirements/vote.php;access to poll
dgcotton;20060306 00:39:28;/requirements/vote.php;access to poll
dgcotton;20060306 00:39:30;/requirements/vote.php;access to poll
dgcotton;20060306 00:39:31;/requirements/vote.php;access to poll
dgcotton;20060306 00:41:32;/requirements/vote.php;access to poll
dgcotton;20060306 00:41:41;/requirements/vote.php;access to poll
juliemai@stanford.edu;20060306 00:46:35;/requirements/vote.php;access to poll
juliemai@stanford.edu;20060306 00:46:39;/requirements/vote.php;access to poll
jamai;20060306 00:46:48;/requirements/vote.php;access to poll
juliemai@stanford.edu;20060306 00:51:15;/requirements/vote.php;access to poll
juliemai@stanford.edu;20060306 00:51:18;/requirements/vote.php;access to poll
jamai;20060306 00:51:26;/requirements/vote.php;access to poll
juliemai@stanford.edu;20060306 00:56:12;/requirements/vote.php;access to poll
juliemai@stanford.edu;20060306 00:56:20;/requirements/vote.php;access to poll
jamai;20060306 00:56:29;/requirements/vote.php;access to poll
juliemai@stanford.edu;20060306 00:56:57;/requirements/vote.php;access to poll
juliemai@stanford.edu;20060306 00:57:04;/requirements/vote.php;access to poll
juliemai@stanford.edu;20060306 00:57:08;/requirements/vote.php;access to poll
juliemai@stanford.edu;20060306 00:57:12;/requirements/vote.php;access to poll
ahwiv;20060306 00:59:37;/requirements/vote.php;access to poll
wisin;20060306 04:53:24;/requirements/vote.php;rep access to voting
wisin;20060306 04:55:04;/requirements/vote.php;rep access to voting
wisin;20060306 04:55:14;/requirements/vote.php;rep access to voting
wisin;20060306 04:55:20;/requirements/vote.php;rep access to voting
wisin;20060306 04:55:43;/requirements/vote.php;rep access to voting
wisin;20060306 04:56:06;/requirements/vote.php;rep access to voting
chuck_powell;20060306 08:00:54;/requirements/vote.php;rep access to voting
chuck_powell;20060306 08:05:42;/requirements/vote.php;rep access to voting
chuck_powell;20060306 08:05:59;/requirements/vote.php;rep access to voting
chuck_powell;20060306 08:09:17;/requirements/vote.php;rep access to voting
chuck_powell;20060306 08:09:23;/requirements/vote.php;rep access to voting
chuck_powell;20060306 08:11:54;/requirements/vote.php;rep access to voting
chuck_powell;20060306 08:11:57;/requirements/vote.php;rep access to voting
chuck_powell;20060306 08:14:48;/requirements/vote.php;rep access to voting
chuck_powell;20060306 08:20:16;/requirements/vote.php;rep access to voting
chuck_powell;20060306 08:20:25;/requirements/vote.php;rep access to voting
chuck_powell;20060306 08:25:58;/requirements/vote.php;rep access to voting
chuck_powell;20060306 08:26:03;/requirements/vote.php;rep access to voting
chuck_powell;20060306 08:28:48;/requirements/vote.php;rep access to voting
chuck_powell;20060306 08:28:54;/requirements/vote.php;rep access to voting
chuck_powell;20060306 08:29:12;/requirements/vote.php;rep access to voting
chuck_powell;20060306 08:29:15;/requirements/vote.php;rep access to voting
chuck_powell;20060306 08:29:17;/requirements/vote.php;rep access to voting
chuck_powell;20060306 08:32:29;/requirements/vote.php;rep access to voting
chuck_powell;20060306 08:32:35;/requirements/vote.php;rep access to voting
chuck_powell;20060306 08:32:39;/requirements/vote.php;rep access to voting
chuck_powell;20060306 08:32:40;/requirements/vote.php;rep access to voting
chuck_powell;20060306 08:32:42;/requirements/vote.php;rep access to voting
chuck_powell;20060306 08:32:53;/requirements/vote.php;rep access to voting
chuck_powell;20060306 08:33:00;/requirements/vote.php;rep access to voting
chuck_powell;20060306 08:33:10;/requirements/vote.php;rep access to voting
chuck_powell;20060306 08:33:26;/requirements/vote.php;rep access to voting
chuck_powell;20060306 08:33:58;/requirements/vote.php;rep access to voting
chuck_powell;20060306 08:34:08;/requirements/vote.php;rep access to voting
chuck_powell;20060306 08:34:14;/requirements/vote.php;rep access to voting
chuck_powell;20060306 08:34:23;/requirements/vote.php;rep access to voting
chuck_powell;20060306 08:34:35;/requirements/vote.php;rep access to voting
marquard@ched.uct.ac.za;20060306 08:35:24;/requirements/vote.php;rep access to voting
wisin;20060306 09:49:50;/requirements/vote.php;rep access to voting
clayf;20060306 09:56:31;/requirements/vote.php;rep access to voting
bwheeler@indiana.edu;20060306 10:32:29;/requirements/vote.php;rep access to voting
sayeedmd;20060306 11:15:45;/requirements/vote.php;rep access to voting
John;20060306 11:33:09;/requirements/vote.php;rep access to voting
kogutr;20060306 11:33:26;/requirements/vote.php;rep access to voting
John;20060306 11:52:42;/requirements/vote.php;rep access to voting
John;20060306 11:52:52;/requirements/vote.php;rep access to voting
John;20060306 12:26:17;/requirements/vote.php;rep access to voting
John;20060306 12:26:30;/requirements/vote.php;rep access to voting
marquard@ched.uct.ac.za;20060306 12:32:17;/requirements/vote.php;rep access to voting
John;20060306 12:41:36;/requirements/vote.php;rep access to voting
John;20060306 12:41:46;/requirements/vote.php;rep access to voting
John;20060306 12:54:25;/requirements/vote.php;rep access to voting
John;20060306 12:54:34;/requirements/vote.php;rep access to voting
John;20060306 13:16:16;/requirements/vote.php;rep access to voting
John;20060306 13:16:28;/requirements/vote.php;rep access to voting
John;20060306 13:26:18;/requirements/vote.php;rep access to voting
John;20060306 13:26:27;/requirements/vote.php;rep access to voting
John;20060306 13:34:51;/requirements/vote.php;rep access to voting
John;20060306 13:34:57;/requirements/vote.php;rep access to voting
John;20060306 13:43:05;/requirements/vote.php;rep access to voting
John;20060306 13:43:14;/requirements/vote.php;rep access to voting
John;20060306 13:50:52;/requirements/vote.php;rep access to voting
John;20060306 13:50:59;/requirements/vote.php;rep access to voting
urauch;20060306 13:55:59;/requirements/vote.php;rep access to voting
John;20060306 13:58:46;/requirements/vote.php;rep access to voting
John;20060306 13:58:52;/requirements/vote.php;rep access to voting
John;20060306 14:06:14;/requirements/vote.php;rep access to voting
John;20060306 14:06:21;/requirements/vote.php;rep access to voting
John;20060306 14:07:53;/requirements/vote.php;rep access to voting
John;20060306 14:08:10;/requirements/vote.php;rep access to voting
John;20060306 14:09:05;/requirements/vote.php;rep access to voting
John;20060306 14:09:21;/requirements/vote.php;rep access to voting
John;20060306 14:09:37;/requirements/vote.php;rep access to voting
John;20060306 14:10:11;/requirements/vote.php;rep access to voting
John;20060306 14:11:32;/requirements/vote.php;rep access to voting
John;20060306 15:59:05;/requirements/vote.php;rep access to voting
c.carrillo;20060306 16:44:05;/requirements/vote.php;rep access to voting
